(1) !A->!!!A Предположение
(2) (!A->!!!A)->(!!!!A->(!A->!!!A)) Сх. акс. 1
(3) !!!!A->(!A->!!!A) M.P. 1, 2
(4) !!!!A->(!A->!!!!A) Сх. акс. 1
(5) (!!!!A->(!A->!!!!A))->(!!!!A->(!!!!A->(!A->!!!!A))) Сх. акс. 1
(6) !!!!A->(!!!!A->(!A->!!!!A)) M.P. 4, 5
(7) !!!!A->(!!!!A->!!!!A) Сх. акс. 1
(8) (!!!!A->(!!!!A->!!!!A))->((!!!!A->((!!!!A->!!!!A)->!!!!A))->(!!!!A->!!!!A)) Сх. акс. 2
(9) (!!!!A->((!!!!A->!!!!A)->!!!!A))->(!!!!A->!!!!A) M.P. 7, 8
(10) !!!!A->((!!!!A->!!!!A)->!!!!A) Сх. акс. 1
(11) !!!!A->!!!!A M.P. 10, 9
(12) (!!!!A->!!!!A)->((!!!!A->(!!!!A->(!A->!!!!A)))->(!!!!A->(!A->!!!!A))) Сх. акс. 2
(13) (!!!!A->(!!!!A->(!A->!!!!A)))->(!!!!A->(!A->!!!!A)) M.P. 11, 12
(14) !!!!A->(!A->!!!!A) Сх. акс. 1
(15) (!A->!!!A)->((!A->!!!!A)->!!A) Сх. акс. 9
(16) ((!A->!!!A)->((!A->!!!!A)->!!A))->(!!!!A->((!A->!!!A)->((!A->!!!!A)->!!A))) Сх. акс. 1
(17) !!!!A->((!A->!!!A)->((!A->!!!!A)->!!A)) M.P. 15, 16
(18) (!!!!A->(!A->!!!A))->((!!!!A->((!A->!!!A)->((!A->!!!!A)->!!A)))->(!!!!A->((!A->!!!!A)->!!A))) Сх. акс. 2
(19) (!!!!A->((!A->!!!A)->((!A->!!!!A)->!!A)))->(!!!!A->((!A->!!!!A)->!!A)) M.P. 3, 18
(20) !!!!A->((!A->!!!!A)->!!A) M.P. 17, 19
(21) (!!!!A->(!A->!!!!A))->((!!!!A->((!A->!!!!A)->!!A))->(!!!!A->!!A)) Сх. акс. 2
(22) (!!!!A->((!A->!!!!A)->!!A))->(!!!!A->!!A) M.P. 4, 21
(23) !!!!A->!!A Сх. акс. 10
