(1) (!A->!!!A)->((!A->!!!A)->(!A->!!!A)) Сх. акс. 1
(2) ((!A->!!!A)->((!A->!!!A)->(!A->!!!A)))->(((!A->!!!A)->(((!A->!!!A)->(!A->!!!A))->(!A->!!!A)))->((!A->!!!A)->(!A->!!!A))) Сх. акс. 2
(3) ((!A->!!!A)->(((!A->!!!A)->(!A->!!!A))->(!A->!!!A)))->((!A->!!!A)->(!A->!!!A)) M.P. 1, 2
(4) (!A->!!!A)->(((!A->!!!A)->(!A->!!!A))->(!A->!!!A)) Сх. акс. 1
(5) (!A->!!!A)->(!A->!!!A) M.P. 4, 3
(6) (!A->!!!A)->(!!!!A->(!A->!!!A)) Сх. акс. 1
(7) ((!A->!!!A)->(!!!!A->(!A->!!!A)))->((!A->!!!A)->((!A->!!!A)->(!!!!A->(!A->!!!A)))) Сх. акс. 1
(8) (!A->!!!A)->((!A->!!!A)->(!!!!A->(!A->!!!A))) M.P. 6, 7
(9) ((!A->!!!A)->(!A->!!!A))->(((!A->!!!A)->((!A->!!!A)->(!!!!A->(!A->!!!A))))->((!A->!!!A)->(!!!!A->(!A->!!!A)))) Сх. акс. 2
(10) ((!A->!!!A)->((!A->!!!A)->(!!!!A->(!A->!!!A))))->((!A->!!!A)->(!!!!A->(!A->!!!A))) M.P. 5, 9
(11) (!A->!!!A)->(!!!!A->(!A->!!!A)) Сх. акс. 1
(12) !!!!A->(!A->!!!!A) Сх. акс. 1
(13) (!!!!A->(!A->!!!!A))->((!A->!!!A)->(!!!!A->(!A->!!!!A))) Сх. акс. 1
(14) (!A->!!!A)->(!!!!A->(!A->!!!!A)) M.P. 12, 13
(15) (!!!!A->(!A->!!!!A))->(!!!!A->(!!!!A->(!A->!!!!A))) Сх. акс. 1
(16) ((!!!!A->(!A->!!!!A))->(!!!!A->(!!!!A->(!A->!!!!A))))->((!A->!!!A)->((!!!!A->(!A->!!!!A))->(!!!!A->(!!!!A->(!A->!!!!A))))) Сх. акс. 1
(17) (!A->!!!A)->((!!!!A->(!A->!!!!A))->(!!!!A->(!!!!A->(!A->!!!!A)))) M.P. 15, 16
(18) ((!A->!!!A)->(!!!!A->(!A->!!!!A)))->(((!A->!!!A)->((!!!!A->(!A->!!!!A))->(!!!!A->(!!!!A->(!A->!!!!A)))))->((!A->!!!A)->(!!!!A->(!!!!A->(!A->!!!!A))))) Сх. акс. 2
(19) ((!A->!!!A)->((!!!!A->(!A->!!!!A))->(!!!!A->(!!!!A->(!A->!!!!A)))))->((!A->!!!A)->(!!!!A->(!!!!A->(!A->!!!!A)))) M.P. 14, 18
(20) (!A->!!!A)->(!!!!A->(!!!!A->(!A->!!!!A))) M.P. 17, 19
(21) !!!!A->(!!!!A->!!!!A) Сх. акс. 1
(22) (!!!!A->(!!!!A->!!!!A))->((!A->!!!A)->(!!!!A->(!!!!A->!!!!A))) Сх. акс. 1
(23) (!A->!!!A)->(!!!!A->(!!!!A->!!!!A)) M.P. 21, 22
(24) !!!!A->((!!!!A->!!!!A)->!!!!A) Сх. акс. 1
(25) (!!!!A->((!!!!A->!!!!A)->!!!!A))->((!A->!!!A)->(!!!!A->((!!!!A->!!!!A)->!!!!A))) Сх. акс. 1
(26) (!A->!!!A)->(!!!!A->((!!!!A->!!!!A)->!!!!A)) M.P. 24, 25
(27) (!!!!A->(!!!!A->!!!!A))->((!!!!A->((!!!!A->!!!!A)->!!!!A))->(!!!!A->!!!!A)) Сх. акс. 2
(28) ((!!!!A->(!!!!A->!!!!A))->((!!!!A->((!!!!A->!!!!A)->!!!!A))->(!!!!A->!!!!A)))->((!A->!!!A)->((!!!!A->(!!!!A->!!!!A))->((!!!!A->((!!!!A->!!!!A)->!!!!A))->(!!!!A->!!!!A)))) Сх. акс. 1
(29) (!A->!!!A)->((!!!!A->(!!!!A->!!!!A))->((!!!!A->((!!!!A->!!!!A)->!!!!A))->(!!!!A->!!!!A))) M.P. 27, 28
(30) ((!A->!!!A)->(!!!!A->(!!!!A->!!!!A)))->(((!A->!!!A)->((!!!!A->(!!!!A->!!!!A))->((!!!!A->((!!!!A->!!!!A)->!!!!A))->(!!!!A->!!!!A))))->((!A->!!!A)->((!!!!A->((!!!!A->!!!!A)->!!!!A))->(!!!!A->!!!!A)))) Сх. акс. 2
(31) ((!A->!!!A)->((!!!!A->(!!!!A->!!!!A))->((!!!!A->((!!!!A->!!!!A)->!!!!A))->(!!!!A->!!!!A))))->((!A->!!!A)->((!!!!A->((!!!!A->!!!!A)->!!!!A))->(!!!!A->!!!!A))) M.P. 23, 30
(32) (!A->!!!A)->((!!!!A->((!!!!A->!!!!A)->!!!!A))->(!!!!A->!!!!A)) M.P. 29, 31
(33) ((!A->!!!A)->(!!!!A->((!!!!A->!!!!A)->!!!!A)))->(((!A->!!!A)->((!!!!A->((!!!!A->!!!!A)->!!!!A))->(!!!!A->!!!!A)))->((!A->!!!A)->(!!!!A->!!!!A))) Сх. акс. 2
(34) ((!A->!!!A)->((!!!!A->((!!!!A->!!!!A)->!!!!A))->(!!!!A->!!!!A)))->((!A->!!!A)->(!!!!A->!!!!A)) M.P. 26, 33
(35) (!A->!!!A)->(!!!!A->!!!!A) M.P. 32, 34
(36) (!!!!A->!!!!A)->((!!!!A->(!!!!A->(!A->!!!!A)))->(!!!!A->(!A->!!!!A))) Сх. акс. 2
(37) ((!!!!A->!!!!A)->((!!!!A->(!!!!A->(!A->!!!!A)))->(!!!!A->(!A->!!!!A))))->((!A->!!!A)->((!!!!A->!!!!A)->((!!!!A->(!!!!A->(!A->!!!!A)))->(!!!!A->(!A->!!!!A))))) Сх. акс. 1
(38) (!A->!!!A)->((!!!!A->!!!!A)->((!!!!A->(!!!!A->(!A->!!!!A)))->(!!!!A->(!A->!!!!A)))) M.P. 36, 37
(39) ((!A->!!!A)->(!!!!A->!!!!A))->(((!A->!!!A)->((!!!!A->!!!!A)->((!!!!A->(!!!!A->(!A->!!!!A)))->(!!!!A->(!A->!!!!A)))))->((!A->!!!A)->((!!!!A->(!!!!A->(!A->!!!!A)))->(!!!!A->(!A->!!!!A))))) Сх. акс. 2
(40) ((!A->!!!A)->((!!!!A->!!!!A)->((!!!!A->(!!!!A->(!A->!!!!A)))->(!!!!A->(!A->!!!!A)))))->((!A->!!!A)->((!!!!A->(!!!!A->(!A->!!!!A)))->(!!!!A->(!A->!!!!A)))) M.P. 35, 39
(41) (!A->!!!A)->((!!!!A->(!!!!A->(!A->!!!!A)))->(!!!!A->(!A->!!!!A))) M.P. 38, 40
(42) !!!!A->(!A->!!!!A) Сх. акс. 1
(43) (!!!!A->(!A->!!!!A))->((!A->!!!A)->(!!!!A->(!A->!!!!A))) Сх. акс. 1
(44) (!A->!!!A)->(!!!!A->(!A->!!!!A)) M.P. 12, 43
(45) (!A->!!!A)->((!A->!!!!A)->!!A) Сх. акс. 9
(46) ((!A->!!!A)->((!A->!!!!A)->!!A))->((!A->!!!A)->((!A->!!!A)->((!A->!!!!A)->!!A))) Сх. акс. 1
(47) (!A->!!!A)->((!A->!!!A)->((!A->!!!!A)->!!A)) M.P. 45, 46
(48) ((!A->!!!A)->((!A->!!!!A)->!!A))->(!!!!A->((!A->!!!A)->((!A->!!!!A)->!!A))) Сх. акс. 1
(49) (((!A->!!!A)->((!A->!!!!A)->!!A))->(!!!!A->((!A->!!!A)->((!A->!!!!A)->!!A))))->((!A->!!!A)->(((!A->!!!A)->((!A->!!!!A)->!!A))->(!!!!A->((!A->!!!A)->((!A->!!!!A)->!!A))))) Сх. акс. 1
(50) (!A->!!!A)->(((!A->!!!A)->((!A->!!!!A)->!!A))->(!!!!A->((!A->!!!A)->((!A->!!!!A)->!!A)))) M.P. 48, 49
(51) ((!A->!!!A)->((!A->!!!A)->((!A->!!!!A)->!!A)))->(((!A->!!!A)->(((!A->!!!A)->((!A->!!!!A)->!!A))->(!!!!A->((!A->!!!A)->((!A->!!!!A)->!!A)))))->((!A->!!!A)->(!!!!A->((!A->!!!A)->((!A->!!!!A)->!!A))))) Сх. акс. 2
(52) ((!A->!!!A)->(((!A->!!!A)->((!A->!!!!A)->!!A))->(!!!!A->((!A->!!!A)->((!A->!!!!A)->!!A)))))->((!A->!!!A)->(!!!!A->((!A->!!!A)->((!A->!!!!A)->!!A)))) M.P. 47, 51
(53) (!A->!!!A)->(!!!!A->((!A->!!!A)->((!A->!!!!A)->!!A))) M.P. 50, 52
(54) (!!!!A->(!A->!!!A))->((!!!!A->((!A->!!!A)->((!A->!!!!A)->!!A)))->(!!!!A->((!A->!!!!A)->!!A))) Сх. акс. 2
(55) ((!!!!A->(!A->!!!A))->((!!!!A->((!A->!!!A)->((!A->!!!!A)->!!A)))->(!!!!A->((!A->!!!!A)->!!A))))->((!A->!!!A)->((!!!!A->(!A->!!!A))->((!!!!A->((!A->!!!A)->((!A->!!!!A)->!!A)))->(!!!!A->((!A->!!!!A)->!!A))))) Сх. акс. 1
(56) (!A->!!!A)->((!!!!A->(!A->!!!A))->((!!!!A->((!A->!!!A)->((!A->!!!!A)->!!A)))->(!!!!A->((!A->!!!!A)->!!A)))) M.P. 54, 55
(57) ((!A->!!!A)->(!!!!A->(!A->!!!A)))->(((!A->!!!A)->((!!!!A->(!A->!!!A))->((!!!!A->((!A->!!!A)->((!A->!!!!A)->!!A)))->(!!!!A->((!A->!!!!A)->!!A)))))->((!A->!!!A)->((!!!!A->((!A->!!!A)->((!A->!!!!A)->!!A)))->(!!!!A->((!A->!!!!A)->!!A))))) Сх. акс. 2
(58) ((!A->!!!A)->((!!!!A->(!A->!!!A))->((!!!!A->((!A->!!!A)->((!A->!!!!A)->!!A)))->(!!!!A->((!A->!!!!A)->!!A)))))->((!A->!!!A)->((!!!!A->((!A->!!!A)->((!A->!!!!A)->!!A)))->(!!!!A->((!A->!!!!A)->!!A)))) M.P. 6, 57
(59) (!A->!!!A)->((!!!!A->((!A->!!!A)->((!A->!!!!A)->!!A)))->(!!!!A->((!A->!!!!A)->!!A))) M.P. 56, 58
(60) ((!A->!!!A)->(!!!!A->((!A->!!!A)->((!A->!!!!A)->!!A))))->(((!A->!!!A)->((!!!!A->((!A->!!!A)->((!A->!!!!A)->!!A)))->(!!!!A->((!A->!!!!A)->!!A))))->((!A->!!!A)->(!!!!A->((!A->!!!!A)->!!A)))) Сх. акс. 2
(61) ((!A->!!!A)->((!!!!A->((!A->!!!A)->((!A->!!!!A)->!!A)))->(!!!!A->((!A->!!!!A)->!!A))))->((!A->!!!A)->(!!!!A->((!A->!!!!A)->!!A))) M.P. 53, 60
(62) (!A->!!!A)->(!!!!A->((!A->!!!!A)->!!A)) M.P. 59, 61
(63) (!!!!A->(!A->!!!!A))->((!!!!A->((!A->!!!!A)->!!A))->(!!!!A->!!A)) Сх. акс. 2
(64) ((!!!!A->(!A->!!!!A))->((!!!!A->((!A->!!!!A)->!!A))->(!!!!A->!!A)))->((!A->!!!A)->((!!!!A->(!A->!!!!A))->((!!!!A->((!A->!!!!A)->!!A))->(!!!!A->!!A)))) Сх. акс. 1
(65) (!A->!!!A)->((!!!!A->(!A->!!!!A))->((!!!!A->((!A->!!!!A)->!!A))->(!!!!A->!!A))) M.P. 63, 64
(66) ((!A->!!!A)->(!!!!A->(!A->!!!!A)))->(((!A->!!!A)->((!!!!A->(!A->!!!!A))->((!!!!A->((!A->!!!!A)->!!A))->(!!!!A->!!A))))->((!A->!!!A)->((!!!!A->((!A->!!!!A)->!!A))->(!!!!A->!!A)))) Сх. акс. 2
(67) ((!A->!!!A)->((!!!!A->(!A->!!!!A))->((!!!!A->((!A->!!!!A)->!!A))->(!!!!A->!!A))))->((!A->!!!A)->((!!!!A->((!A->!!!!A)->!!A))->(!!!!A->!!A))) M.P. 14, 66
(68) (!A->!!!A)->((!!!!A->((!A->!!!!A)->!!A))->(!!!!A->!!A)) M.P. 65, 67
(69) !!!!A->!!A Сх. акс. 10
(70) (!!!!A->!!A)->((!A->!!!A)->(!!!!A->!!A)) Сх. акс. 1
(71) (!A->!!!A)->(!!!!A->!!A) M.P. 69, 70
