@x(Q(x))->Q(x)
(@x(Q(x))->Q(x))->(V->(@x(Q(x))->Q(x)))
V->(@x(Q(x))->Q(x))
@x(P(x)&Q(x))->P(x)&Q(x)
(@x(P(x)&Q(x))->P(x)&Q(x))->(V->(@x(P(x)&Q(x))->P(x)&Q(x)))
V->(@x(P(x)&Q(x))->P(x)&Q(x))
@x(@y(P(y))&Q(x))->@y(P(y))&Q(x)
(@x(@y(P(y))&Q(x))->@y(P(y))&Q(x))->(V->(@x(@y(P(y))&Q(x))->@y(P(y))&Q(x)))
V->(@x(@y(P(y))&Q(x))->@y(P(y))&Q(x))
@x(@y(P(y))&Q(x))->@y(P(y))&Q(x)
(@x(@y(P(y))&Q(x))->@y(P(y))&Q(x))->(V->(@x(@y(P(y))&Q(x))->@y(P(y))&Q(x)))
V->(@x(@y(P(y))&Q(x))->@y(P(y))&Q(x))
@x(@x(P(x))&Q(x))->@x(P(x))&Q(x)
(@x(@x(P(x))&Q(x))->@x(P(x))&Q(x))->(V->(@x(@x(P(x))&Q(x))->@x(P(x))&Q(x)))
V->(@x(@x(P(x))&Q(x))->@x(P(x))&Q(x))
V->(V->V)
(V->(V->V))->((V&@x(@x(P(x))&Q(x))->@x(@x(P(x))&Q(x)))->(V->(V->V)))
(V&@x(@x(P(x))&Q(x))->@x(@x(P(x))&Q(x)))->(V->(V->V))
(V->(V->V))->((V->((V->V)->V))->(V->V))
((V->(V->V))->((V->((V->V)->V))->(V->V)))->((V&@x(@x(P(x))&Q(x))->@x(@x(P(x))&Q(x)))->((V->(V->V))->((V->((V->V)->V))->(V->V))))
(V&@x(@x(P(x))&Q(x))->@x(@x(P(x))&Q(x)))->((V->(V->V))->((V->((V->V)->V))->(V->V)))
((V&@x(@x(P(x))&Q(x))->@x(@x(P(x))&Q(x)))->(V->(V->V)))->(((V&@x(@x(P(x))&Q(x))->@x(@x(P(x))&Q(x)))->((V->(V->V))->((V->((V->V)->V))->(V->V))))->((V&@x(@x(P(x))&Q(x))->@x(@x(P(x))&Q(x)))->((V->((V->V)->V))->(V->V))))
((V&@x(@x(P(x))&Q(x))->@x(@x(P(x))&Q(x)))->((V->(V->V))->((V->((V->V)->V))->(V->V))))->((V&@x(@x(P(x))&Q(x))->@x(@x(P(x))&Q(x)))->((V->((V->V)->V))->(V->V)))
(V&@x(@x(P(x))&Q(x))->@x(@x(P(x))&Q(x)))->((V->((V->V)->V))->(V->V))
V->((V->V)->V)
(V->((V->V)->V))->((V&@x(@x(P(x))&Q(x))->@x(@x(P(x))&Q(x)))->(V->((V->V)->V)))
(V&@x(@x(P(x))&Q(x))->@x(@x(P(x))&Q(x)))->(V->((V->V)->V))
((V&@x(@x(P(x))&Q(x))->@x(@x(P(x))&Q(x)))->(V->((V->V)->V)))->(((V&@x(@x(P(x))&Q(x))->@x(@x(P(x))&Q(x)))->((V->((V->V)->V))->(V->V)))->((V&@x(@x(P(x))&Q(x))->@x(@x(P(x))&Q(x)))->(V->V)))
((V&@x(@x(P(x))&Q(x))->@x(@x(P(x))&Q(x)))->((V->((V->V)->V))->(V->V)))->((V&@x(@x(P(x))&Q(x))->@x(@x(P(x))&Q(x)))->(V->V))
(V&@x(@x(P(x))&Q(x))->@x(@x(P(x))&Q(x)))->(V->V)
V->(@x(@x(P(x))&Q(x))->V)
(V->(@x(@x(P(x))&Q(x))->V))->((V&@x(@x(P(x))&Q(x))->@x(@x(P(x))&Q(x)))->(V->(@x(@x(P(x))&Q(x))->V)))
(V&@x(@x(P(x))&Q(x))->@x(@x(P(x))&Q(x)))->(V->(@x(@x(P(x))&Q(x))->V))
(V->(@x(@x(P(x))&Q(x))->V))->(V->(V->(@x(@x(P(x))&Q(x))->V)))
((V->(@x(@x(P(x))&Q(x))->V))->(V->(V->(@x(@x(P(x))&Q(x))->V))))->((V&@x(@x(P(x))&Q(x))->@x(@x(P(x))&Q(x)))->((V->(@x(@x(P(x))&Q(x))->V))->(V->(V->(@x(@x(P(x))&Q(x))->V)))))
(V&@x(@x(P(x))&Q(x))->@x(@x(P(x))&Q(x)))->((V->(@x(@x(P(x))&Q(x))->V))->(V->(V->(@x(@x(P(x))&Q(x))->V))))
((V&@x(@x(P(x))&Q(x))->@x(@x(P(x))&Q(x)))->(V->(@x(@x(P(x))&Q(x))->V)))->(((V&@x(@x(P(x))&Q(x))->@x(@x(P(x))&Q(x)))->((V->(@x(@x(P(x))&Q(x))->V))->(V->(V->(@x(@x(P(x))&Q(x))->V)))))->((V&@x(@x(P(x))&Q(x))->@x(@x(P(x))&Q(x)))->(V->(V->(@x(@x(P(x))&Q(x))->V)))))
((V&@x(@x(P(x))&Q(x))->@x(@x(P(x))&Q(x)))->((V->(@x(@x(P(x))&Q(x))->V))->(V->(V->(@x(@x(P(x))&Q(x))->V)))))->((V&@x(@x(P(x))&Q(x))->@x(@x(P(x))&Q(x)))->(V->(V->(@x(@x(P(x))&Q(x))->V))))
(V&@x(@x(P(x))&Q(x))->@x(@x(P(x))&Q(x)))->(V->(V->(@x(@x(P(x))&Q(x))->V)))
(V->V)->((V->(V->(@x(@x(P(x))&Q(x))->V)))->(V->(@x(@x(P(x))&Q(x))->V)))
((V->V)->((V->(V->(@x(@x(P(x))&Q(x))->V)))->(V->(@x(@x(P(x))&Q(x))->V))))->((V&@x(@x(P(x))&Q(x))->@x(@x(P(x))&Q(x)))->((V->V)->((V->(V->(@x(@x(P(x))&Q(x))->V)))->(V->(@x(@x(P(x))&Q(x))->V)))))
(V&@x(@x(P(x))&Q(x))->@x(@x(P(x))&Q(x)))->((V->V)->((V->(V->(@x(@x(P(x))&Q(x))->V)))->(V->(@x(@x(P(x))&Q(x))->V))))
((V&@x(@x(P(x))&Q(x))->@x(@x(P(x))&Q(x)))->(V->V))->(((V&@x(@x(P(x))&Q(x))->@x(@x(P(x))&Q(x)))->((V->V)->((V->(V->(@x(@x(P(x))&Q(x))->V)))->(V->(@x(@x(P(x))&Q(x))->V)))))->((V&@x(@x(P(x))&Q(x))->@x(@x(P(x))&Q(x)))->((V->(V->(@x(@x(P(x))&Q(x))->V)))->(V->(@x(@x(P(x))&Q(x))->V)))))
((V&@x(@x(P(x))&Q(x))->@x(@x(P(x))&Q(x)))->((V->V)->((V->(V->(@x(@x(P(x))&Q(x))->V)))->(V->(@x(@x(P(x))&Q(x))->V)))))->((V&@x(@x(P(x))&Q(x))->@x(@x(P(x))&Q(x)))->((V->(V->(@x(@x(P(x))&Q(x))->V)))->(V->(@x(@x(P(x))&Q(x))->V))))
(V&@x(@x(P(x))&Q(x))->@x(@x(P(x))&Q(x)))->((V->(V->(@x(@x(P(x))&Q(x))->V)))->(V->(@x(@x(P(x))&Q(x))->V)))
V->(@x(@x(P(x))&Q(x))->V)
(V->(@x(@x(P(x))&Q(x))->V))->((V&@x(@x(P(x))&Q(x))->@x(@x(P(x))&Q(x)))->(V->(@x(@x(P(x))&Q(x))->V)))
(V&@x(@x(P(x))&Q(x))->@x(@x(P(x))&Q(x)))->(V->(@x(@x(P(x))&Q(x))->V))
@x(@x(P(x))&Q(x))->(@x(@x(P(x))&Q(x))->@x(@x(P(x))&Q(x)))
(@x(@x(P(x))&Q(x))->(@x(@x(P(x))&Q(x))->@x(@x(P(x))&Q(x))))->((V&@x(@x(P(x))&Q(x))->@x(@x(P(x))&Q(x)))->(@x(@x(P(x))&Q(x))->(@x(@x(P(x))&Q(x))->@x(@x(P(x))&Q(x)))))
(V&@x(@x(P(x))&Q(x))->@x(@x(P(x))&Q(x)))->(@x(@x(P(x))&Q(x))->(@x(@x(P(x))&Q(x))->@x(@x(P(x))&Q(x))))
(@x(@x(P(x))&Q(x))->(@x(@x(P(x))&Q(x))->@x(@x(P(x))&Q(x))))->(V->(@x(@x(P(x))&Q(x))->(@x(@x(P(x))&Q(x))->@x(@x(P(x))&Q(x)))))
((@x(@x(P(x))&Q(x))->(@x(@x(P(x))&Q(x))->@x(@x(P(x))&Q(x))))->(V->(@x(@x(P(x))&Q(x))->(@x(@x(P(x))&Q(x))->@x(@x(P(x))&Q(x))))))->((V&@x(@x(P(x))&Q(x))->@x(@x(P(x))&Q(x)))->((@x(@x(P(x))&Q(x))->(@x(@x(P(x))&Q(x))->@x(@x(P(x))&Q(x))))->(V->(@x(@x(P(x))&Q(x))->(@x(@x(P(x))&Q(x))->@x(@x(P(x))&Q(x)))))))
(V&@x(@x(P(x))&Q(x))->@x(@x(P(x))&Q(x)))->((@x(@x(P(x))&Q(x))->(@x(@x(P(x))&Q(x))->@x(@x(P(x))&Q(x))))->(V->(@x(@x(P(x))&Q(x))->(@x(@x(P(x))&Q(x))->@x(@x(P(x))&Q(x))))))
((V&@x(@x(P(x))&Q(x))->@x(@x(P(x))&Q(x)))->(@x(@x(P(x))&Q(x))->(@x(@x(P(x))&Q(x))->@x(@x(P(x))&Q(x)))))->(((V&@x(@x(P(x))&Q(x))->@x(@x(P(x))&Q(x)))->((@x(@x(P(x))&Q(x))->(@x(@x(P(x))&Q(x))->@x(@x(P(x))&Q(x))))->(V->(@x(@x(P(x))&Q(x))->(@x(@x(P(x))&Q(x))->@x(@x(P(x))&Q(x)))))))->((V&@x(@x(P(x))&Q(x))->@x(@x(P(x))&Q(x)))->(V->(@x(@x(P(x))&Q(x))->(@x(@x(P(x))&Q(x))->@x(@x(P(x))&Q(x)))))))
((V&@x(@x(P(x))&Q(x))->@x(@x(P(x))&Q(x)))->((@x(@x(P(x))&Q(x))->(@x(@x(P(x))&Q(x))->@x(@x(P(x))&Q(x))))->(V->(@x(@x(P(x))&Q(x))->(@x(@x(P(x))&Q(x))->@x(@x(P(x))&Q(x)))))))->((V&@x(@x(P(x))&Q(x))->@x(@x(P(x))&Q(x)))->(V->(@x(@x(P(x))&Q(x))->(@x(@x(P(x))&Q(x))->@x(@x(P(x))&Q(x))))))
(V&@x(@x(P(x))&Q(x))->@x(@x(P(x))&Q(x)))->(V->(@x(@x(P(x))&Q(x))->(@x(@x(P(x))&Q(x))->@x(@x(P(x))&Q(x)))))
(@x(@x(P(x))&Q(x))->(@x(@x(P(x))&Q(x))->@x(@x(P(x))&Q(x))))->((@x(@x(P(x))&Q(x))->((@x(@x(P(x))&Q(x))->@x(@x(P(x))&Q(x)))->@x(@x(P(x))&Q(x))))->(@x(@x(P(x))&Q(x))->@x(@x(P(x))&Q(x))))
((@x(@x(P(x))&Q(x))->(@x(@x(P(x))&Q(x))->@x(@x(P(x))&Q(x))))->((@x(@x(P(x))&Q(x))->((@x(@x(P(x))&Q(x))->@x(@x(P(x))&Q(x)))->@x(@x(P(x))&Q(x))))->(@x(@x(P(x))&Q(x))->@x(@x(P(x))&Q(x)))))->((V&@x(@x(P(x))&Q(x))->@x(@x(P(x))&Q(x)))->((@x(@x(P(x))&Q(x))->(@x(@x(P(x))&Q(x))->@x(@x(P(x))&Q(x))))->((@x(@x(P(x))&Q(x))->((@x(@x(P(x))&Q(x))->@x(@x(P(x))&Q(x)))->@x(@x(P(x))&Q(x))))->(@x(@x(P(x))&Q(x))->@x(@x(P(x))&Q(x))))))
(V&@x(@x(P(x))&Q(x))->@x(@x(P(x))&Q(x)))->((@x(@x(P(x))&Q(x))->(@x(@x(P(x))&Q(x))->@x(@x(P(x))&Q(x))))->((@x(@x(P(x))&Q(x))->((@x(@x(P(x))&Q(x))->@x(@x(P(x))&Q(x)))->@x(@x(P(x))&Q(x))))->(@x(@x(P(x))&Q(x))->@x(@x(P(x))&Q(x)))))
((@x(@x(P(x))&Q(x))->(@x(@x(P(x))&Q(x))->@x(@x(P(x))&Q(x))))->((@x(@x(P(x))&Q(x))->((@x(@x(P(x))&Q(x))->@x(@x(P(x))&Q(x)))->@x(@x(P(x))&Q(x))))->(@x(@x(P(x))&Q(x))->@x(@x(P(x))&Q(x)))))->(V->((@x(@x(P(x))&Q(x))->(@x(@x(P(x))&Q(x))->@x(@x(P(x))&Q(x))))->((@x(@x(P(x))&Q(x))->((@x(@x(P(x))&Q(x))->@x(@x(P(x))&Q(x)))->@x(@x(P(x))&Q(x))))->(@x(@x(P(x))&Q(x))->@x(@x(P(x))&Q(x))))))
(((@x(@x(P(x))&Q(x))->(@x(@x(P(x))&Q(x))->@x(@x(P(x))&Q(x))))->((@x(@x(P(x))&Q(x))->((@x(@x(P(x))&Q(x))->@x(@x(P(x))&Q(x)))->@x(@x(P(x))&Q(x))))->(@x(@x(P(x))&Q(x))->@x(@x(P(x))&Q(x)))))->(V->((@x(@x(P(x))&Q(x))->(@x(@x(P(x))&Q(x))->@x(@x(P(x))&Q(x))))->((@x(@x(P(x))&Q(x))->((@x(@x(P(x))&Q(x))->@x(@x(P(x))&Q(x)))->@x(@x(P(x))&Q(x))))->(@x(@x(P(x))&Q(x))->@x(@x(P(x))&Q(x)))))))->((V&@x(@x(P(x))&Q(x))->@x(@x(P(x))&Q(x)))->(((@x(@x(P(x))&Q(x))->(@x(@x(P(x))&Q(x))->@x(@x(P(x))&Q(x))))->((@x(@x(P(x))&Q(x))->((@x(@x(P(x))&Q(x))->@x(@x(P(x))&Q(x)))->@x(@x(P(x))&Q(x))))->(@x(@x(P(x))&Q(x))->@x(@x(P(x))&Q(x)))))->(V->((@x(@x(P(x))&Q(x))->(@x(@x(P(x))&Q(x))->@x(@x(P(x))&Q(x))))->((@x(@x(P(x))&Q(x))->((@x(@x(P(x))&Q(x))->@x(@x(P(x))&Q(x)))->@x(@x(P(x))&Q(x))))->(@x(@x(P(x))&Q(x))->@x(@x(P(x))&Q(x))))))))
(V&@x(@x(P(x))&Q(x))->@x(@x(P(x))&Q(x)))->(((@x(@x(P(x))&Q(x))->(@x(@x(P(x))&Q(x))->@x(@x(P(x))&Q(x))))->((@x(@x(P(x))&Q(x))->((@x(@x(P(x))&Q(x))->@x(@x(P(x))&Q(x)))->@x(@x(P(x))&Q(x))))->(@x(@x(P(x))&Q(x))->@x(@x(P(x))&Q(x)))))->(V->((@x(@x(P(x))&Q(x))->(@x(@x(P(x))&Q(x))->@x(@x(P(x))&Q(x))))->((@x(@x(P(x))&Q(x))->((@x(@x(P(x))&Q(x))->@x(@x(P(x))&Q(x)))->@x(@x(P(x))&Q(x))))->(@x(@x(P(x))&Q(x))->@x(@x(P(x))&Q(x)))))))
((V&@x(@x(P(x))&Q(x))->@x(@x(P(x))&Q(x)))->((@x(@x(P(x))&Q(x))->(@x(@x(P(x))&Q(x))->@x(@x(P(x))&Q(x))))->((@x(@x(P(x))&Q(x))->((@x(@x(P(x))&Q(x))->@x(@x(P(x))&Q(x)))->@x(@x(P(x))&Q(x))))->(@x(@x(P(x))&Q(x))->@x(@x(P(x))&Q(x))))))->(((V&@x(@x(P(x))&Q(x))->@x(@x(P(x))&Q(x)))->(((@x(@x(P(x))&Q(x))->(@x(@x(P(x))&Q(x))->@x(@x(P(x))&Q(x))))->((@x(@x(P(x))&Q(x))->((@x(@x(P(x))&Q(x))->@x(@x(P(x))&Q(x)))->@x(@x(P(x))&Q(x))))->(@x(@x(P(x))&Q(x))->@x(@x(P(x))&Q(x)))))->(V->((@x(@x(P(x))&Q(x))->(@x(@x(P(x))&Q(x))->@x(@x(P(x))&Q(x))))->((@x(@x(P(x))&Q(x))->((@x(@x(P(x))&Q(x))->@x(@x(P(x))&Q(x)))->@x(@x(P(x))&Q(x))))->(@x(@x(P(x))&Q(x))->@x(@x(P(x))&Q(x))))))))->((V&@x(@x(P(x))&Q(x))->@x(@x(P(x))&Q(x)))->(V->((@x(@x(P(x))&Q(x))->(@x(@x(P(x))&Q(x))->@x(@x(P(x))&Q(x))))->((@x(@x(P(x))&Q(x))->((@x(@x(P(x))&Q(x))->@x(@x(P(x))&Q(x)))->@x(@x(P(x))&Q(x))))->(@x(@x(P(x))&Q(x))->@x(@x(P(x))&Q(x))))))))
((V&@x(@x(P(x))&Q(x))->@x(@x(P(x))&Q(x)))->(((@x(@x(P(x))&Q(x))->(@x(@x(P(x))&Q(x))->@x(@x(P(x))&Q(x))))->((@x(@x(P(x))&Q(x))->((@x(@x(P(x))&Q(x))->@x(@x(P(x))&Q(x)))->@x(@x(P(x))&Q(x))))->(@x(@x(P(x))&Q(x))->@x(@x(P(x))&Q(x)))))->(V->((@x(@x(P(x))&Q(x))->(@x(@x(P(x))&Q(x))->@x(@x(P(x))&Q(x))))->((@x(@x(P(x))&Q(x))->((@x(@x(P(x))&Q(x))->@x(@x(P(x))&Q(x)))->@x(@x(P(x))&Q(x))))->(@x(@x(P(x))&Q(x))->@x(@x(P(x))&Q(x))))))))->((V&@x(@x(P(x))&Q(x))->@x(@x(P(x))&Q(x)))->(V->((@x(@x(P(x))&Q(x))->(@x(@x(P(x))&Q(x))->@x(@x(P(x))&Q(x))))->((@x(@x(P(x))&Q(x))->((@x(@x(P(x))&Q(x))->@x(@x(P(x))&Q(x)))->@x(@x(P(x))&Q(x))))->(@x(@x(P(x))&Q(x))->@x(@x(P(x))&Q(x)))))))
(V&@x(@x(P(x))&Q(x))->@x(@x(P(x))&Q(x)))->(V->((@x(@x(P(x))&Q(x))->(@x(@x(P(x))&Q(x))->@x(@x(P(x))&Q(x))))->((@x(@x(P(x))&Q(x))->((@x(@x(P(x))&Q(x))->@x(@x(P(x))&Q(x)))->@x(@x(P(x))&Q(x))))->(@x(@x(P(x))&Q(x))->@x(@x(P(x))&Q(x))))))
(V->(@x(@x(P(x))&Q(x))->(@x(@x(P(x))&Q(x))->@x(@x(P(x))&Q(x)))))->((V->((@x(@x(P(x))&Q(x))->(@x(@x(P(x))&Q(x))->@x(@x(P(x))&Q(x))))->((@x(@x(P(x))&Q(x))->((@x(@x(P(x))&Q(x))->@x(@x(P(x))&Q(x)))->@x(@x(P(x))&Q(x))))->(@x(@x(P(x))&Q(x))->@x(@x(P(x))&Q(x))))))->(V->((@x(@x(P(x))&Q(x))->((@x(@x(P(x))&Q(x))->@x(@x(P(x))&Q(x)))->@x(@x(P(x))&Q(x))))->(@x(@x(P(x))&Q(x))->@x(@x(P(x))&Q(x))))))
((V->(@x(@x(P(x))&Q(x))->(@x(@x(P(x))&Q(x))->@x(@x(P(x))&Q(x)))))->((V->((@x(@x(P(x))&Q(x))->(@x(@x(P(x))&Q(x))->@x(@x(P(x))&Q(x))))->((@x(@x(P(x))&Q(x))->((@x(@x(P(x))&Q(x))->@x(@x(P(x))&Q(x)))->@x(@x(P(x))&Q(x))))->(@x(@x(P(x))&Q(x))->@x(@x(P(x))&Q(x))))))->(V->((@x(@x(P(x))&Q(x))->((@x(@x(P(x))&Q(x))->@x(@x(P(x))&Q(x)))->@x(@x(P(x))&Q(x))))->(@x(@x(P(x))&Q(x))->@x(@x(P(x))&Q(x)))))))->((V&@x(@x(P(x))&Q(x))->@x(@x(P(x))&Q(x)))->((V->(@x(@x(P(x))&Q(x))->(@x(@x(P(x))&Q(x))->@x(@x(P(x))&Q(x)))))->((V->((@x(@x(P(x))&Q(x))->(@x(@x(P(x))&Q(x))->@x(@x(P(x))&Q(x))))->((@x(@x(P(x))&Q(x))->((@x(@x(P(x))&Q(x))->@x(@x(P(x))&Q(x)))->@x(@x(P(x))&Q(x))))->(@x(@x(P(x))&Q(x))->@x(@x(P(x))&Q(x))))))->(V->((@x(@x(P(x))&Q(x))->((@x(@x(P(x))&Q(x))->@x(@x(P(x))&Q(x)))->@x(@x(P(x))&Q(x))))->(@x(@x(P(x))&Q(x))->@x(@x(P(x))&Q(x))))))))
(V&@x(@x(P(x))&Q(x))->@x(@x(P(x))&Q(x)))->((V->(@x(@x(P(x))&Q(x))->(@x(@x(P(x))&Q(x))->@x(@x(P(x))&Q(x)))))->((V->((@x(@x(P(x))&Q(x))->(@x(@x(P(x))&Q(x))->@x(@x(P(x))&Q(x))))->((@x(@x(P(x))&Q(x))->((@x(@x(P(x))&Q(x))->@x(@x(P(x))&Q(x)))->@x(@x(P(x))&Q(x))))->(@x(@x(P(x))&Q(x))->@x(@x(P(x))&Q(x))))))->(V->((@x(@x(P(x))&Q(x))->((@x(@x(P(x))&Q(x))->@x(@x(P(x))&Q(x)))->@x(@x(P(x))&Q(x))))->(@x(@x(P(x))&Q(x))->@x(@x(P(x))&Q(x)))))))
((V&@x(@x(P(x))&Q(x))->@x(@x(P(x))&Q(x)))->(V->(@x(@x(P(x))&Q(x))->(@x(@x(P(x))&Q(x))->@x(@x(P(x))&Q(x))))))->(((V&@x(@x(P(x))&Q(x))->@x(@x(P(x))&Q(x)))->((V->(@x(@x(P(x))&Q(x))->(@x(@x(P(x))&Q(x))->@x(@x(P(x))&Q(x)))))->((V->((@x(@x(P(x))&Q(x))->(@x(@x(P(x))&Q(x))->@x(@x(P(x))&Q(x))))->((@x(@x(P(x))&Q(x))->((@x(@x(P(x))&Q(x))->@x(@x(P(x))&Q(x)))->@x(@x(P(x))&Q(x))))->(@x(@x(P(x))&Q(x))->@x(@x(P(x))&Q(x))))))->(V->((@x(@x(P(x))&Q(x))->((@x(@x(P(x))&Q(x))->@x(@x(P(x))&Q(x)))->@x(@x(P(x))&Q(x))))->(@x(@x(P(x))&Q(x))->@x(@x(P(x))&Q(x))))))))->((V&@x(@x(P(x))&Q(x))->@x(@x(P(x))&Q(x)))->((V->((@x(@x(P(x))&Q(x))->(@x(@x(P(x))&Q(x))->@x(@x(P(x))&Q(x))))->((@x(@x(P(x))&Q(x))->((@x(@x(P(x))&Q(x))->@x(@x(P(x))&Q(x)))->@x(@x(P(x))&Q(x))))->(@x(@x(P(x))&Q(x))->@x(@x(P(x))&Q(x))))))->(V->((@x(@x(P(x))&Q(x))->((@x(@x(P(x))&Q(x))->@x(@x(P(x))&Q(x)))->@x(@x(P(x))&Q(x))))->(@x(@x(P(x))&Q(x))->@x(@x(P(x))&Q(x))))))))
((V&@x(@x(P(x))&Q(x))->@x(@x(P(x))&Q(x)))->((V->(@x(@x(P(x))&Q(x))->(@x(@x(P(x))&Q(x))->@x(@x(P(x))&Q(x)))))->((V->((@x(@x(P(x))&Q(x))->(@x(@x(P(x))&Q(x))->@x(@x(P(x))&Q(x))))->((@x(@x(P(x))&Q(x))->((@x(@x(P(x))&Q(x))->@x(@x(P(x))&Q(x)))->@x(@x(P(x))&Q(x))))->(@x(@x(P(x))&Q(x))->@x(@x(P(x))&Q(x))))))->(V->((@x(@x(P(x))&Q(x))->((@x(@x(P(x))&Q(x))->@x(@x(P(x))&Q(x)))->@x(@x(P(x))&Q(x))))->(@x(@x(P(x))&Q(x))->@x(@x(P(x))&Q(x))))))))->((V&@x(@x(P(x))&Q(x))->@x(@x(P(x))&Q(x)))->((V->((@x(@x(P(x))&Q(x))->(@x(@x(P(x))&Q(x))->@x(@x(P(x))&Q(x))))->((@x(@x(P(x))&Q(x))->((@x(@x(P(x))&Q(x))->@x(@x(P(x))&Q(x)))->@x(@x(P(x))&Q(x))))->(@x(@x(P(x))&Q(x))->@x(@x(P(x))&Q(x))))))->(V->((@x(@x(P(x))&Q(x))->((@x(@x(P(x))&Q(x))->@x(@x(P(x))&Q(x)))->@x(@x(P(x))&Q(x))))->(@x(@x(P(x))&Q(x))->@x(@x(P(x))&Q(x)))))))
(V&@x(@x(P(x))&Q(x))->@x(@x(P(x))&Q(x)))->((V->((@x(@x(P(x))&Q(x))->(@x(@x(P(x))&Q(x))->@x(@x(P(x))&Q(x))))->((@x(@x(P(x))&Q(x))->((@x(@x(P(x))&Q(x))->@x(@x(P(x))&Q(x)))->@x(@x(P(x))&Q(x))))->(@x(@x(P(x))&Q(x))->@x(@x(P(x))&Q(x))))))->(V->((@x(@x(P(x))&Q(x))->((@x(@x(P(x))&Q(x))->@x(@x(P(x))&Q(x)))->@x(@x(P(x))&Q(x))))->(@x(@x(P(x))&Q(x))->@x(@x(P(x))&Q(x))))))
((V&@x(@x(P(x))&Q(x))->@x(@x(P(x))&Q(x)))->(V->((@x(@x(P(x))&Q(x))->(@x(@x(P(x))&Q(x))->@x(@x(P(x))&Q(x))))->((@x(@x(P(x))&Q(x))->((@x(@x(P(x))&Q(x))->@x(@x(P(x))&Q(x)))->@x(@x(P(x))&Q(x))))->(@x(@x(P(x))&Q(x))->@x(@x(P(x))&Q(x)))))))->(((V&@x(@x(P(x))&Q(x))->@x(@x(P(x))&Q(x)))->((V->((@x(@x(P(x))&Q(x))->(@x(@x(P(x))&Q(x))->@x(@x(P(x))&Q(x))))->((@x(@x(P(x))&Q(x))->((@x(@x(P(x))&Q(x))->@x(@x(P(x))&Q(x)))->@x(@x(P(x))&Q(x))))->(@x(@x(P(x))&Q(x))->@x(@x(P(x))&Q(x))))))->(V->((@x(@x(P(x))&Q(x))->((@x(@x(P(x))&Q(x))->@x(@x(P(x))&Q(x)))->@x(@x(P(x))&Q(x))))->(@x(@x(P(x))&Q(x))->@x(@x(P(x))&Q(x)))))))->((V&@x(@x(P(x))&Q(x))->@x(@x(P(x))&Q(x)))->(V->((@x(@x(P(x))&Q(x))->((@x(@x(P(x))&Q(x))->@x(@x(P(x))&Q(x)))->@x(@x(P(x))&Q(x))))->(@x(@x(P(x))&Q(x))->@x(@x(P(x))&Q(x)))))))
((V&@x(@x(P(x))&Q(x))->@x(@x(P(x))&Q(x)))->((V->((@x(@x(P(x))&Q(x))->(@x(@x(P(x))&Q(x))->@x(@x(P(x))&Q(x))))->((@x(@x(P(x))&Q(x))->((@x(@x(P(x))&Q(x))->@x(@x(P(x))&Q(x)))->@x(@x(P(x))&Q(x))))->(@x(@x(P(x))&Q(x))->@x(@x(P(x))&Q(x))))))->(V->((@x(@x(P(x))&Q(x))->((@x(@x(P(x))&Q(x))->@x(@x(P(x))&Q(x)))->@x(@x(P(x))&Q(x))))->(@x(@x(P(x))&Q(x))->@x(@x(P(x))&Q(x)))))))->((V&@x(@x(P(x))&Q(x))->@x(@x(P(x))&Q(x)))->(V->((@x(@x(P(x))&Q(x))->((@x(@x(P(x))&Q(x))->@x(@x(P(x))&Q(x)))->@x(@x(P(x))&Q(x))))->(@x(@x(P(x))&Q(x))->@x(@x(P(x))&Q(x))))))
(V&@x(@x(P(x))&Q(x))->@x(@x(P(x))&Q(x)))->(V->((@x(@x(P(x))&Q(x))->((@x(@x(P(x))&Q(x))->@x(@x(P(x))&Q(x)))->@x(@x(P(x))&Q(x))))->(@x(@x(P(x))&Q(x))->@x(@x(P(x))&Q(x)))))
@x(@x(P(x))&Q(x))->((@x(@x(P(x))&Q(x))->@x(@x(P(x))&Q(x)))->@x(@x(P(x))&Q(x)))
(@x(@x(P(x))&Q(x))->((@x(@x(P(x))&Q(x))->@x(@x(P(x))&Q(x)))->@x(@x(P(x))&Q(x))))->((V&@x(@x(P(x))&Q(x))->@x(@x(P(x))&Q(x)))->(@x(@x(P(x))&Q(x))->((@x(@x(P(x))&Q(x))->@x(@x(P(x))&Q(x)))->@x(@x(P(x))&Q(x)))))
(V&@x(@x(P(x))&Q(x))->@x(@x(P(x))&Q(x)))->(@x(@x(P(x))&Q(x))->((@x(@x(P(x))&Q(x))->@x(@x(P(x))&Q(x)))->@x(@x(P(x))&Q(x))))
(@x(@x(P(x))&Q(x))->((@x(@x(P(x))&Q(x))->@x(@x(P(x))&Q(x)))->@x(@x(P(x))&Q(x))))->(V->(@x(@x(P(x))&Q(x))->((@x(@x(P(x))&Q(x))->@x(@x(P(x))&Q(x)))->@x(@x(P(x))&Q(x)))))
((@x(@x(P(x))&Q(x))->((@x(@x(P(x))&Q(x))->@x(@x(P(x))&Q(x)))->@x(@x(P(x))&Q(x))))->(V->(@x(@x(P(x))&Q(x))->((@x(@x(P(x))&Q(x))->@x(@x(P(x))&Q(x)))->@x(@x(P(x))&Q(x))))))->((V&@x(@x(P(x))&Q(x))->@x(@x(P(x))&Q(x)))->((@x(@x(P(x))&Q(x))->((@x(@x(P(x))&Q(x))->@x(@x(P(x))&Q(x)))->@x(@x(P(x))&Q(x))))->(V->(@x(@x(P(x))&Q(x))->((@x(@x(P(x))&Q(x))->@x(@x(P(x))&Q(x)))->@x(@x(P(x))&Q(x)))))))
(V&@x(@x(P(x))&Q(x))->@x(@x(P(x))&Q(x)))->((@x(@x(P(x))&Q(x))->((@x(@x(P(x))&Q(x))->@x(@x(P(x))&Q(x)))->@x(@x(P(x))&Q(x))))->(V->(@x(@x(P(x))&Q(x))->((@x(@x(P(x))&Q(x))->@x(@x(P(x))&Q(x)))->@x(@x(P(x))&Q(x))))))
((V&@x(@x(P(x))&Q(x))->@x(@x(P(x))&Q(x)))->(@x(@x(P(x))&Q(x))->((@x(@x(P(x))&Q(x))->@x(@x(P(x))&Q(x)))->@x(@x(P(x))&Q(x)))))->(((V&@x(@x(P(x))&Q(x))->@x(@x(P(x))&Q(x)))->((@x(@x(P(x))&Q(x))->((@x(@x(P(x))&Q(x))->@x(@x(P(x))&Q(x)))->@x(@x(P(x))&Q(x))))->(V->(@x(@x(P(x))&Q(x))->((@x(@x(P(x))&Q(x))->@x(@x(P(x))&Q(x)))->@x(@x(P(x))&Q(x)))))))->((V&@x(@x(P(x))&Q(x))->@x(@x(P(x))&Q(x)))->(V->(@x(@x(P(x))&Q(x))->((@x(@x(P(x))&Q(x))->@x(@x(P(x))&Q(x)))->@x(@x(P(x))&Q(x)))))))
((V&@x(@x(P(x))&Q(x))->@x(@x(P(x))&Q(x)))->((@x(@x(P(x))&Q(x))->((@x(@x(P(x))&Q(x))->@x(@x(P(x))&Q(x)))->@x(@x(P(x))&Q(x))))->(V->(@x(@x(P(x))&Q(x))->((@x(@x(P(x))&Q(x))->@x(@x(P(x))&Q(x)))->@x(@x(P(x))&Q(x)))))))->((V&@x(@x(P(x))&Q(x))->@x(@x(P(x))&Q(x)))->(V->(@x(@x(P(x))&Q(x))->((@x(@x(P(x))&Q(x))->@x(@x(P(x))&Q(x)))->@x(@x(P(x))&Q(x))))))
(V&@x(@x(P(x))&Q(x))->@x(@x(P(x))&Q(x)))->(V->(@x(@x(P(x))&Q(x))->((@x(@x(P(x))&Q(x))->@x(@x(P(x))&Q(x)))->@x(@x(P(x))&Q(x)))))
(V->(@x(@x(P(x))&Q(x))->((@x(@x(P(x))&Q(x))->@x(@x(P(x))&Q(x)))->@x(@x(P(x))&Q(x)))))->((V->((@x(@x(P(x))&Q(x))->((@x(@x(P(x))&Q(x))->@x(@x(P(x))&Q(x)))->@x(@x(P(x))&Q(x))))->(@x(@x(P(x))&Q(x))->@x(@x(P(x))&Q(x)))))->(V->(@x(@x(P(x))&Q(x))->@x(@x(P(x))&Q(x)))))
((V->(@x(@x(P(x))&Q(x))->((@x(@x(P(x))&Q(x))->@x(@x(P(x))&Q(x)))->@x(@x(P(x))&Q(x)))))->((V->((@x(@x(P(x))&Q(x))->((@x(@x(P(x))&Q(x))->@x(@x(P(x))&Q(x)))->@x(@x(P(x))&Q(x))))->(@x(@x(P(x))&Q(x))->@x(@x(P(x))&Q(x)))))->(V->(@x(@x(P(x))&Q(x))->@x(@x(P(x))&Q(x))))))->((V&@x(@x(P(x))&Q(x))->@x(@x(P(x))&Q(x)))->((V->(@x(@x(P(x))&Q(x))->((@x(@x(P(x))&Q(x))->@x(@x(P(x))&Q(x)))->@x(@x(P(x))&Q(x)))))->((V->((@x(@x(P(x))&Q(x))->((@x(@x(P(x))&Q(x))->@x(@x(P(x))&Q(x)))->@x(@x(P(x))&Q(x))))->(@x(@x(P(x))&Q(x))->@x(@x(P(x))&Q(x)))))->(V->(@x(@x(P(x))&Q(x))->@x(@x(P(x))&Q(x)))))))
(V&@x(@x(P(x))&Q(x))->@x(@x(P(x))&Q(x)))->((V->(@x(@x(P(x))&Q(x))->((@x(@x(P(x))&Q(x))->@x(@x(P(x))&Q(x)))->@x(@x(P(x))&Q(x)))))->((V->((@x(@x(P(x))&Q(x))->((@x(@x(P(x))&Q(x))->@x(@x(P(x))&Q(x)))->@x(@x(P(x))&Q(x))))->(@x(@x(P(x))&Q(x))->@x(@x(P(x))&Q(x)))))->(V->(@x(@x(P(x))&Q(x))->@x(@x(P(x))&Q(x))))))
((V&@x(@x(P(x))&Q(x))->@x(@x(P(x))&Q(x)))->(V->(@x(@x(P(x))&Q(x))->((@x(@x(P(x))&Q(x))->@x(@x(P(x))&Q(x)))->@x(@x(P(x))&Q(x))))))->(((V&@x(@x(P(x))&Q(x))->@x(@x(P(x))&Q(x)))->((V->(@x(@x(P(x))&Q(x))->((@x(@x(P(x))&Q(x))->@x(@x(P(x))&Q(x)))->@x(@x(P(x))&Q(x)))))->((V->((@x(@x(P(x))&Q(x))->((@x(@x(P(x))&Q(x))->@x(@x(P(x))&Q(x)))->@x(@x(P(x))&Q(x))))->(@x(@x(P(x))&Q(x))->@x(@x(P(x))&Q(x)))))->(V->(@x(@x(P(x))&Q(x))->@x(@x(P(x))&Q(x)))))))->((V&@x(@x(P(x))&Q(x))->@x(@x(P(x))&Q(x)))->((V->((@x(@x(P(x))&Q(x))->((@x(@x(P(x))&Q(x))->@x(@x(P(x))&Q(x)))->@x(@x(P(x))&Q(x))))->(@x(@x(P(x))&Q(x))->@x(@x(P(x))&Q(x)))))->(V->(@x(@x(P(x))&Q(x))->@x(@x(P(x))&Q(x)))))))
((V&@x(@x(P(x))&Q(x))->@x(@x(P(x))&Q(x)))->((V->(@x(@x(P(x))&Q(x))->((@x(@x(P(x))&Q(x))->@x(@x(P(x))&Q(x)))->@x(@x(P(x))&Q(x)))))->((V->((@x(@x(P(x))&Q(x))->((@x(@x(P(x))&Q(x))->@x(@x(P(x))&Q(x)))->@x(@x(P(x))&Q(x))))->(@x(@x(P(x))&Q(x))->@x(@x(P(x))&Q(x)))))->(V->(@x(@x(P(x))&Q(x))->@x(@x(P(x))&Q(x)))))))->((V&@x(@x(P(x))&Q(x))->@x(@x(P(x))&Q(x)))->((V->((@x(@x(P(x))&Q(x))->((@x(@x(P(x))&Q(x))->@x(@x(P(x))&Q(x)))->@x(@x(P(x))&Q(x))))->(@x(@x(P(x))&Q(x))->@x(@x(P(x))&Q(x)))))->(V->(@x(@x(P(x))&Q(x))->@x(@x(P(x))&Q(x))))))
(V&@x(@x(P(x))&Q(x))->@x(@x(P(x))&Q(x)))->((V->((@x(@x(P(x))&Q(x))->((@x(@x(P(x))&Q(x))->@x(@x(P(x))&Q(x)))->@x(@x(P(x))&Q(x))))->(@x(@x(P(x))&Q(x))->@x(@x(P(x))&Q(x)))))->(V->(@x(@x(P(x))&Q(x))->@x(@x(P(x))&Q(x)))))
((V&@x(@x(P(x))&Q(x))->@x(@x(P(x))&Q(x)))->(V->((@x(@x(P(x))&Q(x))->((@x(@x(P(x))&Q(x))->@x(@x(P(x))&Q(x)))->@x(@x(P(x))&Q(x))))->(@x(@x(P(x))&Q(x))->@x(@x(P(x))&Q(x))))))->(((V&@x(@x(P(x))&Q(x))->@x(@x(P(x))&Q(x)))->((V->((@x(@x(P(x))&Q(x))->((@x(@x(P(x))&Q(x))->@x(@x(P(x))&Q(x)))->@x(@x(P(x))&Q(x))))->(@x(@x(P(x))&Q(x))->@x(@x(P(x))&Q(x)))))->(V->(@x(@x(P(x))&Q(x))->@x(@x(P(x))&Q(x))))))->((V&@x(@x(P(x))&Q(x))->@x(@x(P(x))&Q(x)))->(V->(@x(@x(P(x))&Q(x))->@x(@x(P(x))&Q(x))))))
((V&@x(@x(P(x))&Q(x))->@x(@x(P(x))&Q(x)))->((V->((@x(@x(P(x))&Q(x))->((@x(@x(P(x))&Q(x))->@x(@x(P(x))&Q(x)))->@x(@x(P(x))&Q(x))))->(@x(@x(P(x))&Q(x))->@x(@x(P(x))&Q(x)))))->(V->(@x(@x(P(x))&Q(x))->@x(@x(P(x))&Q(x))))))->((V&@x(@x(P(x))&Q(x))->@x(@x(P(x))&Q(x)))->(V->(@x(@x(P(x))&Q(x))->@x(@x(P(x))&Q(x)))))
(V&@x(@x(P(x))&Q(x))->@x(@x(P(x))&Q(x)))->(V->(@x(@x(P(x))&Q(x))->@x(@x(P(x))&Q(x))))
V->(@x(@x(P(x))&Q(x))->V&@x(@x(P(x))&Q(x)))
(V->(@x(@x(P(x))&Q(x))->V&@x(@x(P(x))&Q(x))))->((V&@x(@x(P(x))&Q(x))->@x(@x(P(x))&Q(x)))->(V->(@x(@x(P(x))&Q(x))->V&@x(@x(P(x))&Q(x)))))
(V&@x(@x(P(x))&Q(x))->@x(@x(P(x))&Q(x)))->(V->(@x(@x(P(x))&Q(x))->V&@x(@x(P(x))&Q(x))))
(V->(@x(@x(P(x))&Q(x))->V&@x(@x(P(x))&Q(x))))->(V->(V->(@x(@x(P(x))&Q(x))->V&@x(@x(P(x))&Q(x)))))
((V->(@x(@x(P(x))&Q(x))->V&@x(@x(P(x))&Q(x))))->(V->(V->(@x(@x(P(x))&Q(x))->V&@x(@x(P(x))&Q(x))))))->((V&@x(@x(P(x))&Q(x))->@x(@x(P(x))&Q(x)))->((V->(@x(@x(P(x))&Q(x))->V&@x(@x(P(x))&Q(x))))->(V->(V->(@x(@x(P(x))&Q(x))->V&@x(@x(P(x))&Q(x)))))))
(V&@x(@x(P(x))&Q(x))->@x(@x(P(x))&Q(x)))->((V->(@x(@x(P(x))&Q(x))->V&@x(@x(P(x))&Q(x))))->(V->(V->(@x(@x(P(x))&Q(x))->V&@x(@x(P(x))&Q(x))))))
((V&@x(@x(P(x))&Q(x))->@x(@x(P(x))&Q(x)))->(V->(@x(@x(P(x))&Q(x))->V&@x(@x(P(x))&Q(x)))))->(((V&@x(@x(P(x))&Q(x))->@x(@x(P(x))&Q(x)))->((V->(@x(@x(P(x))&Q(x))->V&@x(@x(P(x))&Q(x))))->(V->(V->(@x(@x(P(x))&Q(x))->V&@x(@x(P(x))&Q(x)))))))->((V&@x(@x(P(x))&Q(x))->@x(@x(P(x))&Q(x)))->(V->(V->(@x(@x(P(x))&Q(x))->V&@x(@x(P(x))&Q(x)))))))
((V&@x(@x(P(x))&Q(x))->@x(@x(P(x))&Q(x)))->((V->(@x(@x(P(x))&Q(x))->V&@x(@x(P(x))&Q(x))))->(V->(V->(@x(@x(P(x))&Q(x))->V&@x(@x(P(x))&Q(x)))))))->((V&@x(@x(P(x))&Q(x))->@x(@x(P(x))&Q(x)))->(V->(V->(@x(@x(P(x))&Q(x))->V&@x(@x(P(x))&Q(x))))))
(V&@x(@x(P(x))&Q(x))->@x(@x(P(x))&Q(x)))->(V->(V->(@x(@x(P(x))&Q(x))->V&@x(@x(P(x))&Q(x)))))
(V->(@x(@x(P(x))&Q(x))->V&@x(@x(P(x))&Q(x))))->(@x(@x(P(x))&Q(x))->(V->(@x(@x(P(x))&Q(x))->V&@x(@x(P(x))&Q(x)))))
((V->(@x(@x(P(x))&Q(x))->V&@x(@x(P(x))&Q(x))))->(@x(@x(P(x))&Q(x))->(V->(@x(@x(P(x))&Q(x))->V&@x(@x(P(x))&Q(x))))))->((V&@x(@x(P(x))&Q(x))->@x(@x(P(x))&Q(x)))->((V->(@x(@x(P(x))&Q(x))->V&@x(@x(P(x))&Q(x))))->(@x(@x(P(x))&Q(x))->(V->(@x(@x(P(x))&Q(x))->V&@x(@x(P(x))&Q(x)))))))
(V&@x(@x(P(x))&Q(x))->@x(@x(P(x))&Q(x)))->((V->(@x(@x(P(x))&Q(x))->V&@x(@x(P(x))&Q(x))))->(@x(@x(P(x))&Q(x))->(V->(@x(@x(P(x))&Q(x))->V&@x(@x(P(x))&Q(x))))))
((V->(@x(@x(P(x))&Q(x))->V&@x(@x(P(x))&Q(x))))->(@x(@x(P(x))&Q(x))->(V->(@x(@x(P(x))&Q(x))->V&@x(@x(P(x))&Q(x))))))->(V->((V->(@x(@x(P(x))&Q(x))->V&@x(@x(P(x))&Q(x))))->(@x(@x(P(x))&Q(x))->(V->(@x(@x(P(x))&Q(x))->V&@x(@x(P(x))&Q(x)))))))
(((V->(@x(@x(P(x))&Q(x))->V&@x(@x(P(x))&Q(x))))->(@x(@x(P(x))&Q(x))->(V->(@x(@x(P(x))&Q(x))->V&@x(@x(P(x))&Q(x))))))->(V->((V->(@x(@x(P(x))&Q(x))->V&@x(@x(P(x))&Q(x))))->(@x(@x(P(x))&Q(x))->(V->(@x(@x(P(x))&Q(x))->V&@x(@x(P(x))&Q(x))))))))->((V&@x(@x(P(x))&Q(x))->@x(@x(P(x))&Q(x)))->(((V->(@x(@x(P(x))&Q(x))->V&@x(@x(P(x))&Q(x))))->(@x(@x(P(x))&Q(x))->(V->(@x(@x(P(x))&Q(x))->V&@x(@x(P(x))&Q(x))))))->(V->((V->(@x(@x(P(x))&Q(x))->V&@x(@x(P(x))&Q(x))))->(@x(@x(P(x))&Q(x))->(V->(@x(@x(P(x))&Q(x))->V&@x(@x(P(x))&Q(x)))))))))
(V&@x(@x(P(x))&Q(x))->@x(@x(P(x))&Q(x)))->(((V->(@x(@x(P(x))&Q(x))->V&@x(@x(P(x))&Q(x))))->(@x(@x(P(x))&Q(x))->(V->(@x(@x(P(x))&Q(x))->V&@x(@x(P(x))&Q(x))))))->(V->((V->(@x(@x(P(x))&Q(x))->V&@x(@x(P(x))&Q(x))))->(@x(@x(P(x))&Q(x))->(V->(@x(@x(P(x))&Q(x))->V&@x(@x(P(x))&Q(x))))))))
((V&@x(@x(P(x))&Q(x))->@x(@x(P(x))&Q(x)))->((V->(@x(@x(P(x))&Q(x))->V&@x(@x(P(x))&Q(x))))->(@x(@x(P(x))&Q(x))->(V->(@x(@x(P(x))&Q(x))->V&@x(@x(P(x))&Q(x)))))))->(((V&@x(@x(P(x))&Q(x))->@x(@x(P(x))&Q(x)))->(((V->(@x(@x(P(x))&Q(x))->V&@x(@x(P(x))&Q(x))))->(@x(@x(P(x))&Q(x))->(V->(@x(@x(P(x))&Q(x))->V&@x(@x(P(x))&Q(x))))))->(V->((V->(@x(@x(P(x))&Q(x))->V&@x(@x(P(x))&Q(x))))->(@x(@x(P(x))&Q(x))->(V->(@x(@x(P(x))&Q(x))->V&@x(@x(P(x))&Q(x)))))))))->((V&@x(@x(P(x))&Q(x))->@x(@x(P(x))&Q(x)))->(V->((V->(@x(@x(P(x))&Q(x))->V&@x(@x(P(x))&Q(x))))->(@x(@x(P(x))&Q(x))->(V->(@x(@x(P(x))&Q(x))->V&@x(@x(P(x))&Q(x)))))))))
((V&@x(@x(P(x))&Q(x))->@x(@x(P(x))&Q(x)))->(((V->(@x(@x(P(x))&Q(x))->V&@x(@x(P(x))&Q(x))))->(@x(@x(P(x))&Q(x))->(V->(@x(@x(P(x))&Q(x))->V&@x(@x(P(x))&Q(x))))))->(V->((V->(@x(@x(P(x))&Q(x))->V&@x(@x(P(x))&Q(x))))->(@x(@x(P(x))&Q(x))->(V->(@x(@x(P(x))&Q(x))->V&@x(@x(P(x))&Q(x)))))))))->((V&@x(@x(P(x))&Q(x))->@x(@x(P(x))&Q(x)))->(V->((V->(@x(@x(P(x))&Q(x))->V&@x(@x(P(x))&Q(x))))->(@x(@x(P(x))&Q(x))->(V->(@x(@x(P(x))&Q(x))->V&@x(@x(P(x))&Q(x))))))))
(V&@x(@x(P(x))&Q(x))->@x(@x(P(x))&Q(x)))->(V->((V->(@x(@x(P(x))&Q(x))->V&@x(@x(P(x))&Q(x))))->(@x(@x(P(x))&Q(x))->(V->(@x(@x(P(x))&Q(x))->V&@x(@x(P(x))&Q(x)))))))
(V->(V->(@x(@x(P(x))&Q(x))->V&@x(@x(P(x))&Q(x)))))->((V->((V->(@x(@x(P(x))&Q(x))->V&@x(@x(P(x))&Q(x))))->(@x(@x(P(x))&Q(x))->(V->(@x(@x(P(x))&Q(x))->V&@x(@x(P(x))&Q(x)))))))->(V->(@x(@x(P(x))&Q(x))->(V->(@x(@x(P(x))&Q(x))->V&@x(@x(P(x))&Q(x)))))))
((V->(V->(@x(@x(P(x))&Q(x))->V&@x(@x(P(x))&Q(x)))))->((V->((V->(@x(@x(P(x))&Q(x))->V&@x(@x(P(x))&Q(x))))->(@x(@x(P(x))&Q(x))->(V->(@x(@x(P(x))&Q(x))->V&@x(@x(P(x))&Q(x)))))))->(V->(@x(@x(P(x))&Q(x))->(V->(@x(@x(P(x))&Q(x))->V&@x(@x(P(x))&Q(x))))))))->((V&@x(@x(P(x))&Q(x))->@x(@x(P(x))&Q(x)))->((V->(V->(@x(@x(P(x))&Q(x))->V&@x(@x(P(x))&Q(x)))))->((V->((V->(@x(@x(P(x))&Q(x))->V&@x(@x(P(x))&Q(x))))->(@x(@x(P(x))&Q(x))->(V->(@x(@x(P(x))&Q(x))->V&@x(@x(P(x))&Q(x)))))))->(V->(@x(@x(P(x))&Q(x))->(V->(@x(@x(P(x))&Q(x))->V&@x(@x(P(x))&Q(x)))))))))
(V&@x(@x(P(x))&Q(x))->@x(@x(P(x))&Q(x)))->((V->(V->(@x(@x(P(x))&Q(x))->V&@x(@x(P(x))&Q(x)))))->((V->((V->(@x(@x(P(x))&Q(x))->V&@x(@x(P(x))&Q(x))))->(@x(@x(P(x))&Q(x))->(V->(@x(@x(P(x))&Q(x))->V&@x(@x(P(x))&Q(x)))))))->(V->(@x(@x(P(x))&Q(x))->(V->(@x(@x(P(x))&Q(x))->V&@x(@x(P(x))&Q(x))))))))
((V&@x(@x(P(x))&Q(x))->@x(@x(P(x))&Q(x)))->(V->(V->(@x(@x(P(x))&Q(x))->V&@x(@x(P(x))&Q(x))))))->(((V&@x(@x(P(x))&Q(x))->@x(@x(P(x))&Q(x)))->((V->(V->(@x(@x(P(x))&Q(x))->V&@x(@x(P(x))&Q(x)))))->((V->((V->(@x(@x(P(x))&Q(x))->V&@x(@x(P(x))&Q(x))))->(@x(@x(P(x))&Q(x))->(V->(@x(@x(P(x))&Q(x))->V&@x(@x(P(x))&Q(x)))))))->(V->(@x(@x(P(x))&Q(x))->(V->(@x(@x(P(x))&Q(x))->V&@x(@x(P(x))&Q(x)))))))))->((V&@x(@x(P(x))&Q(x))->@x(@x(P(x))&Q(x)))->((V->((V->(@x(@x(P(x))&Q(x))->V&@x(@x(P(x))&Q(x))))->(@x(@x(P(x))&Q(x))->(V->(@x(@x(P(x))&Q(x))->V&@x(@x(P(x))&Q(x)))))))->(V->(@x(@x(P(x))&Q(x))->(V->(@x(@x(P(x))&Q(x))->V&@x(@x(P(x))&Q(x)))))))))
((V&@x(@x(P(x))&Q(x))->@x(@x(P(x))&Q(x)))->((V->(V->(@x(@x(P(x))&Q(x))->V&@x(@x(P(x))&Q(x)))))->((V->((V->(@x(@x(P(x))&Q(x))->V&@x(@x(P(x))&Q(x))))->(@x(@x(P(x))&Q(x))->(V->(@x(@x(P(x))&Q(x))->V&@x(@x(P(x))&Q(x)))))))->(V->(@x(@x(P(x))&Q(x))->(V->(@x(@x(P(x))&Q(x))->V&@x(@x(P(x))&Q(x)))))))))->((V&@x(@x(P(x))&Q(x))->@x(@x(P(x))&Q(x)))->((V->((V->(@x(@x(P(x))&Q(x))->V&@x(@x(P(x))&Q(x))))->(@x(@x(P(x))&Q(x))->(V->(@x(@x(P(x))&Q(x))->V&@x(@x(P(x))&Q(x)))))))->(V->(@x(@x(P(x))&Q(x))->(V->(@x(@x(P(x))&Q(x))->V&@x(@x(P(x))&Q(x))))))))
(V&@x(@x(P(x))&Q(x))->@x(@x(P(x))&Q(x)))->((V->((V->(@x(@x(P(x))&Q(x))->V&@x(@x(P(x))&Q(x))))->(@x(@x(P(x))&Q(x))->(V->(@x(@x(P(x))&Q(x))->V&@x(@x(P(x))&Q(x)))))))->(V->(@x(@x(P(x))&Q(x))->(V->(@x(@x(P(x))&Q(x))->V&@x(@x(P(x))&Q(x)))))))
((V&@x(@x(P(x))&Q(x))->@x(@x(P(x))&Q(x)))->(V->((V->(@x(@x(P(x))&Q(x))->V&@x(@x(P(x))&Q(x))))->(@x(@x(P(x))&Q(x))->(V->(@x(@x(P(x))&Q(x))->V&@x(@x(P(x))&Q(x))))))))->(((V&@x(@x(P(x))&Q(x))->@x(@x(P(x))&Q(x)))->((V->((V->(@x(@x(P(x))&Q(x))->V&@x(@x(P(x))&Q(x))))->(@x(@x(P(x))&Q(x))->(V->(@x(@x(P(x))&Q(x))->V&@x(@x(P(x))&Q(x)))))))->(V->(@x(@x(P(x))&Q(x))->(V->(@x(@x(P(x))&Q(x))->V&@x(@x(P(x))&Q(x))))))))->((V&@x(@x(P(x))&Q(x))->@x(@x(P(x))&Q(x)))->(V->(@x(@x(P(x))&Q(x))->(V->(@x(@x(P(x))&Q(x))->V&@x(@x(P(x))&Q(x))))))))
((V&@x(@x(P(x))&Q(x))->@x(@x(P(x))&Q(x)))->((V->((V->(@x(@x(P(x))&Q(x))->V&@x(@x(P(x))&Q(x))))->(@x(@x(P(x))&Q(x))->(V->(@x(@x(P(x))&Q(x))->V&@x(@x(P(x))&Q(x)))))))->(V->(@x(@x(P(x))&Q(x))->(V->(@x(@x(P(x))&Q(x))->V&@x(@x(P(x))&Q(x))))))))->((V&@x(@x(P(x))&Q(x))->@x(@x(P(x))&Q(x)))->(V->(@x(@x(P(x))&Q(x))->(V->(@x(@x(P(x))&Q(x))->V&@x(@x(P(x))&Q(x)))))))
(V&@x(@x(P(x))&Q(x))->@x(@x(P(x))&Q(x)))->(V->(@x(@x(P(x))&Q(x))->(V->(@x(@x(P(x))&Q(x))->V&@x(@x(P(x))&Q(x))))))
(@x(@x(P(x))&Q(x))->V)->((@x(@x(P(x))&Q(x))->(V->(@x(@x(P(x))&Q(x))->V&@x(@x(P(x))&Q(x)))))->(@x(@x(P(x))&Q(x))->(@x(@x(P(x))&Q(x))->V&@x(@x(P(x))&Q(x)))))
((@x(@x(P(x))&Q(x))->V)->((@x(@x(P(x))&Q(x))->(V->(@x(@x(P(x))&Q(x))->V&@x(@x(P(x))&Q(x)))))->(@x(@x(P(x))&Q(x))->(@x(@x(P(x))&Q(x))->V&@x(@x(P(x))&Q(x))))))->((V&@x(@x(P(x))&Q(x))->@x(@x(P(x))&Q(x)))->((@x(@x(P(x))&Q(x))->V)->((@x(@x(P(x))&Q(x))->(V->(@x(@x(P(x))&Q(x))->V&@x(@x(P(x))&Q(x)))))->(@x(@x(P(x))&Q(x))->(@x(@x(P(x))&Q(x))->V&@x(@x(P(x))&Q(x)))))))
(V&@x(@x(P(x))&Q(x))->@x(@x(P(x))&Q(x)))->((@x(@x(P(x))&Q(x))->V)->((@x(@x(P(x))&Q(x))->(V->(@x(@x(P(x))&Q(x))->V&@x(@x(P(x))&Q(x)))))->(@x(@x(P(x))&Q(x))->(@x(@x(P(x))&Q(x))->V&@x(@x(P(x))&Q(x))))))
((@x(@x(P(x))&Q(x))->V)->((@x(@x(P(x))&Q(x))->(V->(@x(@x(P(x))&Q(x))->V&@x(@x(P(x))&Q(x)))))->(@x(@x(P(x))&Q(x))->(@x(@x(P(x))&Q(x))->V&@x(@x(P(x))&Q(x))))))->(V->((@x(@x(P(x))&Q(x))->V)->((@x(@x(P(x))&Q(x))->(V->(@x(@x(P(x))&Q(x))->V&@x(@x(P(x))&Q(x)))))->(@x(@x(P(x))&Q(x))->(@x(@x(P(x))&Q(x))->V&@x(@x(P(x))&Q(x)))))))
(((@x(@x(P(x))&Q(x))->V)->((@x(@x(P(x))&Q(x))->(V->(@x(@x(P(x))&Q(x))->V&@x(@x(P(x))&Q(x)))))->(@x(@x(P(x))&Q(x))->(@x(@x(P(x))&Q(x))->V&@x(@x(P(x))&Q(x))))))->(V->((@x(@x(P(x))&Q(x))->V)->((@x(@x(P(x))&Q(x))->(V->(@x(@x(P(x))&Q(x))->V&@x(@x(P(x))&Q(x)))))->(@x(@x(P(x))&Q(x))->(@x(@x(P(x))&Q(x))->V&@x(@x(P(x))&Q(x))))))))->((V&@x(@x(P(x))&Q(x))->@x(@x(P(x))&Q(x)))->(((@x(@x(P(x))&Q(x))->V)->((@x(@x(P(x))&Q(x))->(V->(@x(@x(P(x))&Q(x))->V&@x(@x(P(x))&Q(x)))))->(@x(@x(P(x))&Q(x))->(@x(@x(P(x))&Q(x))->V&@x(@x(P(x))&Q(x))))))->(V->((@x(@x(P(x))&Q(x))->V)->((@x(@x(P(x))&Q(x))->(V->(@x(@x(P(x))&Q(x))->V&@x(@x(P(x))&Q(x)))))->(@x(@x(P(x))&Q(x))->(@x(@x(P(x))&Q(x))->V&@x(@x(P(x))&Q(x)))))))))
(V&@x(@x(P(x))&Q(x))->@x(@x(P(x))&Q(x)))->(((@x(@x(P(x))&Q(x))->V)->((@x(@x(P(x))&Q(x))->(V->(@x(@x(P(x))&Q(x))->V&@x(@x(P(x))&Q(x)))))->(@x(@x(P(x))&Q(x))->(@x(@x(P(x))&Q(x))->V&@x(@x(P(x))&Q(x))))))->(V->((@x(@x(P(x))&Q(x))->V)->((@x(@x(P(x))&Q(x))->(V->(@x(@x(P(x))&Q(x))->V&@x(@x(P(x))&Q(x)))))->(@x(@x(P(x))&Q(x))->(@x(@x(P(x))&Q(x))->V&@x(@x(P(x))&Q(x))))))))
((V&@x(@x(P(x))&Q(x))->@x(@x(P(x))&Q(x)))->((@x(@x(P(x))&Q(x))->V)->((@x(@x(P(x))&Q(x))->(V->(@x(@x(P(x))&Q(x))->V&@x(@x(P(x))&Q(x)))))->(@x(@x(P(x))&Q(x))->(@x(@x(P(x))&Q(x))->V&@x(@x(P(x))&Q(x)))))))->(((V&@x(@x(P(x))&Q(x))->@x(@x(P(x))&Q(x)))->(((@x(@x(P(x))&Q(x))->V)->((@x(@x(P(x))&Q(x))->(V->(@x(@x(P(x))&Q(x))->V&@x(@x(P(x))&Q(x)))))->(@x(@x(P(x))&Q(x))->(@x(@x(P(x))&Q(x))->V&@x(@x(P(x))&Q(x))))))->(V->((@x(@x(P(x))&Q(x))->V)->((@x(@x(P(x))&Q(x))->(V->(@x(@x(P(x))&Q(x))->V&@x(@x(P(x))&Q(x)))))->(@x(@x(P(x))&Q(x))->(@x(@x(P(x))&Q(x))->V&@x(@x(P(x))&Q(x)))))))))->((V&@x(@x(P(x))&Q(x))->@x(@x(P(x))&Q(x)))->(V->((@x(@x(P(x))&Q(x))->V)->((@x(@x(P(x))&Q(x))->(V->(@x(@x(P(x))&Q(x))->V&@x(@x(P(x))&Q(x)))))->(@x(@x(P(x))&Q(x))->(@x(@x(P(x))&Q(x))->V&@x(@x(P(x))&Q(x)))))))))
((V&@x(@x(P(x))&Q(x))->@x(@x(P(x))&Q(x)))->(((@x(@x(P(x))&Q(x))->V)->((@x(@x(P(x))&Q(x))->(V->(@x(@x(P(x))&Q(x))->V&@x(@x(P(x))&Q(x)))))->(@x(@x(P(x))&Q(x))->(@x(@x(P(x))&Q(x))->V&@x(@x(P(x))&Q(x))))))->(V->((@x(@x(P(x))&Q(x))->V)->((@x(@x(P(x))&Q(x))->(V->(@x(@x(P(x))&Q(x))->V&@x(@x(P(x))&Q(x)))))->(@x(@x(P(x))&Q(x))->(@x(@x(P(x))&Q(x))->V&@x(@x(P(x))&Q(x)))))))))->((V&@x(@x(P(x))&Q(x))->@x(@x(P(x))&Q(x)))->(V->((@x(@x(P(x))&Q(x))->V)->((@x(@x(P(x))&Q(x))->(V->(@x(@x(P(x))&Q(x))->V&@x(@x(P(x))&Q(x)))))->(@x(@x(P(x))&Q(x))->(@x(@x(P(x))&Q(x))->V&@x(@x(P(x))&Q(x))))))))
(V&@x(@x(P(x))&Q(x))->@x(@x(P(x))&Q(x)))->(V->((@x(@x(P(x))&Q(x))->V)->((@x(@x(P(x))&Q(x))->(V->(@x(@x(P(x))&Q(x))->V&@x(@x(P(x))&Q(x)))))->(@x(@x(P(x))&Q(x))->(@x(@x(P(x))&Q(x))->V&@x(@x(P(x))&Q(x)))))))
(V->(@x(@x(P(x))&Q(x))->V))->((V->((@x(@x(P(x))&Q(x))->V)->((@x(@x(P(x))&Q(x))->(V->(@x(@x(P(x))&Q(x))->V&@x(@x(P(x))&Q(x)))))->(@x(@x(P(x))&Q(x))->(@x(@x(P(x))&Q(x))->V&@x(@x(P(x))&Q(x)))))))->(V->((@x(@x(P(x))&Q(x))->(V->(@x(@x(P(x))&Q(x))->V&@x(@x(P(x))&Q(x)))))->(@x(@x(P(x))&Q(x))->(@x(@x(P(x))&Q(x))->V&@x(@x(P(x))&Q(x)))))))
((V->(@x(@x(P(x))&Q(x))->V))->((V->((@x(@x(P(x))&Q(x))->V)->((@x(@x(P(x))&Q(x))->(V->(@x(@x(P(x))&Q(x))->V&@x(@x(P(x))&Q(x)))))->(@x(@x(P(x))&Q(x))->(@x(@x(P(x))&Q(x))->V&@x(@x(P(x))&Q(x)))))))->(V->((@x(@x(P(x))&Q(x))->(V->(@x(@x(P(x))&Q(x))->V&@x(@x(P(x))&Q(x)))))->(@x(@x(P(x))&Q(x))->(@x(@x(P(x))&Q(x))->V&@x(@x(P(x))&Q(x))))))))->((V&@x(@x(P(x))&Q(x))->@x(@x(P(x))&Q(x)))->((V->(@x(@x(P(x))&Q(x))->V))->((V->((@x(@x(P(x))&Q(x))->V)->((@x(@x(P(x))&Q(x))->(V->(@x(@x(P(x))&Q(x))->V&@x(@x(P(x))&Q(x)))))->(@x(@x(P(x))&Q(x))->(@x(@x(P(x))&Q(x))->V&@x(@x(P(x))&Q(x)))))))->(V->((@x(@x(P(x))&Q(x))->(V->(@x(@x(P(x))&Q(x))->V&@x(@x(P(x))&Q(x)))))->(@x(@x(P(x))&Q(x))->(@x(@x(P(x))&Q(x))->V&@x(@x(P(x))&Q(x)))))))))
(V&@x(@x(P(x))&Q(x))->@x(@x(P(x))&Q(x)))->((V->(@x(@x(P(x))&Q(x))->V))->((V->((@x(@x(P(x))&Q(x))->V)->((@x(@x(P(x))&Q(x))->(V->(@x(@x(P(x))&Q(x))->V&@x(@x(P(x))&Q(x)))))->(@x(@x(P(x))&Q(x))->(@x(@x(P(x))&Q(x))->V&@x(@x(P(x))&Q(x)))))))->(V->((@x(@x(P(x))&Q(x))->(V->(@x(@x(P(x))&Q(x))->V&@x(@x(P(x))&Q(x)))))->(@x(@x(P(x))&Q(x))->(@x(@x(P(x))&Q(x))->V&@x(@x(P(x))&Q(x))))))))
((V&@x(@x(P(x))&Q(x))->@x(@x(P(x))&Q(x)))->(V->(@x(@x(P(x))&Q(x))->V)))->(((V&@x(@x(P(x))&Q(x))->@x(@x(P(x))&Q(x)))->((V->(@x(@x(P(x))&Q(x))->V))->((V->((@x(@x(P(x))&Q(x))->V)->((@x(@x(P(x))&Q(x))->(V->(@x(@x(P(x))&Q(x))->V&@x(@x(P(x))&Q(x)))))->(@x(@x(P(x))&Q(x))->(@x(@x(P(x))&Q(x))->V&@x(@x(P(x))&Q(x)))))))->(V->((@x(@x(P(x))&Q(x))->(V->(@x(@x(P(x))&Q(x))->V&@x(@x(P(x))&Q(x)))))->(@x(@x(P(x))&Q(x))->(@x(@x(P(x))&Q(x))->V&@x(@x(P(x))&Q(x)))))))))->((V&@x(@x(P(x))&Q(x))->@x(@x(P(x))&Q(x)))->((V->((@x(@x(P(x))&Q(x))->V)->((@x(@x(P(x))&Q(x))->(V->(@x(@x(P(x))&Q(x))->V&@x(@x(P(x))&Q(x)))))->(@x(@x(P(x))&Q(x))->(@x(@x(P(x))&Q(x))->V&@x(@x(P(x))&Q(x)))))))->(V->((@x(@x(P(x))&Q(x))->(V->(@x(@x(P(x))&Q(x))->V&@x(@x(P(x))&Q(x)))))->(@x(@x(P(x))&Q(x))->(@x(@x(P(x))&Q(x))->V&@x(@x(P(x))&Q(x)))))))))
((V&@x(@x(P(x))&Q(x))->@x(@x(P(x))&Q(x)))->((V->(@x(@x(P(x))&Q(x))->V))->((V->((@x(@x(P(x))&Q(x))->V)->((@x(@x(P(x))&Q(x))->(V->(@x(@x(P(x))&Q(x))->V&@x(@x(P(x))&Q(x)))))->(@x(@x(P(x))&Q(x))->(@x(@x(P(x))&Q(x))->V&@x(@x(P(x))&Q(x)))))))->(V->((@x(@x(P(x))&Q(x))->(V->(@x(@x(P(x))&Q(x))->V&@x(@x(P(x))&Q(x)))))->(@x(@x(P(x))&Q(x))->(@x(@x(P(x))&Q(x))->V&@x(@x(P(x))&Q(x)))))))))->((V&@x(@x(P(x))&Q(x))->@x(@x(P(x))&Q(x)))->((V->((@x(@x(P(x))&Q(x))->V)->((@x(@x(P(x))&Q(x))->(V->(@x(@x(P(x))&Q(x))->V&@x(@x(P(x))&Q(x)))))->(@x(@x(P(x))&Q(x))->(@x(@x(P(x))&Q(x))->V&@x(@x(P(x))&Q(x)))))))->(V->((@x(@x(P(x))&Q(x))->(V->(@x(@x(P(x))&Q(x))->V&@x(@x(P(x))&Q(x)))))->(@x(@x(P(x))&Q(x))->(@x(@x(P(x))&Q(x))->V&@x(@x(P(x))&Q(x))))))))
(V&@x(@x(P(x))&Q(x))->@x(@x(P(x))&Q(x)))->((V->((@x(@x(P(x))&Q(x))->V)->((@x(@x(P(x))&Q(x))->(V->(@x(@x(P(x))&Q(x))->V&@x(@x(P(x))&Q(x)))))->(@x(@x(P(x))&Q(x))->(@x(@x(P(x))&Q(x))->V&@x(@x(P(x))&Q(x)))))))->(V->((@x(@x(P(x))&Q(x))->(V->(@x(@x(P(x))&Q(x))->V&@x(@x(P(x))&Q(x)))))->(@x(@x(P(x))&Q(x))->(@x(@x(P(x))&Q(x))->V&@x(@x(P(x))&Q(x)))))))
((V&@x(@x(P(x))&Q(x))->@x(@x(P(x))&Q(x)))->(V->((@x(@x(P(x))&Q(x))->V)->((@x(@x(P(x))&Q(x))->(V->(@x(@x(P(x))&Q(x))->V&@x(@x(P(x))&Q(x)))))->(@x(@x(P(x))&Q(x))->(@x(@x(P(x))&Q(x))->V&@x(@x(P(x))&Q(x))))))))->(((V&@x(@x(P(x))&Q(x))->@x(@x(P(x))&Q(x)))->((V->((@x(@x(P(x))&Q(x))->V)->((@x(@x(P(x))&Q(x))->(V->(@x(@x(P(x))&Q(x))->V&@x(@x(P(x))&Q(x)))))->(@x(@x(P(x))&Q(x))->(@x(@x(P(x))&Q(x))->V&@x(@x(P(x))&Q(x)))))))->(V->((@x(@x(P(x))&Q(x))->(V->(@x(@x(P(x))&Q(x))->V&@x(@x(P(x))&Q(x)))))->(@x(@x(P(x))&Q(x))->(@x(@x(P(x))&Q(x))->V&@x(@x(P(x))&Q(x))))))))->((V&@x(@x(P(x))&Q(x))->@x(@x(P(x))&Q(x)))->(V->((@x(@x(P(x))&Q(x))->(V->(@x(@x(P(x))&Q(x))->V&@x(@x(P(x))&Q(x)))))->(@x(@x(P(x))&Q(x))->(@x(@x(P(x))&Q(x))->V&@x(@x(P(x))&Q(x))))))))
((V&@x(@x(P(x))&Q(x))->@x(@x(P(x))&Q(x)))->((V->((@x(@x(P(x))&Q(x))->V)->((@x(@x(P(x))&Q(x))->(V->(@x(@x(P(x))&Q(x))->V&@x(@x(P(x))&Q(x)))))->(@x(@x(P(x))&Q(x))->(@x(@x(P(x))&Q(x))->V&@x(@x(P(x))&Q(x)))))))->(V->((@x(@x(P(x))&Q(x))->(V->(@x(@x(P(x))&Q(x))->V&@x(@x(P(x))&Q(x)))))->(@x(@x(P(x))&Q(x))->(@x(@x(P(x))&Q(x))->V&@x(@x(P(x))&Q(x))))))))->((V&@x(@x(P(x))&Q(x))->@x(@x(P(x))&Q(x)))->(V->((@x(@x(P(x))&Q(x))->(V->(@x(@x(P(x))&Q(x))->V&@x(@x(P(x))&Q(x)))))->(@x(@x(P(x))&Q(x))->(@x(@x(P(x))&Q(x))->V&@x(@x(P(x))&Q(x)))))))
(V&@x(@x(P(x))&Q(x))->@x(@x(P(x))&Q(x)))->(V->((@x(@x(P(x))&Q(x))->(V->(@x(@x(P(x))&Q(x))->V&@x(@x(P(x))&Q(x)))))->(@x(@x(P(x))&Q(x))->(@x(@x(P(x))&Q(x))->V&@x(@x(P(x))&Q(x))))))
(V->(@x(@x(P(x))&Q(x))->(V->(@x(@x(P(x))&Q(x))->V&@x(@x(P(x))&Q(x))))))->((V->((@x(@x(P(x))&Q(x))->(V->(@x(@x(P(x))&Q(x))->V&@x(@x(P(x))&Q(x)))))->(@x(@x(P(x))&Q(x))->(@x(@x(P(x))&Q(x))->V&@x(@x(P(x))&Q(x))))))->(V->(@x(@x(P(x))&Q(x))->(@x(@x(P(x))&Q(x))->V&@x(@x(P(x))&Q(x))))))
((V->(@x(@x(P(x))&Q(x))->(V->(@x(@x(P(x))&Q(x))->V&@x(@x(P(x))&Q(x))))))->((V->((@x(@x(P(x))&Q(x))->(V->(@x(@x(P(x))&Q(x))->V&@x(@x(P(x))&Q(x)))))->(@x(@x(P(x))&Q(x))->(@x(@x(P(x))&Q(x))->V&@x(@x(P(x))&Q(x))))))->(V->(@x(@x(P(x))&Q(x))->(@x(@x(P(x))&Q(x))->V&@x(@x(P(x))&Q(x)))))))->((V&@x(@x(P(x))&Q(x))->@x(@x(P(x))&Q(x)))->((V->(@x(@x(P(x))&Q(x))->(V->(@x(@x(P(x))&Q(x))->V&@x(@x(P(x))&Q(x))))))->((V->((@x(@x(P(x))&Q(x))->(V->(@x(@x(P(x))&Q(x))->V&@x(@x(P(x))&Q(x)))))->(@x(@x(P(x))&Q(x))->(@x(@x(P(x))&Q(x))->V&@x(@x(P(x))&Q(x))))))->(V->(@x(@x(P(x))&Q(x))->(@x(@x(P(x))&Q(x))->V&@x(@x(P(x))&Q(x))))))))
(V&@x(@x(P(x))&Q(x))->@x(@x(P(x))&Q(x)))->((V->(@x(@x(P(x))&Q(x))->(V->(@x(@x(P(x))&Q(x))->V&@x(@x(P(x))&Q(x))))))->((V->((@x(@x(P(x))&Q(x))->(V->(@x(@x(P(x))&Q(x))->V&@x(@x(P(x))&Q(x)))))->(@x(@x(P(x))&Q(x))->(@x(@x(P(x))&Q(x))->V&@x(@x(P(x))&Q(x))))))->(V->(@x(@x(P(x))&Q(x))->(@x(@x(P(x))&Q(x))->V&@x(@x(P(x))&Q(x)))))))
((V&@x(@x(P(x))&Q(x))->@x(@x(P(x))&Q(x)))->(V->(@x(@x(P(x))&Q(x))->(V->(@x(@x(P(x))&Q(x))->V&@x(@x(P(x))&Q(x)))))))->(((V&@x(@x(P(x))&Q(x))->@x(@x(P(x))&Q(x)))->((V->(@x(@x(P(x))&Q(x))->(V->(@x(@x(P(x))&Q(x))->V&@x(@x(P(x))&Q(x))))))->((V->((@x(@x(P(x))&Q(x))->(V->(@x(@x(P(x))&Q(x))->V&@x(@x(P(x))&Q(x)))))->(@x(@x(P(x))&Q(x))->(@x(@x(P(x))&Q(x))->V&@x(@x(P(x))&Q(x))))))->(V->(@x(@x(P(x))&Q(x))->(@x(@x(P(x))&Q(x))->V&@x(@x(P(x))&Q(x))))))))->((V&@x(@x(P(x))&Q(x))->@x(@x(P(x))&Q(x)))->((V->((@x(@x(P(x))&Q(x))->(V->(@x(@x(P(x))&Q(x))->V&@x(@x(P(x))&Q(x)))))->(@x(@x(P(x))&Q(x))->(@x(@x(P(x))&Q(x))->V&@x(@x(P(x))&Q(x))))))->(V->(@x(@x(P(x))&Q(x))->(@x(@x(P(x))&Q(x))->V&@x(@x(P(x))&Q(x))))))))
((V&@x(@x(P(x))&Q(x))->@x(@x(P(x))&Q(x)))->((V->(@x(@x(P(x))&Q(x))->(V->(@x(@x(P(x))&Q(x))->V&@x(@x(P(x))&Q(x))))))->((V->((@x(@x(P(x))&Q(x))->(V->(@x(@x(P(x))&Q(x))->V&@x(@x(P(x))&Q(x)))))->(@x(@x(P(x))&Q(x))->(@x(@x(P(x))&Q(x))->V&@x(@x(P(x))&Q(x))))))->(V->(@x(@x(P(x))&Q(x))->(@x(@x(P(x))&Q(x))->V&@x(@x(P(x))&Q(x))))))))->((V&@x(@x(P(x))&Q(x))->@x(@x(P(x))&Q(x)))->((V->((@x(@x(P(x))&Q(x))->(V->(@x(@x(P(x))&Q(x))->V&@x(@x(P(x))&Q(x)))))->(@x(@x(P(x))&Q(x))->(@x(@x(P(x))&Q(x))->V&@x(@x(P(x))&Q(x))))))->(V->(@x(@x(P(x))&Q(x))->(@x(@x(P(x))&Q(x))->V&@x(@x(P(x))&Q(x)))))))
(V&@x(@x(P(x))&Q(x))->@x(@x(P(x))&Q(x)))->((V->((@x(@x(P(x))&Q(x))->(V->(@x(@x(P(x))&Q(x))->V&@x(@x(P(x))&Q(x)))))->(@x(@x(P(x))&Q(x))->(@x(@x(P(x))&Q(x))->V&@x(@x(P(x))&Q(x))))))->(V->(@x(@x(P(x))&Q(x))->(@x(@x(P(x))&Q(x))->V&@x(@x(P(x))&Q(x))))))
((V&@x(@x(P(x))&Q(x))->@x(@x(P(x))&Q(x)))->(V->((@x(@x(P(x))&Q(x))->(V->(@x(@x(P(x))&Q(x))->V&@x(@x(P(x))&Q(x)))))->(@x(@x(P(x))&Q(x))->(@x(@x(P(x))&Q(x))->V&@x(@x(P(x))&Q(x)))))))->(((V&@x(@x(P(x))&Q(x))->@x(@x(P(x))&Q(x)))->((V->((@x(@x(P(x))&Q(x))->(V->(@x(@x(P(x))&Q(x))->V&@x(@x(P(x))&Q(x)))))->(@x(@x(P(x))&Q(x))->(@x(@x(P(x))&Q(x))->V&@x(@x(P(x))&Q(x))))))->(V->(@x(@x(P(x))&Q(x))->(@x(@x(P(x))&Q(x))->V&@x(@x(P(x))&Q(x)))))))->((V&@x(@x(P(x))&Q(x))->@x(@x(P(x))&Q(x)))->(V->(@x(@x(P(x))&Q(x))->(@x(@x(P(x))&Q(x))->V&@x(@x(P(x))&Q(x)))))))
((V&@x(@x(P(x))&Q(x))->@x(@x(P(x))&Q(x)))->((V->((@x(@x(P(x))&Q(x))->(V->(@x(@x(P(x))&Q(x))->V&@x(@x(P(x))&Q(x)))))->(@x(@x(P(x))&Q(x))->(@x(@x(P(x))&Q(x))->V&@x(@x(P(x))&Q(x))))))->(V->(@x(@x(P(x))&Q(x))->(@x(@x(P(x))&Q(x))->V&@x(@x(P(x))&Q(x)))))))->((V&@x(@x(P(x))&Q(x))->@x(@x(P(x))&Q(x)))->(V->(@x(@x(P(x))&Q(x))->(@x(@x(P(x))&Q(x))->V&@x(@x(P(x))&Q(x))))))
(V&@x(@x(P(x))&Q(x))->@x(@x(P(x))&Q(x)))->(V->(@x(@x(P(x))&Q(x))->(@x(@x(P(x))&Q(x))->V&@x(@x(P(x))&Q(x)))))
(@x(@x(P(x))&Q(x))->@x(@x(P(x))&Q(x)))->((@x(@x(P(x))&Q(x))->(@x(@x(P(x))&Q(x))->V&@x(@x(P(x))&Q(x))))->(@x(@x(P(x))&Q(x))->V&@x(@x(P(x))&Q(x))))
((@x(@x(P(x))&Q(x))->@x(@x(P(x))&Q(x)))->((@x(@x(P(x))&Q(x))->(@x(@x(P(x))&Q(x))->V&@x(@x(P(x))&Q(x))))->(@x(@x(P(x))&Q(x))->V&@x(@x(P(x))&Q(x)))))->((V&@x(@x(P(x))&Q(x))->@x(@x(P(x))&Q(x)))->((@x(@x(P(x))&Q(x))->@x(@x(P(x))&Q(x)))->((@x(@x(P(x))&Q(x))->(@x(@x(P(x))&Q(x))->V&@x(@x(P(x))&Q(x))))->(@x(@x(P(x))&Q(x))->V&@x(@x(P(x))&Q(x))))))
(V&@x(@x(P(x))&Q(x))->@x(@x(P(x))&Q(x)))->((@x(@x(P(x))&Q(x))->@x(@x(P(x))&Q(x)))->((@x(@x(P(x))&Q(x))->(@x(@x(P(x))&Q(x))->V&@x(@x(P(x))&Q(x))))->(@x(@x(P(x))&Q(x))->V&@x(@x(P(x))&Q(x)))))
((@x(@x(P(x))&Q(x))->@x(@x(P(x))&Q(x)))->((@x(@x(P(x))&Q(x))->(@x(@x(P(x))&Q(x))->V&@x(@x(P(x))&Q(x))))->(@x(@x(P(x))&Q(x))->V&@x(@x(P(x))&Q(x)))))->(V->((@x(@x(P(x))&Q(x))->@x(@x(P(x))&Q(x)))->((@x(@x(P(x))&Q(x))->(@x(@x(P(x))&Q(x))->V&@x(@x(P(x))&Q(x))))->(@x(@x(P(x))&Q(x))->V&@x(@x(P(x))&Q(x))))))
(((@x(@x(P(x))&Q(x))->@x(@x(P(x))&Q(x)))->((@x(@x(P(x))&Q(x))->(@x(@x(P(x))&Q(x))->V&@x(@x(P(x))&Q(x))))->(@x(@x(P(x))&Q(x))->V&@x(@x(P(x))&Q(x)))))->(V->((@x(@x(P(x))&Q(x))->@x(@x(P(x))&Q(x)))->((@x(@x(P(x))&Q(x))->(@x(@x(P(x))&Q(x))->V&@x(@x(P(x))&Q(x))))->(@x(@x(P(x))&Q(x))->V&@x(@x(P(x))&Q(x)))))))->((V&@x(@x(P(x))&Q(x))->@x(@x(P(x))&Q(x)))->(((@x(@x(P(x))&Q(x))->@x(@x(P(x))&Q(x)))->((@x(@x(P(x))&Q(x))->(@x(@x(P(x))&Q(x))->V&@x(@x(P(x))&Q(x))))->(@x(@x(P(x))&Q(x))->V&@x(@x(P(x))&Q(x)))))->(V->((@x(@x(P(x))&Q(x))->@x(@x(P(x))&Q(x)))->((@x(@x(P(x))&Q(x))->(@x(@x(P(x))&Q(x))->V&@x(@x(P(x))&Q(x))))->(@x(@x(P(x))&Q(x))->V&@x(@x(P(x))&Q(x))))))))
(V&@x(@x(P(x))&Q(x))->@x(@x(P(x))&Q(x)))->(((@x(@x(P(x))&Q(x))->@x(@x(P(x))&Q(x)))->((@x(@x(P(x))&Q(x))->(@x(@x(P(x))&Q(x))->V&@x(@x(P(x))&Q(x))))->(@x(@x(P(x))&Q(x))->V&@x(@x(P(x))&Q(x)))))->(V->((@x(@x(P(x))&Q(x))->@x(@x(P(x))&Q(x)))->((@x(@x(P(x))&Q(x))->(@x(@x(P(x))&Q(x))->V&@x(@x(P(x))&Q(x))))->(@x(@x(P(x))&Q(x))->V&@x(@x(P(x))&Q(x)))))))
((V&@x(@x(P(x))&Q(x))->@x(@x(P(x))&Q(x)))->((@x(@x(P(x))&Q(x))->@x(@x(P(x))&Q(x)))->((@x(@x(P(x))&Q(x))->(@x(@x(P(x))&Q(x))->V&@x(@x(P(x))&Q(x))))->(@x(@x(P(x))&Q(x))->V&@x(@x(P(x))&Q(x))))))->(((V&@x(@x(P(x))&Q(x))->@x(@x(P(x))&Q(x)))->(((@x(@x(P(x))&Q(x))->@x(@x(P(x))&Q(x)))->((@x(@x(P(x))&Q(x))->(@x(@x(P(x))&Q(x))->V&@x(@x(P(x))&Q(x))))->(@x(@x(P(x))&Q(x))->V&@x(@x(P(x))&Q(x)))))->(V->((@x(@x(P(x))&Q(x))->@x(@x(P(x))&Q(x)))->((@x(@x(P(x))&Q(x))->(@x(@x(P(x))&Q(x))->V&@x(@x(P(x))&Q(x))))->(@x(@x(P(x))&Q(x))->V&@x(@x(P(x))&Q(x))))))))->((V&@x(@x(P(x))&Q(x))->@x(@x(P(x))&Q(x)))->(V->((@x(@x(P(x))&Q(x))->@x(@x(P(x))&Q(x)))->((@x(@x(P(x))&Q(x))->(@x(@x(P(x))&Q(x))->V&@x(@x(P(x))&Q(x))))->(@x(@x(P(x))&Q(x))->V&@x(@x(P(x))&Q(x))))))))
((V&@x(@x(P(x))&Q(x))->@x(@x(P(x))&Q(x)))->(((@x(@x(P(x))&Q(x))->@x(@x(P(x))&Q(x)))->((@x(@x(P(x))&Q(x))->(@x(@x(P(x))&Q(x))->V&@x(@x(P(x))&Q(x))))->(@x(@x(P(x))&Q(x))->V&@x(@x(P(x))&Q(x)))))->(V->((@x(@x(P(x))&Q(x))->@x(@x(P(x))&Q(x)))->((@x(@x(P(x))&Q(x))->(@x(@x(P(x))&Q(x))->V&@x(@x(P(x))&Q(x))))->(@x(@x(P(x))&Q(x))->V&@x(@x(P(x))&Q(x))))))))->((V&@x(@x(P(x))&Q(x))->@x(@x(P(x))&Q(x)))->(V->((@x(@x(P(x))&Q(x))->@x(@x(P(x))&Q(x)))->((@x(@x(P(x))&Q(x))->(@x(@x(P(x))&Q(x))->V&@x(@x(P(x))&Q(x))))->(@x(@x(P(x))&Q(x))->V&@x(@x(P(x))&Q(x)))))))
(V&@x(@x(P(x))&Q(x))->@x(@x(P(x))&Q(x)))->(V->((@x(@x(P(x))&Q(x))->@x(@x(P(x))&Q(x)))->((@x(@x(P(x))&Q(x))->(@x(@x(P(x))&Q(x))->V&@x(@x(P(x))&Q(x))))->(@x(@x(P(x))&Q(x))->V&@x(@x(P(x))&Q(x))))))
(V->(@x(@x(P(x))&Q(x))->@x(@x(P(x))&Q(x))))->((V->((@x(@x(P(x))&Q(x))->@x(@x(P(x))&Q(x)))->((@x(@x(P(x))&Q(x))->(@x(@x(P(x))&Q(x))->V&@x(@x(P(x))&Q(x))))->(@x(@x(P(x))&Q(x))->V&@x(@x(P(x))&Q(x))))))->(V->((@x(@x(P(x))&Q(x))->(@x(@x(P(x))&Q(x))->V&@x(@x(P(x))&Q(x))))->(@x(@x(P(x))&Q(x))->V&@x(@x(P(x))&Q(x))))))
((V->(@x(@x(P(x))&Q(x))->@x(@x(P(x))&Q(x))))->((V->((@x(@x(P(x))&Q(x))->@x(@x(P(x))&Q(x)))->((@x(@x(P(x))&Q(x))->(@x(@x(P(x))&Q(x))->V&@x(@x(P(x))&Q(x))))->(@x(@x(P(x))&Q(x))->V&@x(@x(P(x))&Q(x))))))->(V->((@x(@x(P(x))&Q(x))->(@x(@x(P(x))&Q(x))->V&@x(@x(P(x))&Q(x))))->(@x(@x(P(x))&Q(x))->V&@x(@x(P(x))&Q(x)))))))->((V&@x(@x(P(x))&Q(x))->@x(@x(P(x))&Q(x)))->((V->(@x(@x(P(x))&Q(x))->@x(@x(P(x))&Q(x))))->((V->((@x(@x(P(x))&Q(x))->@x(@x(P(x))&Q(x)))->((@x(@x(P(x))&Q(x))->(@x(@x(P(x))&Q(x))->V&@x(@x(P(x))&Q(x))))->(@x(@x(P(x))&Q(x))->V&@x(@x(P(x))&Q(x))))))->(V->((@x(@x(P(x))&Q(x))->(@x(@x(P(x))&Q(x))->V&@x(@x(P(x))&Q(x))))->(@x(@x(P(x))&Q(x))->V&@x(@x(P(x))&Q(x))))))))
(V&@x(@x(P(x))&Q(x))->@x(@x(P(x))&Q(x)))->((V->(@x(@x(P(x))&Q(x))->@x(@x(P(x))&Q(x))))->((V->((@x(@x(P(x))&Q(x))->@x(@x(P(x))&Q(x)))->((@x(@x(P(x))&Q(x))->(@x(@x(P(x))&Q(x))->V&@x(@x(P(x))&Q(x))))->(@x(@x(P(x))&Q(x))->V&@x(@x(P(x))&Q(x))))))->(V->((@x(@x(P(x))&Q(x))->(@x(@x(P(x))&Q(x))->V&@x(@x(P(x))&Q(x))))->(@x(@x(P(x))&Q(x))->V&@x(@x(P(x))&Q(x)))))))
((V&@x(@x(P(x))&Q(x))->@x(@x(P(x))&Q(x)))->(V->(@x(@x(P(x))&Q(x))->@x(@x(P(x))&Q(x)))))->(((V&@x(@x(P(x))&Q(x))->@x(@x(P(x))&Q(x)))->((V->(@x(@x(P(x))&Q(x))->@x(@x(P(x))&Q(x))))->((V->((@x(@x(P(x))&Q(x))->@x(@x(P(x))&Q(x)))->((@x(@x(P(x))&Q(x))->(@x(@x(P(x))&Q(x))->V&@x(@x(P(x))&Q(x))))->(@x(@x(P(x))&Q(x))->V&@x(@x(P(x))&Q(x))))))->(V->((@x(@x(P(x))&Q(x))->(@x(@x(P(x))&Q(x))->V&@x(@x(P(x))&Q(x))))->(@x(@x(P(x))&Q(x))->V&@x(@x(P(x))&Q(x))))))))->((V&@x(@x(P(x))&Q(x))->@x(@x(P(x))&Q(x)))->((V->((@x(@x(P(x))&Q(x))->@x(@x(P(x))&Q(x)))->((@x(@x(P(x))&Q(x))->(@x(@x(P(x))&Q(x))->V&@x(@x(P(x))&Q(x))))->(@x(@x(P(x))&Q(x))->V&@x(@x(P(x))&Q(x))))))->(V->((@x(@x(P(x))&Q(x))->(@x(@x(P(x))&Q(x))->V&@x(@x(P(x))&Q(x))))->(@x(@x(P(x))&Q(x))->V&@x(@x(P(x))&Q(x))))))))
((V&@x(@x(P(x))&Q(x))->@x(@x(P(x))&Q(x)))->((V->(@x(@x(P(x))&Q(x))->@x(@x(P(x))&Q(x))))->((V->((@x(@x(P(x))&Q(x))->@x(@x(P(x))&Q(x)))->((@x(@x(P(x))&Q(x))->(@x(@x(P(x))&Q(x))->V&@x(@x(P(x))&Q(x))))->(@x(@x(P(x))&Q(x))->V&@x(@x(P(x))&Q(x))))))->(V->((@x(@x(P(x))&Q(x))->(@x(@x(P(x))&Q(x))->V&@x(@x(P(x))&Q(x))))->(@x(@x(P(x))&Q(x))->V&@x(@x(P(x))&Q(x))))))))->((V&@x(@x(P(x))&Q(x))->@x(@x(P(x))&Q(x)))->((V->((@x(@x(P(x))&Q(x))->@x(@x(P(x))&Q(x)))->((@x(@x(P(x))&Q(x))->(@x(@x(P(x))&Q(x))->V&@x(@x(P(x))&Q(x))))->(@x(@x(P(x))&Q(x))->V&@x(@x(P(x))&Q(x))))))->(V->((@x(@x(P(x))&Q(x))->(@x(@x(P(x))&Q(x))->V&@x(@x(P(x))&Q(x))))->(@x(@x(P(x))&Q(x))->V&@x(@x(P(x))&Q(x)))))))
(V&@x(@x(P(x))&Q(x))->@x(@x(P(x))&Q(x)))->((V->((@x(@x(P(x))&Q(x))->@x(@x(P(x))&Q(x)))->((@x(@x(P(x))&Q(x))->(@x(@x(P(x))&Q(x))->V&@x(@x(P(x))&Q(x))))->(@x(@x(P(x))&Q(x))->V&@x(@x(P(x))&Q(x))))))->(V->((@x(@x(P(x))&Q(x))->(@x(@x(P(x))&Q(x))->V&@x(@x(P(x))&Q(x))))->(@x(@x(P(x))&Q(x))->V&@x(@x(P(x))&Q(x))))))
((V&@x(@x(P(x))&Q(x))->@x(@x(P(x))&Q(x)))->(V->((@x(@x(P(x))&Q(x))->@x(@x(P(x))&Q(x)))->((@x(@x(P(x))&Q(x))->(@x(@x(P(x))&Q(x))->V&@x(@x(P(x))&Q(x))))->(@x(@x(P(x))&Q(x))->V&@x(@x(P(x))&Q(x)))))))->(((V&@x(@x(P(x))&Q(x))->@x(@x(P(x))&Q(x)))->((V->((@x(@x(P(x))&Q(x))->@x(@x(P(x))&Q(x)))->((@x(@x(P(x))&Q(x))->(@x(@x(P(x))&Q(x))->V&@x(@x(P(x))&Q(x))))->(@x(@x(P(x))&Q(x))->V&@x(@x(P(x))&Q(x))))))->(V->((@x(@x(P(x))&Q(x))->(@x(@x(P(x))&Q(x))->V&@x(@x(P(x))&Q(x))))->(@x(@x(P(x))&Q(x))->V&@x(@x(P(x))&Q(x)))))))->((V&@x(@x(P(x))&Q(x))->@x(@x(P(x))&Q(x)))->(V->((@x(@x(P(x))&Q(x))->(@x(@x(P(x))&Q(x))->V&@x(@x(P(x))&Q(x))))->(@x(@x(P(x))&Q(x))->V&@x(@x(P(x))&Q(x)))))))
((V&@x(@x(P(x))&Q(x))->@x(@x(P(x))&Q(x)))->((V->((@x(@x(P(x))&Q(x))->@x(@x(P(x))&Q(x)))->((@x(@x(P(x))&Q(x))->(@x(@x(P(x))&Q(x))->V&@x(@x(P(x))&Q(x))))->(@x(@x(P(x))&Q(x))->V&@x(@x(P(x))&Q(x))))))->(V->((@x(@x(P(x))&Q(x))->(@x(@x(P(x))&Q(x))->V&@x(@x(P(x))&Q(x))))->(@x(@x(P(x))&Q(x))->V&@x(@x(P(x))&Q(x)))))))->((V&@x(@x(P(x))&Q(x))->@x(@x(P(x))&Q(x)))->(V->((@x(@x(P(x))&Q(x))->(@x(@x(P(x))&Q(x))->V&@x(@x(P(x))&Q(x))))->(@x(@x(P(x))&Q(x))->V&@x(@x(P(x))&Q(x))))))
(V&@x(@x(P(x))&Q(x))->@x(@x(P(x))&Q(x)))->(V->((@x(@x(P(x))&Q(x))->(@x(@x(P(x))&Q(x))->V&@x(@x(P(x))&Q(x))))->(@x(@x(P(x))&Q(x))->V&@x(@x(P(x))&Q(x)))))
(V->V)->((V->(V->(@x(@x(P(x))&Q(x))->V&@x(@x(P(x))&Q(x)))))->(V->(@x(@x(P(x))&Q(x))->V&@x(@x(P(x))&Q(x)))))
((V->V)->((V->(V->(@x(@x(P(x))&Q(x))->V&@x(@x(P(x))&Q(x)))))->(V->(@x(@x(P(x))&Q(x))->V&@x(@x(P(x))&Q(x))))))->((V&@x(@x(P(x))&Q(x))->@x(@x(P(x))&Q(x)))->((V->V)->((V->(V->(@x(@x(P(x))&Q(x))->V&@x(@x(P(x))&Q(x)))))->(V->(@x(@x(P(x))&Q(x))->V&@x(@x(P(x))&Q(x)))))))
(V&@x(@x(P(x))&Q(x))->@x(@x(P(x))&Q(x)))->((V->V)->((V->(V->(@x(@x(P(x))&Q(x))->V&@x(@x(P(x))&Q(x)))))->(V->(@x(@x(P(x))&Q(x))->V&@x(@x(P(x))&Q(x))))))
((V&@x(@x(P(x))&Q(x))->@x(@x(P(x))&Q(x)))->(V->V))->(((V&@x(@x(P(x))&Q(x))->@x(@x(P(x))&Q(x)))->((V->V)->((V->(V->(@x(@x(P(x))&Q(x))->V&@x(@x(P(x))&Q(x)))))->(V->(@x(@x(P(x))&Q(x))->V&@x(@x(P(x))&Q(x)))))))->((V&@x(@x(P(x))&Q(x))->@x(@x(P(x))&Q(x)))->((V->(V->(@x(@x(P(x))&Q(x))->V&@x(@x(P(x))&Q(x)))))->(V->(@x(@x(P(x))&Q(x))->V&@x(@x(P(x))&Q(x)))))))
((V&@x(@x(P(x))&Q(x))->@x(@x(P(x))&Q(x)))->((V->V)->((V->(V->(@x(@x(P(x))&Q(x))->V&@x(@x(P(x))&Q(x)))))->(V->(@x(@x(P(x))&Q(x))->V&@x(@x(P(x))&Q(x)))))))->((V&@x(@x(P(x))&Q(x))->@x(@x(P(x))&Q(x)))->((V->(V->(@x(@x(P(x))&Q(x))->V&@x(@x(P(x))&Q(x)))))->(V->(@x(@x(P(x))&Q(x))->V&@x(@x(P(x))&Q(x))))))
(V&@x(@x(P(x))&Q(x))->@x(@x(P(x))&Q(x)))->((V->(V->(@x(@x(P(x))&Q(x))->V&@x(@x(P(x))&Q(x)))))->(V->(@x(@x(P(x))&Q(x))->V&@x(@x(P(x))&Q(x)))))
V->(@x(@x(P(x))&Q(x))->V&@x(@x(P(x))&Q(x)))
(V->(@x(@x(P(x))&Q(x))->V&@x(@x(P(x))&Q(x))))->((V&@x(@x(P(x))&Q(x))->@x(@x(P(x))&Q(x)))->(V->(@x(@x(P(x))&Q(x))->V&@x(@x(P(x))&Q(x)))))
(V&@x(@x(P(x))&Q(x))->@x(@x(P(x))&Q(x)))->(V->(@x(@x(P(x))&Q(x))->V&@x(@x(P(x))&Q(x))))
(V&@x(@x(P(x))&Q(x))->@x(@x(P(x))&Q(x)))->((V&@x(@x(P(x))&Q(x))->@x(@x(P(x))&Q(x)))->(V&@x(@x(P(x))&Q(x))->@x(@x(P(x))&Q(x))))
((V&@x(@x(P(x))&Q(x))->@x(@x(P(x))&Q(x)))->((V&@x(@x(P(x))&Q(x))->@x(@x(P(x))&Q(x)))->(V&@x(@x(P(x))&Q(x))->@x(@x(P(x))&Q(x)))))->(((V&@x(@x(P(x))&Q(x))->@x(@x(P(x))&Q(x)))->(((V&@x(@x(P(x))&Q(x))->@x(@x(P(x))&Q(x)))->(V&@x(@x(P(x))&Q(x))->@x(@x(P(x))&Q(x))))->(V&@x(@x(P(x))&Q(x))->@x(@x(P(x))&Q(x)))))->((V&@x(@x(P(x))&Q(x))->@x(@x(P(x))&Q(x)))->(V&@x(@x(P(x))&Q(x))->@x(@x(P(x))&Q(x)))))
((V&@x(@x(P(x))&Q(x))->@x(@x(P(x))&Q(x)))->(((V&@x(@x(P(x))&Q(x))->@x(@x(P(x))&Q(x)))->(V&@x(@x(P(x))&Q(x))->@x(@x(P(x))&Q(x))))->(V&@x(@x(P(x))&Q(x))->@x(@x(P(x))&Q(x)))))->((V&@x(@x(P(x))&Q(x))->@x(@x(P(x))&Q(x)))->(V&@x(@x(P(x))&Q(x))->@x(@x(P(x))&Q(x))))
(V&@x(@x(P(x))&Q(x))->@x(@x(P(x))&Q(x)))->(((V&@x(@x(P(x))&Q(x))->@x(@x(P(x))&Q(x)))->(V&@x(@x(P(x))&Q(x))->@x(@x(P(x))&Q(x))))->(V&@x(@x(P(x))&Q(x))->@x(@x(P(x))&Q(x))))
(V&@x(@x(P(x))&Q(x))->@x(@x(P(x))&Q(x)))->(V&@x(@x(P(x))&Q(x))->@x(@x(P(x))&Q(x)))
(V&@x(@x(P(x))&Q(x))->@x(@x(P(x))&Q(x)))->(V->(V&@x(@x(P(x))&Q(x))->@x(@x(P(x))&Q(x))))
((V&@x(@x(P(x))&Q(x))->@x(@x(P(x))&Q(x)))->(V->(V&@x(@x(P(x))&Q(x))->@x(@x(P(x))&Q(x)))))->((V&@x(@x(P(x))&Q(x))->@x(@x(P(x))&Q(x)))->((V&@x(@x(P(x))&Q(x))->@x(@x(P(x))&Q(x)))->(V->(V&@x(@x(P(x))&Q(x))->@x(@x(P(x))&Q(x))))))
(V&@x(@x(P(x))&Q(x))->@x(@x(P(x))&Q(x)))->((V&@x(@x(P(x))&Q(x))->@x(@x(P(x))&Q(x)))->(V->(V&@x(@x(P(x))&Q(x))->@x(@x(P(x))&Q(x)))))
((V&@x(@x(P(x))&Q(x))->@x(@x(P(x))&Q(x)))->(V&@x(@x(P(x))&Q(x))->@x(@x(P(x))&Q(x))))->(((V&@x(@x(P(x))&Q(x))->@x(@x(P(x))&Q(x)))->((V&@x(@x(P(x))&Q(x))->@x(@x(P(x))&Q(x)))->(V->(V&@x(@x(P(x))&Q(x))->@x(@x(P(x))&Q(x))))))->((V&@x(@x(P(x))&Q(x))->@x(@x(P(x))&Q(x)))->(V->(V&@x(@x(P(x))&Q(x))->@x(@x(P(x))&Q(x))))))
((V&@x(@x(P(x))&Q(x))->@x(@x(P(x))&Q(x)))->((V&@x(@x(P(x))&Q(x))->@x(@x(P(x))&Q(x)))->(V->(V&@x(@x(P(x))&Q(x))->@x(@x(P(x))&Q(x))))))->((V&@x(@x(P(x))&Q(x))->@x(@x(P(x))&Q(x)))->(V->(V&@x(@x(P(x))&Q(x))->@x(@x(P(x))&Q(x)))))
(V&@x(@x(P(x))&Q(x))->@x(@x(P(x))&Q(x)))->(V->(V&@x(@x(P(x))&Q(x))->@x(@x(P(x))&Q(x))))
(V&@x(@x(P(x))&Q(x))->@x(@x(P(x))&Q(x)))->(@x(@x(P(x))&Q(x))->(V&@x(@x(P(x))&Q(x))->@x(@x(P(x))&Q(x))))
((V&@x(@x(P(x))&Q(x))->@x(@x(P(x))&Q(x)))->(@x(@x(P(x))&Q(x))->(V&@x(@x(P(x))&Q(x))->@x(@x(P(x))&Q(x)))))->((V&@x(@x(P(x))&Q(x))->@x(@x(P(x))&Q(x)))->((V&@x(@x(P(x))&Q(x))->@x(@x(P(x))&Q(x)))->(@x(@x(P(x))&Q(x))->(V&@x(@x(P(x))&Q(x))->@x(@x(P(x))&Q(x))))))
(V&@x(@x(P(x))&Q(x))->@x(@x(P(x))&Q(x)))->((V&@x(@x(P(x))&Q(x))->@x(@x(P(x))&Q(x)))->(@x(@x(P(x))&Q(x))->(V&@x(@x(P(x))&Q(x))->@x(@x(P(x))&Q(x)))))
((V&@x(@x(P(x))&Q(x))->@x(@x(P(x))&Q(x)))->(@x(@x(P(x))&Q(x))->(V&@x(@x(P(x))&Q(x))->@x(@x(P(x))&Q(x)))))->(V->((V&@x(@x(P(x))&Q(x))->@x(@x(P(x))&Q(x)))->(@x(@x(P(x))&Q(x))->(V&@x(@x(P(x))&Q(x))->@x(@x(P(x))&Q(x))))))
(((V&@x(@x(P(x))&Q(x))->@x(@x(P(x))&Q(x)))->(@x(@x(P(x))&Q(x))->(V&@x(@x(P(x))&Q(x))->@x(@x(P(x))&Q(x)))))->(V->((V&@x(@x(P(x))&Q(x))->@x(@x(P(x))&Q(x)))->(@x(@x(P(x))&Q(x))->(V&@x(@x(P(x))&Q(x))->@x(@x(P(x))&Q(x)))))))->((V&@x(@x(P(x))&Q(x))->@x(@x(P(x))&Q(x)))->(((V&@x(@x(P(x))&Q(x))->@x(@x(P(x))&Q(x)))->(@x(@x(P(x))&Q(x))->(V&@x(@x(P(x))&Q(x))->@x(@x(P(x))&Q(x)))))->(V->((V&@x(@x(P(x))&Q(x))->@x(@x(P(x))&Q(x)))->(@x(@x(P(x))&Q(x))->(V&@x(@x(P(x))&Q(x))->@x(@x(P(x))&Q(x))))))))
(V&@x(@x(P(x))&Q(x))->@x(@x(P(x))&Q(x)))->(((V&@x(@x(P(x))&Q(x))->@x(@x(P(x))&Q(x)))->(@x(@x(P(x))&Q(x))->(V&@x(@x(P(x))&Q(x))->@x(@x(P(x))&Q(x)))))->(V->((V&@x(@x(P(x))&Q(x))->@x(@x(P(x))&Q(x)))->(@x(@x(P(x))&Q(x))->(V&@x(@x(P(x))&Q(x))->@x(@x(P(x))&Q(x)))))))
((V&@x(@x(P(x))&Q(x))->@x(@x(P(x))&Q(x)))->((V&@x(@x(P(x))&Q(x))->@x(@x(P(x))&Q(x)))->(@x(@x(P(x))&Q(x))->(V&@x(@x(P(x))&Q(x))->@x(@x(P(x))&Q(x))))))->(((V&@x(@x(P(x))&Q(x))->@x(@x(P(x))&Q(x)))->(((V&@x(@x(P(x))&Q(x))->@x(@x(P(x))&Q(x)))->(@x(@x(P(x))&Q(x))->(V&@x(@x(P(x))&Q(x))->@x(@x(P(x))&Q(x)))))->(V->((V&@x(@x(P(x))&Q(x))->@x(@x(P(x))&Q(x)))->(@x(@x(P(x))&Q(x))->(V&@x(@x(P(x))&Q(x))->@x(@x(P(x))&Q(x))))))))->((V&@x(@x(P(x))&Q(x))->@x(@x(P(x))&Q(x)))->(V->((V&@x(@x(P(x))&Q(x))->@x(@x(P(x))&Q(x)))->(@x(@x(P(x))&Q(x))->(V&@x(@x(P(x))&Q(x))->@x(@x(P(x))&Q(x))))))))
((V&@x(@x(P(x))&Q(x))->@x(@x(P(x))&Q(x)))->(((V&@x(@x(P(x))&Q(x))->@x(@x(P(x))&Q(x)))->(@x(@x(P(x))&Q(x))->(V&@x(@x(P(x))&Q(x))->@x(@x(P(x))&Q(x)))))->(V->((V&@x(@x(P(x))&Q(x))->@x(@x(P(x))&Q(x)))->(@x(@x(P(x))&Q(x))->(V&@x(@x(P(x))&Q(x))->@x(@x(P(x))&Q(x))))))))->((V&@x(@x(P(x))&Q(x))->@x(@x(P(x))&Q(x)))->(V->((V&@x(@x(P(x))&Q(x))->@x(@x(P(x))&Q(x)))->(@x(@x(P(x))&Q(x))->(V&@x(@x(P(x))&Q(x))->@x(@x(P(x))&Q(x)))))))
(V&@x(@x(P(x))&Q(x))->@x(@x(P(x))&Q(x)))->(V->((V&@x(@x(P(x))&Q(x))->@x(@x(P(x))&Q(x)))->(@x(@x(P(x))&Q(x))->(V&@x(@x(P(x))&Q(x))->@x(@x(P(x))&Q(x))))))
(V->(V&@x(@x(P(x))&Q(x))->@x(@x(P(x))&Q(x))))->((V->((V&@x(@x(P(x))&Q(x))->@x(@x(P(x))&Q(x)))->(@x(@x(P(x))&Q(x))->(V&@x(@x(P(x))&Q(x))->@x(@x(P(x))&Q(x))))))->(V->(@x(@x(P(x))&Q(x))->(V&@x(@x(P(x))&Q(x))->@x(@x(P(x))&Q(x))))))
((V->(V&@x(@x(P(x))&Q(x))->@x(@x(P(x))&Q(x))))->((V->((V&@x(@x(P(x))&Q(x))->@x(@x(P(x))&Q(x)))->(@x(@x(P(x))&Q(x))->(V&@x(@x(P(x))&Q(x))->@x(@x(P(x))&Q(x))))))->(V->(@x(@x(P(x))&Q(x))->(V&@x(@x(P(x))&Q(x))->@x(@x(P(x))&Q(x)))))))->((V&@x(@x(P(x))&Q(x))->@x(@x(P(x))&Q(x)))->((V->(V&@x(@x(P(x))&Q(x))->@x(@x(P(x))&Q(x))))->((V->((V&@x(@x(P(x))&Q(x))->@x(@x(P(x))&Q(x)))->(@x(@x(P(x))&Q(x))->(V&@x(@x(P(x))&Q(x))->@x(@x(P(x))&Q(x))))))->(V->(@x(@x(P(x))&Q(x))->(V&@x(@x(P(x))&Q(x))->@x(@x(P(x))&Q(x))))))))
(V&@x(@x(P(x))&Q(x))->@x(@x(P(x))&Q(x)))->((V->(V&@x(@x(P(x))&Q(x))->@x(@x(P(x))&Q(x))))->((V->((V&@x(@x(P(x))&Q(x))->@x(@x(P(x))&Q(x)))->(@x(@x(P(x))&Q(x))->(V&@x(@x(P(x))&Q(x))->@x(@x(P(x))&Q(x))))))->(V->(@x(@x(P(x))&Q(x))->(V&@x(@x(P(x))&Q(x))->@x(@x(P(x))&Q(x)))))))
((V&@x(@x(P(x))&Q(x))->@x(@x(P(x))&Q(x)))->(V->(V&@x(@x(P(x))&Q(x))->@x(@x(P(x))&Q(x)))))->(((V&@x(@x(P(x))&Q(x))->@x(@x(P(x))&Q(x)))->((V->(V&@x(@x(P(x))&Q(x))->@x(@x(P(x))&Q(x))))->((V->((V&@x(@x(P(x))&Q(x))->@x(@x(P(x))&Q(x)))->(@x(@x(P(x))&Q(x))->(V&@x(@x(P(x))&Q(x))->@x(@x(P(x))&Q(x))))))->(V->(@x(@x(P(x))&Q(x))->(V&@x(@x(P(x))&Q(x))->@x(@x(P(x))&Q(x))))))))->((V&@x(@x(P(x))&Q(x))->@x(@x(P(x))&Q(x)))->((V->((V&@x(@x(P(x))&Q(x))->@x(@x(P(x))&Q(x)))->(@x(@x(P(x))&Q(x))->(V&@x(@x(P(x))&Q(x))->@x(@x(P(x))&Q(x))))))->(V->(@x(@x(P(x))&Q(x))->(V&@x(@x(P(x))&Q(x))->@x(@x(P(x))&Q(x))))))))
((V&@x(@x(P(x))&Q(x))->@x(@x(P(x))&Q(x)))->((V->(V&@x(@x(P(x))&Q(x))->@x(@x(P(x))&Q(x))))->((V->((V&@x(@x(P(x))&Q(x))->@x(@x(P(x))&Q(x)))->(@x(@x(P(x))&Q(x))->(V&@x(@x(P(x))&Q(x))->@x(@x(P(x))&Q(x))))))->(V->(@x(@x(P(x))&Q(x))->(V&@x(@x(P(x))&Q(x))->@x(@x(P(x))&Q(x))))))))->((V&@x(@x(P(x))&Q(x))->@x(@x(P(x))&Q(x)))->((V->((V&@x(@x(P(x))&Q(x))->@x(@x(P(x))&Q(x)))->(@x(@x(P(x))&Q(x))->(V&@x(@x(P(x))&Q(x))->@x(@x(P(x))&Q(x))))))->(V->(@x(@x(P(x))&Q(x))->(V&@x(@x(P(x))&Q(x))->@x(@x(P(x))&Q(x)))))))
(V&@x(@x(P(x))&Q(x))->@x(@x(P(x))&Q(x)))->((V->((V&@x(@x(P(x))&Q(x))->@x(@x(P(x))&Q(x)))->(@x(@x(P(x))&Q(x))->(V&@x(@x(P(x))&Q(x))->@x(@x(P(x))&Q(x))))))->(V->(@x(@x(P(x))&Q(x))->(V&@x(@x(P(x))&Q(x))->@x(@x(P(x))&Q(x))))))
((V&@x(@x(P(x))&Q(x))->@x(@x(P(x))&Q(x)))->(V->((V&@x(@x(P(x))&Q(x))->@x(@x(P(x))&Q(x)))->(@x(@x(P(x))&Q(x))->(V&@x(@x(P(x))&Q(x))->@x(@x(P(x))&Q(x)))))))->(((V&@x(@x(P(x))&Q(x))->@x(@x(P(x))&Q(x)))->((V->((V&@x(@x(P(x))&Q(x))->@x(@x(P(x))&Q(x)))->(@x(@x(P(x))&Q(x))->(V&@x(@x(P(x))&Q(x))->@x(@x(P(x))&Q(x))))))->(V->(@x(@x(P(x))&Q(x))->(V&@x(@x(P(x))&Q(x))->@x(@x(P(x))&Q(x)))))))->((V&@x(@x(P(x))&Q(x))->@x(@x(P(x))&Q(x)))->(V->(@x(@x(P(x))&Q(x))->(V&@x(@x(P(x))&Q(x))->@x(@x(P(x))&Q(x)))))))
((V&@x(@x(P(x))&Q(x))->@x(@x(P(x))&Q(x)))->((V->((V&@x(@x(P(x))&Q(x))->@x(@x(P(x))&Q(x)))->(@x(@x(P(x))&Q(x))->(V&@x(@x(P(x))&Q(x))->@x(@x(P(x))&Q(x))))))->(V->(@x(@x(P(x))&Q(x))->(V&@x(@x(P(x))&Q(x))->@x(@x(P(x))&Q(x)))))))->((V&@x(@x(P(x))&Q(x))->@x(@x(P(x))&Q(x)))->(V->(@x(@x(P(x))&Q(x))->(V&@x(@x(P(x))&Q(x))->@x(@x(P(x))&Q(x))))))
(V&@x(@x(P(x))&Q(x))->@x(@x(P(x))&Q(x)))->(V->(@x(@x(P(x))&Q(x))->(V&@x(@x(P(x))&Q(x))->@x(@x(P(x))&Q(x)))))
(@x(@x(P(x))&Q(x))->V&@x(@x(P(x))&Q(x)))->((@x(@x(P(x))&Q(x))->(V&@x(@x(P(x))&Q(x))->@x(@x(P(x))&Q(x))))->(@x(@x(P(x))&Q(x))->@x(@x(P(x))&Q(x))))
((@x(@x(P(x))&Q(x))->V&@x(@x(P(x))&Q(x)))->((@x(@x(P(x))&Q(x))->(V&@x(@x(P(x))&Q(x))->@x(@x(P(x))&Q(x))))->(@x(@x(P(x))&Q(x))->@x(@x(P(x))&Q(x)))))->((V&@x(@x(P(x))&Q(x))->@x(@x(P(x))&Q(x)))->((@x(@x(P(x))&Q(x))->V&@x(@x(P(x))&Q(x)))->((@x(@x(P(x))&Q(x))->(V&@x(@x(P(x))&Q(x))->@x(@x(P(x))&Q(x))))->(@x(@x(P(x))&Q(x))->@x(@x(P(x))&Q(x))))))
(V&@x(@x(P(x))&Q(x))->@x(@x(P(x))&Q(x)))->((@x(@x(P(x))&Q(x))->V&@x(@x(P(x))&Q(x)))->((@x(@x(P(x))&Q(x))->(V&@x(@x(P(x))&Q(x))->@x(@x(P(x))&Q(x))))->(@x(@x(P(x))&Q(x))->@x(@x(P(x))&Q(x)))))
((@x(@x(P(x))&Q(x))->V&@x(@x(P(x))&Q(x)))->((@x(@x(P(x))&Q(x))->(V&@x(@x(P(x))&Q(x))->@x(@x(P(x))&Q(x))))->(@x(@x(P(x))&Q(x))->@x(@x(P(x))&Q(x)))))->(V->((@x(@x(P(x))&Q(x))->V&@x(@x(P(x))&Q(x)))->((@x(@x(P(x))&Q(x))->(V&@x(@x(P(x))&Q(x))->@x(@x(P(x))&Q(x))))->(@x(@x(P(x))&Q(x))->@x(@x(P(x))&Q(x))))))
(((@x(@x(P(x))&Q(x))->V&@x(@x(P(x))&Q(x)))->((@x(@x(P(x))&Q(x))->(V&@x(@x(P(x))&Q(x))->@x(@x(P(x))&Q(x))))->(@x(@x(P(x))&Q(x))->@x(@x(P(x))&Q(x)))))->(V->((@x(@x(P(x))&Q(x))->V&@x(@x(P(x))&Q(x)))->((@x(@x(P(x))&Q(x))->(V&@x(@x(P(x))&Q(x))->@x(@x(P(x))&Q(x))))->(@x(@x(P(x))&Q(x))->@x(@x(P(x))&Q(x)))))))->((V&@x(@x(P(x))&Q(x))->@x(@x(P(x))&Q(x)))->(((@x(@x(P(x))&Q(x))->V&@x(@x(P(x))&Q(x)))->((@x(@x(P(x))&Q(x))->(V&@x(@x(P(x))&Q(x))->@x(@x(P(x))&Q(x))))->(@x(@x(P(x))&Q(x))->@x(@x(P(x))&Q(x)))))->(V->((@x(@x(P(x))&Q(x))->V&@x(@x(P(x))&Q(x)))->((@x(@x(P(x))&Q(x))->(V&@x(@x(P(x))&Q(x))->@x(@x(P(x))&Q(x))))->(@x(@x(P(x))&Q(x))->@x(@x(P(x))&Q(x))))))))
(V&@x(@x(P(x))&Q(x))->@x(@x(P(x))&Q(x)))->(((@x(@x(P(x))&Q(x))->V&@x(@x(P(x))&Q(x)))->((@x(@x(P(x))&Q(x))->(V&@x(@x(P(x))&Q(x))->@x(@x(P(x))&Q(x))))->(@x(@x(P(x))&Q(x))->@x(@x(P(x))&Q(x)))))->(V->((@x(@x(P(x))&Q(x))->V&@x(@x(P(x))&Q(x)))->((@x(@x(P(x))&Q(x))->(V&@x(@x(P(x))&Q(x))->@x(@x(P(x))&Q(x))))->(@x(@x(P(x))&Q(x))->@x(@x(P(x))&Q(x)))))))
((V&@x(@x(P(x))&Q(x))->@x(@x(P(x))&Q(x)))->((@x(@x(P(x))&Q(x))->V&@x(@x(P(x))&Q(x)))->((@x(@x(P(x))&Q(x))->(V&@x(@x(P(x))&Q(x))->@x(@x(P(x))&Q(x))))->(@x(@x(P(x))&Q(x))->@x(@x(P(x))&Q(x))))))->(((V&@x(@x(P(x))&Q(x))->@x(@x(P(x))&Q(x)))->(((@x(@x(P(x))&Q(x))->V&@x(@x(P(x))&Q(x)))->((@x(@x(P(x))&Q(x))->(V&@x(@x(P(x))&Q(x))->@x(@x(P(x))&Q(x))))->(@x(@x(P(x))&Q(x))->@x(@x(P(x))&Q(x)))))->(V->((@x(@x(P(x))&Q(x))->V&@x(@x(P(x))&Q(x)))->((@x(@x(P(x))&Q(x))->(V&@x(@x(P(x))&Q(x))->@x(@x(P(x))&Q(x))))->(@x(@x(P(x))&Q(x))->@x(@x(P(x))&Q(x))))))))->((V&@x(@x(P(x))&Q(x))->@x(@x(P(x))&Q(x)))->(V->((@x(@x(P(x))&Q(x))->V&@x(@x(P(x))&Q(x)))->((@x(@x(P(x))&Q(x))->(V&@x(@x(P(x))&Q(x))->@x(@x(P(x))&Q(x))))->(@x(@x(P(x))&Q(x))->@x(@x(P(x))&Q(x))))))))
((V&@x(@x(P(x))&Q(x))->@x(@x(P(x))&Q(x)))->(((@x(@x(P(x))&Q(x))->V&@x(@x(P(x))&Q(x)))->((@x(@x(P(x))&Q(x))->(V&@x(@x(P(x))&Q(x))->@x(@x(P(x))&Q(x))))->(@x(@x(P(x))&Q(x))->@x(@x(P(x))&Q(x)))))->(V->((@x(@x(P(x))&Q(x))->V&@x(@x(P(x))&Q(x)))->((@x(@x(P(x))&Q(x))->(V&@x(@x(P(x))&Q(x))->@x(@x(P(x))&Q(x))))->(@x(@x(P(x))&Q(x))->@x(@x(P(x))&Q(x))))))))->((V&@x(@x(P(x))&Q(x))->@x(@x(P(x))&Q(x)))->(V->((@x(@x(P(x))&Q(x))->V&@x(@x(P(x))&Q(x)))->((@x(@x(P(x))&Q(x))->(V&@x(@x(P(x))&Q(x))->@x(@x(P(x))&Q(x))))->(@x(@x(P(x))&Q(x))->@x(@x(P(x))&Q(x)))))))
(V&@x(@x(P(x))&Q(x))->@x(@x(P(x))&Q(x)))->(V->((@x(@x(P(x))&Q(x))->V&@x(@x(P(x))&Q(x)))->((@x(@x(P(x))&Q(x))->(V&@x(@x(P(x))&Q(x))->@x(@x(P(x))&Q(x))))->(@x(@x(P(x))&Q(x))->@x(@x(P(x))&Q(x))))))
(V->(@x(@x(P(x))&Q(x))->V&@x(@x(P(x))&Q(x))))->((V->((@x(@x(P(x))&Q(x))->V&@x(@x(P(x))&Q(x)))->((@x(@x(P(x))&Q(x))->(V&@x(@x(P(x))&Q(x))->@x(@x(P(x))&Q(x))))->(@x(@x(P(x))&Q(x))->@x(@x(P(x))&Q(x))))))->(V->((@x(@x(P(x))&Q(x))->(V&@x(@x(P(x))&Q(x))->@x(@x(P(x))&Q(x))))->(@x(@x(P(x))&Q(x))->@x(@x(P(x))&Q(x))))))
((V->(@x(@x(P(x))&Q(x))->V&@x(@x(P(x))&Q(x))))->((V->((@x(@x(P(x))&Q(x))->V&@x(@x(P(x))&Q(x)))->((@x(@x(P(x))&Q(x))->(V&@x(@x(P(x))&Q(x))->@x(@x(P(x))&Q(x))))->(@x(@x(P(x))&Q(x))->@x(@x(P(x))&Q(x))))))->(V->((@x(@x(P(x))&Q(x))->(V&@x(@x(P(x))&Q(x))->@x(@x(P(x))&Q(x))))->(@x(@x(P(x))&Q(x))->@x(@x(P(x))&Q(x)))))))->((V&@x(@x(P(x))&Q(x))->@x(@x(P(x))&Q(x)))->((V->(@x(@x(P(x))&Q(x))->V&@x(@x(P(x))&Q(x))))->((V->((@x(@x(P(x))&Q(x))->V&@x(@x(P(x))&Q(x)))->((@x(@x(P(x))&Q(x))->(V&@x(@x(P(x))&Q(x))->@x(@x(P(x))&Q(x))))->(@x(@x(P(x))&Q(x))->@x(@x(P(x))&Q(x))))))->(V->((@x(@x(P(x))&Q(x))->(V&@x(@x(P(x))&Q(x))->@x(@x(P(x))&Q(x))))->(@x(@x(P(x))&Q(x))->@x(@x(P(x))&Q(x))))))))
(V&@x(@x(P(x))&Q(x))->@x(@x(P(x))&Q(x)))->((V->(@x(@x(P(x))&Q(x))->V&@x(@x(P(x))&Q(x))))->((V->((@x(@x(P(x))&Q(x))->V&@x(@x(P(x))&Q(x)))->((@x(@x(P(x))&Q(x))->(V&@x(@x(P(x))&Q(x))->@x(@x(P(x))&Q(x))))->(@x(@x(P(x))&Q(x))->@x(@x(P(x))&Q(x))))))->(V->((@x(@x(P(x))&Q(x))->(V&@x(@x(P(x))&Q(x))->@x(@x(P(x))&Q(x))))->(@x(@x(P(x))&Q(x))->@x(@x(P(x))&Q(x)))))))
((V&@x(@x(P(x))&Q(x))->@x(@x(P(x))&Q(x)))->(V->(@x(@x(P(x))&Q(x))->V&@x(@x(P(x))&Q(x)))))->(((V&@x(@x(P(x))&Q(x))->@x(@x(P(x))&Q(x)))->((V->(@x(@x(P(x))&Q(x))->V&@x(@x(P(x))&Q(x))))->((V->((@x(@x(P(x))&Q(x))->V&@x(@x(P(x))&Q(x)))->((@x(@x(P(x))&Q(x))->(V&@x(@x(P(x))&Q(x))->@x(@x(P(x))&Q(x))))->(@x(@x(P(x))&Q(x))->@x(@x(P(x))&Q(x))))))->(V->((@x(@x(P(x))&Q(x))->(V&@x(@x(P(x))&Q(x))->@x(@x(P(x))&Q(x))))->(@x(@x(P(x))&Q(x))->@x(@x(P(x))&Q(x))))))))->((V&@x(@x(P(x))&Q(x))->@x(@x(P(x))&Q(x)))->((V->((@x(@x(P(x))&Q(x))->V&@x(@x(P(x))&Q(x)))->((@x(@x(P(x))&Q(x))->(V&@x(@x(P(x))&Q(x))->@x(@x(P(x))&Q(x))))->(@x(@x(P(x))&Q(x))->@x(@x(P(x))&Q(x))))))->(V->((@x(@x(P(x))&Q(x))->(V&@x(@x(P(x))&Q(x))->@x(@x(P(x))&Q(x))))->(@x(@x(P(x))&Q(x))->@x(@x(P(x))&Q(x))))))))
((V&@x(@x(P(x))&Q(x))->@x(@x(P(x))&Q(x)))->((V->(@x(@x(P(x))&Q(x))->V&@x(@x(P(x))&Q(x))))->((V->((@x(@x(P(x))&Q(x))->V&@x(@x(P(x))&Q(x)))->((@x(@x(P(x))&Q(x))->(V&@x(@x(P(x))&Q(x))->@x(@x(P(x))&Q(x))))->(@x(@x(P(x))&Q(x))->@x(@x(P(x))&Q(x))))))->(V->((@x(@x(P(x))&Q(x))->(V&@x(@x(P(x))&Q(x))->@x(@x(P(x))&Q(x))))->(@x(@x(P(x))&Q(x))->@x(@x(P(x))&Q(x))))))))->((V&@x(@x(P(x))&Q(x))->@x(@x(P(x))&Q(x)))->((V->((@x(@x(P(x))&Q(x))->V&@x(@x(P(x))&Q(x)))->((@x(@x(P(x))&Q(x))->(V&@x(@x(P(x))&Q(x))->@x(@x(P(x))&Q(x))))->(@x(@x(P(x))&Q(x))->@x(@x(P(x))&Q(x))))))->(V->((@x(@x(P(x))&Q(x))->(V&@x(@x(P(x))&Q(x))->@x(@x(P(x))&Q(x))))->(@x(@x(P(x))&Q(x))->@x(@x(P(x))&Q(x)))))))
(V&@x(@x(P(x))&Q(x))->@x(@x(P(x))&Q(x)))->((V->((@x(@x(P(x))&Q(x))->V&@x(@x(P(x))&Q(x)))->((@x(@x(P(x))&Q(x))->(V&@x(@x(P(x))&Q(x))->@x(@x(P(x))&Q(x))))->(@x(@x(P(x))&Q(x))->@x(@x(P(x))&Q(x))))))->(V->((@x(@x(P(x))&Q(x))->(V&@x(@x(P(x))&Q(x))->@x(@x(P(x))&Q(x))))->(@x(@x(P(x))&Q(x))->@x(@x(P(x))&Q(x))))))
((V&@x(@x(P(x))&Q(x))->@x(@x(P(x))&Q(x)))->(V->((@x(@x(P(x))&Q(x))->V&@x(@x(P(x))&Q(x)))->((@x(@x(P(x))&Q(x))->(V&@x(@x(P(x))&Q(x))->@x(@x(P(x))&Q(x))))->(@x(@x(P(x))&Q(x))->@x(@x(P(x))&Q(x)))))))->(((V&@x(@x(P(x))&Q(x))->@x(@x(P(x))&Q(x)))->((V->((@x(@x(P(x))&Q(x))->V&@x(@x(P(x))&Q(x)))->((@x(@x(P(x))&Q(x))->(V&@x(@x(P(x))&Q(x))->@x(@x(P(x))&Q(x))))->(@x(@x(P(x))&Q(x))->@x(@x(P(x))&Q(x))))))->(V->((@x(@x(P(x))&Q(x))->(V&@x(@x(P(x))&Q(x))->@x(@x(P(x))&Q(x))))->(@x(@x(P(x))&Q(x))->@x(@x(P(x))&Q(x)))))))->((V&@x(@x(P(x))&Q(x))->@x(@x(P(x))&Q(x)))->(V->((@x(@x(P(x))&Q(x))->(V&@x(@x(P(x))&Q(x))->@x(@x(P(x))&Q(x))))->(@x(@x(P(x))&Q(x))->@x(@x(P(x))&Q(x)))))))
((V&@x(@x(P(x))&Q(x))->@x(@x(P(x))&Q(x)))->((V->((@x(@x(P(x))&Q(x))->V&@x(@x(P(x))&Q(x)))->((@x(@x(P(x))&Q(x))->(V&@x(@x(P(x))&Q(x))->@x(@x(P(x))&Q(x))))->(@x(@x(P(x))&Q(x))->@x(@x(P(x))&Q(x))))))->(V->((@x(@x(P(x))&Q(x))->(V&@x(@x(P(x))&Q(x))->@x(@x(P(x))&Q(x))))->(@x(@x(P(x))&Q(x))->@x(@x(P(x))&Q(x)))))))->((V&@x(@x(P(x))&Q(x))->@x(@x(P(x))&Q(x)))->(V->((@x(@x(P(x))&Q(x))->(V&@x(@x(P(x))&Q(x))->@x(@x(P(x))&Q(x))))->(@x(@x(P(x))&Q(x))->@x(@x(P(x))&Q(x))))))
(V&@x(@x(P(x))&Q(x))->@x(@x(P(x))&Q(x)))->(V->((@x(@x(P(x))&Q(x))->(V&@x(@x(P(x))&Q(x))->@x(@x(P(x))&Q(x))))->(@x(@x(P(x))&Q(x))->@x(@x(P(x))&Q(x)))))
(V->(@x(@x(P(x))&Q(x))->(V&@x(@x(P(x))&Q(x))->@x(@x(P(x))&Q(x)))))->((V->((@x(@x(P(x))&Q(x))->(V&@x(@x(P(x))&Q(x))->@x(@x(P(x))&Q(x))))->(@x(@x(P(x))&Q(x))->@x(@x(P(x))&Q(x)))))->(V->(@x(@x(P(x))&Q(x))->@x(@x(P(x))&Q(x)))))
((V->(@x(@x(P(x))&Q(x))->(V&@x(@x(P(x))&Q(x))->@x(@x(P(x))&Q(x)))))->((V->((@x(@x(P(x))&Q(x))->(V&@x(@x(P(x))&Q(x))->@x(@x(P(x))&Q(x))))->(@x(@x(P(x))&Q(x))->@x(@x(P(x))&Q(x)))))->(V->(@x(@x(P(x))&Q(x))->@x(@x(P(x))&Q(x))))))->((V&@x(@x(P(x))&Q(x))->@x(@x(P(x))&Q(x)))->((V->(@x(@x(P(x))&Q(x))->(V&@x(@x(P(x))&Q(x))->@x(@x(P(x))&Q(x)))))->((V->((@x(@x(P(x))&Q(x))->(V&@x(@x(P(x))&Q(x))->@x(@x(P(x))&Q(x))))->(@x(@x(P(x))&Q(x))->@x(@x(P(x))&Q(x)))))->(V->(@x(@x(P(x))&Q(x))->@x(@x(P(x))&Q(x)))))))
(V&@x(@x(P(x))&Q(x))->@x(@x(P(x))&Q(x)))->((V->(@x(@x(P(x))&Q(x))->(V&@x(@x(P(x))&Q(x))->@x(@x(P(x))&Q(x)))))->((V->((@x(@x(P(x))&Q(x))->(V&@x(@x(P(x))&Q(x))->@x(@x(P(x))&Q(x))))->(@x(@x(P(x))&Q(x))->@x(@x(P(x))&Q(x)))))->(V->(@x(@x(P(x))&Q(x))->@x(@x(P(x))&Q(x))))))
((V&@x(@x(P(x))&Q(x))->@x(@x(P(x))&Q(x)))->(V->(@x(@x(P(x))&Q(x))->(V&@x(@x(P(x))&Q(x))->@x(@x(P(x))&Q(x))))))->(((V&@x(@x(P(x))&Q(x))->@x(@x(P(x))&Q(x)))->((V->(@x(@x(P(x))&Q(x))->(V&@x(@x(P(x))&Q(x))->@x(@x(P(x))&Q(x)))))->((V->((@x(@x(P(x))&Q(x))->(V&@x(@x(P(x))&Q(x))->@x(@x(P(x))&Q(x))))->(@x(@x(P(x))&Q(x))->@x(@x(P(x))&Q(x)))))->(V->(@x(@x(P(x))&Q(x))->@x(@x(P(x))&Q(x)))))))->((V&@x(@x(P(x))&Q(x))->@x(@x(P(x))&Q(x)))->((V->((@x(@x(P(x))&Q(x))->(V&@x(@x(P(x))&Q(x))->@x(@x(P(x))&Q(x))))->(@x(@x(P(x))&Q(x))->@x(@x(P(x))&Q(x)))))->(V->(@x(@x(P(x))&Q(x))->@x(@x(P(x))&Q(x)))))))
((V&@x(@x(P(x))&Q(x))->@x(@x(P(x))&Q(x)))->((V->(@x(@x(P(x))&Q(x))->(V&@x(@x(P(x))&Q(x))->@x(@x(P(x))&Q(x)))))->((V->((@x(@x(P(x))&Q(x))->(V&@x(@x(P(x))&Q(x))->@x(@x(P(x))&Q(x))))->(@x(@x(P(x))&Q(x))->@x(@x(P(x))&Q(x)))))->(V->(@x(@x(P(x))&Q(x))->@x(@x(P(x))&Q(x)))))))->((V&@x(@x(P(x))&Q(x))->@x(@x(P(x))&Q(x)))->((V->((@x(@x(P(x))&Q(x))->(V&@x(@x(P(x))&Q(x))->@x(@x(P(x))&Q(x))))->(@x(@x(P(x))&Q(x))->@x(@x(P(x))&Q(x)))))->(V->(@x(@x(P(x))&Q(x))->@x(@x(P(x))&Q(x))))))
(V&@x(@x(P(x))&Q(x))->@x(@x(P(x))&Q(x)))->((V->((@x(@x(P(x))&Q(x))->(V&@x(@x(P(x))&Q(x))->@x(@x(P(x))&Q(x))))->(@x(@x(P(x))&Q(x))->@x(@x(P(x))&Q(x)))))->(V->(@x(@x(P(x))&Q(x))->@x(@x(P(x))&Q(x)))))
((V&@x(@x(P(x))&Q(x))->@x(@x(P(x))&Q(x)))->(V->((@x(@x(P(x))&Q(x))->(V&@x(@x(P(x))&Q(x))->@x(@x(P(x))&Q(x))))->(@x(@x(P(x))&Q(x))->@x(@x(P(x))&Q(x))))))->(((V&@x(@x(P(x))&Q(x))->@x(@x(P(x))&Q(x)))->((V->((@x(@x(P(x))&Q(x))->(V&@x(@x(P(x))&Q(x))->@x(@x(P(x))&Q(x))))->(@x(@x(P(x))&Q(x))->@x(@x(P(x))&Q(x)))))->(V->(@x(@x(P(x))&Q(x))->@x(@x(P(x))&Q(x))))))->((V&@x(@x(P(x))&Q(x))->@x(@x(P(x))&Q(x)))->(V->(@x(@x(P(x))&Q(x))->@x(@x(P(x))&Q(x))))))
((V&@x(@x(P(x))&Q(x))->@x(@x(P(x))&Q(x)))->((V->((@x(@x(P(x))&Q(x))->(V&@x(@x(P(x))&Q(x))->@x(@x(P(x))&Q(x))))->(@x(@x(P(x))&Q(x))->@x(@x(P(x))&Q(x)))))->(V->(@x(@x(P(x))&Q(x))->@x(@x(P(x))&Q(x))))))->((V&@x(@x(P(x))&Q(x))->@x(@x(P(x))&Q(x)))->(V->(@x(@x(P(x))&Q(x))->@x(@x(P(x))&Q(x)))))
(V&@x(@x(P(x))&Q(x))->@x(@x(P(x))&Q(x)))->(V->(@x(@x(P(x))&Q(x))->@x(@x(P(x))&Q(x))))
V&@x(@x(P(x))&Q(x))->V
(V&@x(@x(P(x))&Q(x))->V)->((V->(@x(@x(P(x))&Q(x))->@x(P(x))&Q(x)))->(V&@x(@x(P(x))&Q(x))->V))
(V->(@x(@x(P(x))&Q(x))->@x(P(x))&Q(x)))->(V&@x(@x(P(x))&Q(x))->V)
(V&@x(@x(P(x))&Q(x))->V)->(V&@x(@x(P(x))&Q(x))->(V&@x(@x(P(x))&Q(x))->V))
((V&@x(@x(P(x))&Q(x))->V)->(V&@x(@x(P(x))&Q(x))->(V&@x(@x(P(x))&Q(x))->V)))->((V->(@x(@x(P(x))&Q(x))->@x(P(x))&Q(x)))->((V&@x(@x(P(x))&Q(x))->V)->(V&@x(@x(P(x))&Q(x))->(V&@x(@x(P(x))&Q(x))->V))))
(V->(@x(@x(P(x))&Q(x))->@x(P(x))&Q(x)))->((V&@x(@x(P(x))&Q(x))->V)->(V&@x(@x(P(x))&Q(x))->(V&@x(@x(P(x))&Q(x))->V)))
((V->(@x(@x(P(x))&Q(x))->@x(P(x))&Q(x)))->(V&@x(@x(P(x))&Q(x))->V))->(((V->(@x(@x(P(x))&Q(x))->@x(P(x))&Q(x)))->((V&@x(@x(P(x))&Q(x))->V)->(V&@x(@x(P(x))&Q(x))->(V&@x(@x(P(x))&Q(x))->V))))->((V->(@x(@x(P(x))&Q(x))->@x(P(x))&Q(x)))->(V&@x(@x(P(x))&Q(x))->(V&@x(@x(P(x))&Q(x))->V))))
((V->(@x(@x(P(x))&Q(x))->@x(P(x))&Q(x)))->((V&@x(@x(P(x))&Q(x))->V)->(V&@x(@x(P(x))&Q(x))->(V&@x(@x(P(x))&Q(x))->V))))->((V->(@x(@x(P(x))&Q(x))->@x(P(x))&Q(x)))->(V&@x(@x(P(x))&Q(x))->(V&@x(@x(P(x))&Q(x))->V)))
(V->(@x(@x(P(x))&Q(x))->@x(P(x))&Q(x)))->(V&@x(@x(P(x))&Q(x))->(V&@x(@x(P(x))&Q(x))->V))
V&@x(@x(P(x))&Q(x))->(V&@x(@x(P(x))&Q(x))->V&@x(@x(P(x))&Q(x)))
(V&@x(@x(P(x))&Q(x))->(V&@x(@x(P(x))&Q(x))->V&@x(@x(P(x))&Q(x))))->((V->(@x(@x(P(x))&Q(x))->@x(P(x))&Q(x)))->(V&@x(@x(P(x))&Q(x))->(V&@x(@x(P(x))&Q(x))->V&@x(@x(P(x))&Q(x)))))
(V->(@x(@x(P(x))&Q(x))->@x(P(x))&Q(x)))->(V&@x(@x(P(x))&Q(x))->(V&@x(@x(P(x))&Q(x))->V&@x(@x(P(x))&Q(x))))
(V&@x(@x(P(x))&Q(x))->(V&@x(@x(P(x))&Q(x))->V&@x(@x(P(x))&Q(x))))->((V&@x(@x(P(x))&Q(x))->((V&@x(@x(P(x))&Q(x))->V&@x(@x(P(x))&Q(x)))->V&@x(@x(P(x))&Q(x))))->(V&@x(@x(P(x))&Q(x))->V&@x(@x(P(x))&Q(x))))
((V&@x(@x(P(x))&Q(x))->(V&@x(@x(P(x))&Q(x))->V&@x(@x(P(x))&Q(x))))->((V&@x(@x(P(x))&Q(x))->((V&@x(@x(P(x))&Q(x))->V&@x(@x(P(x))&Q(x)))->V&@x(@x(P(x))&Q(x))))->(V&@x(@x(P(x))&Q(x))->V&@x(@x(P(x))&Q(x)))))->((V->(@x(@x(P(x))&Q(x))->@x(P(x))&Q(x)))->((V&@x(@x(P(x))&Q(x))->(V&@x(@x(P(x))&Q(x))->V&@x(@x(P(x))&Q(x))))->((V&@x(@x(P(x))&Q(x))->((V&@x(@x(P(x))&Q(x))->V&@x(@x(P(x))&Q(x)))->V&@x(@x(P(x))&Q(x))))->(V&@x(@x(P(x))&Q(x))->V&@x(@x(P(x))&Q(x))))))
(V->(@x(@x(P(x))&Q(x))->@x(P(x))&Q(x)))->((V&@x(@x(P(x))&Q(x))->(V&@x(@x(P(x))&Q(x))->V&@x(@x(P(x))&Q(x))))->((V&@x(@x(P(x))&Q(x))->((V&@x(@x(P(x))&Q(x))->V&@x(@x(P(x))&Q(x)))->V&@x(@x(P(x))&Q(x))))->(V&@x(@x(P(x))&Q(x))->V&@x(@x(P(x))&Q(x)))))
((V->(@x(@x(P(x))&Q(x))->@x(P(x))&Q(x)))->(V&@x(@x(P(x))&Q(x))->(V&@x(@x(P(x))&Q(x))->V&@x(@x(P(x))&Q(x)))))->(((V->(@x(@x(P(x))&Q(x))->@x(P(x))&Q(x)))->((V&@x(@x(P(x))&Q(x))->(V&@x(@x(P(x))&Q(x))->V&@x(@x(P(x))&Q(x))))->((V&@x(@x(P(x))&Q(x))->((V&@x(@x(P(x))&Q(x))->V&@x(@x(P(x))&Q(x)))->V&@x(@x(P(x))&Q(x))))->(V&@x(@x(P(x))&Q(x))->V&@x(@x(P(x))&Q(x))))))->((V->(@x(@x(P(x))&Q(x))->@x(P(x))&Q(x)))->((V&@x(@x(P(x))&Q(x))->((V&@x(@x(P(x))&Q(x))->V&@x(@x(P(x))&Q(x)))->V&@x(@x(P(x))&Q(x))))->(V&@x(@x(P(x))&Q(x))->V&@x(@x(P(x))&Q(x))))))
((V->(@x(@x(P(x))&Q(x))->@x(P(x))&Q(x)))->((V&@x(@x(P(x))&Q(x))->(V&@x(@x(P(x))&Q(x))->V&@x(@x(P(x))&Q(x))))->((V&@x(@x(P(x))&Q(x))->((V&@x(@x(P(x))&Q(x))->V&@x(@x(P(x))&Q(x)))->V&@x(@x(P(x))&Q(x))))->(V&@x(@x(P(x))&Q(x))->V&@x(@x(P(x))&Q(x))))))->((V->(@x(@x(P(x))&Q(x))->@x(P(x))&Q(x)))->((V&@x(@x(P(x))&Q(x))->((V&@x(@x(P(x))&Q(x))->V&@x(@x(P(x))&Q(x)))->V&@x(@x(P(x))&Q(x))))->(V&@x(@x(P(x))&Q(x))->V&@x(@x(P(x))&Q(x)))))
(V->(@x(@x(P(x))&Q(x))->@x(P(x))&Q(x)))->((V&@x(@x(P(x))&Q(x))->((V&@x(@x(P(x))&Q(x))->V&@x(@x(P(x))&Q(x)))->V&@x(@x(P(x))&Q(x))))->(V&@x(@x(P(x))&Q(x))->V&@x(@x(P(x))&Q(x))))
V&@x(@x(P(x))&Q(x))->((V&@x(@x(P(x))&Q(x))->V&@x(@x(P(x))&Q(x)))->V&@x(@x(P(x))&Q(x)))
(V&@x(@x(P(x))&Q(x))->((V&@x(@x(P(x))&Q(x))->V&@x(@x(P(x))&Q(x)))->V&@x(@x(P(x))&Q(x))))->((V->(@x(@x(P(x))&Q(x))->@x(P(x))&Q(x)))->(V&@x(@x(P(x))&Q(x))->((V&@x(@x(P(x))&Q(x))->V&@x(@x(P(x))&Q(x)))->V&@x(@x(P(x))&Q(x)))))
(V->(@x(@x(P(x))&Q(x))->@x(P(x))&Q(x)))->(V&@x(@x(P(x))&Q(x))->((V&@x(@x(P(x))&Q(x))->V&@x(@x(P(x))&Q(x)))->V&@x(@x(P(x))&Q(x))))
((V->(@x(@x(P(x))&Q(x))->@x(P(x))&Q(x)))->(V&@x(@x(P(x))&Q(x))->((V&@x(@x(P(x))&Q(x))->V&@x(@x(P(x))&Q(x)))->V&@x(@x(P(x))&Q(x)))))->(((V->(@x(@x(P(x))&Q(x))->@x(P(x))&Q(x)))->((V&@x(@x(P(x))&Q(x))->((V&@x(@x(P(x))&Q(x))->V&@x(@x(P(x))&Q(x)))->V&@x(@x(P(x))&Q(x))))->(V&@x(@x(P(x))&Q(x))->V&@x(@x(P(x))&Q(x)))))->((V->(@x(@x(P(x))&Q(x))->@x(P(x))&Q(x)))->(V&@x(@x(P(x))&Q(x))->V&@x(@x(P(x))&Q(x)))))
((V->(@x(@x(P(x))&Q(x))->@x(P(x))&Q(x)))->((V&@x(@x(P(x))&Q(x))->((V&@x(@x(P(x))&Q(x))->V&@x(@x(P(x))&Q(x)))->V&@x(@x(P(x))&Q(x))))->(V&@x(@x(P(x))&Q(x))->V&@x(@x(P(x))&Q(x)))))->((V->(@x(@x(P(x))&Q(x))->@x(P(x))&Q(x)))->(V&@x(@x(P(x))&Q(x))->V&@x(@x(P(x))&Q(x))))
(V->(@x(@x(P(x))&Q(x))->@x(P(x))&Q(x)))->(V&@x(@x(P(x))&Q(x))->V&@x(@x(P(x))&Q(x)))
(V&@x(@x(P(x))&Q(x))->V&@x(@x(P(x))&Q(x)))->((V&@x(@x(P(x))&Q(x))->(V&@x(@x(P(x))&Q(x))->V))->(V&@x(@x(P(x))&Q(x))->V))
((V&@x(@x(P(x))&Q(x))->V&@x(@x(P(x))&Q(x)))->((V&@x(@x(P(x))&Q(x))->(V&@x(@x(P(x))&Q(x))->V))->(V&@x(@x(P(x))&Q(x))->V)))->((V->(@x(@x(P(x))&Q(x))->@x(P(x))&Q(x)))->((V&@x(@x(P(x))&Q(x))->V&@x(@x(P(x))&Q(x)))->((V&@x(@x(P(x))&Q(x))->(V&@x(@x(P(x))&Q(x))->V))->(V&@x(@x(P(x))&Q(x))->V))))
(V->(@x(@x(P(x))&Q(x))->@x(P(x))&Q(x)))->((V&@x(@x(P(x))&Q(x))->V&@x(@x(P(x))&Q(x)))->((V&@x(@x(P(x))&Q(x))->(V&@x(@x(P(x))&Q(x))->V))->(V&@x(@x(P(x))&Q(x))->V)))
((V->(@x(@x(P(x))&Q(x))->@x(P(x))&Q(x)))->(V&@x(@x(P(x))&Q(x))->V&@x(@x(P(x))&Q(x))))->(((V->(@x(@x(P(x))&Q(x))->@x(P(x))&Q(x)))->((V&@x(@x(P(x))&Q(x))->V&@x(@x(P(x))&Q(x)))->((V&@x(@x(P(x))&Q(x))->(V&@x(@x(P(x))&Q(x))->V))->(V&@x(@x(P(x))&Q(x))->V))))->((V->(@x(@x(P(x))&Q(x))->@x(P(x))&Q(x)))->((V&@x(@x(P(x))&Q(x))->(V&@x(@x(P(x))&Q(x))->V))->(V&@x(@x(P(x))&Q(x))->V))))
((V->(@x(@x(P(x))&Q(x))->@x(P(x))&Q(x)))->((V&@x(@x(P(x))&Q(x))->V&@x(@x(P(x))&Q(x)))->((V&@x(@x(P(x))&Q(x))->(V&@x(@x(P(x))&Q(x))->V))->(V&@x(@x(P(x))&Q(x))->V))))->((V->(@x(@x(P(x))&Q(x))->@x(P(x))&Q(x)))->((V&@x(@x(P(x))&Q(x))->(V&@x(@x(P(x))&Q(x))->V))->(V&@x(@x(P(x))&Q(x))->V)))
(V->(@x(@x(P(x))&Q(x))->@x(P(x))&Q(x)))->((V&@x(@x(P(x))&Q(x))->(V&@x(@x(P(x))&Q(x))->V))->(V&@x(@x(P(x))&Q(x))->V))
V&@x(@x(P(x))&Q(x))->V
(V&@x(@x(P(x))&Q(x))->V)->((V->(@x(@x(P(x))&Q(x))->@x(P(x))&Q(x)))->(V&@x(@x(P(x))&Q(x))->V))
(V->(@x(@x(P(x))&Q(x))->@x(P(x))&Q(x)))->(V&@x(@x(P(x))&Q(x))->V)
V&@x(@x(P(x))&Q(x))->@x(@x(P(x))&Q(x))
(V&@x(@x(P(x))&Q(x))->@x(@x(P(x))&Q(x)))->((V->(@x(@x(P(x))&Q(x))->@x(P(x))&Q(x)))->(V&@x(@x(P(x))&Q(x))->@x(@x(P(x))&Q(x))))
(V->(@x(@x(P(x))&Q(x))->@x(P(x))&Q(x)))->(V&@x(@x(P(x))&Q(x))->@x(@x(P(x))&Q(x)))
(V&@x(@x(P(x))&Q(x))->@x(@x(P(x))&Q(x)))->(V&@x(@x(P(x))&Q(x))->(V&@x(@x(P(x))&Q(x))->@x(@x(P(x))&Q(x))))
((V&@x(@x(P(x))&Q(x))->@x(@x(P(x))&Q(x)))->(V&@x(@x(P(x))&Q(x))->(V&@x(@x(P(x))&Q(x))->@x(@x(P(x))&Q(x)))))->((V->(@x(@x(P(x))&Q(x))->@x(P(x))&Q(x)))->((V&@x(@x(P(x))&Q(x))->@x(@x(P(x))&Q(x)))->(V&@x(@x(P(x))&Q(x))->(V&@x(@x(P(x))&Q(x))->@x(@x(P(x))&Q(x))))))
(V->(@x(@x(P(x))&Q(x))->@x(P(x))&Q(x)))->((V&@x(@x(P(x))&Q(x))->@x(@x(P(x))&Q(x)))->(V&@x(@x(P(x))&Q(x))->(V&@x(@x(P(x))&Q(x))->@x(@x(P(x))&Q(x)))))
((V->(@x(@x(P(x))&Q(x))->@x(P(x))&Q(x)))->(V&@x(@x(P(x))&Q(x))->@x(@x(P(x))&Q(x))))->(((V->(@x(@x(P(x))&Q(x))->@x(P(x))&Q(x)))->((V&@x(@x(P(x))&Q(x))->@x(@x(P(x))&Q(x)))->(V&@x(@x(P(x))&Q(x))->(V&@x(@x(P(x))&Q(x))->@x(@x(P(x))&Q(x))))))->((V->(@x(@x(P(x))&Q(x))->@x(P(x))&Q(x)))->(V&@x(@x(P(x))&Q(x))->(V&@x(@x(P(x))&Q(x))->@x(@x(P(x))&Q(x))))))
((V->(@x(@x(P(x))&Q(x))->@x(P(x))&Q(x)))->((V&@x(@x(P(x))&Q(x))->@x(@x(P(x))&Q(x)))->(V&@x(@x(P(x))&Q(x))->(V&@x(@x(P(x))&Q(x))->@x(@x(P(x))&Q(x))))))->((V->(@x(@x(P(x))&Q(x))->@x(P(x))&Q(x)))->(V&@x(@x(P(x))&Q(x))->(V&@x(@x(P(x))&Q(x))->@x(@x(P(x))&Q(x)))))
(V->(@x(@x(P(x))&Q(x))->@x(P(x))&Q(x)))->(V&@x(@x(P(x))&Q(x))->(V&@x(@x(P(x))&Q(x))->@x(@x(P(x))&Q(x))))
(V&@x(@x(P(x))&Q(x))->V&@x(@x(P(x))&Q(x)))->((V&@x(@x(P(x))&Q(x))->(V&@x(@x(P(x))&Q(x))->@x(@x(P(x))&Q(x))))->(V&@x(@x(P(x))&Q(x))->@x(@x(P(x))&Q(x))))
((V&@x(@x(P(x))&Q(x))->V&@x(@x(P(x))&Q(x)))->((V&@x(@x(P(x))&Q(x))->(V&@x(@x(P(x))&Q(x))->@x(@x(P(x))&Q(x))))->(V&@x(@x(P(x))&Q(x))->@x(@x(P(x))&Q(x)))))->((V->(@x(@x(P(x))&Q(x))->@x(P(x))&Q(x)))->((V&@x(@x(P(x))&Q(x))->V&@x(@x(P(x))&Q(x)))->((V&@x(@x(P(x))&Q(x))->(V&@x(@x(P(x))&Q(x))->@x(@x(P(x))&Q(x))))->(V&@x(@x(P(x))&Q(x))->@x(@x(P(x))&Q(x))))))
(V->(@x(@x(P(x))&Q(x))->@x(P(x))&Q(x)))->((V&@x(@x(P(x))&Q(x))->V&@x(@x(P(x))&Q(x)))->((V&@x(@x(P(x))&Q(x))->(V&@x(@x(P(x))&Q(x))->@x(@x(P(x))&Q(x))))->(V&@x(@x(P(x))&Q(x))->@x(@x(P(x))&Q(x)))))
((V->(@x(@x(P(x))&Q(x))->@x(P(x))&Q(x)))->(V&@x(@x(P(x))&Q(x))->V&@x(@x(P(x))&Q(x))))->(((V->(@x(@x(P(x))&Q(x))->@x(P(x))&Q(x)))->((V&@x(@x(P(x))&Q(x))->V&@x(@x(P(x))&Q(x)))->((V&@x(@x(P(x))&Q(x))->(V&@x(@x(P(x))&Q(x))->@x(@x(P(x))&Q(x))))->(V&@x(@x(P(x))&Q(x))->@x(@x(P(x))&Q(x))))))->((V->(@x(@x(P(x))&Q(x))->@x(P(x))&Q(x)))->((V&@x(@x(P(x))&Q(x))->(V&@x(@x(P(x))&Q(x))->@x(@x(P(x))&Q(x))))->(V&@x(@x(P(x))&Q(x))->@x(@x(P(x))&Q(x))))))
((V->(@x(@x(P(x))&Q(x))->@x(P(x))&Q(x)))->((V&@x(@x(P(x))&Q(x))->V&@x(@x(P(x))&Q(x)))->((V&@x(@x(P(x))&Q(x))->(V&@x(@x(P(x))&Q(x))->@x(@x(P(x))&Q(x))))->(V&@x(@x(P(x))&Q(x))->@x(@x(P(x))&Q(x))))))->((V->(@x(@x(P(x))&Q(x))->@x(P(x))&Q(x)))->((V&@x(@x(P(x))&Q(x))->(V&@x(@x(P(x))&Q(x))->@x(@x(P(x))&Q(x))))->(V&@x(@x(P(x))&Q(x))->@x(@x(P(x))&Q(x)))))
(V->(@x(@x(P(x))&Q(x))->@x(P(x))&Q(x)))->((V&@x(@x(P(x))&Q(x))->(V&@x(@x(P(x))&Q(x))->@x(@x(P(x))&Q(x))))->(V&@x(@x(P(x))&Q(x))->@x(@x(P(x))&Q(x))))
V&@x(@x(P(x))&Q(x))->@x(@x(P(x))&Q(x))
(V&@x(@x(P(x))&Q(x))->@x(@x(P(x))&Q(x)))->((V->(@x(@x(P(x))&Q(x))->@x(P(x))&Q(x)))->(V&@x(@x(P(x))&Q(x))->@x(@x(P(x))&Q(x))))
(V->(@x(@x(P(x))&Q(x))->@x(P(x))&Q(x)))->(V&@x(@x(P(x))&Q(x))->@x(@x(P(x))&Q(x)))
(V->(@x(@x(P(x))&Q(x))->@x(P(x))&Q(x)))->((V->(@x(@x(P(x))&Q(x))->@x(P(x))&Q(x)))->(V->(@x(@x(P(x))&Q(x))->@x(P(x))&Q(x))))
((V->(@x(@x(P(x))&Q(x))->@x(P(x))&Q(x)))->((V->(@x(@x(P(x))&Q(x))->@x(P(x))&Q(x)))->(V->(@x(@x(P(x))&Q(x))->@x(P(x))&Q(x)))))->(((V->(@x(@x(P(x))&Q(x))->@x(P(x))&Q(x)))->(((V->(@x(@x(P(x))&Q(x))->@x(P(x))&Q(x)))->(V->(@x(@x(P(x))&Q(x))->@x(P(x))&Q(x))))->(V->(@x(@x(P(x))&Q(x))->@x(P(x))&Q(x)))))->((V->(@x(@x(P(x))&Q(x))->@x(P(x))&Q(x)))->(V->(@x(@x(P(x))&Q(x))->@x(P(x))&Q(x)))))
((V->(@x(@x(P(x))&Q(x))->@x(P(x))&Q(x)))->(((V->(@x(@x(P(x))&Q(x))->@x(P(x))&Q(x)))->(V->(@x(@x(P(x))&Q(x))->@x(P(x))&Q(x))))->(V->(@x(@x(P(x))&Q(x))->@x(P(x))&Q(x)))))->((V->(@x(@x(P(x))&Q(x))->@x(P(x))&Q(x)))->(V->(@x(@x(P(x))&Q(x))->@x(P(x))&Q(x))))
(V->(@x(@x(P(x))&Q(x))->@x(P(x))&Q(x)))->(((V->(@x(@x(P(x))&Q(x))->@x(P(x))&Q(x)))->(V->(@x(@x(P(x))&Q(x))->@x(P(x))&Q(x))))->(V->(@x(@x(P(x))&Q(x))->@x(P(x))&Q(x))))
(V->(@x(@x(P(x))&Q(x))->@x(P(x))&Q(x)))->(V->(@x(@x(P(x))&Q(x))->@x(P(x))&Q(x)))
(V->(@x(@x(P(x))&Q(x))->@x(P(x))&Q(x)))->(V&@x(@x(P(x))&Q(x))->(V->(@x(@x(P(x))&Q(x))->@x(P(x))&Q(x))))
((V->(@x(@x(P(x))&Q(x))->@x(P(x))&Q(x)))->(V&@x(@x(P(x))&Q(x))->(V->(@x(@x(P(x))&Q(x))->@x(P(x))&Q(x)))))->((V->(@x(@x(P(x))&Q(x))->@x(P(x))&Q(x)))->((V->(@x(@x(P(x))&Q(x))->@x(P(x))&Q(x)))->(V&@x(@x(P(x))&Q(x))->(V->(@x(@x(P(x))&Q(x))->@x(P(x))&Q(x))))))
(V->(@x(@x(P(x))&Q(x))->@x(P(x))&Q(x)))->((V->(@x(@x(P(x))&Q(x))->@x(P(x))&Q(x)))->(V&@x(@x(P(x))&Q(x))->(V->(@x(@x(P(x))&Q(x))->@x(P(x))&Q(x)))))
((V->(@x(@x(P(x))&Q(x))->@x(P(x))&Q(x)))->(V->(@x(@x(P(x))&Q(x))->@x(P(x))&Q(x))))->(((V->(@x(@x(P(x))&Q(x))->@x(P(x))&Q(x)))->((V->(@x(@x(P(x))&Q(x))->@x(P(x))&Q(x)))->(V&@x(@x(P(x))&Q(x))->(V->(@x(@x(P(x))&Q(x))->@x(P(x))&Q(x))))))->((V->(@x(@x(P(x))&Q(x))->@x(P(x))&Q(x)))->(V&@x(@x(P(x))&Q(x))->(V->(@x(@x(P(x))&Q(x))->@x(P(x))&Q(x))))))
((V->(@x(@x(P(x))&Q(x))->@x(P(x))&Q(x)))->((V->(@x(@x(P(x))&Q(x))->@x(P(x))&Q(x)))->(V&@x(@x(P(x))&Q(x))->(V->(@x(@x(P(x))&Q(x))->@x(P(x))&Q(x))))))->((V->(@x(@x(P(x))&Q(x))->@x(P(x))&Q(x)))->(V&@x(@x(P(x))&Q(x))->(V->(@x(@x(P(x))&Q(x))->@x(P(x))&Q(x)))))
(V->(@x(@x(P(x))&Q(x))->@x(P(x))&Q(x)))->(V&@x(@x(P(x))&Q(x))->(V->(@x(@x(P(x))&Q(x))->@x(P(x))&Q(x))))
(V&@x(@x(P(x))&Q(x))->V)->((V&@x(@x(P(x))&Q(x))->(V->(@x(@x(P(x))&Q(x))->@x(P(x))&Q(x))))->(V&@x(@x(P(x))&Q(x))->(@x(@x(P(x))&Q(x))->@x(P(x))&Q(x))))
((V&@x(@x(P(x))&Q(x))->V)->((V&@x(@x(P(x))&Q(x))->(V->(@x(@x(P(x))&Q(x))->@x(P(x))&Q(x))))->(V&@x(@x(P(x))&Q(x))->(@x(@x(P(x))&Q(x))->@x(P(x))&Q(x)))))->((V->(@x(@x(P(x))&Q(x))->@x(P(x))&Q(x)))->((V&@x(@x(P(x))&Q(x))->V)->((V&@x(@x(P(x))&Q(x))->(V->(@x(@x(P(x))&Q(x))->@x(P(x))&Q(x))))->(V&@x(@x(P(x))&Q(x))->(@x(@x(P(x))&Q(x))->@x(P(x))&Q(x))))))
(V->(@x(@x(P(x))&Q(x))->@x(P(x))&Q(x)))->((V&@x(@x(P(x))&Q(x))->V)->((V&@x(@x(P(x))&Q(x))->(V->(@x(@x(P(x))&Q(x))->@x(P(x))&Q(x))))->(V&@x(@x(P(x))&Q(x))->(@x(@x(P(x))&Q(x))->@x(P(x))&Q(x)))))
((V->(@x(@x(P(x))&Q(x))->@x(P(x))&Q(x)))->(V&@x(@x(P(x))&Q(x))->V))->(((V->(@x(@x(P(x))&Q(x))->@x(P(x))&Q(x)))->((V&@x(@x(P(x))&Q(x))->V)->((V&@x(@x(P(x))&Q(x))->(V->(@x(@x(P(x))&Q(x))->@x(P(x))&Q(x))))->(V&@x(@x(P(x))&Q(x))->(@x(@x(P(x))&Q(x))->@x(P(x))&Q(x))))))->((V->(@x(@x(P(x))&Q(x))->@x(P(x))&Q(x)))->((V&@x(@x(P(x))&Q(x))->(V->(@x(@x(P(x))&Q(x))->@x(P(x))&Q(x))))->(V&@x(@x(P(x))&Q(x))->(@x(@x(P(x))&Q(x))->@x(P(x))&Q(x))))))
((V->(@x(@x(P(x))&Q(x))->@x(P(x))&Q(x)))->((V&@x(@x(P(x))&Q(x))->V)->((V&@x(@x(P(x))&Q(x))->(V->(@x(@x(P(x))&Q(x))->@x(P(x))&Q(x))))->(V&@x(@x(P(x))&Q(x))->(@x(@x(P(x))&Q(x))->@x(P(x))&Q(x))))))->((V->(@x(@x(P(x))&Q(x))->@x(P(x))&Q(x)))->((V&@x(@x(P(x))&Q(x))->(V->(@x(@x(P(x))&Q(x))->@x(P(x))&Q(x))))->(V&@x(@x(P(x))&Q(x))->(@x(@x(P(x))&Q(x))->@x(P(x))&Q(x)))))
(V->(@x(@x(P(x))&Q(x))->@x(P(x))&Q(x)))->((V&@x(@x(P(x))&Q(x))->(V->(@x(@x(P(x))&Q(x))->@x(P(x))&Q(x))))->(V&@x(@x(P(x))&Q(x))->(@x(@x(P(x))&Q(x))->@x(P(x))&Q(x))))
((V->(@x(@x(P(x))&Q(x))->@x(P(x))&Q(x)))->(V&@x(@x(P(x))&Q(x))->(V->(@x(@x(P(x))&Q(x))->@x(P(x))&Q(x)))))->(((V->(@x(@x(P(x))&Q(x))->@x(P(x))&Q(x)))->((V&@x(@x(P(x))&Q(x))->(V->(@x(@x(P(x))&Q(x))->@x(P(x))&Q(x))))->(V&@x(@x(P(x))&Q(x))->(@x(@x(P(x))&Q(x))->@x(P(x))&Q(x)))))->((V->(@x(@x(P(x))&Q(x))->@x(P(x))&Q(x)))->(V&@x(@x(P(x))&Q(x))->(@x(@x(P(x))&Q(x))->@x(P(x))&Q(x)))))
((V->(@x(@x(P(x))&Q(x))->@x(P(x))&Q(x)))->((V&@x(@x(P(x))&Q(x))->(V->(@x(@x(P(x))&Q(x))->@x(P(x))&Q(x))))->(V&@x(@x(P(x))&Q(x))->(@x(@x(P(x))&Q(x))->@x(P(x))&Q(x)))))->((V->(@x(@x(P(x))&Q(x))->@x(P(x))&Q(x)))->(V&@x(@x(P(x))&Q(x))->(@x(@x(P(x))&Q(x))->@x(P(x))&Q(x))))
(V->(@x(@x(P(x))&Q(x))->@x(P(x))&Q(x)))->(V&@x(@x(P(x))&Q(x))->(@x(@x(P(x))&Q(x))->@x(P(x))&Q(x)))
(V&@x(@x(P(x))&Q(x))->@x(@x(P(x))&Q(x)))->((V&@x(@x(P(x))&Q(x))->(@x(@x(P(x))&Q(x))->@x(P(x))&Q(x)))->(V&@x(@x(P(x))&Q(x))->@x(P(x))&Q(x)))
((V&@x(@x(P(x))&Q(x))->@x(@x(P(x))&Q(x)))->((V&@x(@x(P(x))&Q(x))->(@x(@x(P(x))&Q(x))->@x(P(x))&Q(x)))->(V&@x(@x(P(x))&Q(x))->@x(P(x))&Q(x))))->((V->(@x(@x(P(x))&Q(x))->@x(P(x))&Q(x)))->((V&@x(@x(P(x))&Q(x))->@x(@x(P(x))&Q(x)))->((V&@x(@x(P(x))&Q(x))->(@x(@x(P(x))&Q(x))->@x(P(x))&Q(x)))->(V&@x(@x(P(x))&Q(x))->@x(P(x))&Q(x)))))
(V->(@x(@x(P(x))&Q(x))->@x(P(x))&Q(x)))->((V&@x(@x(P(x))&Q(x))->@x(@x(P(x))&Q(x)))->((V&@x(@x(P(x))&Q(x))->(@x(@x(P(x))&Q(x))->@x(P(x))&Q(x)))->(V&@x(@x(P(x))&Q(x))->@x(P(x))&Q(x))))
((V->(@x(@x(P(x))&Q(x))->@x(P(x))&Q(x)))->(V&@x(@x(P(x))&Q(x))->@x(@x(P(x))&Q(x))))->(((V->(@x(@x(P(x))&Q(x))->@x(P(x))&Q(x)))->((V&@x(@x(P(x))&Q(x))->@x(@x(P(x))&Q(x)))->((V&@x(@x(P(x))&Q(x))->(@x(@x(P(x))&Q(x))->@x(P(x))&Q(x)))->(V&@x(@x(P(x))&Q(x))->@x(P(x))&Q(x)))))->((V->(@x(@x(P(x))&Q(x))->@x(P(x))&Q(x)))->((V&@x(@x(P(x))&Q(x))->(@x(@x(P(x))&Q(x))->@x(P(x))&Q(x)))->(V&@x(@x(P(x))&Q(x))->@x(P(x))&Q(x)))))
((V->(@x(@x(P(x))&Q(x))->@x(P(x))&Q(x)))->((V&@x(@x(P(x))&Q(x))->@x(@x(P(x))&Q(x)))->((V&@x(@x(P(x))&Q(x))->(@x(@x(P(x))&Q(x))->@x(P(x))&Q(x)))->(V&@x(@x(P(x))&Q(x))->@x(P(x))&Q(x)))))->((V->(@x(@x(P(x))&Q(x))->@x(P(x))&Q(x)))->((V&@x(@x(P(x))&Q(x))->(@x(@x(P(x))&Q(x))->@x(P(x))&Q(x)))->(V&@x(@x(P(x))&Q(x))->@x(P(x))&Q(x))))
(V->(@x(@x(P(x))&Q(x))->@x(P(x))&Q(x)))->((V&@x(@x(P(x))&Q(x))->(@x(@x(P(x))&Q(x))->@x(P(x))&Q(x)))->(V&@x(@x(P(x))&Q(x))->@x(P(x))&Q(x)))
((V->(@x(@x(P(x))&Q(x))->@x(P(x))&Q(x)))->(V&@x(@x(P(x))&Q(x))->(@x(@x(P(x))&Q(x))->@x(P(x))&Q(x))))->(((V->(@x(@x(P(x))&Q(x))->@x(P(x))&Q(x)))->((V&@x(@x(P(x))&Q(x))->(@x(@x(P(x))&Q(x))->@x(P(x))&Q(x)))->(V&@x(@x(P(x))&Q(x))->@x(P(x))&Q(x))))->((V->(@x(@x(P(x))&Q(x))->@x(P(x))&Q(x)))->(V&@x(@x(P(x))&Q(x))->@x(P(x))&Q(x))))
((V->(@x(@x(P(x))&Q(x))->@x(P(x))&Q(x)))->((V&@x(@x(P(x))&Q(x))->(@x(@x(P(x))&Q(x))->@x(P(x))&Q(x)))->(V&@x(@x(P(x))&Q(x))->@x(P(x))&Q(x))))->((V->(@x(@x(P(x))&Q(x))->@x(P(x))&Q(x)))->(V&@x(@x(P(x))&Q(x))->@x(P(x))&Q(x)))
(V->(@x(@x(P(x))&Q(x))->@x(P(x))&Q(x)))->(V&@x(@x(P(x))&Q(x))->@x(P(x))&Q(x))
V->(@x(@x(P(x))&Q(x))->@x(P(x))&Q(x))
V&@x(@x(P(x))&Q(x))->@x(P(x))&Q(x)
V&@x(@x(P(x))&Q(x))->@x(@x(P(x))&Q(x))
V->(@x(@x(P(x))&Q(x))->@x(@x(P(x))&Q(x)))
