Q(a)->?a(Q(a))
(Q(a)->?a(Q(a)))->((P(a)->Q(a))->(Q(a)->?a(Q(a))))
(P(a)->Q(a))->(Q(a)->?a(Q(a)))
(Q(a)->?a(Q(a)))->(P(a)->(Q(a)->?a(Q(a))))
((Q(a)->?a(Q(a)))->(P(a)->(Q(a)->?a(Q(a)))))->((P(a)->Q(a))->((Q(a)->?a(Q(a)))->(P(a)->(Q(a)->?a(Q(a))))))
(P(a)->Q(a))->((Q(a)->?a(Q(a)))->(P(a)->(Q(a)->?a(Q(a)))))
((P(a)->Q(a))->(Q(a)->?a(Q(a))))->(((P(a)->Q(a))->((Q(a)->?a(Q(a)))->(P(a)->(Q(a)->?a(Q(a))))))->((P(a)->Q(a))->(P(a)->(Q(a)->?a(Q(a))))))
((P(a)->Q(a))->((Q(a)->?a(Q(a)))->(P(a)->(Q(a)->?a(Q(a))))))->((P(a)->Q(a))->(P(a)->(Q(a)->?a(Q(a)))))
(P(a)->Q(a))->(P(a)->(Q(a)->?a(Q(a))))
(P(a)->Q(a))->((P(a)->Q(a))->(P(a)->Q(a)))
((P(a)->Q(a))->((P(a)->Q(a))->(P(a)->Q(a))))->(((P(a)->Q(a))->(((P(a)->Q(a))->(P(a)->Q(a)))->(P(a)->Q(a))))->((P(a)->Q(a))->(P(a)->Q(a))))
((P(a)->Q(a))->(((P(a)->Q(a))->(P(a)->Q(a)))->(P(a)->Q(a))))->((P(a)->Q(a))->(P(a)->Q(a)))
(P(a)->Q(a))->(((P(a)->Q(a))->(P(a)->Q(a)))->(P(a)->Q(a)))
(P(a)->Q(a))->(P(a)->Q(a))
(P(a)->Q(a))->((P(a)->(Q(a)->?a(Q(a))))->(P(a)->?a(Q(a))))
((P(a)->Q(a))->((P(a)->(Q(a)->?a(Q(a))))->(P(a)->?a(Q(a)))))->((P(a)->Q(a))->((P(a)->Q(a))->((P(a)->(Q(a)->?a(Q(a))))->(P(a)->?a(Q(a))))))
(P(a)->Q(a))->((P(a)->Q(a))->((P(a)->(Q(a)->?a(Q(a))))->(P(a)->?a(Q(a)))))
((P(a)->Q(a))->(P(a)->Q(a)))->(((P(a)->Q(a))->((P(a)->Q(a))->((P(a)->(Q(a)->?a(Q(a))))->(P(a)->?a(Q(a))))))->((P(a)->Q(a))->((P(a)->(Q(a)->?a(Q(a))))->(P(a)->?a(Q(a))))))
((P(a)->Q(a))->((P(a)->Q(a))->((P(a)->(Q(a)->?a(Q(a))))->(P(a)->?a(Q(a))))))->((P(a)->Q(a))->((P(a)->(Q(a)->?a(Q(a))))->(P(a)->?a(Q(a)))))
(P(a)->Q(a))->((P(a)->(Q(a)->?a(Q(a))))->(P(a)->?a(Q(a))))
((P(a)->Q(a))->(P(a)->(Q(a)->?a(Q(a)))))->(((P(a)->Q(a))->((P(a)->(Q(a)->?a(Q(a))))->(P(a)->?a(Q(a)))))->((P(a)->Q(a))->(P(a)->?a(Q(a)))))
((P(a)->Q(a))->((P(a)->(Q(a)->?a(Q(a))))->(P(a)->?a(Q(a)))))->((P(a)->Q(a))->(P(a)->?a(Q(a))))
(P(a)->Q(a))->(P(a)->?a(Q(a)))
