P(a)->(P(a)->P(a))
(P(a)->(P(a)->P(a)))->((P(a)->((P(a)->P(a))->P(a)))->(P(a)->P(a)))
(P(a)->((P(a)->P(a))->P(a)))->(P(a)->P(a))
P(a)->((P(a)->P(a))->P(a))
P(a)->P(a)
A->(A->A)
(A->(A->A))->(P(a)->(A->(A->A)))
P(a)->(A->(A->A))
P(a)->((A->(A->A))->P(a))
(P(a)->((A->(A->A))->P(a)))->(P(a)->(P(a)->((A->(A->A))->P(a))))
P(a)->(P(a)->((A->(A->A))->P(a)))
(P(a)->P(a))->((P(a)->(P(a)->((A->(A->A))->P(a))))->(P(a)->((A->(A->A))->P(a))))
(P(a)->(P(a)->((A->(A->A))->P(a))))->(P(a)->((A->(A->A))->P(a)))
P(a)->((A->(A->A))->P(a))
P(a)->(P(a)->P(a))
(P(a)->(P(a)->P(a)))->((P(a)&(A->(A->A))->@x(P(a)))->(P(a)->(P(a)->P(a))))
(P(a)&(A->(A->A))->@x(P(a)))->(P(a)->(P(a)->P(a)))
(P(a)->(P(a)->P(a)))->((P(a)->((P(a)->P(a))->P(a)))->(P(a)->P(a)))
((P(a)->(P(a)->P(a)))->((P(a)->((P(a)->P(a))->P(a)))->(P(a)->P(a))))->((P(a)&(A->(A->A))->@x(P(a)))->((P(a)->(P(a)->P(a)))->((P(a)->((P(a)->P(a))->P(a)))->(P(a)->P(a)))))
(P(a)&(A->(A->A))->@x(P(a)))->((P(a)->(P(a)->P(a)))->((P(a)->((P(a)->P(a))->P(a)))->(P(a)->P(a))))
((P(a)&(A->(A->A))->@x(P(a)))->(P(a)->(P(a)->P(a))))->(((P(a)&(A->(A->A))->@x(P(a)))->((P(a)->(P(a)->P(a)))->((P(a)->((P(a)->P(a))->P(a)))->(P(a)->P(a)))))->((P(a)&(A->(A->A))->@x(P(a)))->((P(a)->((P(a)->P(a))->P(a)))->(P(a)->P(a)))))
((P(a)&(A->(A->A))->@x(P(a)))->((P(a)->(P(a)->P(a)))->((P(a)->((P(a)->P(a))->P(a)))->(P(a)->P(a)))))->((P(a)&(A->(A->A))->@x(P(a)))->((P(a)->((P(a)->P(a))->P(a)))->(P(a)->P(a))))
(P(a)&(A->(A->A))->@x(P(a)))->((P(a)->((P(a)->P(a))->P(a)))->(P(a)->P(a)))
P(a)->((P(a)->P(a))->P(a))
(P(a)->((P(a)->P(a))->P(a)))->((P(a)&(A->(A->A))->@x(P(a)))->(P(a)->((P(a)->P(a))->P(a))))
(P(a)&(A->(A->A))->@x(P(a)))->(P(a)->((P(a)->P(a))->P(a)))
((P(a)&(A->(A->A))->@x(P(a)))->(P(a)->((P(a)->P(a))->P(a))))->(((P(a)&(A->(A->A))->@x(P(a)))->((P(a)->((P(a)->P(a))->P(a)))->(P(a)->P(a))))->((P(a)&(A->(A->A))->@x(P(a)))->(P(a)->P(a))))
((P(a)&(A->(A->A))->@x(P(a)))->((P(a)->((P(a)->P(a))->P(a)))->(P(a)->P(a))))->((P(a)&(A->(A->A))->@x(P(a)))->(P(a)->P(a)))
(P(a)&(A->(A->A))->@x(P(a)))->(P(a)->P(a))
P(a)->((A->(A->A))->P(a))
(P(a)->((A->(A->A))->P(a)))->((P(a)&(A->(A->A))->@x(P(a)))->(P(a)->((A->(A->A))->P(a))))
(P(a)&(A->(A->A))->@x(P(a)))->(P(a)->((A->(A->A))->P(a)))
(P(a)->((A->(A->A))->P(a)))->(P(a)->(P(a)->((A->(A->A))->P(a))))
((P(a)->((A->(A->A))->P(a)))->(P(a)->(P(a)->((A->(A->A))->P(a)))))->((P(a)&(A->(A->A))->@x(P(a)))->((P(a)->((A->(A->A))->P(a)))->(P(a)->(P(a)->((A->(A->A))->P(a))))))
(P(a)&(A->(A->A))->@x(P(a)))->((P(a)->((A->(A->A))->P(a)))->(P(a)->(P(a)->((A->(A->A))->P(a)))))
((P(a)&(A->(A->A))->@x(P(a)))->(P(a)->((A->(A->A))->P(a))))->(((P(a)&(A->(A->A))->@x(P(a)))->((P(a)->((A->(A->A))->P(a)))->(P(a)->(P(a)->((A->(A->A))->P(a))))))->((P(a)&(A->(A->A))->@x(P(a)))->(P(a)->(P(a)->((A->(A->A))->P(a))))))
((P(a)&(A->(A->A))->@x(P(a)))->((P(a)->((A->(A->A))->P(a)))->(P(a)->(P(a)->((A->(A->A))->P(a))))))->((P(a)&(A->(A->A))->@x(P(a)))->(P(a)->(P(a)->((A->(A->A))->P(a)))))
(P(a)&(A->(A->A))->@x(P(a)))->(P(a)->(P(a)->((A->(A->A))->P(a))))
(P(a)->P(a))->((P(a)->(P(a)->((A->(A->A))->P(a))))->(P(a)->((A->(A->A))->P(a))))
((P(a)->P(a))->((P(a)->(P(a)->((A->(A->A))->P(a))))->(P(a)->((A->(A->A))->P(a)))))->((P(a)&(A->(A->A))->@x(P(a)))->((P(a)->P(a))->((P(a)->(P(a)->((A->(A->A))->P(a))))->(P(a)->((A->(A->A))->P(a))))))
(P(a)&(A->(A->A))->@x(P(a)))->((P(a)->P(a))->((P(a)->(P(a)->((A->(A->A))->P(a))))->(P(a)->((A->(A->A))->P(a)))))
((P(a)&(A->(A->A))->@x(P(a)))->(P(a)->P(a)))->(((P(a)&(A->(A->A))->@x(P(a)))->((P(a)->P(a))->((P(a)->(P(a)->((A->(A->A))->P(a))))->(P(a)->((A->(A->A))->P(a))))))->((P(a)&(A->(A->A))->@x(P(a)))->((P(a)->(P(a)->((A->(A->A))->P(a))))->(P(a)->((A->(A->A))->P(a))))))
((P(a)&(A->(A->A))->@x(P(a)))->((P(a)->P(a))->((P(a)->(P(a)->((A->(A->A))->P(a))))->(P(a)->((A->(A->A))->P(a))))))->((P(a)&(A->(A->A))->@x(P(a)))->((P(a)->(P(a)->((A->(A->A))->P(a))))->(P(a)->((A->(A->A))->P(a)))))
(P(a)&(A->(A->A))->@x(P(a)))->((P(a)->(P(a)->((A->(A->A))->P(a))))->(P(a)->((A->(A->A))->P(a))))
P(a)->((A->(A->A))->P(a))
(P(a)->((A->(A->A))->P(a)))->((P(a)&(A->(A->A))->@x(P(a)))->(P(a)->((A->(A->A))->P(a))))
(P(a)&(A->(A->A))->@x(P(a)))->(P(a)->((A->(A->A))->P(a)))
(A->(A->A))->((A->(A->A))->(A->(A->A)))
((A->(A->A))->((A->(A->A))->(A->(A->A))))->((P(a)&(A->(A->A))->@x(P(a)))->((A->(A->A))->((A->(A->A))->(A->(A->A)))))
(P(a)&(A->(A->A))->@x(P(a)))->((A->(A->A))->((A->(A->A))->(A->(A->A))))
((A->(A->A))->((A->(A->A))->(A->(A->A))))->(P(a)->((A->(A->A))->((A->(A->A))->(A->(A->A)))))
(((A->(A->A))->((A->(A->A))->(A->(A->A))))->(P(a)->((A->(A->A))->((A->(A->A))->(A->(A->A))))))->((P(a)&(A->(A->A))->@x(P(a)))->(((A->(A->A))->((A->(A->A))->(A->(A->A))))->(P(a)->((A->(A->A))->((A->(A->A))->(A->(A->A)))))))
(P(a)&(A->(A->A))->@x(P(a)))->(((A->(A->A))->((A->(A->A))->(A->(A->A))))->(P(a)->((A->(A->A))->((A->(A->A))->(A->(A->A))))))
((P(a)&(A->(A->A))->@x(P(a)))->((A->(A->A))->((A->(A->A))->(A->(A->A)))))->(((P(a)&(A->(A->A))->@x(P(a)))->(((A->(A->A))->((A->(A->A))->(A->(A->A))))->(P(a)->((A->(A->A))->((A->(A->A))->(A->(A->A)))))))->((P(a)&(A->(A->A))->@x(P(a)))->(P(a)->((A->(A->A))->((A->(A->A))->(A->(A->A)))))))
((P(a)&(A->(A->A))->@x(P(a)))->(((A->(A->A))->((A->(A->A))->(A->(A->A))))->(P(a)->((A->(A->A))->((A->(A->A))->(A->(A->A)))))))->((P(a)&(A->(A->A))->@x(P(a)))->(P(a)->((A->(A->A))->((A->(A->A))->(A->(A->A))))))
(P(a)&(A->(A->A))->@x(P(a)))->(P(a)->((A->(A->A))->((A->(A->A))->(A->(A->A)))))
((A->(A->A))->((A->(A->A))->(A->(A->A))))->(((A->(A->A))->(((A->(A->A))->(A->(A->A)))->(A->(A->A))))->((A->(A->A))->(A->(A->A))))
(((A->(A->A))->((A->(A->A))->(A->(A->A))))->(((A->(A->A))->(((A->(A->A))->(A->(A->A)))->(A->(A->A))))->((A->(A->A))->(A->(A->A)))))->((P(a)&(A->(A->A))->@x(P(a)))->(((A->(A->A))->((A->(A->A))->(A->(A->A))))->(((A->(A->A))->(((A->(A->A))->(A->(A->A)))->(A->(A->A))))->((A->(A->A))->(A->(A->A))))))
(P(a)&(A->(A->A))->@x(P(a)))->(((A->(A->A))->((A->(A->A))->(A->(A->A))))->(((A->(A->A))->(((A->(A->A))->(A->(A->A)))->(A->(A->A))))->((A->(A->A))->(A->(A->A)))))
(((A->(A->A))->((A->(A->A))->(A->(A->A))))->(((A->(A->A))->(((A->(A->A))->(A->(A->A)))->(A->(A->A))))->((A->(A->A))->(A->(A->A)))))->(P(a)->(((A->(A->A))->((A->(A->A))->(A->(A->A))))->(((A->(A->A))->(((A->(A->A))->(A->(A->A)))->(A->(A->A))))->((A->(A->A))->(A->(A->A))))))
((((A->(A->A))->((A->(A->A))->(A->(A->A))))->(((A->(A->A))->(((A->(A->A))->(A->(A->A)))->(A->(A->A))))->((A->(A->A))->(A->(A->A)))))->(P(a)->(((A->(A->A))->((A->(A->A))->(A->(A->A))))->(((A->(A->A))->(((A->(A->A))->(A->(A->A)))->(A->(A->A))))->((A->(A->A))->(A->(A->A)))))))->((P(a)&(A->(A->A))->@x(P(a)))->((((A->(A->A))->((A->(A->A))->(A->(A->A))))->(((A->(A->A))->(((A->(A->A))->(A->(A->A)))->(A->(A->A))))->((A->(A->A))->(A->(A->A)))))->(P(a)->(((A->(A->A))->((A->(A->A))->(A->(A->A))))->(((A->(A->A))->(((A->(A->A))->(A->(A->A)))->(A->(A->A))))->((A->(A->A))->(A->(A->A))))))))
(P(a)&(A->(A->A))->@x(P(a)))->((((A->(A->A))->((A->(A->A))->(A->(A->A))))->(((A->(A->A))->(((A->(A->A))->(A->(A->A)))->(A->(A->A))))->((A->(A->A))->(A->(A->A)))))->(P(a)->(((A->(A->A))->((A->(A->A))->(A->(A->A))))->(((A->(A->A))->(((A->(A->A))->(A->(A->A)))->(A->(A->A))))->((A->(A->A))->(A->(A->A)))))))
((P(a)&(A->(A->A))->@x(P(a)))->(((A->(A->A))->((A->(A->A))->(A->(A->A))))->(((A->(A->A))->(((A->(A->A))->(A->(A->A)))->(A->(A->A))))->((A->(A->A))->(A->(A->A))))))->(((P(a)&(A->(A->A))->@x(P(a)))->((((A->(A->A))->((A->(A->A))->(A->(A->A))))->(((A->(A->A))->(((A->(A->A))->(A->(A->A)))->(A->(A->A))))->((A->(A->A))->(A->(A->A)))))->(P(a)->(((A->(A->A))->((A->(A->A))->(A->(A->A))))->(((A->(A->A))->(((A->(A->A))->(A->(A->A)))->(A->(A->A))))->((A->(A->A))->(A->(A->A))))))))->((P(a)&(A->(A->A))->@x(P(a)))->(P(a)->(((A->(A->A))->((A->(A->A))->(A->(A->A))))->(((A->(A->A))->(((A->(A->A))->(A->(A->A)))->(A->(A->A))))->((A->(A->A))->(A->(A->A))))))))
((P(a)&(A->(A->A))->@x(P(a)))->((((A->(A->A))->((A->(A->A))->(A->(A->A))))->(((A->(A->A))->(((A->(A->A))->(A->(A->A)))->(A->(A->A))))->((A->(A->A))->(A->(A->A)))))->(P(a)->(((A->(A->A))->((A->(A->A))->(A->(A->A))))->(((A->(A->A))->(((A->(A->A))->(A->(A->A)))->(A->(A->A))))->((A->(A->A))->(A->(A->A))))))))->((P(a)&(A->(A->A))->@x(P(a)))->(P(a)->(((A->(A->A))->((A->(A->A))->(A->(A->A))))->(((A->(A->A))->(((A->(A->A))->(A->(A->A)))->(A->(A->A))))->((A->(A->A))->(A->(A->A)))))))
(P(a)&(A->(A->A))->@x(P(a)))->(P(a)->(((A->(A->A))->((A->(A->A))->(A->(A->A))))->(((A->(A->A))->(((A->(A->A))->(A->(A->A)))->(A->(A->A))))->((A->(A->A))->(A->(A->A))))))
(P(a)->((A->(A->A))->((A->(A->A))->(A->(A->A)))))->((P(a)->(((A->(A->A))->((A->(A->A))->(A->(A->A))))->(((A->(A->A))->(((A->(A->A))->(A->(A->A)))->(A->(A->A))))->((A->(A->A))->(A->(A->A))))))->(P(a)->(((A->(A->A))->(((A->(A->A))->(A->(A->A)))->(A->(A->A))))->((A->(A->A))->(A->(A->A))))))
((P(a)->((A->(A->A))->((A->(A->A))->(A->(A->A)))))->((P(a)->(((A->(A->A))->((A->(A->A))->(A->(A->A))))->(((A->(A->A))->(((A->(A->A))->(A->(A->A)))->(A->(A->A))))->((A->(A->A))->(A->(A->A))))))->(P(a)->(((A->(A->A))->(((A->(A->A))->(A->(A->A)))->(A->(A->A))))->((A->(A->A))->(A->(A->A)))))))->((P(a)&(A->(A->A))->@x(P(a)))->((P(a)->((A->(A->A))->((A->(A->A))->(A->(A->A)))))->((P(a)->(((A->(A->A))->((A->(A->A))->(A->(A->A))))->(((A->(A->A))->(((A->(A->A))->(A->(A->A)))->(A->(A->A))))->((A->(A->A))->(A->(A->A))))))->(P(a)->(((A->(A->A))->(((A->(A->A))->(A->(A->A)))->(A->(A->A))))->((A->(A->A))->(A->(A->A))))))))
(P(a)&(A->(A->A))->@x(P(a)))->((P(a)->((A->(A->A))->((A->(A->A))->(A->(A->A)))))->((P(a)->(((A->(A->A))->((A->(A->A))->(A->(A->A))))->(((A->(A->A))->(((A->(A->A))->(A->(A->A)))->(A->(A->A))))->((A->(A->A))->(A->(A->A))))))->(P(a)->(((A->(A->A))->(((A->(A->A))->(A->(A->A)))->(A->(A->A))))->((A->(A->A))->(A->(A->A)))))))
((P(a)&(A->(A->A))->@x(P(a)))->(P(a)->((A->(A->A))->((A->(A->A))->(A->(A->A))))))->(((P(a)&(A->(A->A))->@x(P(a)))->((P(a)->((A->(A->A))->((A->(A->A))->(A->(A->A)))))->((P(a)->(((A->(A->A))->((A->(A->A))->(A->(A->A))))->(((A->(A->A))->(((A->(A->A))->(A->(A->A)))->(A->(A->A))))->((A->(A->A))->(A->(A->A))))))->(P(a)->(((A->(A->A))->(((A->(A->A))->(A->(A->A)))->(A->(A->A))))->((A->(A->A))->(A->(A->A))))))))->((P(a)&(A->(A->A))->@x(P(a)))->((P(a)->(((A->(A->A))->((A->(A->A))->(A->(A->A))))->(((A->(A->A))->(((A->(A->A))->(A->(A->A)))->(A->(A->A))))->((A->(A->A))->(A->(A->A))))))->(P(a)->(((A->(A->A))->(((A->(A->A))->(A->(A->A)))->(A->(A->A))))->((A->(A->A))->(A->(A->A))))))))
((P(a)&(A->(A->A))->@x(P(a)))->((P(a)->((A->(A->A))->((A->(A->A))->(A->(A->A)))))->((P(a)->(((A->(A->A))->((A->(A->A))->(A->(A->A))))->(((A->(A->A))->(((A->(A->A))->(A->(A->A)))->(A->(A->A))))->((A->(A->A))->(A->(A->A))))))->(P(a)->(((A->(A->A))->(((A->(A->A))->(A->(A->A)))->(A->(A->A))))->((A->(A->A))->(A->(A->A))))))))->((P(a)&(A->(A->A))->@x(P(a)))->((P(a)->(((A->(A->A))->((A->(A->A))->(A->(A->A))))->(((A->(A->A))->(((A->(A->A))->(A->(A->A)))->(A->(A->A))))->((A->(A->A))->(A->(A->A))))))->(P(a)->(((A->(A->A))->(((A->(A->A))->(A->(A->A)))->(A->(A->A))))->((A->(A->A))->(A->(A->A)))))))
(P(a)&(A->(A->A))->@x(P(a)))->((P(a)->(((A->(A->A))->((A->(A->A))->(A->(A->A))))->(((A->(A->A))->(((A->(A->A))->(A->(A->A)))->(A->(A->A))))->((A->(A->A))->(A->(A->A))))))->(P(a)->(((A->(A->A))->(((A->(A->A))->(A->(A->A)))->(A->(A->A))))->((A->(A->A))->(A->(A->A))))))
((P(a)&(A->(A->A))->@x(P(a)))->(P(a)->(((A->(A->A))->((A->(A->A))->(A->(A->A))))->(((A->(A->A))->(((A->(A->A))->(A->(A->A)))->(A->(A->A))))->((A->(A->A))->(A->(A->A)))))))->(((P(a)&(A->(A->A))->@x(P(a)))->((P(a)->(((A->(A->A))->((A->(A->A))->(A->(A->A))))->(((A->(A->A))->(((A->(A->A))->(A->(A->A)))->(A->(A->A))))->((A->(A->A))->(A->(A->A))))))->(P(a)->(((A->(A->A))->(((A->(A->A))->(A->(A->A)))->(A->(A->A))))->((A->(A->A))->(A->(A->A)))))))->((P(a)&(A->(A->A))->@x(P(a)))->(P(a)->(((A->(A->A))->(((A->(A->A))->(A->(A->A)))->(A->(A->A))))->((A->(A->A))->(A->(A->A)))))))
((P(a)&(A->(A->A))->@x(P(a)))->((P(a)->(((A->(A->A))->((A->(A->A))->(A->(A->A))))->(((A->(A->A))->(((A->(A->A))->(A->(A->A)))->(A->(A->A))))->((A->(A->A))->(A->(A->A))))))->(P(a)->(((A->(A->A))->(((A->(A->A))->(A->(A->A)))->(A->(A->A))))->((A->(A->A))->(A->(A->A)))))))->((P(a)&(A->(A->A))->@x(P(a)))->(P(a)->(((A->(A->A))->(((A->(A->A))->(A->(A->A)))->(A->(A->A))))->((A->(A->A))->(A->(A->A))))))
(P(a)&(A->(A->A))->@x(P(a)))->(P(a)->(((A->(A->A))->(((A->(A->A))->(A->(A->A)))->(A->(A->A))))->((A->(A->A))->(A->(A->A)))))
(A->(A->A))->(((A->(A->A))->(A->(A->A)))->(A->(A->A)))
((A->(A->A))->(((A->(A->A))->(A->(A->A)))->(A->(A->A))))->((P(a)&(A->(A->A))->@x(P(a)))->((A->(A->A))->(((A->(A->A))->(A->(A->A)))->(A->(A->A)))))
(P(a)&(A->(A->A))->@x(P(a)))->((A->(A->A))->(((A->(A->A))->(A->(A->A)))->(A->(A->A))))
((A->(A->A))->(((A->(A->A))->(A->(A->A)))->(A->(A->A))))->(P(a)->((A->(A->A))->(((A->(A->A))->(A->(A->A)))->(A->(A->A)))))
(((A->(A->A))->(((A->(A->A))->(A->(A->A)))->(A->(A->A))))->(P(a)->((A->(A->A))->(((A->(A->A))->(A->(A->A)))->(A->(A->A))))))->((P(a)&(A->(A->A))->@x(P(a)))->(((A->(A->A))->(((A->(A->A))->(A->(A->A)))->(A->(A->A))))->(P(a)->((A->(A->A))->(((A->(A->A))->(A->(A->A)))->(A->(A->A)))))))
(P(a)&(A->(A->A))->@x(P(a)))->(((A->(A->A))->(((A->(A->A))->(A->(A->A)))->(A->(A->A))))->(P(a)->((A->(A->A))->(((A->(A->A))->(A->(A->A)))->(A->(A->A))))))
((P(a)&(A->(A->A))->@x(P(a)))->((A->(A->A))->(((A->(A->A))->(A->(A->A)))->(A->(A->A)))))->(((P(a)&(A->(A->A))->@x(P(a)))->(((A->(A->A))->(((A->(A->A))->(A->(A->A)))->(A->(A->A))))->(P(a)->((A->(A->A))->(((A->(A->A))->(A->(A->A)))->(A->(A->A)))))))->((P(a)&(A->(A->A))->@x(P(a)))->(P(a)->((A->(A->A))->(((A->(A->A))->(A->(A->A)))->(A->(A->A)))))))
((P(a)&(A->(A->A))->@x(P(a)))->(((A->(A->A))->(((A->(A->A))->(A->(A->A)))->(A->(A->A))))->(P(a)->((A->(A->A))->(((A->(A->A))->(A->(A->A)))->(A->(A->A)))))))->((P(a)&(A->(A->A))->@x(P(a)))->(P(a)->((A->(A->A))->(((A->(A->A))->(A->(A->A)))->(A->(A->A))))))
(P(a)&(A->(A->A))->@x(P(a)))->(P(a)->((A->(A->A))->(((A->(A->A))->(A->(A->A)))->(A->(A->A)))))
(P(a)->((A->(A->A))->(((A->(A->A))->(A->(A->A)))->(A->(A->A)))))->((P(a)->(((A->(A->A))->(((A->(A->A))->(A->(A->A)))->(A->(A->A))))->((A->(A->A))->(A->(A->A)))))->(P(a)->((A->(A->A))->(A->(A->A)))))
((P(a)->((A->(A->A))->(((A->(A->A))->(A->(A->A)))->(A->(A->A)))))->((P(a)->(((A->(A->A))->(((A->(A->A))->(A->(A->A)))->(A->(A->A))))->((A->(A->A))->(A->(A->A)))))->(P(a)->((A->(A->A))->(A->(A->A))))))->((P(a)&(A->(A->A))->@x(P(a)))->((P(a)->((A->(A->A))->(((A->(A->A))->(A->(A->A)))->(A->(A->A)))))->((P(a)->(((A->(A->A))->(((A->(A->A))->(A->(A->A)))->(A->(A->A))))->((A->(A->A))->(A->(A->A)))))->(P(a)->((A->(A->A))->(A->(A->A)))))))
(P(a)&(A->(A->A))->@x(P(a)))->((P(a)->((A->(A->A))->(((A->(A->A))->(A->(A->A)))->(A->(A->A)))))->((P(a)->(((A->(A->A))->(((A->(A->A))->(A->(A->A)))->(A->(A->A))))->((A->(A->A))->(A->(A->A)))))->(P(a)->((A->(A->A))->(A->(A->A))))))
((P(a)&(A->(A->A))->@x(P(a)))->(P(a)->((A->(A->A))->(((A->(A->A))->(A->(A->A)))->(A->(A->A))))))->(((P(a)&(A->(A->A))->@x(P(a)))->((P(a)->((A->(A->A))->(((A->(A->A))->(A->(A->A)))->(A->(A->A)))))->((P(a)->(((A->(A->A))->(((A->(A->A))->(A->(A->A)))->(A->(A->A))))->((A->(A->A))->(A->(A->A)))))->(P(a)->((A->(A->A))->(A->(A->A)))))))->((P(a)&(A->(A->A))->@x(P(a)))->((P(a)->(((A->(A->A))->(((A->(A->A))->(A->(A->A)))->(A->(A->A))))->((A->(A->A))->(A->(A->A)))))->(P(a)->((A->(A->A))->(A->(A->A)))))))
((P(a)&(A->(A->A))->@x(P(a)))->((P(a)->((A->(A->A))->(((A->(A->A))->(A->(A->A)))->(A->(A->A)))))->((P(a)->(((A->(A->A))->(((A->(A->A))->(A->(A->A)))->(A->(A->A))))->((A->(A->A))->(A->(A->A)))))->(P(a)->((A->(A->A))->(A->(A->A)))))))->((P(a)&(A->(A->A))->@x(P(a)))->((P(a)->(((A->(A->A))->(((A->(A->A))->(A->(A->A)))->(A->(A->A))))->((A->(A->A))->(A->(A->A)))))->(P(a)->((A->(A->A))->(A->(A->A))))))
(P(a)&(A->(A->A))->@x(P(a)))->((P(a)->(((A->(A->A))->(((A->(A->A))->(A->(A->A)))->(A->(A->A))))->((A->(A->A))->(A->(A->A)))))->(P(a)->((A->(A->A))->(A->(A->A)))))
((P(a)&(A->(A->A))->@x(P(a)))->(P(a)->(((A->(A->A))->(((A->(A->A))->(A->(A->A)))->(A->(A->A))))->((A->(A->A))->(A->(A->A))))))->(((P(a)&(A->(A->A))->@x(P(a)))->((P(a)->(((A->(A->A))->(((A->(A->A))->(A->(A->A)))->(A->(A->A))))->((A->(A->A))->(A->(A->A)))))->(P(a)->((A->(A->A))->(A->(A->A))))))->((P(a)&(A->(A->A))->@x(P(a)))->(P(a)->((A->(A->A))->(A->(A->A))))))
((P(a)&(A->(A->A))->@x(P(a)))->((P(a)->(((A->(A->A))->(((A->(A->A))->(A->(A->A)))->(A->(A->A))))->((A->(A->A))->(A->(A->A)))))->(P(a)->((A->(A->A))->(A->(A->A))))))->((P(a)&(A->(A->A))->@x(P(a)))->(P(a)->((A->(A->A))->(A->(A->A)))))
(P(a)&(A->(A->A))->@x(P(a)))->(P(a)->((A->(A->A))->(A->(A->A))))
P(a)->((A->(A->A))->P(a)&(A->(A->A)))
(P(a)->((A->(A->A))->P(a)&(A->(A->A))))->((P(a)&(A->(A->A))->@x(P(a)))->(P(a)->((A->(A->A))->P(a)&(A->(A->A)))))
(P(a)&(A->(A->A))->@x(P(a)))->(P(a)->((A->(A->A))->P(a)&(A->(A->A))))
(P(a)->((A->(A->A))->P(a)&(A->(A->A))))->(P(a)->(P(a)->((A->(A->A))->P(a)&(A->(A->A)))))
((P(a)->((A->(A->A))->P(a)&(A->(A->A))))->(P(a)->(P(a)->((A->(A->A))->P(a)&(A->(A->A))))))->((P(a)&(A->(A->A))->@x(P(a)))->((P(a)->((A->(A->A))->P(a)&(A->(A->A))))->(P(a)->(P(a)->((A->(A->A))->P(a)&(A->(A->A)))))))
(P(a)&(A->(A->A))->@x(P(a)))->((P(a)->((A->(A->A))->P(a)&(A->(A->A))))->(P(a)->(P(a)->((A->(A->A))->P(a)&(A->(A->A))))))
((P(a)&(A->(A->A))->@x(P(a)))->(P(a)->((A->(A->A))->P(a)&(A->(A->A)))))->(((P(a)&(A->(A->A))->@x(P(a)))->((P(a)->((A->(A->A))->P(a)&(A->(A->A))))->(P(a)->(P(a)->((A->(A->A))->P(a)&(A->(A->A)))))))->((P(a)&(A->(A->A))->@x(P(a)))->(P(a)->(P(a)->((A->(A->A))->P(a)&(A->(A->A)))))))
((P(a)&(A->(A->A))->@x(P(a)))->((P(a)->((A->(A->A))->P(a)&(A->(A->A))))->(P(a)->(P(a)->((A->(A->A))->P(a)&(A->(A->A)))))))->((P(a)&(A->(A->A))->@x(P(a)))->(P(a)->(P(a)->((A->(A->A))->P(a)&(A->(A->A))))))
(P(a)&(A->(A->A))->@x(P(a)))->(P(a)->(P(a)->((A->(A->A))->P(a)&(A->(A->A)))))
(P(a)->((A->(A->A))->P(a)&(A->(A->A))))->((A->(A->A))->(P(a)->((A->(A->A))->P(a)&(A->(A->A)))))
((P(a)->((A->(A->A))->P(a)&(A->(A->A))))->((A->(A->A))->(P(a)->((A->(A->A))->P(a)&(A->(A->A))))))->((P(a)&(A->(A->A))->@x(P(a)))->((P(a)->((A->(A->A))->P(a)&(A->(A->A))))->((A->(A->A))->(P(a)->((A->(A->A))->P(a)&(A->(A->A)))))))
(P(a)&(A->(A->A))->@x(P(a)))->((P(a)->((A->(A->A))->P(a)&(A->(A->A))))->((A->(A->A))->(P(a)->((A->(A->A))->P(a)&(A->(A->A))))))
((P(a)->((A->(A->A))->P(a)&(A->(A->A))))->((A->(A->A))->(P(a)->((A->(A->A))->P(a)&(A->(A->A))))))->(P(a)->((P(a)->((A->(A->A))->P(a)&(A->(A->A))))->((A->(A->A))->(P(a)->((A->(A->A))->P(a)&(A->(A->A)))))))
(((P(a)->((A->(A->A))->P(a)&(A->(A->A))))->((A->(A->A))->(P(a)->((A->(A->A))->P(a)&(A->(A->A))))))->(P(a)->((P(a)->((A->(A->A))->P(a)&(A->(A->A))))->((A->(A->A))->(P(a)->((A->(A->A))->P(a)&(A->(A->A))))))))->((P(a)&(A->(A->A))->@x(P(a)))->(((P(a)->((A->(A->A))->P(a)&(A->(A->A))))->((A->(A->A))->(P(a)->((A->(A->A))->P(a)&(A->(A->A))))))->(P(a)->((P(a)->((A->(A->A))->P(a)&(A->(A->A))))->((A->(A->A))->(P(a)->((A->(A->A))->P(a)&(A->(A->A)))))))))
(P(a)&(A->(A->A))->@x(P(a)))->(((P(a)->((A->(A->A))->P(a)&(A->(A->A))))->((A->(A->A))->(P(a)->((A->(A->A))->P(a)&(A->(A->A))))))->(P(a)->((P(a)->((A->(A->A))->P(a)&(A->(A->A))))->((A->(A->A))->(P(a)->((A->(A->A))->P(a)&(A->(A->A))))))))
((P(a)&(A->(A->A))->@x(P(a)))->((P(a)->((A->(A->A))->P(a)&(A->(A->A))))->((A->(A->A))->(P(a)->((A->(A->A))->P(a)&(A->(A->A)))))))->(((P(a)&(A->(A->A))->@x(P(a)))->(((P(a)->((A->(A->A))->P(a)&(A->(A->A))))->((A->(A->A))->(P(a)->((A->(A->A))->P(a)&(A->(A->A))))))->(P(a)->((P(a)->((A->(A->A))->P(a)&(A->(A->A))))->((A->(A->A))->(P(a)->((A->(A->A))->P(a)&(A->(A->A)))))))))->((P(a)&(A->(A->A))->@x(P(a)))->(P(a)->((P(a)->((A->(A->A))->P(a)&(A->(A->A))))->((A->(A->A))->(P(a)->((A->(A->A))->P(a)&(A->(A->A)))))))))
((P(a)&(A->(A->A))->@x(P(a)))->(((P(a)->((A->(A->A))->P(a)&(A->(A->A))))->((A->(A->A))->(P(a)->((A->(A->A))->P(a)&(A->(A->A))))))->(P(a)->((P(a)->((A->(A->A))->P(a)&(A->(A->A))))->((A->(A->A))->(P(a)->((A->(A->A))->P(a)&(A->(A->A)))))))))->((P(a)&(A->(A->A))->@x(P(a)))->(P(a)->((P(a)->((A->(A->A))->P(a)&(A->(A->A))))->((A->(A->A))->(P(a)->((A->(A->A))->P(a)&(A->(A->A))))))))
(P(a)&(A->(A->A))->@x(P(a)))->(P(a)->((P(a)->((A->(A->A))->P(a)&(A->(A->A))))->((A->(A->A))->(P(a)->((A->(A->A))->P(a)&(A->(A->A)))))))
(P(a)->(P(a)->((A->(A->A))->P(a)&(A->(A->A)))))->((P(a)->((P(a)->((A->(A->A))->P(a)&(A->(A->A))))->((A->(A->A))->(P(a)->((A->(A->A))->P(a)&(A->(A->A)))))))->(P(a)->((A->(A->A))->(P(a)->((A->(A->A))->P(a)&(A->(A->A)))))))
((P(a)->(P(a)->((A->(A->A))->P(a)&(A->(A->A)))))->((P(a)->((P(a)->((A->(A->A))->P(a)&(A->(A->A))))->((A->(A->A))->(P(a)->((A->(A->A))->P(a)&(A->(A->A)))))))->(P(a)->((A->(A->A))->(P(a)->((A->(A->A))->P(a)&(A->(A->A))))))))->((P(a)&(A->(A->A))->@x(P(a)))->((P(a)->(P(a)->((A->(A->A))->P(a)&(A->(A->A)))))->((P(a)->((P(a)->((A->(A->A))->P(a)&(A->(A->A))))->((A->(A->A))->(P(a)->((A->(A->A))->P(a)&(A->(A->A)))))))->(P(a)->((A->(A->A))->(P(a)->((A->(A->A))->P(a)&(A->(A->A)))))))))
(P(a)&(A->(A->A))->@x(P(a)))->((P(a)->(P(a)->((A->(A->A))->P(a)&(A->(A->A)))))->((P(a)->((P(a)->((A->(A->A))->P(a)&(A->(A->A))))->((A->(A->A))->(P(a)->((A->(A->A))->P(a)&(A->(A->A)))))))->(P(a)->((A->(A->A))->(P(a)->((A->(A->A))->P(a)&(A->(A->A))))))))
((P(a)&(A->(A->A))->@x(P(a)))->(P(a)->(P(a)->((A->(A->A))->P(a)&(A->(A->A))))))->(((P(a)&(A->(A->A))->@x(P(a)))->((P(a)->(P(a)->((A->(A->A))->P(a)&(A->(A->A)))))->((P(a)->((P(a)->((A->(A->A))->P(a)&(A->(A->A))))->((A->(A->A))->(P(a)->((A->(A->A))->P(a)&(A->(A->A)))))))->(P(a)->((A->(A->A))->(P(a)->((A->(A->A))->P(a)&(A->(A->A)))))))))->((P(a)&(A->(A->A))->@x(P(a)))->((P(a)->((P(a)->((A->(A->A))->P(a)&(A->(A->A))))->((A->(A->A))->(P(a)->((A->(A->A))->P(a)&(A->(A->A)))))))->(P(a)->((A->(A->A))->(P(a)->((A->(A->A))->P(a)&(A->(A->A)))))))))
((P(a)&(A->(A->A))->@x(P(a)))->((P(a)->(P(a)->((A->(A->A))->P(a)&(A->(A->A)))))->((P(a)->((P(a)->((A->(A->A))->P(a)&(A->(A->A))))->((A->(A->A))->(P(a)->((A->(A->A))->P(a)&(A->(A->A)))))))->(P(a)->((A->(A->A))->(P(a)->((A->(A->A))->P(a)&(A->(A->A)))))))))->((P(a)&(A->(A->A))->@x(P(a)))->((P(a)->((P(a)->((A->(A->A))->P(a)&(A->(A->A))))->((A->(A->A))->(P(a)->((A->(A->A))->P(a)&(A->(A->A)))))))->(P(a)->((A->(A->A))->(P(a)->((A->(A->A))->P(a)&(A->(A->A))))))))
(P(a)&(A->(A->A))->@x(P(a)))->((P(a)->((P(a)->((A->(A->A))->P(a)&(A->(A->A))))->((A->(A->A))->(P(a)->((A->(A->A))->P(a)&(A->(A->A)))))))->(P(a)->((A->(A->A))->(P(a)->((A->(A->A))->P(a)&(A->(A->A)))))))
((P(a)&(A->(A->A))->@x(P(a)))->(P(a)->((P(a)->((A->(A->A))->P(a)&(A->(A->A))))->((A->(A->A))->(P(a)->((A->(A->A))->P(a)&(A->(A->A))))))))->(((P(a)&(A->(A->A))->@x(P(a)))->((P(a)->((P(a)->((A->(A->A))->P(a)&(A->(A->A))))->((A->(A->A))->(P(a)->((A->(A->A))->P(a)&(A->(A->A)))))))->(P(a)->((A->(A->A))->(P(a)->((A->(A->A))->P(a)&(A->(A->A))))))))->((P(a)&(A->(A->A))->@x(P(a)))->(P(a)->((A->(A->A))->(P(a)->((A->(A->A))->P(a)&(A->(A->A))))))))
((P(a)&(A->(A->A))->@x(P(a)))->((P(a)->((P(a)->((A->(A->A))->P(a)&(A->(A->A))))->((A->(A->A))->(P(a)->((A->(A->A))->P(a)&(A->(A->A)))))))->(P(a)->((A->(A->A))->(P(a)->((A->(A->A))->P(a)&(A->(A->A))))))))->((P(a)&(A->(A->A))->@x(P(a)))->(P(a)->((A->(A->A))->(P(a)->((A->(A->A))->P(a)&(A->(A->A)))))))
(P(a)&(A->(A->A))->@x(P(a)))->(P(a)->((A->(A->A))->(P(a)->((A->(A->A))->P(a)&(A->(A->A))))))
((A->(A->A))->P(a))->(((A->(A->A))->(P(a)->((A->(A->A))->P(a)&(A->(A->A)))))->((A->(A->A))->((A->(A->A))->P(a)&(A->(A->A)))))
(((A->(A->A))->P(a))->(((A->(A->A))->(P(a)->((A->(A->A))->P(a)&(A->(A->A)))))->((A->(A->A))->((A->(A->A))->P(a)&(A->(A->A))))))->((P(a)&(A->(A->A))->@x(P(a)))->(((A->(A->A))->P(a))->(((A->(A->A))->(P(a)->((A->(A->A))->P(a)&(A->(A->A)))))->((A->(A->A))->((A->(A->A))->P(a)&(A->(A->A)))))))
(P(a)&(A->(A->A))->@x(P(a)))->(((A->(A->A))->P(a))->(((A->(A->A))->(P(a)->((A->(A->A))->P(a)&(A->(A->A)))))->((A->(A->A))->((A->(A->A))->P(a)&(A->(A->A))))))
(((A->(A->A))->P(a))->(((A->(A->A))->(P(a)->((A->(A->A))->P(a)&(A->(A->A)))))->((A->(A->A))->((A->(A->A))->P(a)&(A->(A->A))))))->(P(a)->(((A->(A->A))->P(a))->(((A->(A->A))->(P(a)->((A->(A->A))->P(a)&(A->(A->A)))))->((A->(A->A))->((A->(A->A))->P(a)&(A->(A->A)))))))
((((A->(A->A))->P(a))->(((A->(A->A))->(P(a)->((A->(A->A))->P(a)&(A->(A->A)))))->((A->(A->A))->((A->(A->A))->P(a)&(A->(A->A))))))->(P(a)->(((A->(A->A))->P(a))->(((A->(A->A))->(P(a)->((A->(A->A))->P(a)&(A->(A->A)))))->((A->(A->A))->((A->(A->A))->P(a)&(A->(A->A))))))))->((P(a)&(A->(A->A))->@x(P(a)))->((((A->(A->A))->P(a))->(((A->(A->A))->(P(a)->((A->(A->A))->P(a)&(A->(A->A)))))->((A->(A->A))->((A->(A->A))->P(a)&(A->(A->A))))))->(P(a)->(((A->(A->A))->P(a))->(((A->(A->A))->(P(a)->((A->(A->A))->P(a)&(A->(A->A)))))->((A->(A->A))->((A->(A->A))->P(a)&(A->(A->A)))))))))
(P(a)&(A->(A->A))->@x(P(a)))->((((A->(A->A))->P(a))->(((A->(A->A))->(P(a)->((A->(A->A))->P(a)&(A->(A->A)))))->((A->(A->A))->((A->(A->A))->P(a)&(A->(A->A))))))->(P(a)->(((A->(A->A))->P(a))->(((A->(A->A))->(P(a)->((A->(A->A))->P(a)&(A->(A->A)))))->((A->(A->A))->((A->(A->A))->P(a)&(A->(A->A))))))))
((P(a)&(A->(A->A))->@x(P(a)))->(((A->(A->A))->P(a))->(((A->(A->A))->(P(a)->((A->(A->A))->P(a)&(A->(A->A)))))->((A->(A->A))->((A->(A->A))->P(a)&(A->(A->A)))))))->(((P(a)&(A->(A->A))->@x(P(a)))->((((A->(A->A))->P(a))->(((A->(A->A))->(P(a)->((A->(A->A))->P(a)&(A->(A->A)))))->((A->(A->A))->((A->(A->A))->P(a)&(A->(A->A))))))->(P(a)->(((A->(A->A))->P(a))->(((A->(A->A))->(P(a)->((A->(A->A))->P(a)&(A->(A->A)))))->((A->(A->A))->((A->(A->A))->P(a)&(A->(A->A)))))))))->((P(a)&(A->(A->A))->@x(P(a)))->(P(a)->(((A->(A->A))->P(a))->(((A->(A->A))->(P(a)->((A->(A->A))->P(a)&(A->(A->A)))))->((A->(A->A))->((A->(A->A))->P(a)&(A->(A->A)))))))))
((P(a)&(A->(A->A))->@x(P(a)))->((((A->(A->A))->P(a))->(((A->(A->A))->(P(a)->((A->(A->A))->P(a)&(A->(A->A)))))->((A->(A->A))->((A->(A->A))->P(a)&(A->(A->A))))))->(P(a)->(((A->(A->A))->P(a))->(((A->(A->A))->(P(a)->((A->(A->A))->P(a)&(A->(A->A)))))->((A->(A->A))->((A->(A->A))->P(a)&(A->(A->A)))))))))->((P(a)&(A->(A->A))->@x(P(a)))->(P(a)->(((A->(A->A))->P(a))->(((A->(A->A))->(P(a)->((A->(A->A))->P(a)&(A->(A->A)))))->((A->(A->A))->((A->(A->A))->P(a)&(A->(A->A))))))))
(P(a)&(A->(A->A))->@x(P(a)))->(P(a)->(((A->(A->A))->P(a))->(((A->(A->A))->(P(a)->((A->(A->A))->P(a)&(A->(A->A)))))->((A->(A->A))->((A->(A->A))->P(a)&(A->(A->A)))))))
(P(a)->((A->(A->A))->P(a)))->((P(a)->(((A->(A->A))->P(a))->(((A->(A->A))->(P(a)->((A->(A->A))->P(a)&(A->(A->A)))))->((A->(A->A))->((A->(A->A))->P(a)&(A->(A->A)))))))->(P(a)->(((A->(A->A))->(P(a)->((A->(A->A))->P(a)&(A->(A->A)))))->((A->(A->A))->((A->(A->A))->P(a)&(A->(A->A)))))))
((P(a)->((A->(A->A))->P(a)))->((P(a)->(((A->(A->A))->P(a))->(((A->(A->A))->(P(a)->((A->(A->A))->P(a)&(A->(A->A)))))->((A->(A->A))->((A->(A->A))->P(a)&(A->(A->A)))))))->(P(a)->(((A->(A->A))->(P(a)->((A->(A->A))->P(a)&(A->(A->A)))))->((A->(A->A))->((A->(A->A))->P(a)&(A->(A->A))))))))->((P(a)&(A->(A->A))->@x(P(a)))->((P(a)->((A->(A->A))->P(a)))->((P(a)->(((A->(A->A))->P(a))->(((A->(A->A))->(P(a)->((A->(A->A))->P(a)&(A->(A->A)))))->((A->(A->A))->((A->(A->A))->P(a)&(A->(A->A)))))))->(P(a)->(((A->(A->A))->(P(a)->((A->(A->A))->P(a)&(A->(A->A)))))->((A->(A->A))->((A->(A->A))->P(a)&(A->(A->A)))))))))
(P(a)&(A->(A->A))->@x(P(a)))->((P(a)->((A->(A->A))->P(a)))->((P(a)->(((A->(A->A))->P(a))->(((A->(A->A))->(P(a)->((A->(A->A))->P(a)&(A->(A->A)))))->((A->(A->A))->((A->(A->A))->P(a)&(A->(A->A)))))))->(P(a)->(((A->(A->A))->(P(a)->((A->(A->A))->P(a)&(A->(A->A)))))->((A->(A->A))->((A->(A->A))->P(a)&(A->(A->A))))))))
((P(a)&(A->(A->A))->@x(P(a)))->(P(a)->((A->(A->A))->P(a))))->(((P(a)&(A->(A->A))->@x(P(a)))->((P(a)->((A->(A->A))->P(a)))->((P(a)->(((A->(A->A))->P(a))->(((A->(A->A))->(P(a)->((A->(A->A))->P(a)&(A->(A->A)))))->((A->(A->A))->((A->(A->A))->P(a)&(A->(A->A)))))))->(P(a)->(((A->(A->A))->(P(a)->((A->(A->A))->P(a)&(A->(A->A)))))->((A->(A->A))->((A->(A->A))->P(a)&(A->(A->A)))))))))->((P(a)&(A->(A->A))->@x(P(a)))->((P(a)->(((A->(A->A))->P(a))->(((A->(A->A))->(P(a)->((A->(A->A))->P(a)&(A->(A->A)))))->((A->(A->A))->((A->(A->A))->P(a)&(A->(A->A)))))))->(P(a)->(((A->(A->A))->(P(a)->((A->(A->A))->P(a)&(A->(A->A)))))->((A->(A->A))->((A->(A->A))->P(a)&(A->(A->A)))))))))
((P(a)&(A->(A->A))->@x(P(a)))->((P(a)->((A->(A->A))->P(a)))->((P(a)->(((A->(A->A))->P(a))->(((A->(A->A))->(P(a)->((A->(A->A))->P(a)&(A->(A->A)))))->((A->(A->A))->((A->(A->A))->P(a)&(A->(A->A)))))))->(P(a)->(((A->(A->A))->(P(a)->((A->(A->A))->P(a)&(A->(A->A)))))->((A->(A->A))->((A->(A->A))->P(a)&(A->(A->A)))))))))->((P(a)&(A->(A->A))->@x(P(a)))->((P(a)->(((A->(A->A))->P(a))->(((A->(A->A))->(P(a)->((A->(A->A))->P(a)&(A->(A->A)))))->((A->(A->A))->((A->(A->A))->P(a)&(A->(A->A)))))))->(P(a)->(((A->(A->A))->(P(a)->((A->(A->A))->P(a)&(A->(A->A)))))->((A->(A->A))->((A->(A->A))->P(a)&(A->(A->A))))))))
(P(a)&(A->(A->A))->@x(P(a)))->((P(a)->(((A->(A->A))->P(a))->(((A->(A->A))->(P(a)->((A->(A->A))->P(a)&(A->(A->A)))))->((A->(A->A))->((A->(A->A))->P(a)&(A->(A->A)))))))->(P(a)->(((A->(A->A))->(P(a)->((A->(A->A))->P(a)&(A->(A->A)))))->((A->(A->A))->((A->(A->A))->P(a)&(A->(A->A)))))))
((P(a)&(A->(A->A))->@x(P(a)))->(P(a)->(((A->(A->A))->P(a))->(((A->(A->A))->(P(a)->((A->(A->A))->P(a)&(A->(A->A)))))->((A->(A->A))->((A->(A->A))->P(a)&(A->(A->A))))))))->(((P(a)&(A->(A->A))->@x(P(a)))->((P(a)->(((A->(A->A))->P(a))->(((A->(A->A))->(P(a)->((A->(A->A))->P(a)&(A->(A->A)))))->((A->(A->A))->((A->(A->A))->P(a)&(A->(A->A)))))))->(P(a)->(((A->(A->A))->(P(a)->((A->(A->A))->P(a)&(A->(A->A)))))->((A->(A->A))->((A->(A->A))->P(a)&(A->(A->A))))))))->((P(a)&(A->(A->A))->@x(P(a)))->(P(a)->(((A->(A->A))->(P(a)->((A->(A->A))->P(a)&(A->(A->A)))))->((A->(A->A))->((A->(A->A))->P(a)&(A->(A->A))))))))
((P(a)&(A->(A->A))->@x(P(a)))->((P(a)->(((A->(A->A))->P(a))->(((A->(A->A))->(P(a)->((A->(A->A))->P(a)&(A->(A->A)))))->((A->(A->A))->((A->(A->A))->P(a)&(A->(A->A)))))))->(P(a)->(((A->(A->A))->(P(a)->((A->(A->A))->P(a)&(A->(A->A)))))->((A->(A->A))->((A->(A->A))->P(a)&(A->(A->A))))))))->((P(a)&(A->(A->A))->@x(P(a)))->(P(a)->(((A->(A->A))->(P(a)->((A->(A->A))->P(a)&(A->(A->A)))))->((A->(A->A))->((A->(A->A))->P(a)&(A->(A->A)))))))
(P(a)&(A->(A->A))->@x(P(a)))->(P(a)->(((A->(A->A))->(P(a)->((A->(A->A))->P(a)&(A->(A->A)))))->((A->(A->A))->((A->(A->A))->P(a)&(A->(A->A))))))
(P(a)->((A->(A->A))->(P(a)->((A->(A->A))->P(a)&(A->(A->A))))))->((P(a)->(((A->(A->A))->(P(a)->((A->(A->A))->P(a)&(A->(A->A)))))->((A->(A->A))->((A->(A->A))->P(a)&(A->(A->A))))))->(P(a)->((A->(A->A))->((A->(A->A))->P(a)&(A->(A->A))))))
((P(a)->((A->(A->A))->(P(a)->((A->(A->A))->P(a)&(A->(A->A))))))->((P(a)->(((A->(A->A))->(P(a)->((A->(A->A))->P(a)&(A->(A->A)))))->((A->(A->A))->((A->(A->A))->P(a)&(A->(A->A))))))->(P(a)->((A->(A->A))->((A->(A->A))->P(a)&(A->(A->A)))))))->((P(a)&(A->(A->A))->@x(P(a)))->((P(a)->((A->(A->A))->(P(a)->((A->(A->A))->P(a)&(A->(A->A))))))->((P(a)->(((A->(A->A))->(P(a)->((A->(A->A))->P(a)&(A->(A->A)))))->((A->(A->A))->((A->(A->A))->P(a)&(A->(A->A))))))->(P(a)->((A->(A->A))->((A->(A->A))->P(a)&(A->(A->A))))))))
(P(a)&(A->(A->A))->@x(P(a)))->((P(a)->((A->(A->A))->(P(a)->((A->(A->A))->P(a)&(A->(A->A))))))->((P(a)->(((A->(A->A))->(P(a)->((A->(A->A))->P(a)&(A->(A->A)))))->((A->(A->A))->((A->(A->A))->P(a)&(A->(A->A))))))->(P(a)->((A->(A->A))->((A->(A->A))->P(a)&(A->(A->A)))))))
((P(a)&(A->(A->A))->@x(P(a)))->(P(a)->((A->(A->A))->(P(a)->((A->(A->A))->P(a)&(A->(A->A)))))))->(((P(a)&(A->(A->A))->@x(P(a)))->((P(a)->((A->(A->A))->(P(a)->((A->(A->A))->P(a)&(A->(A->A))))))->((P(a)->(((A->(A->A))->(P(a)->((A->(A->A))->P(a)&(A->(A->A)))))->((A->(A->A))->((A->(A->A))->P(a)&(A->(A->A))))))->(P(a)->((A->(A->A))->((A->(A->A))->P(a)&(A->(A->A))))))))->((P(a)&(A->(A->A))->@x(P(a)))->((P(a)->(((A->(A->A))->(P(a)->((A->(A->A))->P(a)&(A->(A->A)))))->((A->(A->A))->((A->(A->A))->P(a)&(A->(A->A))))))->(P(a)->((A->(A->A))->((A->(A->A))->P(a)&(A->(A->A))))))))
((P(a)&(A->(A->A))->@x(P(a)))->((P(a)->((A->(A->A))->(P(a)->((A->(A->A))->P(a)&(A->(A->A))))))->((P(a)->(((A->(A->A))->(P(a)->((A->(A->A))->P(a)&(A->(A->A)))))->((A->(A->A))->((A->(A->A))->P(a)&(A->(A->A))))))->(P(a)->((A->(A->A))->((A->(A->A))->P(a)&(A->(A->A))))))))->((P(a)&(A->(A->A))->@x(P(a)))->((P(a)->(((A->(A->A))->(P(a)->((A->(A->A))->P(a)&(A->(A->A)))))->((A->(A->A))->((A->(A->A))->P(a)&(A->(A->A))))))->(P(a)->((A->(A->A))->((A->(A->A))->P(a)&(A->(A->A)))))))
(P(a)&(A->(A->A))->@x(P(a)))->((P(a)->(((A->(A->A))->(P(a)->((A->(A->A))->P(a)&(A->(A->A)))))->((A->(A->A))->((A->(A->A))->P(a)&(A->(A->A))))))->(P(a)->((A->(A->A))->((A->(A->A))->P(a)&(A->(A->A))))))
((P(a)&(A->(A->A))->@x(P(a)))->(P(a)->(((A->(A->A))->(P(a)->((A->(A->A))->P(a)&(A->(A->A)))))->((A->(A->A))->((A->(A->A))->P(a)&(A->(A->A)))))))->(((P(a)&(A->(A->A))->@x(P(a)))->((P(a)->(((A->(A->A))->(P(a)->((A->(A->A))->P(a)&(A->(A->A)))))->((A->(A->A))->((A->(A->A))->P(a)&(A->(A->A))))))->(P(a)->((A->(A->A))->((A->(A->A))->P(a)&(A->(A->A)))))))->((P(a)&(A->(A->A))->@x(P(a)))->(P(a)->((A->(A->A))->((A->(A->A))->P(a)&(A->(A->A)))))))
((P(a)&(A->(A->A))->@x(P(a)))->((P(a)->(((A->(A->A))->(P(a)->((A->(A->A))->P(a)&(A->(A->A)))))->((A->(A->A))->((A->(A->A))->P(a)&(A->(A->A))))))->(P(a)->((A->(A->A))->((A->(A->A))->P(a)&(A->(A->A)))))))->((P(a)&(A->(A->A))->@x(P(a)))->(P(a)->((A->(A->A))->((A->(A->A))->P(a)&(A->(A->A))))))
(P(a)&(A->(A->A))->@x(P(a)))->(P(a)->((A->(A->A))->((A->(A->A))->P(a)&(A->(A->A)))))
((A->(A->A))->(A->(A->A)))->(((A->(A->A))->((A->(A->A))->P(a)&(A->(A->A))))->((A->(A->A))->P(a)&(A->(A->A))))
(((A->(A->A))->(A->(A->A)))->(((A->(A->A))->((A->(A->A))->P(a)&(A->(A->A))))->((A->(A->A))->P(a)&(A->(A->A)))))->((P(a)&(A->(A->A))->@x(P(a)))->(((A->(A->A))->(A->(A->A)))->(((A->(A->A))->((A->(A->A))->P(a)&(A->(A->A))))->((A->(A->A))->P(a)&(A->(A->A))))))
(P(a)&(A->(A->A))->@x(P(a)))->(((A->(A->A))->(A->(A->A)))->(((A->(A->A))->((A->(A->A))->P(a)&(A->(A->A))))->((A->(A->A))->P(a)&(A->(A->A)))))
(((A->(A->A))->(A->(A->A)))->(((A->(A->A))->((A->(A->A))->P(a)&(A->(A->A))))->((A->(A->A))->P(a)&(A->(A->A)))))->(P(a)->(((A->(A->A))->(A->(A->A)))->(((A->(A->A))->((A->(A->A))->P(a)&(A->(A->A))))->((A->(A->A))->P(a)&(A->(A->A))))))
((((A->(A->A))->(A->(A->A)))->(((A->(A->A))->((A->(A->A))->P(a)&(A->(A->A))))->((A->(A->A))->P(a)&(A->(A->A)))))->(P(a)->(((A->(A->A))->(A->(A->A)))->(((A->(A->A))->((A->(A->A))->P(a)&(A->(A->A))))->((A->(A->A))->P(a)&(A->(A->A)))))))->((P(a)&(A->(A->A))->@x(P(a)))->((((A->(A->A))->(A->(A->A)))->(((A->(A->A))->((A->(A->A))->P(a)&(A->(A->A))))->((A->(A->A))->P(a)&(A->(A->A)))))->(P(a)->(((A->(A->A))->(A->(A->A)))->(((A->(A->A))->((A->(A->A))->P(a)&(A->(A->A))))->((A->(A->A))->P(a)&(A->(A->A))))))))
(P(a)&(A->(A->A))->@x(P(a)))->((((A->(A->A))->(A->(A->A)))->(((A->(A->A))->((A->(A->A))->P(a)&(A->(A->A))))->((A->(A->A))->P(a)&(A->(A->A)))))->(P(a)->(((A->(A->A))->(A->(A->A)))->(((A->(A->A))->((A->(A->A))->P(a)&(A->(A->A))))->((A->(A->A))->P(a)&(A->(A->A)))))))
((P(a)&(A->(A->A))->@x(P(a)))->(((A->(A->A))->(A->(A->A)))->(((A->(A->A))->((A->(A->A))->P(a)&(A->(A->A))))->((A->(A->A))->P(a)&(A->(A->A))))))->(((P(a)&(A->(A->A))->@x(P(a)))->((((A->(A->A))->(A->(A->A)))->(((A->(A->A))->((A->(A->A))->P(a)&(A->(A->A))))->((A->(A->A))->P(a)&(A->(A->A)))))->(P(a)->(((A->(A->A))->(A->(A->A)))->(((A->(A->A))->((A->(A->A))->P(a)&(A->(A->A))))->((A->(A->A))->P(a)&(A->(A->A))))))))->((P(a)&(A->(A->A))->@x(P(a)))->(P(a)->(((A->(A->A))->(A->(A->A)))->(((A->(A->A))->((A->(A->A))->P(a)&(A->(A->A))))->((A->(A->A))->P(a)&(A->(A->A))))))))
((P(a)&(A->(A->A))->@x(P(a)))->((((A->(A->A))->(A->(A->A)))->(((A->(A->A))->((A->(A->A))->P(a)&(A->(A->A))))->((A->(A->A))->P(a)&(A->(A->A)))))->(P(a)->(((A->(A->A))->(A->(A->A)))->(((A->(A->A))->((A->(A->A))->P(a)&(A->(A->A))))->((A->(A->A))->P(a)&(A->(A->A))))))))->((P(a)&(A->(A->A))->@x(P(a)))->(P(a)->(((A->(A->A))->(A->(A->A)))->(((A->(A->A))->((A->(A->A))->P(a)&(A->(A->A))))->((A->(A->A))->P(a)&(A->(A->A)))))))
(P(a)&(A->(A->A))->@x(P(a)))->(P(a)->(((A->(A->A))->(A->(A->A)))->(((A->(A->A))->((A->(A->A))->P(a)&(A->(A->A))))->((A->(A->A))->P(a)&(A->(A->A))))))
(P(a)->((A->(A->A))->(A->(A->A))))->((P(a)->(((A->(A->A))->(A->(A->A)))->(((A->(A->A))->((A->(A->A))->P(a)&(A->(A->A))))->((A->(A->A))->P(a)&(A->(A->A))))))->(P(a)->(((A->(A->A))->((A->(A->A))->P(a)&(A->(A->A))))->((A->(A->A))->P(a)&(A->(A->A))))))
((P(a)->((A->(A->A))->(A->(A->A))))->((P(a)->(((A->(A->A))->(A->(A->A)))->(((A->(A->A))->((A->(A->A))->P(a)&(A->(A->A))))->((A->(A->A))->P(a)&(A->(A->A))))))->(P(a)->(((A->(A->A))->((A->(A->A))->P(a)&(A->(A->A))))->((A->(A->A))->P(a)&(A->(A->A)))))))->((P(a)&(A->(A->A))->@x(P(a)))->((P(a)->((A->(A->A))->(A->(A->A))))->((P(a)->(((A->(A->A))->(A->(A->A)))->(((A->(A->A))->((A->(A->A))->P(a)&(A->(A->A))))->((A->(A->A))->P(a)&(A->(A->A))))))->(P(a)->(((A->(A->A))->((A->(A->A))->P(a)&(A->(A->A))))->((A->(A->A))->P(a)&(A->(A->A))))))))
(P(a)&(A->(A->A))->@x(P(a)))->((P(a)->((A->(A->A))->(A->(A->A))))->((P(a)->(((A->(A->A))->(A->(A->A)))->(((A->(A->A))->((A->(A->A))->P(a)&(A->(A->A))))->((A->(A->A))->P(a)&(A->(A->A))))))->(P(a)->(((A->(A->A))->((A->(A->A))->P(a)&(A->(A->A))))->((A->(A->A))->P(a)&(A->(A->A)))))))
((P(a)&(A->(A->A))->@x(P(a)))->(P(a)->((A->(A->A))->(A->(A->A)))))->(((P(a)&(A->(A->A))->@x(P(a)))->((P(a)->((A->(A->A))->(A->(A->A))))->((P(a)->(((A->(A->A))->(A->(A->A)))->(((A->(A->A))->((A->(A->A))->P(a)&(A->(A->A))))->((A->(A->A))->P(a)&(A->(A->A))))))->(P(a)->(((A->(A->A))->((A->(A->A))->P(a)&(A->(A->A))))->((A->(A->A))->P(a)&(A->(A->A))))))))->((P(a)&(A->(A->A))->@x(P(a)))->((P(a)->(((A->(A->A))->(A->(A->A)))->(((A->(A->A))->((A->(A->A))->P(a)&(A->(A->A))))->((A->(A->A))->P(a)&(A->(A->A))))))->(P(a)->(((A->(A->A))->((A->(A->A))->P(a)&(A->(A->A))))->((A->(A->A))->P(a)&(A->(A->A))))))))
((P(a)&(A->(A->A))->@x(P(a)))->((P(a)->((A->(A->A))->(A->(A->A))))->((P(a)->(((A->(A->A))->(A->(A->A)))->(((A->(A->A))->((A->(A->A))->P(a)&(A->(A->A))))->((A->(A->A))->P(a)&(A->(A->A))))))->(P(a)->(((A->(A->A))->((A->(A->A))->P(a)&(A->(A->A))))->((A->(A->A))->P(a)&(A->(A->A))))))))->((P(a)&(A->(A->A))->@x(P(a)))->((P(a)->(((A->(A->A))->(A->(A->A)))->(((A->(A->A))->((A->(A->A))->P(a)&(A->(A->A))))->((A->(A->A))->P(a)&(A->(A->A))))))->(P(a)->(((A->(A->A))->((A->(A->A))->P(a)&(A->(A->A))))->((A->(A->A))->P(a)&(A->(A->A)))))))
(P(a)&(A->(A->A))->@x(P(a)))->((P(a)->(((A->(A->A))->(A->(A->A)))->(((A->(A->A))->((A->(A->A))->P(a)&(A->(A->A))))->((A->(A->A))->P(a)&(A->(A->A))))))->(P(a)->(((A->(A->A))->((A->(A->A))->P(a)&(A->(A->A))))->((A->(A->A))->P(a)&(A->(A->A))))))
((P(a)&(A->(A->A))->@x(P(a)))->(P(a)->(((A->(A->A))->(A->(A->A)))->(((A->(A->A))->((A->(A->A))->P(a)&(A->(A->A))))->((A->(A->A))->P(a)&(A->(A->A)))))))->(((P(a)&(A->(A->A))->@x(P(a)))->((P(a)->(((A->(A->A))->(A->(A->A)))->(((A->(A->A))->((A->(A->A))->P(a)&(A->(A->A))))->((A->(A->A))->P(a)&(A->(A->A))))))->(P(a)->(((A->(A->A))->((A->(A->A))->P(a)&(A->(A->A))))->((A->(A->A))->P(a)&(A->(A->A)))))))->((P(a)&(A->(A->A))->@x(P(a)))->(P(a)->(((A->(A->A))->((A->(A->A))->P(a)&(A->(A->A))))->((A->(A->A))->P(a)&(A->(A->A)))))))
((P(a)&(A->(A->A))->@x(P(a)))->((P(a)->(((A->(A->A))->(A->(A->A)))->(((A->(A->A))->((A->(A->A))->P(a)&(A->(A->A))))->((A->(A->A))->P(a)&(A->(A->A))))))->(P(a)->(((A->(A->A))->((A->(A->A))->P(a)&(A->(A->A))))->((A->(A->A))->P(a)&(A->(A->A)))))))->((P(a)&(A->(A->A))->@x(P(a)))->(P(a)->(((A->(A->A))->((A->(A->A))->P(a)&(A->(A->A))))->((A->(A->A))->P(a)&(A->(A->A))))))
(P(a)&(A->(A->A))->@x(P(a)))->(P(a)->(((A->(A->A))->((A->(A->A))->P(a)&(A->(A->A))))->((A->(A->A))->P(a)&(A->(A->A)))))
(P(a)->P(a))->((P(a)->(P(a)->((A->(A->A))->P(a)&(A->(A->A)))))->(P(a)->((A->(A->A))->P(a)&(A->(A->A)))))
((P(a)->P(a))->((P(a)->(P(a)->((A->(A->A))->P(a)&(A->(A->A)))))->(P(a)->((A->(A->A))->P(a)&(A->(A->A))))))->((P(a)&(A->(A->A))->@x(P(a)))->((P(a)->P(a))->((P(a)->(P(a)->((A->(A->A))->P(a)&(A->(A->A)))))->(P(a)->((A->(A->A))->P(a)&(A->(A->A)))))))
(P(a)&(A->(A->A))->@x(P(a)))->((P(a)->P(a))->((P(a)->(P(a)->((A->(A->A))->P(a)&(A->(A->A)))))->(P(a)->((A->(A->A))->P(a)&(A->(A->A))))))
((P(a)&(A->(A->A))->@x(P(a)))->(P(a)->P(a)))->(((P(a)&(A->(A->A))->@x(P(a)))->((P(a)->P(a))->((P(a)->(P(a)->((A->(A->A))->P(a)&(A->(A->A)))))->(P(a)->((A->(A->A))->P(a)&(A->(A->A)))))))->((P(a)&(A->(A->A))->@x(P(a)))->((P(a)->(P(a)->((A->(A->A))->P(a)&(A->(A->A)))))->(P(a)->((A->(A->A))->P(a)&(A->(A->A)))))))
((P(a)&(A->(A->A))->@x(P(a)))->((P(a)->P(a))->((P(a)->(P(a)->((A->(A->A))->P(a)&(A->(A->A)))))->(P(a)->((A->(A->A))->P(a)&(A->(A->A)))))))->((P(a)&(A->(A->A))->@x(P(a)))->((P(a)->(P(a)->((A->(A->A))->P(a)&(A->(A->A)))))->(P(a)->((A->(A->A))->P(a)&(A->(A->A))))))
(P(a)&(A->(A->A))->@x(P(a)))->((P(a)->(P(a)->((A->(A->A))->P(a)&(A->(A->A)))))->(P(a)->((A->(A->A))->P(a)&(A->(A->A)))))
P(a)->((A->(A->A))->P(a)&(A->(A->A)))
(P(a)->((A->(A->A))->P(a)&(A->(A->A))))->((P(a)&(A->(A->A))->@x(P(a)))->(P(a)->((A->(A->A))->P(a)&(A->(A->A)))))
(P(a)&(A->(A->A))->@x(P(a)))->(P(a)->((A->(A->A))->P(a)&(A->(A->A))))
(P(a)&(A->(A->A))->@x(P(a)))->((P(a)&(A->(A->A))->@x(P(a)))->(P(a)&(A->(A->A))->@x(P(a))))
((P(a)&(A->(A->A))->@x(P(a)))->((P(a)&(A->(A->A))->@x(P(a)))->(P(a)&(A->(A->A))->@x(P(a)))))->(((P(a)&(A->(A->A))->@x(P(a)))->(((P(a)&(A->(A->A))->@x(P(a)))->(P(a)&(A->(A->A))->@x(P(a))))->(P(a)&(A->(A->A))->@x(P(a)))))->((P(a)&(A->(A->A))->@x(P(a)))->(P(a)&(A->(A->A))->@x(P(a)))))
((P(a)&(A->(A->A))->@x(P(a)))->(((P(a)&(A->(A->A))->@x(P(a)))->(P(a)&(A->(A->A))->@x(P(a))))->(P(a)&(A->(A->A))->@x(P(a)))))->((P(a)&(A->(A->A))->@x(P(a)))->(P(a)&(A->(A->A))->@x(P(a))))
(P(a)&(A->(A->A))->@x(P(a)))->(((P(a)&(A->(A->A))->@x(P(a)))->(P(a)&(A->(A->A))->@x(P(a))))->(P(a)&(A->(A->A))->@x(P(a))))
(P(a)&(A->(A->A))->@x(P(a)))->(P(a)&(A->(A->A))->@x(P(a)))
(P(a)&(A->(A->A))->@x(P(a)))->(P(a)->(P(a)&(A->(A->A))->@x(P(a))))
((P(a)&(A->(A->A))->@x(P(a)))->(P(a)->(P(a)&(A->(A->A))->@x(P(a)))))->((P(a)&(A->(A->A))->@x(P(a)))->((P(a)&(A->(A->A))->@x(P(a)))->(P(a)->(P(a)&(A->(A->A))->@x(P(a))))))
(P(a)&(A->(A->A))->@x(P(a)))->((P(a)&(A->(A->A))->@x(P(a)))->(P(a)->(P(a)&(A->(A->A))->@x(P(a)))))
((P(a)&(A->(A->A))->@x(P(a)))->(P(a)&(A->(A->A))->@x(P(a))))->(((P(a)&(A->(A->A))->@x(P(a)))->((P(a)&(A->(A->A))->@x(P(a)))->(P(a)->(P(a)&(A->(A->A))->@x(P(a))))))->((P(a)&(A->(A->A))->@x(P(a)))->(P(a)->(P(a)&(A->(A->A))->@x(P(a))))))
((P(a)&(A->(A->A))->@x(P(a)))->((P(a)&(A->(A->A))->@x(P(a)))->(P(a)->(P(a)&(A->(A->A))->@x(P(a))))))->((P(a)&(A->(A->A))->@x(P(a)))->(P(a)->(P(a)&(A->(A->A))->@x(P(a)))))
(P(a)&(A->(A->A))->@x(P(a)))->(P(a)->(P(a)&(A->(A->A))->@x(P(a))))
(P(a)&(A->(A->A))->@x(P(a)))->((A->(A->A))->(P(a)&(A->(A->A))->@x(P(a))))
((P(a)&(A->(A->A))->@x(P(a)))->((A->(A->A))->(P(a)&(A->(A->A))->@x(P(a)))))->((P(a)&(A->(A->A))->@x(P(a)))->((P(a)&(A->(A->A))->@x(P(a)))->((A->(A->A))->(P(a)&(A->(A->A))->@x(P(a))))))
(P(a)&(A->(A->A))->@x(P(a)))->((P(a)&(A->(A->A))->@x(P(a)))->((A->(A->A))->(P(a)&(A->(A->A))->@x(P(a)))))
((P(a)&(A->(A->A))->@x(P(a)))->((A->(A->A))->(P(a)&(A->(A->A))->@x(P(a)))))->(P(a)->((P(a)&(A->(A->A))->@x(P(a)))->((A->(A->A))->(P(a)&(A->(A->A))->@x(P(a))))))
(((P(a)&(A->(A->A))->@x(P(a)))->((A->(A->A))->(P(a)&(A->(A->A))->@x(P(a)))))->(P(a)->((P(a)&(A->(A->A))->@x(P(a)))->((A->(A->A))->(P(a)&(A->(A->A))->@x(P(a)))))))->((P(a)&(A->(A->A))->@x(P(a)))->(((P(a)&(A->(A->A))->@x(P(a)))->((A->(A->A))->(P(a)&(A->(A->A))->@x(P(a)))))->(P(a)->((P(a)&(A->(A->A))->@x(P(a)))->((A->(A->A))->(P(a)&(A->(A->A))->@x(P(a))))))))
(P(a)&(A->(A->A))->@x(P(a)))->(((P(a)&(A->(A->A))->@x(P(a)))->((A->(A->A))->(P(a)&(A->(A->A))->@x(P(a)))))->(P(a)->((P(a)&(A->(A->A))->@x(P(a)))->((A->(A->A))->(P(a)&(A->(A->A))->@x(P(a)))))))
((P(a)&(A->(A->A))->@x(P(a)))->((P(a)&(A->(A->A))->@x(P(a)))->((A->(A->A))->(P(a)&(A->(A->A))->@x(P(a))))))->(((P(a)&(A->(A->A))->@x(P(a)))->(((P(a)&(A->(A->A))->@x(P(a)))->((A->(A->A))->(P(a)&(A->(A->A))->@x(P(a)))))->(P(a)->((P(a)&(A->(A->A))->@x(P(a)))->((A->(A->A))->(P(a)&(A->(A->A))->@x(P(a))))))))->((P(a)&(A->(A->A))->@x(P(a)))->(P(a)->((P(a)&(A->(A->A))->@x(P(a)))->((A->(A->A))->(P(a)&(A->(A->A))->@x(P(a))))))))
((P(a)&(A->(A->A))->@x(P(a)))->(((P(a)&(A->(A->A))->@x(P(a)))->((A->(A->A))->(P(a)&(A->(A->A))->@x(P(a)))))->(P(a)->((P(a)&(A->(A->A))->@x(P(a)))->((A->(A->A))->(P(a)&(A->(A->A))->@x(P(a))))))))->((P(a)&(A->(A->A))->@x(P(a)))->(P(a)->((P(a)&(A->(A->A))->@x(P(a)))->((A->(A->A))->(P(a)&(A->(A->A))->@x(P(a)))))))
(P(a)&(A->(A->A))->@x(P(a)))->(P(a)->((P(a)&(A->(A->A))->@x(P(a)))->((A->(A->A))->(P(a)&(A->(A->A))->@x(P(a))))))
(P(a)->(P(a)&(A->(A->A))->@x(P(a))))->((P(a)->((P(a)&(A->(A->A))->@x(P(a)))->((A->(A->A))->(P(a)&(A->(A->A))->@x(P(a))))))->(P(a)->((A->(A->A))->(P(a)&(A->(A->A))->@x(P(a))))))
((P(a)->(P(a)&(A->(A->A))->@x(P(a))))->((P(a)->((P(a)&(A->(A->A))->@x(P(a)))->((A->(A->A))->(P(a)&(A->(A->A))->@x(P(a))))))->(P(a)->((A->(A->A))->(P(a)&(A->(A->A))->@x(P(a)))))))->((P(a)&(A->(A->A))->@x(P(a)))->((P(a)->(P(a)&(A->(A->A))->@x(P(a))))->((P(a)->((P(a)&(A->(A->A))->@x(P(a)))->((A->(A->A))->(P(a)&(A->(A->A))->@x(P(a))))))->(P(a)->((A->(A->A))->(P(a)&(A->(A->A))->@x(P(a))))))))
(P(a)&(A->(A->A))->@x(P(a)))->((P(a)->(P(a)&(A->(A->A))->@x(P(a))))->((P(a)->((P(a)&(A->(A->A))->@x(P(a)))->((A->(A->A))->(P(a)&(A->(A->A))->@x(P(a))))))->(P(a)->((A->(A->A))->(P(a)&(A->(A->A))->@x(P(a)))))))
((P(a)&(A->(A->A))->@x(P(a)))->(P(a)->(P(a)&(A->(A->A))->@x(P(a)))))->(((P(a)&(A->(A->A))->@x(P(a)))->((P(a)->(P(a)&(A->(A->A))->@x(P(a))))->((P(a)->((P(a)&(A->(A->A))->@x(P(a)))->((A->(A->A))->(P(a)&(A->(A->A))->@x(P(a))))))->(P(a)->((A->(A->A))->(P(a)&(A->(A->A))->@x(P(a))))))))->((P(a)&(A->(A->A))->@x(P(a)))->((P(a)->((P(a)&(A->(A->A))->@x(P(a)))->((A->(A->A))->(P(a)&(A->(A->A))->@x(P(a))))))->(P(a)->((A->(A->A))->(P(a)&(A->(A->A))->@x(P(a))))))))
((P(a)&(A->(A->A))->@x(P(a)))->((P(a)->(P(a)&(A->(A->A))->@x(P(a))))->((P(a)->((P(a)&(A->(A->A))->@x(P(a)))->((A->(A->A))->(P(a)&(A->(A->A))->@x(P(a))))))->(P(a)->((A->(A->A))->(P(a)&(A->(A->A))->@x(P(a))))))))->((P(a)&(A->(A->A))->@x(P(a)))->((P(a)->((P(a)&(A->(A->A))->@x(P(a)))->((A->(A->A))->(P(a)&(A->(A->A))->@x(P(a))))))->(P(a)->((A->(A->A))->(P(a)&(A->(A->A))->@x(P(a)))))))
(P(a)&(A->(A->A))->@x(P(a)))->((P(a)->((P(a)&(A->(A->A))->@x(P(a)))->((A->(A->A))->(P(a)&(A->(A->A))->@x(P(a))))))->(P(a)->((A->(A->A))->(P(a)&(A->(A->A))->@x(P(a))))))
((P(a)&(A->(A->A))->@x(P(a)))->(P(a)->((P(a)&(A->(A->A))->@x(P(a)))->((A->(A->A))->(P(a)&(A->(A->A))->@x(P(a)))))))->(((P(a)&(A->(A->A))->@x(P(a)))->((P(a)->((P(a)&(A->(A->A))->@x(P(a)))->((A->(A->A))->(P(a)&(A->(A->A))->@x(P(a))))))->(P(a)->((A->(A->A))->(P(a)&(A->(A->A))->@x(P(a)))))))->((P(a)&(A->(A->A))->@x(P(a)))->(P(a)->((A->(A->A))->(P(a)&(A->(A->A))->@x(P(a)))))))
((P(a)&(A->(A->A))->@x(P(a)))->((P(a)->((P(a)&(A->(A->A))->@x(P(a)))->((A->(A->A))->(P(a)&(A->(A->A))->@x(P(a))))))->(P(a)->((A->(A->A))->(P(a)&(A->(A->A))->@x(P(a)))))))->((P(a)&(A->(A->A))->@x(P(a)))->(P(a)->((A->(A->A))->(P(a)&(A->(A->A))->@x(P(a))))))
(P(a)&(A->(A->A))->@x(P(a)))->(P(a)->((A->(A->A))->(P(a)&(A->(A->A))->@x(P(a)))))
((A->(A->A))->P(a)&(A->(A->A)))->(((A->(A->A))->(P(a)&(A->(A->A))->@x(P(a))))->((A->(A->A))->@x(P(a))))
(((A->(A->A))->P(a)&(A->(A->A)))->(((A->(A->A))->(P(a)&(A->(A->A))->@x(P(a))))->((A->(A->A))->@x(P(a)))))->((P(a)&(A->(A->A))->@x(P(a)))->(((A->(A->A))->P(a)&(A->(A->A)))->(((A->(A->A))->(P(a)&(A->(A->A))->@x(P(a))))->((A->(A->A))->@x(P(a))))))
(P(a)&(A->(A->A))->@x(P(a)))->(((A->(A->A))->P(a)&(A->(A->A)))->(((A->(A->A))->(P(a)&(A->(A->A))->@x(P(a))))->((A->(A->A))->@x(P(a)))))
(((A->(A->A))->P(a)&(A->(A->A)))->(((A->(A->A))->(P(a)&(A->(A->A))->@x(P(a))))->((A->(A->A))->@x(P(a)))))->(P(a)->(((A->(A->A))->P(a)&(A->(A->A)))->(((A->(A->A))->(P(a)&(A->(A->A))->@x(P(a))))->((A->(A->A))->@x(P(a))))))
((((A->(A->A))->P(a)&(A->(A->A)))->(((A->(A->A))->(P(a)&(A->(A->A))->@x(P(a))))->((A->(A->A))->@x(P(a)))))->(P(a)->(((A->(A->A))->P(a)&(A->(A->A)))->(((A->(A->A))->(P(a)&(A->(A->A))->@x(P(a))))->((A->(A->A))->@x(P(a)))))))->((P(a)&(A->(A->A))->@x(P(a)))->((((A->(A->A))->P(a)&(A->(A->A)))->(((A->(A->A))->(P(a)&(A->(A->A))->@x(P(a))))->((A->(A->A))->@x(P(a)))))->(P(a)->(((A->(A->A))->P(a)&(A->(A->A)))->(((A->(A->A))->(P(a)&(A->(A->A))->@x(P(a))))->((A->(A->A))->@x(P(a))))))))
(P(a)&(A->(A->A))->@x(P(a)))->((((A->(A->A))->P(a)&(A->(A->A)))->(((A->(A->A))->(P(a)&(A->(A->A))->@x(P(a))))->((A->(A->A))->@x(P(a)))))->(P(a)->(((A->(A->A))->P(a)&(A->(A->A)))->(((A->(A->A))->(P(a)&(A->(A->A))->@x(P(a))))->((A->(A->A))->@x(P(a)))))))
((P(a)&(A->(A->A))->@x(P(a)))->(((A->(A->A))->P(a)&(A->(A->A)))->(((A->(A->A))->(P(a)&(A->(A->A))->@x(P(a))))->((A->(A->A))->@x(P(a))))))->(((P(a)&(A->(A->A))->@x(P(a)))->((((A->(A->A))->P(a)&(A->(A->A)))->(((A->(A->A))->(P(a)&(A->(A->A))->@x(P(a))))->((A->(A->A))->@x(P(a)))))->(P(a)->(((A->(A->A))->P(a)&(A->(A->A)))->(((A->(A->A))->(P(a)&(A->(A->A))->@x(P(a))))->((A->(A->A))->@x(P(a))))))))->((P(a)&(A->(A->A))->@x(P(a)))->(P(a)->(((A->(A->A))->P(a)&(A->(A->A)))->(((A->(A->A))->(P(a)&(A->(A->A))->@x(P(a))))->((A->(A->A))->@x(P(a))))))))
((P(a)&(A->(A->A))->@x(P(a)))->((((A->(A->A))->P(a)&(A->(A->A)))->(((A->(A->A))->(P(a)&(A->(A->A))->@x(P(a))))->((A->(A->A))->@x(P(a)))))->(P(a)->(((A->(A->A))->P(a)&(A->(A->A)))->(((A->(A->A))->(P(a)&(A->(A->A))->@x(P(a))))->((A->(A->A))->@x(P(a))))))))->((P(a)&(A->(A->A))->@x(P(a)))->(P(a)->(((A->(A->A))->P(a)&(A->(A->A)))->(((A->(A->A))->(P(a)&(A->(A->A))->@x(P(a))))->((A->(A->A))->@x(P(a)))))))
(P(a)&(A->(A->A))->@x(P(a)))->(P(a)->(((A->(A->A))->P(a)&(A->(A->A)))->(((A->(A->A))->(P(a)&(A->(A->A))->@x(P(a))))->((A->(A->A))->@x(P(a))))))
(P(a)->((A->(A->A))->P(a)&(A->(A->A))))->((P(a)->(((A->(A->A))->P(a)&(A->(A->A)))->(((A->(A->A))->(P(a)&(A->(A->A))->@x(P(a))))->((A->(A->A))->@x(P(a))))))->(P(a)->(((A->(A->A))->(P(a)&(A->(A->A))->@x(P(a))))->((A->(A->A))->@x(P(a))))))
((P(a)->((A->(A->A))->P(a)&(A->(A->A))))->((P(a)->(((A->(A->A))->P(a)&(A->(A->A)))->(((A->(A->A))->(P(a)&(A->(A->A))->@x(P(a))))->((A->(A->A))->@x(P(a))))))->(P(a)->(((A->(A->A))->(P(a)&(A->(A->A))->@x(P(a))))->((A->(A->A))->@x(P(a)))))))->((P(a)&(A->(A->A))->@x(P(a)))->((P(a)->((A->(A->A))->P(a)&(A->(A->A))))->((P(a)->(((A->(A->A))->P(a)&(A->(A->A)))->(((A->(A->A))->(P(a)&(A->(A->A))->@x(P(a))))->((A->(A->A))->@x(P(a))))))->(P(a)->(((A->(A->A))->(P(a)&(A->(A->A))->@x(P(a))))->((A->(A->A))->@x(P(a))))))))
(P(a)&(A->(A->A))->@x(P(a)))->((P(a)->((A->(A->A))->P(a)&(A->(A->A))))->((P(a)->(((A->(A->A))->P(a)&(A->(A->A)))->(((A->(A->A))->(P(a)&(A->(A->A))->@x(P(a))))->((A->(A->A))->@x(P(a))))))->(P(a)->(((A->(A->A))->(P(a)&(A->(A->A))->@x(P(a))))->((A->(A->A))->@x(P(a)))))))
((P(a)&(A->(A->A))->@x(P(a)))->(P(a)->((A->(A->A))->P(a)&(A->(A->A)))))->(((P(a)&(A->(A->A))->@x(P(a)))->((P(a)->((A->(A->A))->P(a)&(A->(A->A))))->((P(a)->(((A->(A->A))->P(a)&(A->(A->A)))->(((A->(A->A))->(P(a)&(A->(A->A))->@x(P(a))))->((A->(A->A))->@x(P(a))))))->(P(a)->(((A->(A->A))->(P(a)&(A->(A->A))->@x(P(a))))->((A->(A->A))->@x(P(a))))))))->((P(a)&(A->(A->A))->@x(P(a)))->((P(a)->(((A->(A->A))->P(a)&(A->(A->A)))->(((A->(A->A))->(P(a)&(A->(A->A))->@x(P(a))))->((A->(A->A))->@x(P(a))))))->(P(a)->(((A->(A->A))->(P(a)&(A->(A->A))->@x(P(a))))->((A->(A->A))->@x(P(a))))))))
((P(a)&(A->(A->A))->@x(P(a)))->((P(a)->((A->(A->A))->P(a)&(A->(A->A))))->((P(a)->(((A->(A->A))->P(a)&(A->(A->A)))->(((A->(A->A))->(P(a)&(A->(A->A))->@x(P(a))))->((A->(A->A))->@x(P(a))))))->(P(a)->(((A->(A->A))->(P(a)&(A->(A->A))->@x(P(a))))->((A->(A->A))->@x(P(a))))))))->((P(a)&(A->(A->A))->@x(P(a)))->((P(a)->(((A->(A->A))->P(a)&(A->(A->A)))->(((A->(A->A))->(P(a)&(A->(A->A))->@x(P(a))))->((A->(A->A))->@x(P(a))))))->(P(a)->(((A->(A->A))->(P(a)&(A->(A->A))->@x(P(a))))->((A->(A->A))->@x(P(a)))))))
(P(a)&(A->(A->A))->@x(P(a)))->((P(a)->(((A->(A->A))->P(a)&(A->(A->A)))->(((A->(A->A))->(P(a)&(A->(A->A))->@x(P(a))))->((A->(A->A))->@x(P(a))))))->(P(a)->(((A->(A->A))->(P(a)&(A->(A->A))->@x(P(a))))->((A->(A->A))->@x(P(a))))))
((P(a)&(A->(A->A))->@x(P(a)))->(P(a)->(((A->(A->A))->P(a)&(A->(A->A)))->(((A->(A->A))->(P(a)&(A->(A->A))->@x(P(a))))->((A->(A->A))->@x(P(a)))))))->(((P(a)&(A->(A->A))->@x(P(a)))->((P(a)->(((A->(A->A))->P(a)&(A->(A->A)))->(((A->(A->A))->(P(a)&(A->(A->A))->@x(P(a))))->((A->(A->A))->@x(P(a))))))->(P(a)->(((A->(A->A))->(P(a)&(A->(A->A))->@x(P(a))))->((A->(A->A))->@x(P(a)))))))->((P(a)&(A->(A->A))->@x(P(a)))->(P(a)->(((A->(A->A))->(P(a)&(A->(A->A))->@x(P(a))))->((A->(A->A))->@x(P(a)))))))
((P(a)&(A->(A->A))->@x(P(a)))->((P(a)->(((A->(A->A))->P(a)&(A->(A->A)))->(((A->(A->A))->(P(a)&(A->(A->A))->@x(P(a))))->((A->(A->A))->@x(P(a))))))->(P(a)->(((A->(A->A))->(P(a)&(A->(A->A))->@x(P(a))))->((A->(A->A))->@x(P(a)))))))->((P(a)&(A->(A->A))->@x(P(a)))->(P(a)->(((A->(A->A))->(P(a)&(A->(A->A))->@x(P(a))))->((A->(A->A))->@x(P(a))))))
(P(a)&(A->(A->A))->@x(P(a)))->(P(a)->(((A->(A->A))->(P(a)&(A->(A->A))->@x(P(a))))->((A->(A->A))->@x(P(a)))))
(P(a)->((A->(A->A))->(P(a)&(A->(A->A))->@x(P(a)))))->((P(a)->(((A->(A->A))->(P(a)&(A->(A->A))->@x(P(a))))->((A->(A->A))->@x(P(a)))))->(P(a)->((A->(A->A))->@x(P(a)))))
((P(a)->((A->(A->A))->(P(a)&(A->(A->A))->@x(P(a)))))->((P(a)->(((A->(A->A))->(P(a)&(A->(A->A))->@x(P(a))))->((A->(A->A))->@x(P(a)))))->(P(a)->((A->(A->A))->@x(P(a))))))->((P(a)&(A->(A->A))->@x(P(a)))->((P(a)->((A->(A->A))->(P(a)&(A->(A->A))->@x(P(a)))))->((P(a)->(((A->(A->A))->(P(a)&(A->(A->A))->@x(P(a))))->((A->(A->A))->@x(P(a)))))->(P(a)->((A->(A->A))->@x(P(a)))))))
(P(a)&(A->(A->A))->@x(P(a)))->((P(a)->((A->(A->A))->(P(a)&(A->(A->A))->@x(P(a)))))->((P(a)->(((A->(A->A))->(P(a)&(A->(A->A))->@x(P(a))))->((A->(A->A))->@x(P(a)))))->(P(a)->((A->(A->A))->@x(P(a))))))
((P(a)&(A->(A->A))->@x(P(a)))->(P(a)->((A->(A->A))->(P(a)&(A->(A->A))->@x(P(a))))))->(((P(a)&(A->(A->A))->@x(P(a)))->((P(a)->((A->(A->A))->(P(a)&(A->(A->A))->@x(P(a)))))->((P(a)->(((A->(A->A))->(P(a)&(A->(A->A))->@x(P(a))))->((A->(A->A))->@x(P(a)))))->(P(a)->((A->(A->A))->@x(P(a)))))))->((P(a)&(A->(A->A))->@x(P(a)))->((P(a)->(((A->(A->A))->(P(a)&(A->(A->A))->@x(P(a))))->((A->(A->A))->@x(P(a)))))->(P(a)->((A->(A->A))->@x(P(a)))))))
((P(a)&(A->(A->A))->@x(P(a)))->((P(a)->((A->(A->A))->(P(a)&(A->(A->A))->@x(P(a)))))->((P(a)->(((A->(A->A))->(P(a)&(A->(A->A))->@x(P(a))))->((A->(A->A))->@x(P(a)))))->(P(a)->((A->(A->A))->@x(P(a)))))))->((P(a)&(A->(A->A))->@x(P(a)))->((P(a)->(((A->(A->A))->(P(a)&(A->(A->A))->@x(P(a))))->((A->(A->A))->@x(P(a)))))->(P(a)->((A->(A->A))->@x(P(a))))))
(P(a)&(A->(A->A))->@x(P(a)))->((P(a)->(((A->(A->A))->(P(a)&(A->(A->A))->@x(P(a))))->((A->(A->A))->@x(P(a)))))->(P(a)->((A->(A->A))->@x(P(a)))))
((P(a)&(A->(A->A))->@x(P(a)))->(P(a)->(((A->(A->A))->(P(a)&(A->(A->A))->@x(P(a))))->((A->(A->A))->@x(P(a))))))->(((P(a)&(A->(A->A))->@x(P(a)))->((P(a)->(((A->(A->A))->(P(a)&(A->(A->A))->@x(P(a))))->((A->(A->A))->@x(P(a)))))->(P(a)->((A->(A->A))->@x(P(a))))))->((P(a)&(A->(A->A))->@x(P(a)))->(P(a)->((A->(A->A))->@x(P(a))))))
((P(a)&(A->(A->A))->@x(P(a)))->((P(a)->(((A->(A->A))->(P(a)&(A->(A->A))->@x(P(a))))->((A->(A->A))->@x(P(a)))))->(P(a)->((A->(A->A))->@x(P(a))))))->((P(a)&(A->(A->A))->@x(P(a)))->(P(a)->((A->(A->A))->@x(P(a)))))
(P(a)&(A->(A->A))->@x(P(a)))->(P(a)->((A->(A->A))->@x(P(a))))
P(a)&(A->(A->A))->P(a)
(P(a)&(A->(A->A))->P(a))->((P(a)->((A->(A->A))->P(a)))->(P(a)&(A->(A->A))->P(a)))
(P(a)->((A->(A->A))->P(a)))->(P(a)&(A->(A->A))->P(a))
(P(a)&(A->(A->A))->P(a))->(P(a)&(A->(A->A))->(P(a)&(A->(A->A))->P(a)))
((P(a)&(A->(A->A))->P(a))->(P(a)&(A->(A->A))->(P(a)&(A->(A->A))->P(a))))->((P(a)->((A->(A->A))->P(a)))->((P(a)&(A->(A->A))->P(a))->(P(a)&(A->(A->A))->(P(a)&(A->(A->A))->P(a)))))
(P(a)->((A->(A->A))->P(a)))->((P(a)&(A->(A->A))->P(a))->(P(a)&(A->(A->A))->(P(a)&(A->(A->A))->P(a))))
((P(a)->((A->(A->A))->P(a)))->(P(a)&(A->(A->A))->P(a)))->(((P(a)->((A->(A->A))->P(a)))->((P(a)&(A->(A->A))->P(a))->(P(a)&(A->(A->A))->(P(a)&(A->(A->A))->P(a)))))->((P(a)->((A->(A->A))->P(a)))->(P(a)&(A->(A->A))->(P(a)&(A->(A->A))->P(a)))))
((P(a)->((A->(A->A))->P(a)))->((P(a)&(A->(A->A))->P(a))->(P(a)&(A->(A->A))->(P(a)&(A->(A->A))->P(a)))))->((P(a)->((A->(A->A))->P(a)))->(P(a)&(A->(A->A))->(P(a)&(A->(A->A))->P(a))))
(P(a)->((A->(A->A))->P(a)))->(P(a)&(A->(A->A))->(P(a)&(A->(A->A))->P(a)))
P(a)&(A->(A->A))->(P(a)&(A->(A->A))->P(a)&(A->(A->A)))
(P(a)&(A->(A->A))->(P(a)&(A->(A->A))->P(a)&(A->(A->A))))->((P(a)->((A->(A->A))->P(a)))->(P(a)&(A->(A->A))->(P(a)&(A->(A->A))->P(a)&(A->(A->A)))))
(P(a)->((A->(A->A))->P(a)))->(P(a)&(A->(A->A))->(P(a)&(A->(A->A))->P(a)&(A->(A->A))))
(P(a)&(A->(A->A))->(P(a)&(A->(A->A))->P(a)&(A->(A->A))))->((P(a)&(A->(A->A))->((P(a)&(A->(A->A))->P(a)&(A->(A->A)))->P(a)&(A->(A->A))))->(P(a)&(A->(A->A))->P(a)&(A->(A->A))))
((P(a)&(A->(A->A))->(P(a)&(A->(A->A))->P(a)&(A->(A->A))))->((P(a)&(A->(A->A))->((P(a)&(A->(A->A))->P(a)&(A->(A->A)))->P(a)&(A->(A->A))))->(P(a)&(A->(A->A))->P(a)&(A->(A->A)))))->((P(a)->((A->(A->A))->P(a)))->((P(a)&(A->(A->A))->(P(a)&(A->(A->A))->P(a)&(A->(A->A))))->((P(a)&(A->(A->A))->((P(a)&(A->(A->A))->P(a)&(A->(A->A)))->P(a)&(A->(A->A))))->(P(a)&(A->(A->A))->P(a)&(A->(A->A))))))
(P(a)->((A->(A->A))->P(a)))->((P(a)&(A->(A->A))->(P(a)&(A->(A->A))->P(a)&(A->(A->A))))->((P(a)&(A->(A->A))->((P(a)&(A->(A->A))->P(a)&(A->(A->A)))->P(a)&(A->(A->A))))->(P(a)&(A->(A->A))->P(a)&(A->(A->A)))))
((P(a)->((A->(A->A))->P(a)))->(P(a)&(A->(A->A))->(P(a)&(A->(A->A))->P(a)&(A->(A->A)))))->(((P(a)->((A->(A->A))->P(a)))->((P(a)&(A->(A->A))->(P(a)&(A->(A->A))->P(a)&(A->(A->A))))->((P(a)&(A->(A->A))->((P(a)&(A->(A->A))->P(a)&(A->(A->A)))->P(a)&(A->(A->A))))->(P(a)&(A->(A->A))->P(a)&(A->(A->A))))))->((P(a)->((A->(A->A))->P(a)))->((P(a)&(A->(A->A))->((P(a)&(A->(A->A))->P(a)&(A->(A->A)))->P(a)&(A->(A->A))))->(P(a)&(A->(A->A))->P(a)&(A->(A->A))))))
((P(a)->((A->(A->A))->P(a)))->((P(a)&(A->(A->A))->(P(a)&(A->(A->A))->P(a)&(A->(A->A))))->((P(a)&(A->(A->A))->((P(a)&(A->(A->A))->P(a)&(A->(A->A)))->P(a)&(A->(A->A))))->(P(a)&(A->(A->A))->P(a)&(A->(A->A))))))->((P(a)->((A->(A->A))->P(a)))->((P(a)&(A->(A->A))->((P(a)&(A->(A->A))->P(a)&(A->(A->A)))->P(a)&(A->(A->A))))->(P(a)&(A->(A->A))->P(a)&(A->(A->A)))))
(P(a)->((A->(A->A))->P(a)))->((P(a)&(A->(A->A))->((P(a)&(A->(A->A))->P(a)&(A->(A->A)))->P(a)&(A->(A->A))))->(P(a)&(A->(A->A))->P(a)&(A->(A->A))))
P(a)&(A->(A->A))->((P(a)&(A->(A->A))->P(a)&(A->(A->A)))->P(a)&(A->(A->A)))
(P(a)&(A->(A->A))->((P(a)&(A->(A->A))->P(a)&(A->(A->A)))->P(a)&(A->(A->A))))->((P(a)->((A->(A->A))->P(a)))->(P(a)&(A->(A->A))->((P(a)&(A->(A->A))->P(a)&(A->(A->A)))->P(a)&(A->(A->A)))))
(P(a)->((A->(A->A))->P(a)))->(P(a)&(A->(A->A))->((P(a)&(A->(A->A))->P(a)&(A->(A->A)))->P(a)&(A->(A->A))))
((P(a)->((A->(A->A))->P(a)))->(P(a)&(A->(A->A))->((P(a)&(A->(A->A))->P(a)&(A->(A->A)))->P(a)&(A->(A->A)))))->(((P(a)->((A->(A->A))->P(a)))->((P(a)&(A->(A->A))->((P(a)&(A->(A->A))->P(a)&(A->(A->A)))->P(a)&(A->(A->A))))->(P(a)&(A->(A->A))->P(a)&(A->(A->A)))))->((P(a)->((A->(A->A))->P(a)))->(P(a)&(A->(A->A))->P(a)&(A->(A->A)))))
((P(a)->((A->(A->A))->P(a)))->((P(a)&(A->(A->A))->((P(a)&(A->(A->A))->P(a)&(A->(A->A)))->P(a)&(A->(A->A))))->(P(a)&(A->(A->A))->P(a)&(A->(A->A)))))->((P(a)->((A->(A->A))->P(a)))->(P(a)&(A->(A->A))->P(a)&(A->(A->A))))
(P(a)->((A->(A->A))->P(a)))->(P(a)&(A->(A->A))->P(a)&(A->(A->A)))
(P(a)&(A->(A->A))->P(a)&(A->(A->A)))->((P(a)&(A->(A->A))->(P(a)&(A->(A->A))->P(a)))->(P(a)&(A->(A->A))->P(a)))
((P(a)&(A->(A->A))->P(a)&(A->(A->A)))->((P(a)&(A->(A->A))->(P(a)&(A->(A->A))->P(a)))->(P(a)&(A->(A->A))->P(a))))->((P(a)->((A->(A->A))->P(a)))->((P(a)&(A->(A->A))->P(a)&(A->(A->A)))->((P(a)&(A->(A->A))->(P(a)&(A->(A->A))->P(a)))->(P(a)&(A->(A->A))->P(a)))))
(P(a)->((A->(A->A))->P(a)))->((P(a)&(A->(A->A))->P(a)&(A->(A->A)))->((P(a)&(A->(A->A))->(P(a)&(A->(A->A))->P(a)))->(P(a)&(A->(A->A))->P(a))))
((P(a)->((A->(A->A))->P(a)))->(P(a)&(A->(A->A))->P(a)&(A->(A->A))))->(((P(a)->((A->(A->A))->P(a)))->((P(a)&(A->(A->A))->P(a)&(A->(A->A)))->((P(a)&(A->(A->A))->(P(a)&(A->(A->A))->P(a)))->(P(a)&(A->(A->A))->P(a)))))->((P(a)->((A->(A->A))->P(a)))->((P(a)&(A->(A->A))->(P(a)&(A->(A->A))->P(a)))->(P(a)&(A->(A->A))->P(a)))))
((P(a)->((A->(A->A))->P(a)))->((P(a)&(A->(A->A))->P(a)&(A->(A->A)))->((P(a)&(A->(A->A))->(P(a)&(A->(A->A))->P(a)))->(P(a)&(A->(A->A))->P(a)))))->((P(a)->((A->(A->A))->P(a)))->((P(a)&(A->(A->A))->(P(a)&(A->(A->A))->P(a)))->(P(a)&(A->(A->A))->P(a))))
(P(a)->((A->(A->A))->P(a)))->((P(a)&(A->(A->A))->(P(a)&(A->(A->A))->P(a)))->(P(a)&(A->(A->A))->P(a)))
P(a)&(A->(A->A))->P(a)
(P(a)&(A->(A->A))->P(a))->((P(a)->((A->(A->A))->P(a)))->(P(a)&(A->(A->A))->P(a)))
(P(a)->((A->(A->A))->P(a)))->(P(a)&(A->(A->A))->P(a))
P(a)&(A->(A->A))->(A->(A->A))
(P(a)&(A->(A->A))->(A->(A->A)))->((P(a)->((A->(A->A))->P(a)))->(P(a)&(A->(A->A))->(A->(A->A))))
(P(a)->((A->(A->A))->P(a)))->(P(a)&(A->(A->A))->(A->(A->A)))
(P(a)&(A->(A->A))->(A->(A->A)))->(P(a)&(A->(A->A))->(P(a)&(A->(A->A))->(A->(A->A))))
((P(a)&(A->(A->A))->(A->(A->A)))->(P(a)&(A->(A->A))->(P(a)&(A->(A->A))->(A->(A->A)))))->((P(a)->((A->(A->A))->P(a)))->((P(a)&(A->(A->A))->(A->(A->A)))->(P(a)&(A->(A->A))->(P(a)&(A->(A->A))->(A->(A->A))))))
(P(a)->((A->(A->A))->P(a)))->((P(a)&(A->(A->A))->(A->(A->A)))->(P(a)&(A->(A->A))->(P(a)&(A->(A->A))->(A->(A->A)))))
((P(a)->((A->(A->A))->P(a)))->(P(a)&(A->(A->A))->(A->(A->A))))->(((P(a)->((A->(A->A))->P(a)))->((P(a)&(A->(A->A))->(A->(A->A)))->(P(a)&(A->(A->A))->(P(a)&(A->(A->A))->(A->(A->A))))))->((P(a)->((A->(A->A))->P(a)))->(P(a)&(A->(A->A))->(P(a)&(A->(A->A))->(A->(A->A))))))
((P(a)->((A->(A->A))->P(a)))->((P(a)&(A->(A->A))->(A->(A->A)))->(P(a)&(A->(A->A))->(P(a)&(A->(A->A))->(A->(A->A))))))->((P(a)->((A->(A->A))->P(a)))->(P(a)&(A->(A->A))->(P(a)&(A->(A->A))->(A->(A->A)))))
(P(a)->((A->(A->A))->P(a)))->(P(a)&(A->(A->A))->(P(a)&(A->(A->A))->(A->(A->A))))
(P(a)&(A->(A->A))->P(a)&(A->(A->A)))->((P(a)&(A->(A->A))->(P(a)&(A->(A->A))->(A->(A->A))))->(P(a)&(A->(A->A))->(A->(A->A))))
((P(a)&(A->(A->A))->P(a)&(A->(A->A)))->((P(a)&(A->(A->A))->(P(a)&(A->(A->A))->(A->(A->A))))->(P(a)&(A->(A->A))->(A->(A->A)))))->((P(a)->((A->(A->A))->P(a)))->((P(a)&(A->(A->A))->P(a)&(A->(A->A)))->((P(a)&(A->(A->A))->(P(a)&(A->(A->A))->(A->(A->A))))->(P(a)&(A->(A->A))->(A->(A->A))))))
(P(a)->((A->(A->A))->P(a)))->((P(a)&(A->(A->A))->P(a)&(A->(A->A)))->((P(a)&(A->(A->A))->(P(a)&(A->(A->A))->(A->(A->A))))->(P(a)&(A->(A->A))->(A->(A->A)))))
((P(a)->((A->(A->A))->P(a)))->(P(a)&(A->(A->A))->P(a)&(A->(A->A))))->(((P(a)->((A->(A->A))->P(a)))->((P(a)&(A->(A->A))->P(a)&(A->(A->A)))->((P(a)&(A->(A->A))->(P(a)&(A->(A->A))->(A->(A->A))))->(P(a)&(A->(A->A))->(A->(A->A))))))->((P(a)->((A->(A->A))->P(a)))->((P(a)&(A->(A->A))->(P(a)&(A->(A->A))->(A->(A->A))))->(P(a)&(A->(A->A))->(A->(A->A))))))
((P(a)->((A->(A->A))->P(a)))->((P(a)&(A->(A->A))->P(a)&(A->(A->A)))->((P(a)&(A->(A->A))->(P(a)&(A->(A->A))->(A->(A->A))))->(P(a)&(A->(A->A))->(A->(A->A))))))->((P(a)->((A->(A->A))->P(a)))->((P(a)&(A->(A->A))->(P(a)&(A->(A->A))->(A->(A->A))))->(P(a)&(A->(A->A))->(A->(A->A)))))
(P(a)->((A->(A->A))->P(a)))->((P(a)&(A->(A->A))->(P(a)&(A->(A->A))->(A->(A->A))))->(P(a)&(A->(A->A))->(A->(A->A))))
P(a)&(A->(A->A))->(A->(A->A))
(P(a)&(A->(A->A))->(A->(A->A)))->((P(a)->((A->(A->A))->P(a)))->(P(a)&(A->(A->A))->(A->(A->A))))
(P(a)->((A->(A->A))->P(a)))->(P(a)&(A->(A->A))->(A->(A->A)))
(P(a)->((A->(A->A))->P(a)))->((P(a)->((A->(A->A))->P(a)))->(P(a)->((A->(A->A))->P(a))))
((P(a)->((A->(A->A))->P(a)))->((P(a)->((A->(A->A))->P(a)))->(P(a)->((A->(A->A))->P(a)))))->(((P(a)->((A->(A->A))->P(a)))->(((P(a)->((A->(A->A))->P(a)))->(P(a)->((A->(A->A))->P(a))))->(P(a)->((A->(A->A))->P(a)))))->((P(a)->((A->(A->A))->P(a)))->(P(a)->((A->(A->A))->P(a)))))
((P(a)->((A->(A->A))->P(a)))->(((P(a)->((A->(A->A))->P(a)))->(P(a)->((A->(A->A))->P(a))))->(P(a)->((A->(A->A))->P(a)))))->((P(a)->((A->(A->A))->P(a)))->(P(a)->((A->(A->A))->P(a))))
(P(a)->((A->(A->A))->P(a)))->(((P(a)->((A->(A->A))->P(a)))->(P(a)->((A->(A->A))->P(a))))->(P(a)->((A->(A->A))->P(a))))
(P(a)->((A->(A->A))->P(a)))->(P(a)->((A->(A->A))->P(a)))
(P(a)->((A->(A->A))->P(a)))->(P(a)&(A->(A->A))->(P(a)->((A->(A->A))->P(a))))
((P(a)->((A->(A->A))->P(a)))->(P(a)&(A->(A->A))->(P(a)->((A->(A->A))->P(a)))))->((P(a)->((A->(A->A))->P(a)))->((P(a)->((A->(A->A))->P(a)))->(P(a)&(A->(A->A))->(P(a)->((A->(A->A))->P(a))))))
(P(a)->((A->(A->A))->P(a)))->((P(a)->((A->(A->A))->P(a)))->(P(a)&(A->(A->A))->(P(a)->((A->(A->A))->P(a)))))
((P(a)->((A->(A->A))->P(a)))->(P(a)->((A->(A->A))->P(a))))->(((P(a)->((A->(A->A))->P(a)))->((P(a)->((A->(A->A))->P(a)))->(P(a)&(A->(A->A))->(P(a)->((A->(A->A))->P(a))))))->((P(a)->((A->(A->A))->P(a)))->(P(a)&(A->(A->A))->(P(a)->((A->(A->A))->P(a))))))
((P(a)->((A->(A->A))->P(a)))->((P(a)->((A->(A->A))->P(a)))->(P(a)&(A->(A->A))->(P(a)->((A->(A->A))->P(a))))))->((P(a)->((A->(A->A))->P(a)))->(P(a)&(A->(A->A))->(P(a)->((A->(A->A))->P(a)))))
(P(a)->((A->(A->A))->P(a)))->(P(a)&(A->(A->A))->(P(a)->((A->(A->A))->P(a))))
(P(a)&(A->(A->A))->P(a))->((P(a)&(A->(A->A))->(P(a)->((A->(A->A))->P(a))))->(P(a)&(A->(A->A))->((A->(A->A))->P(a))))
((P(a)&(A->(A->A))->P(a))->((P(a)&(A->(A->A))->(P(a)->((A->(A->A))->P(a))))->(P(a)&(A->(A->A))->((A->(A->A))->P(a)))))->((P(a)->((A->(A->A))->P(a)))->((P(a)&(A->(A->A))->P(a))->((P(a)&(A->(A->A))->(P(a)->((A->(A->A))->P(a))))->(P(a)&(A->(A->A))->((A->(A->A))->P(a))))))
(P(a)->((A->(A->A))->P(a)))->((P(a)&(A->(A->A))->P(a))->((P(a)&(A->(A->A))->(P(a)->((A->(A->A))->P(a))))->(P(a)&(A->(A->A))->((A->(A->A))->P(a)))))
((P(a)->((A->(A->A))->P(a)))->(P(a)&(A->(A->A))->P(a)))->(((P(a)->((A->(A->A))->P(a)))->((P(a)&(A->(A->A))->P(a))->((P(a)&(A->(A->A))->(P(a)->((A->(A->A))->P(a))))->(P(a)&(A->(A->A))->((A->(A->A))->P(a))))))->((P(a)->((A->(A->A))->P(a)))->((P(a)&(A->(A->A))->(P(a)->((A->(A->A))->P(a))))->(P(a)&(A->(A->A))->((A->(A->A))->P(a))))))
((P(a)->((A->(A->A))->P(a)))->((P(a)&(A->(A->A))->P(a))->((P(a)&(A->(A->A))->(P(a)->((A->(A->A))->P(a))))->(P(a)&(A->(A->A))->((A->(A->A))->P(a))))))->((P(a)->((A->(A->A))->P(a)))->((P(a)&(A->(A->A))->(P(a)->((A->(A->A))->P(a))))->(P(a)&(A->(A->A))->((A->(A->A))->P(a)))))
(P(a)->((A->(A->A))->P(a)))->((P(a)&(A->(A->A))->(P(a)->((A->(A->A))->P(a))))->(P(a)&(A->(A->A))->((A->(A->A))->P(a))))
((P(a)->((A->(A->A))->P(a)))->(P(a)&(A->(A->A))->(P(a)->((A->(A->A))->P(a)))))->(((P(a)->((A->(A->A))->P(a)))->((P(a)&(A->(A->A))->(P(a)->((A->(A->A))->P(a))))->(P(a)&(A->(A->A))->((A->(A->A))->P(a)))))->((P(a)->((A->(A->A))->P(a)))->(P(a)&(A->(A->A))->((A->(A->A))->P(a)))))
((P(a)->((A->(A->A))->P(a)))->((P(a)&(A->(A->A))->(P(a)->((A->(A->A))->P(a))))->(P(a)&(A->(A->A))->((A->(A->A))->P(a)))))->((P(a)->((A->(A->A))->P(a)))->(P(a)&(A->(A->A))->((A->(A->A))->P(a))))
(P(a)->((A->(A->A))->P(a)))->(P(a)&(A->(A->A))->((A->(A->A))->P(a)))
(P(a)&(A->(A->A))->(A->(A->A)))->((P(a)&(A->(A->A))->((A->(A->A))->P(a)))->(P(a)&(A->(A->A))->P(a)))
((P(a)&(A->(A->A))->(A->(A->A)))->((P(a)&(A->(A->A))->((A->(A->A))->P(a)))->(P(a)&(A->(A->A))->P(a))))->((P(a)->((A->(A->A))->P(a)))->((P(a)&(A->(A->A))->(A->(A->A)))->((P(a)&(A->(A->A))->((A->(A->A))->P(a)))->(P(a)&(A->(A->A))->P(a)))))
(P(a)->((A->(A->A))->P(a)))->((P(a)&(A->(A->A))->(A->(A->A)))->((P(a)&(A->(A->A))->((A->(A->A))->P(a)))->(P(a)&(A->(A->A))->P(a))))
((P(a)->((A->(A->A))->P(a)))->(P(a)&(A->(A->A))->(A->(A->A))))->(((P(a)->((A->(A->A))->P(a)))->((P(a)&(A->(A->A))->(A->(A->A)))->((P(a)&(A->(A->A))->((A->(A->A))->P(a)))->(P(a)&(A->(A->A))->P(a)))))->((P(a)->((A->(A->A))->P(a)))->((P(a)&(A->(A->A))->((A->(A->A))->P(a)))->(P(a)&(A->(A->A))->P(a)))))
((P(a)->((A->(A->A))->P(a)))->((P(a)&(A->(A->A))->(A->(A->A)))->((P(a)&(A->(A->A))->((A->(A->A))->P(a)))->(P(a)&(A->(A->A))->P(a)))))->((P(a)->((A->(A->A))->P(a)))->((P(a)&(A->(A->A))->((A->(A->A))->P(a)))->(P(a)&(A->(A->A))->P(a))))
(P(a)->((A->(A->A))->P(a)))->((P(a)&(A->(A->A))->((A->(A->A))->P(a)))->(P(a)&(A->(A->A))->P(a)))
((P(a)->((A->(A->A))->P(a)))->(P(a)&(A->(A->A))->((A->(A->A))->P(a))))->(((P(a)->((A->(A->A))->P(a)))->((P(a)&(A->(A->A))->((A->(A->A))->P(a)))->(P(a)&(A->(A->A))->P(a))))->((P(a)->((A->(A->A))->P(a)))->(P(a)&(A->(A->A))->P(a))))
((P(a)->((A->(A->A))->P(a)))->((P(a)&(A->(A->A))->((A->(A->A))->P(a)))->(P(a)&(A->(A->A))->P(a))))->((P(a)->((A->(A->A))->P(a)))->(P(a)&(A->(A->A))->P(a)))
(P(a)->((A->(A->A))->P(a)))->(P(a)&(A->(A->A))->P(a))
P(a)->((A->(A->A))->P(a))
P(a)&(A->(A->A))->P(a)
P(a)&(A->(A->A))->@x(P(a))
P(a)->((A->(A->A))->@x(P(a)))
(P(a)->(A->(A->A)))->((P(a)->((A->(A->A))->@x(P(a))))->(P(a)->@x(P(a))))
(P(a)->((A->(A->A))->@x(P(a))))->(P(a)->@x(P(a)))
P(a)->@x(P(a))
