(1) P(x)->?x(P(x)) Сх. акс. 12
(2) (P(x)->?x(P(x)))->(@x(@x(P(x))&Q(x))->(P(x)->?x(P(x)))) Сх. акс. 1
(3) @x(@x(P(x))&Q(x))->(P(x)->?x(P(x))) M.P. 1, 2
(4) (@x(@x(P(x))&Q(x))->(P(x)->?x(P(x))))->((@x(@x(P(x))&Q(x))->(P(x)->?x(P(x))))->(@x(@x(P(x))&Q(x))->(P(x)->?x(P(x))))) Сх. акс. 1
(5) ((@x(@x(P(x))&Q(x))->(P(x)->?x(P(x))))->((@x(@x(P(x))&Q(x))->(P(x)->?x(P(x))))->(@x(@x(P(x))&Q(x))->(P(x)->?x(P(x))))))->(((@x(@x(P(x))&Q(x))->(P(x)->?x(P(x))))->(((@x(@x(P(x))&Q(x))->(P(x)->?x(P(x))))->(@x(@x(P(x))&Q(x))->(P(x)->?x(P(x)))))->(@x(@x(P(x))&Q(x))->(P(x)->?x(P(x))))))->((@x(@x(P(x))&Q(x))->(P(x)->?x(P(x))))->(@x(@x(P(x))&Q(x))->(P(x)->?x(P(x)))))) Сх. акс. 2
(6) ((@x(@x(P(x))&Q(x))->(P(x)->?x(P(x))))->(((@x(@x(P(x))&Q(x))->(P(x)->?x(P(x))))->(@x(@x(P(x))&Q(x))->(P(x)->?x(P(x)))))->(@x(@x(P(x))&Q(x))->(P(x)->?x(P(x))))))->((@x(@x(P(x))&Q(x))->(P(x)->?x(P(x))))->(@x(@x(P(x))&Q(x))->(P(x)->?x(P(x))))) M.P. 4, 5
(7) (@x(@x(P(x))&Q(x))->(P(x)->?x(P(x))))->(((@x(@x(P(x))&Q(x))->(P(x)->?x(P(x))))->(@x(@x(P(x))&Q(x))->(P(x)->?x(P(x)))))->(@x(@x(P(x))&Q(x))->(P(x)->?x(P(x))))) Сх. акс. 1
(8) (@x(@x(P(x))&Q(x))->(P(x)->?x(P(x))))->(@x(@x(P(x))&Q(x))->(P(x)->?x(P(x)))) M.P. 7, 6
(9) (@x(@x(P(x))&Q(x))->(P(x)->?x(P(x))))->(P(x)->(@x(@x(P(x))&Q(x))->(P(x)->?x(P(x))))) Сх. акс. 1
(10) ((@x(@x(P(x))&Q(x))->(P(x)->?x(P(x))))->(P(x)->(@x(@x(P(x))&Q(x))->(P(x)->?x(P(x))))))->((@x(@x(P(x))&Q(x))->(P(x)->?x(P(x))))->((@x(@x(P(x))&Q(x))->(P(x)->?x(P(x))))->(P(x)->(@x(@x(P(x))&Q(x))->(P(x)->?x(P(x))))))) Сх. акс. 1
(11) (@x(@x(P(x))&Q(x))->(P(x)->?x(P(x))))->((@x(@x(P(x))&Q(x))->(P(x)->?x(P(x))))->(P(x)->(@x(@x(P(x))&Q(x))->(P(x)->?x(P(x)))))) M.P. 9, 10
(12) ((@x(@x(P(x))&Q(x))->(P(x)->?x(P(x))))->(@x(@x(P(x))&Q(x))->(P(x)->?x(P(x)))))->(((@x(@x(P(x))&Q(x))->(P(x)->?x(P(x))))->((@x(@x(P(x))&Q(x))->(P(x)->?x(P(x))))->(P(x)->(@x(@x(P(x))&Q(x))->(P(x)->?x(P(x)))))))->((@x(@x(P(x))&Q(x))->(P(x)->?x(P(x))))->(P(x)->(@x(@x(P(x))&Q(x))->(P(x)->?x(P(x))))))) Сх. акс. 2
(13) ((@x(@x(P(x))&Q(x))->(P(x)->?x(P(x))))->((@x(@x(P(x))&Q(x))->(P(x)->?x(P(x))))->(P(x)->(@x(@x(P(x))&Q(x))->(P(x)->?x(P(x)))))))->((@x(@x(P(x))&Q(x))->(P(x)->?x(P(x))))->(P(x)->(@x(@x(P(x))&Q(x))->(P(x)->?x(P(x)))))) M.P. 8, 12
(14) (@x(@x(P(x))&Q(x))->(P(x)->?x(P(x))))->(P(x)->(@x(@x(P(x))&Q(x))->(P(x)->?x(P(x))))) Сх. акс. 1
(15) (@x(@x(P(x))&Q(x))->(P(x)->?x(P(x))))->(@x(@x(P(x))&Q(x))->(@x(@x(P(x))&Q(x))->(P(x)->?x(P(x))))) Сх. акс. 1
(16) ((@x(@x(P(x))&Q(x))->(P(x)->?x(P(x))))->(@x(@x(P(x))&Q(x))->(@x(@x(P(x))&Q(x))->(P(x)->?x(P(x))))))->((@x(@x(P(x))&Q(x))->(P(x)->?x(P(x))))->((@x(@x(P(x))&Q(x))->(P(x)->?x(P(x))))->(@x(@x(P(x))&Q(x))->(@x(@x(P(x))&Q(x))->(P(x)->?x(P(x))))))) Сх. акс. 1
(17) (@x(@x(P(x))&Q(x))->(P(x)->?x(P(x))))->((@x(@x(P(x))&Q(x))->(P(x)->?x(P(x))))->(@x(@x(P(x))&Q(x))->(@x(@x(P(x))&Q(x))->(P(x)->?x(P(x)))))) M.P. 15, 16
(18) ((@x(@x(P(x))&Q(x))->(P(x)->?x(P(x))))->(@x(@x(P(x))&Q(x))->(@x(@x(P(x))&Q(x))->(P(x)->?x(P(x))))))->(P(x)->((@x(@x(P(x))&Q(x))->(P(x)->?x(P(x))))->(@x(@x(P(x))&Q(x))->(@x(@x(P(x))&Q(x))->(P(x)->?x(P(x))))))) Сх. акс. 1
(19) (((@x(@x(P(x))&Q(x))->(P(x)->?x(P(x))))->(@x(@x(P(x))&Q(x))->(@x(@x(P(x))&Q(x))->(P(x)->?x(P(x))))))->(P(x)->((@x(@x(P(x))&Q(x))->(P(x)->?x(P(x))))->(@x(@x(P(x))&Q(x))->(@x(@x(P(x))&Q(x))->(P(x)->?x(P(x))))))))->((@x(@x(P(x))&Q(x))->(P(x)->?x(P(x))))->(((@x(@x(P(x))&Q(x))->(P(x)->?x(P(x))))->(@x(@x(P(x))&Q(x))->(@x(@x(P(x))&Q(x))->(P(x)->?x(P(x))))))->(P(x)->((@x(@x(P(x))&Q(x))->(P(x)->?x(P(x))))->(@x(@x(P(x))&Q(x))->(@x(@x(P(x))&Q(x))->(P(x)->?x(P(x))))))))) Сх. акс. 1
(20) (@x(@x(P(x))&Q(x))->(P(x)->?x(P(x))))->(((@x(@x(P(x))&Q(x))->(P(x)->?x(P(x))))->(@x(@x(P(x))&Q(x))->(@x(@x(P(x))&Q(x))->(P(x)->?x(P(x))))))->(P(x)->((@x(@x(P(x))&Q(x))->(P(x)->?x(P(x))))->(@x(@x(P(x))&Q(x))->(@x(@x(P(x))&Q(x))->(P(x)->?x(P(x)))))))) M.P. 18, 19
(21) ((@x(@x(P(x))&Q(x))->(P(x)->?x(P(x))))->((@x(@x(P(x))&Q(x))->(P(x)->?x(P(x))))->(@x(@x(P(x))&Q(x))->(@x(@x(P(x))&Q(x))->(P(x)->?x(P(x)))))))->(((@x(@x(P(x))&Q(x))->(P(x)->?x(P(x))))->(((@x(@x(P(x))&Q(x))->(P(x)->?x(P(x))))->(@x(@x(P(x))&Q(x))->(@x(@x(P(x))&Q(x))->(P(x)->?x(P(x))))))->(P(x)->((@x(@x(P(x))&Q(x))->(P(x)->?x(P(x))))->(@x(@x(P(x))&Q(x))->(@x(@x(P(x))&Q(x))->(P(x)->?x(P(x)))))))))->((@x(@x(P(x))&Q(x))->(P(x)->?x(P(x))))->(P(x)->((@x(@x(P(x))&Q(x))->(P(x)->?x(P(x))))->(@x(@x(P(x))&Q(x))->(@x(@x(P(x))&Q(x))->(P(x)->?x(P(x))))))))) Сх. акс. 2
(22) ((@x(@x(P(x))&Q(x))->(P(x)->?x(P(x))))->(((@x(@x(P(x))&Q(x))->(P(x)->?x(P(x))))->(@x(@x(P(x))&Q(x))->(@x(@x(P(x))&Q(x))->(P(x)->?x(P(x))))))->(P(x)->((@x(@x(P(x))&Q(x))->(P(x)->?x(P(x))))->(@x(@x(P(x))&Q(x))->(@x(@x(P(x))&Q(x))->(P(x)->?x(P(x)))))))))->((@x(@x(P(x))&Q(x))->(P(x)->?x(P(x))))->(P(x)->((@x(@x(P(x))&Q(x))->(P(x)->?x(P(x))))->(@x(@x(P(x))&Q(x))->(@x(@x(P(x))&Q(x))->(P(x)->?x(P(x)))))))) M.P. 17, 21
(23) (@x(@x(P(x))&Q(x))->(P(x)->?x(P(x))))->(P(x)->((@x(@x(P(x))&Q(x))->(P(x)->?x(P(x))))->(@x(@x(P(x))&Q(x))->(@x(@x(P(x))&Q(x))->(P(x)->?x(P(x))))))) M.P. 20, 22
(24) (P(x)->(@x(@x(P(x))&Q(x))->(P(x)->?x(P(x)))))->((P(x)->((@x(@x(P(x))&Q(x))->(P(x)->?x(P(x))))->(@x(@x(P(x))&Q(x))->(@x(@x(P(x))&Q(x))->(P(x)->?x(P(x)))))))->(P(x)->(@x(@x(P(x))&Q(x))->(@x(@x(P(x))&Q(x))->(P(x)->?x(P(x))))))) Сх. акс. 2
(25) ((P(x)->(@x(@x(P(x))&Q(x))->(P(x)->?x(P(x)))))->((P(x)->((@x(@x(P(x))&Q(x))->(P(x)->?x(P(x))))->(@x(@x(P(x))&Q(x))->(@x(@x(P(x))&Q(x))->(P(x)->?x(P(x)))))))->(P(x)->(@x(@x(P(x))&Q(x))->(@x(@x(P(x))&Q(x))->(P(x)->?x(P(x))))))))->((@x(@x(P(x))&Q(x))->(P(x)->?x(P(x))))->((P(x)->(@x(@x(P(x))&Q(x))->(P(x)->?x(P(x)))))->((P(x)->((@x(@x(P(x))&Q(x))->(P(x)->?x(P(x))))->(@x(@x(P(x))&Q(x))->(@x(@x(P(x))&Q(x))->(P(x)->?x(P(x)))))))->(P(x)->(@x(@x(P(x))&Q(x))->(@x(@x(P(x))&Q(x))->(P(x)->?x(P(x))))))))) Сх. акс. 1
(26) (@x(@x(P(x))&Q(x))->(P(x)->?x(P(x))))->((P(x)->(@x(@x(P(x))&Q(x))->(P(x)->?x(P(x)))))->((P(x)->((@x(@x(P(x))&Q(x))->(P(x)->?x(P(x))))->(@x(@x(P(x))&Q(x))->(@x(@x(P(x))&Q(x))->(P(x)->?x(P(x)))))))->(P(x)->(@x(@x(P(x))&Q(x))->(@x(@x(P(x))&Q(x))->(P(x)->?x(P(x)))))))) M.P. 24, 25
(27) ((@x(@x(P(x))&Q(x))->(P(x)->?x(P(x))))->(P(x)->(@x(@x(P(x))&Q(x))->(P(x)->?x(P(x))))))->(((@x(@x(P(x))&Q(x))->(P(x)->?x(P(x))))->((P(x)->(@x(@x(P(x))&Q(x))->(P(x)->?x(P(x)))))->((P(x)->((@x(@x(P(x))&Q(x))->(P(x)->?x(P(x))))->(@x(@x(P(x))&Q(x))->(@x(@x(P(x))&Q(x))->(P(x)->?x(P(x)))))))->(P(x)->(@x(@x(P(x))&Q(x))->(@x(@x(P(x))&Q(x))->(P(x)->?x(P(x)))))))))->((@x(@x(P(x))&Q(x))->(P(x)->?x(P(x))))->((P(x)->((@x(@x(P(x))&Q(x))->(P(x)->?x(P(x))))->(@x(@x(P(x))&Q(x))->(@x(@x(P(x))&Q(x))->(P(x)->?x(P(x)))))))->(P(x)->(@x(@x(P(x))&Q(x))->(@x(@x(P(x))&Q(x))->(P(x)->?x(P(x))))))))) Сх. акс. 2
(28) ((@x(@x(P(x))&Q(x))->(P(x)->?x(P(x))))->((P(x)->(@x(@x(P(x))&Q(x))->(P(x)->?x(P(x)))))->((P(x)->((@x(@x(P(x))&Q(x))->(P(x)->?x(P(x))))->(@x(@x(P(x))&Q(x))->(@x(@x(P(x))&Q(x))->(P(x)->?x(P(x)))))))->(P(x)->(@x(@x(P(x))&Q(x))->(@x(@x(P(x))&Q(x))->(P(x)->?x(P(x)))))))))->((@x(@x(P(x))&Q(x))->(P(x)->?x(P(x))))->((P(x)->((@x(@x(P(x))&Q(x))->(P(x)->?x(P(x))))->(@x(@x(P(x))&Q(x))->(@x(@x(P(x))&Q(x))->(P(x)->?x(P(x)))))))->(P(x)->(@x(@x(P(x))&Q(x))->(@x(@x(P(x))&Q(x))->(P(x)->?x(P(x)))))))) M.P. 9, 27
(29) (@x(@x(P(x))&Q(x))->(P(x)->?x(P(x))))->((P(x)->((@x(@x(P(x))&Q(x))->(P(x)->?x(P(x))))->(@x(@x(P(x))&Q(x))->(@x(@x(P(x))&Q(x))->(P(x)->?x(P(x)))))))->(P(x)->(@x(@x(P(x))&Q(x))->(@x(@x(P(x))&Q(x))->(P(x)->?x(P(x))))))) M.P. 26, 28
(30) ((@x(@x(P(x))&Q(x))->(P(x)->?x(P(x))))->(P(x)->((@x(@x(P(x))&Q(x))->(P(x)->?x(P(x))))->(@x(@x(P(x))&Q(x))->(@x(@x(P(x))&Q(x))->(P(x)->?x(P(x))))))))->(((@x(@x(P(x))&Q(x))->(P(x)->?x(P(x))))->((P(x)->((@x(@x(P(x))&Q(x))->(P(x)->?x(P(x))))->(@x(@x(P(x))&Q(x))->(@x(@x(P(x))&Q(x))->(P(x)->?x(P(x)))))))->(P(x)->(@x(@x(P(x))&Q(x))->(@x(@x(P(x))&Q(x))->(P(x)->?x(P(x))))))))->((@x(@x(P(x))&Q(x))->(P(x)->?x(P(x))))->(P(x)->(@x(@x(P(x))&Q(x))->(@x(@x(P(x))&Q(x))->(P(x)->?x(P(x)))))))) Сх. акс. 2
(31) ((@x(@x(P(x))&Q(x))->(P(x)->?x(P(x))))->((P(x)->((@x(@x(P(x))&Q(x))->(P(x)->?x(P(x))))->(@x(@x(P(x))&Q(x))->(@x(@x(P(x))&Q(x))->(P(x)->?x(P(x)))))))->(P(x)->(@x(@x(P(x))&Q(x))->(@x(@x(P(x))&Q(x))->(P(x)->?x(P(x))))))))->((@x(@x(P(x))&Q(x))->(P(x)->?x(P(x))))->(P(x)->(@x(@x(P(x))&Q(x))->(@x(@x(P(x))&Q(x))->(P(x)->?x(P(x))))))) M.P. 23, 30
(32) (@x(@x(P(x))&Q(x))->(P(x)->?x(P(x))))->(P(x)->(@x(@x(P(x))&Q(x))->(@x(@x(P(x))&Q(x))->(P(x)->?x(P(x)))))) M.P. 29, 31
(33) @x(@x(P(x))&Q(x))->(@x(@x(P(x))&Q(x))->@x(@x(P(x))&Q(x))) Сх. акс. 1
(34) (@x(@x(P(x))&Q(x))->(@x(@x(P(x))&Q(x))->@x(@x(P(x))&Q(x))))->((@x(@x(P(x))&Q(x))->(P(x)->?x(P(x))))->(@x(@x(P(x))&Q(x))->(@x(@x(P(x))&Q(x))->@x(@x(P(x))&Q(x))))) Сх. акс. 1
(35) (@x(@x(P(x))&Q(x))->(P(x)->?x(P(x))))->(@x(@x(P(x))&Q(x))->(@x(@x(P(x))&Q(x))->@x(@x(P(x))&Q(x)))) M.P. 33, 34
(36) (@x(@x(P(x))&Q(x))->(@x(@x(P(x))&Q(x))->@x(@x(P(x))&Q(x))))->(P(x)->(@x(@x(P(x))&Q(x))->(@x(@x(P(x))&Q(x))->@x(@x(P(x))&Q(x))))) Сх. акс. 1
(37) ((@x(@x(P(x))&Q(x))->(@x(@x(P(x))&Q(x))->@x(@x(P(x))&Q(x))))->(P(x)->(@x(@x(P(x))&Q(x))->(@x(@x(P(x))&Q(x))->@x(@x(P(x))&Q(x))))))->((@x(@x(P(x))&Q(x))->(P(x)->?x(P(x))))->((@x(@x(P(x))&Q(x))->(@x(@x(P(x))&Q(x))->@x(@x(P(x))&Q(x))))->(P(x)->(@x(@x(P(x))&Q(x))->(@x(@x(P(x))&Q(x))->@x(@x(P(x))&Q(x))))))) Сх. акс. 1
(38) (@x(@x(P(x))&Q(x))->(P(x)->?x(P(x))))->((@x(@x(P(x))&Q(x))->(@x(@x(P(x))&Q(x))->@x(@x(P(x))&Q(x))))->(P(x)->(@x(@x(P(x))&Q(x))->(@x(@x(P(x))&Q(x))->@x(@x(P(x))&Q(x)))))) M.P. 36, 37
(39) ((@x(@x(P(x))&Q(x))->(P(x)->?x(P(x))))->(@x(@x(P(x))&Q(x))->(@x(@x(P(x))&Q(x))->@x(@x(P(x))&Q(x)))))->(((@x(@x(P(x))&Q(x))->(P(x)->?x(P(x))))->((@x(@x(P(x))&Q(x))->(@x(@x(P(x))&Q(x))->@x(@x(P(x))&Q(x))))->(P(x)->(@x(@x(P(x))&Q(x))->(@x(@x(P(x))&Q(x))->@x(@x(P(x))&Q(x)))))))->((@x(@x(P(x))&Q(x))->(P(x)->?x(P(x))))->(P(x)->(@x(@x(P(x))&Q(x))->(@x(@x(P(x))&Q(x))->@x(@x(P(x))&Q(x))))))) Сх. акс. 2
(40) ((@x(@x(P(x))&Q(x))->(P(x)->?x(P(x))))->((@x(@x(P(x))&Q(x))->(@x(@x(P(x))&Q(x))->@x(@x(P(x))&Q(x))))->(P(x)->(@x(@x(P(x))&Q(x))->(@x(@x(P(x))&Q(x))->@x(@x(P(x))&Q(x)))))))->((@x(@x(P(x))&Q(x))->(P(x)->?x(P(x))))->(P(x)->(@x(@x(P(x))&Q(x))->(@x(@x(P(x))&Q(x))->@x(@x(P(x))&Q(x)))))) M.P. 35, 39
(41) (@x(@x(P(x))&Q(x))->(P(x)->?x(P(x))))->(P(x)->(@x(@x(P(x))&Q(x))->(@x(@x(P(x))&Q(x))->@x(@x(P(x))&Q(x))))) M.P. 38, 40
(42) (@x(@x(P(x))&Q(x))->(@x(@x(P(x))&Q(x))->@x(@x(P(x))&Q(x))))->((@x(@x(P(x))&Q(x))->((@x(@x(P(x))&Q(x))->@x(@x(P(x))&Q(x)))->@x(@x(P(x))&Q(x))))->(@x(@x(P(x))&Q(x))->@x(@x(P(x))&Q(x)))) Сх. акс. 2
(43) ((@x(@x(P(x))&Q(x))->(@x(@x(P(x))&Q(x))->@x(@x(P(x))&Q(x))))->((@x(@x(P(x))&Q(x))->((@x(@x(P(x))&Q(x))->@x(@x(P(x))&Q(x)))->@x(@x(P(x))&Q(x))))->(@x(@x(P(x))&Q(x))->@x(@x(P(x))&Q(x)))))->((@x(@x(P(x))&Q(x))->(P(x)->?x(P(x))))->((@x(@x(P(x))&Q(x))->(@x(@x(P(x))&Q(x))->@x(@x(P(x))&Q(x))))->((@x(@x(P(x))&Q(x))->((@x(@x(P(x))&Q(x))->@x(@x(P(x))&Q(x)))->@x(@x(P(x))&Q(x))))->(@x(@x(P(x))&Q(x))->@x(@x(P(x))&Q(x)))))) Сх. акс. 1
(44) (@x(@x(P(x))&Q(x))->(P(x)->?x(P(x))))->((@x(@x(P(x))&Q(x))->(@x(@x(P(x))&Q(x))->@x(@x(P(x))&Q(x))))->((@x(@x(P(x))&Q(x))->((@x(@x(P(x))&Q(x))->@x(@x(P(x))&Q(x)))->@x(@x(P(x))&Q(x))))->(@x(@x(P(x))&Q(x))->@x(@x(P(x))&Q(x))))) M.P. 42, 43
(45) ((@x(@x(P(x))&Q(x))->(@x(@x(P(x))&Q(x))->@x(@x(P(x))&Q(x))))->((@x(@x(P(x))&Q(x))->((@x(@x(P(x))&Q(x))->@x(@x(P(x))&Q(x)))->@x(@x(P(x))&Q(x))))->(@x(@x(P(x))&Q(x))->@x(@x(P(x))&Q(x)))))->(P(x)->((@x(@x(P(x))&Q(x))->(@x(@x(P(x))&Q(x))->@x(@x(P(x))&Q(x))))->((@x(@x(P(x))&Q(x))->((@x(@x(P(x))&Q(x))->@x(@x(P(x))&Q(x)))->@x(@x(P(x))&Q(x))))->(@x(@x(P(x))&Q(x))->@x(@x(P(x))&Q(x)))))) Сх. акс. 1
(46) (((@x(@x(P(x))&Q(x))->(@x(@x(P(x))&Q(x))->@x(@x(P(x))&Q(x))))->((@x(@x(P(x))&Q(x))->((@x(@x(P(x))&Q(x))->@x(@x(P(x))&Q(x)))->@x(@x(P(x))&Q(x))))->(@x(@x(P(x))&Q(x))->@x(@x(P(x))&Q(x)))))->(P(x)->((@x(@x(P(x))&Q(x))->(@x(@x(P(x))&Q(x))->@x(@x(P(x))&Q(x))))->((@x(@x(P(x))&Q(x))->((@x(@x(P(x))&Q(x))->@x(@x(P(x))&Q(x)))->@x(@x(P(x))&Q(x))))->(@x(@x(P(x))&Q(x))->@x(@x(P(x))&Q(x)))))))->((@x(@x(P(x))&Q(x))->(P(x)->?x(P(x))))->(((@x(@x(P(x))&Q(x))->(@x(@x(P(x))&Q(x))->@x(@x(P(x))&Q(x))))->((@x(@x(P(x))&Q(x))->((@x(@x(P(x))&Q(x))->@x(@x(P(x))&Q(x)))->@x(@x(P(x))&Q(x))))->(@x(@x(P(x))&Q(x))->@x(@x(P(x))&Q(x)))))->(P(x)->((@x(@x(P(x))&Q(x))->(@x(@x(P(x))&Q(x))->@x(@x(P(x))&Q(x))))->((@x(@x(P(x))&Q(x))->((@x(@x(P(x))&Q(x))->@x(@x(P(x))&Q(x)))->@x(@x(P(x))&Q(x))))->(@x(@x(P(x))&Q(x))->@x(@x(P(x))&Q(x)))))))) Сх. акс. 1
(47) (@x(@x(P(x))&Q(x))->(P(x)->?x(P(x))))->(((@x(@x(P(x))&Q(x))->(@x(@x(P(x))&Q(x))->@x(@x(P(x))&Q(x))))->((@x(@x(P(x))&Q(x))->((@x(@x(P(x))&Q(x))->@x(@x(P(x))&Q(x)))->@x(@x(P(x))&Q(x))))->(@x(@x(P(x))&Q(x))->@x(@x(P(x))&Q(x)))))->(P(x)->((@x(@x(P(x))&Q(x))->(@x(@x(P(x))&Q(x))->@x(@x(P(x))&Q(x))))->((@x(@x(P(x))&Q(x))->((@x(@x(P(x))&Q(x))->@x(@x(P(x))&Q(x)))->@x(@x(P(x))&Q(x))))->(@x(@x(P(x))&Q(x))->@x(@x(P(x))&Q(x))))))) M.P. 45, 46
(48) ((@x(@x(P(x))&Q(x))->(P(x)->?x(P(x))))->((@x(@x(P(x))&Q(x))->(@x(@x(P(x))&Q(x))->@x(@x(P(x))&Q(x))))->((@x(@x(P(x))&Q(x))->((@x(@x(P(x))&Q(x))->@x(@x(P(x))&Q(x)))->@x(@x(P(x))&Q(x))))->(@x(@x(P(x))&Q(x))->@x(@x(P(x))&Q(x))))))->(((@x(@x(P(x))&Q(x))->(P(x)->?x(P(x))))->(((@x(@x(P(x))&Q(x))->(@x(@x(P(x))&Q(x))->@x(@x(P(x))&Q(x))))->((@x(@x(P(x))&Q(x))->((@x(@x(P(x))&Q(x))->@x(@x(P(x))&Q(x)))->@x(@x(P(x))&Q(x))))->(@x(@x(P(x))&Q(x))->@x(@x(P(x))&Q(x)))))->(P(x)->((@x(@x(P(x))&Q(x))->(@x(@x(P(x))&Q(x))->@x(@x(P(x))&Q(x))))->((@x(@x(P(x))&Q(x))->((@x(@x(P(x))&Q(x))->@x(@x(P(x))&Q(x)))->@x(@x(P(x))&Q(x))))->(@x(@x(P(x))&Q(x))->@x(@x(P(x))&Q(x))))))))->((@x(@x(P(x))&Q(x))->(P(x)->?x(P(x))))->(P(x)->((@x(@x(P(x))&Q(x))->(@x(@x(P(x))&Q(x))->@x(@x(P(x))&Q(x))))->((@x(@x(P(x))&Q(x))->((@x(@x(P(x))&Q(x))->@x(@x(P(x))&Q(x)))->@x(@x(P(x))&Q(x))))->(@x(@x(P(x))&Q(x))->@x(@x(P(x))&Q(x)))))))) Сх. акс. 2
(49) ((@x(@x(P(x))&Q(x))->(P(x)->?x(P(x))))->(((@x(@x(P(x))&Q(x))->(@x(@x(P(x))&Q(x))->@x(@x(P(x))&Q(x))))->((@x(@x(P(x))&Q(x))->((@x(@x(P(x))&Q(x))->@x(@x(P(x))&Q(x)))->@x(@x(P(x))&Q(x))))->(@x(@x(P(x))&Q(x))->@x(@x(P(x))&Q(x)))))->(P(x)->((@x(@x(P(x))&Q(x))->(@x(@x(P(x))&Q(x))->@x(@x(P(x))&Q(x))))->((@x(@x(P(x))&Q(x))->((@x(@x(P(x))&Q(x))->@x(@x(P(x))&Q(x)))->@x(@x(P(x))&Q(x))))->(@x(@x(P(x))&Q(x))->@x(@x(P(x))&Q(x))))))))->((@x(@x(P(x))&Q(x))->(P(x)->?x(P(x))))->(P(x)->((@x(@x(P(x))&Q(x))->(@x(@x(P(x))&Q(x))->@x(@x(P(x))&Q(x))))->((@x(@x(P(x))&Q(x))->((@x(@x(P(x))&Q(x))->@x(@x(P(x))&Q(x)))->@x(@x(P(x))&Q(x))))->(@x(@x(P(x))&Q(x))->@x(@x(P(x))&Q(x))))))) M.P. 44, 48
(50) (@x(@x(P(x))&Q(x))->(P(x)->?x(P(x))))->(P(x)->((@x(@x(P(x))&Q(x))->(@x(@x(P(x))&Q(x))->@x(@x(P(x))&Q(x))))->((@x(@x(P(x))&Q(x))->((@x(@x(P(x))&Q(x))->@x(@x(P(x))&Q(x)))->@x(@x(P(x))&Q(x))))->(@x(@x(P(x))&Q(x))->@x(@x(P(x))&Q(x)))))) M.P. 47, 49
(51) (P(x)->(@x(@x(P(x))&Q(x))->(@x(@x(P(x))&Q(x))->@x(@x(P(x))&Q(x)))))->((P(x)->((@x(@x(P(x))&Q(x))->(@x(@x(P(x))&Q(x))->@x(@x(P(x))&Q(x))))->((@x(@x(P(x))&Q(x))->((@x(@x(P(x))&Q(x))->@x(@x(P(x))&Q(x)))->@x(@x(P(x))&Q(x))))->(@x(@x(P(x))&Q(x))->@x(@x(P(x))&Q(x))))))->(P(x)->((@x(@x(P(x))&Q(x))->((@x(@x(P(x))&Q(x))->@x(@x(P(x))&Q(x)))->@x(@x(P(x))&Q(x))))->(@x(@x(P(x))&Q(x))->@x(@x(P(x))&Q(x)))))) Сх. акс. 2
(52) ((P(x)->(@x(@x(P(x))&Q(x))->(@x(@x(P(x))&Q(x))->@x(@x(P(x))&Q(x)))))->((P(x)->((@x(@x(P(x))&Q(x))->(@x(@x(P(x))&Q(x))->@x(@x(P(x))&Q(x))))->((@x(@x(P(x))&Q(x))->((@x(@x(P(x))&Q(x))->@x(@x(P(x))&Q(x)))->@x(@x(P(x))&Q(x))))->(@x(@x(P(x))&Q(x))->@x(@x(P(x))&Q(x))))))->(P(x)->((@x(@x(P(x))&Q(x))->((@x(@x(P(x))&Q(x))->@x(@x(P(x))&Q(x)))->@x(@x(P(x))&Q(x))))->(@x(@x(P(x))&Q(x))->@x(@x(P(x))&Q(x)))))))->((@x(@x(P(x))&Q(x))->(P(x)->?x(P(x))))->((P(x)->(@x(@x(P(x))&Q(x))->(@x(@x(P(x))&Q(x))->@x(@x(P(x))&Q(x)))))->((P(x)->((@x(@x(P(x))&Q(x))->(@x(@x(P(x))&Q(x))->@x(@x(P(x))&Q(x))))->((@x(@x(P(x))&Q(x))->((@x(@x(P(x))&Q(x))->@x(@x(P(x))&Q(x)))->@x(@x(P(x))&Q(x))))->(@x(@x(P(x))&Q(x))->@x(@x(P(x))&Q(x))))))->(P(x)->((@x(@x(P(x))&Q(x))->((@x(@x(P(x))&Q(x))->@x(@x(P(x))&Q(x)))->@x(@x(P(x))&Q(x))))->(@x(@x(P(x))&Q(x))->@x(@x(P(x))&Q(x)))))))) Сх. акс. 1
(53) (@x(@x(P(x))&Q(x))->(P(x)->?x(P(x))))->((P(x)->(@x(@x(P(x))&Q(x))->(@x(@x(P(x))&Q(x))->@x(@x(P(x))&Q(x)))))->((P(x)->((@x(@x(P(x))&Q(x))->(@x(@x(P(x))&Q(x))->@x(@x(P(x))&Q(x))))->((@x(@x(P(x))&Q(x))->((@x(@x(P(x))&Q(x))->@x(@x(P(x))&Q(x)))->@x(@x(P(x))&Q(x))))->(@x(@x(P(x))&Q(x))->@x(@x(P(x))&Q(x))))))->(P(x)->((@x(@x(P(x))&Q(x))->((@x(@x(P(x))&Q(x))->@x(@x(P(x))&Q(x)))->@x(@x(P(x))&Q(x))))->(@x(@x(P(x))&Q(x))->@x(@x(P(x))&Q(x))))))) M.P. 51, 52
(54) ((@x(@x(P(x))&Q(x))->(P(x)->?x(P(x))))->(P(x)->(@x(@x(P(x))&Q(x))->(@x(@x(P(x))&Q(x))->@x(@x(P(x))&Q(x))))))->(((@x(@x(P(x))&Q(x))->(P(x)->?x(P(x))))->((P(x)->(@x(@x(P(x))&Q(x))->(@x(@x(P(x))&Q(x))->@x(@x(P(x))&Q(x)))))->((P(x)->((@x(@x(P(x))&Q(x))->(@x(@x(P(x))&Q(x))->@x(@x(P(x))&Q(x))))->((@x(@x(P(x))&Q(x))->((@x(@x(P(x))&Q(x))->@x(@x(P(x))&Q(x)))->@x(@x(P(x))&Q(x))))->(@x(@x(P(x))&Q(x))->@x(@x(P(x))&Q(x))))))->(P(x)->((@x(@x(P(x))&Q(x))->((@x(@x(P(x))&Q(x))->@x(@x(P(x))&Q(x)))->@x(@x(P(x))&Q(x))))->(@x(@x(P(x))&Q(x))->@x(@x(P(x))&Q(x))))))))->((@x(@x(P(x))&Q(x))->(P(x)->?x(P(x))))->((P(x)->((@x(@x(P(x))&Q(x))->(@x(@x(P(x))&Q(x))->@x(@x(P(x))&Q(x))))->((@x(@x(P(x))&Q(x))->((@x(@x(P(x))&Q(x))->@x(@x(P(x))&Q(x)))->@x(@x(P(x))&Q(x))))->(@x(@x(P(x))&Q(x))->@x(@x(P(x))&Q(x))))))->(P(x)->((@x(@x(P(x))&Q(x))->((@x(@x(P(x))&Q(x))->@x(@x(P(x))&Q(x)))->@x(@x(P(x))&Q(x))))->(@x(@x(P(x))&Q(x))->@x(@x(P(x))&Q(x)))))))) Сх. акс. 2
(55) ((@x(@x(P(x))&Q(x))->(P(x)->?x(P(x))))->((P(x)->(@x(@x(P(x))&Q(x))->(@x(@x(P(x))&Q(x))->@x(@x(P(x))&Q(x)))))->((P(x)->((@x(@x(P(x))&Q(x))->(@x(@x(P(x))&Q(x))->@x(@x(P(x))&Q(x))))->((@x(@x(P(x))&Q(x))->((@x(@x(P(x))&Q(x))->@x(@x(P(x))&Q(x)))->@x(@x(P(x))&Q(x))))->(@x(@x(P(x))&Q(x))->@x(@x(P(x))&Q(x))))))->(P(x)->((@x(@x(P(x))&Q(x))->((@x(@x(P(x))&Q(x))->@x(@x(P(x))&Q(x)))->@x(@x(P(x))&Q(x))))->(@x(@x(P(x))&Q(x))->@x(@x(P(x))&Q(x))))))))->((@x(@x(P(x))&Q(x))->(P(x)->?x(P(x))))->((P(x)->((@x(@x(P(x))&Q(x))->(@x(@x(P(x))&Q(x))->@x(@x(P(x))&Q(x))))->((@x(@x(P(x))&Q(x))->((@x(@x(P(x))&Q(x))->@x(@x(P(x))&Q(x)))->@x(@x(P(x))&Q(x))))->(@x(@x(P(x))&Q(x))->@x(@x(P(x))&Q(x))))))->(P(x)->((@x(@x(P(x))&Q(x))->((@x(@x(P(x))&Q(x))->@x(@x(P(x))&Q(x)))->@x(@x(P(x))&Q(x))))->(@x(@x(P(x))&Q(x))->@x(@x(P(x))&Q(x))))))) M.P. 41, 54
(56) (@x(@x(P(x))&Q(x))->(P(x)->?x(P(x))))->((P(x)->((@x(@x(P(x))&Q(x))->(@x(@x(P(x))&Q(x))->@x(@x(P(x))&Q(x))))->((@x(@x(P(x))&Q(x))->((@x(@x(P(x))&Q(x))->@x(@x(P(x))&Q(x)))->@x(@x(P(x))&Q(x))))->(@x(@x(P(x))&Q(x))->@x(@x(P(x))&Q(x))))))->(P(x)->((@x(@x(P(x))&Q(x))->((@x(@x(P(x))&Q(x))->@x(@x(P(x))&Q(x)))->@x(@x(P(x))&Q(x))))->(@x(@x(P(x))&Q(x))->@x(@x(P(x))&Q(x)))))) M.P. 53, 55
(57) ((@x(@x(P(x))&Q(x))->(P(x)->?x(P(x))))->(P(x)->((@x(@x(P(x))&Q(x))->(@x(@x(P(x))&Q(x))->@x(@x(P(x))&Q(x))))->((@x(@x(P(x))&Q(x))->((@x(@x(P(x))&Q(x))->@x(@x(P(x))&Q(x)))->@x(@x(P(x))&Q(x))))->(@x(@x(P(x))&Q(x))->@x(@x(P(x))&Q(x)))))))->(((@x(@x(P(x))&Q(x))->(P(x)->?x(P(x))))->((P(x)->((@x(@x(P(x))&Q(x))->(@x(@x(P(x))&Q(x))->@x(@x(P(x))&Q(x))))->((@x(@x(P(x))&Q(x))->((@x(@x(P(x))&Q(x))->@x(@x(P(x))&Q(x)))->@x(@x(P(x))&Q(x))))->(@x(@x(P(x))&Q(x))->@x(@x(P(x))&Q(x))))))->(P(x)->((@x(@x(P(x))&Q(x))->((@x(@x(P(x))&Q(x))->@x(@x(P(x))&Q(x)))->@x(@x(P(x))&Q(x))))->(@x(@x(P(x))&Q(x))->@x(@x(P(x))&Q(x)))))))->((@x(@x(P(x))&Q(x))->(P(x)->?x(P(x))))->(P(x)->((@x(@x(P(x))&Q(x))->((@x(@x(P(x))&Q(x))->@x(@x(P(x))&Q(x)))->@x(@x(P(x))&Q(x))))->(@x(@x(P(x))&Q(x))->@x(@x(P(x))&Q(x))))))) Сх. акс. 2
(58) ((@x(@x(P(x))&Q(x))->(P(x)->?x(P(x))))->((P(x)->((@x(@x(P(x))&Q(x))->(@x(@x(P(x))&Q(x))->@x(@x(P(x))&Q(x))))->((@x(@x(P(x))&Q(x))->((@x(@x(P(x))&Q(x))->@x(@x(P(x))&Q(x)))->@x(@x(P(x))&Q(x))))->(@x(@x(P(x))&Q(x))->@x(@x(P(x))&Q(x))))))->(P(x)->((@x(@x(P(x))&Q(x))->((@x(@x(P(x))&Q(x))->@x(@x(P(x))&Q(x)))->@x(@x(P(x))&Q(x))))->(@x(@x(P(x))&Q(x))->@x(@x(P(x))&Q(x)))))))->((@x(@x(P(x))&Q(x))->(P(x)->?x(P(x))))->(P(x)->((@x(@x(P(x))&Q(x))->((@x(@x(P(x))&Q(x))->@x(@x(P(x))&Q(x)))->@x(@x(P(x))&Q(x))))->(@x(@x(P(x))&Q(x))->@x(@x(P(x))&Q(x)))))) M.P. 50, 57
(59) (@x(@x(P(x))&Q(x))->(P(x)->?x(P(x))))->(P(x)->((@x(@x(P(x))&Q(x))->((@x(@x(P(x))&Q(x))->@x(@x(P(x))&Q(x)))->@x(@x(P(x))&Q(x))))->(@x(@x(P(x))&Q(x))->@x(@x(P(x))&Q(x))))) M.P. 56, 58
(60) @x(@x(P(x))&Q(x))->((@x(@x(P(x))&Q(x))->@x(@x(P(x))&Q(x)))->@x(@x(P(x))&Q(x))) Сх. акс. 1
(61) (@x(@x(P(x))&Q(x))->((@x(@x(P(x))&Q(x))->@x(@x(P(x))&Q(x)))->@x(@x(P(x))&Q(x))))->((@x(@x(P(x))&Q(x))->(P(x)->?x(P(x))))->(@x(@x(P(x))&Q(x))->((@x(@x(P(x))&Q(x))->@x(@x(P(x))&Q(x)))->@x(@x(P(x))&Q(x))))) Сх. акс. 1
(62) (@x(@x(P(x))&Q(x))->(P(x)->?x(P(x))))->(@x(@x(P(x))&Q(x))->((@x(@x(P(x))&Q(x))->@x(@x(P(x))&Q(x)))->@x(@x(P(x))&Q(x)))) M.P. 60, 61
(63) (@x(@x(P(x))&Q(x))->((@x(@x(P(x))&Q(x))->@x(@x(P(x))&Q(x)))->@x(@x(P(x))&Q(x))))->(P(x)->(@x(@x(P(x))&Q(x))->((@x(@x(P(x))&Q(x))->@x(@x(P(x))&Q(x)))->@x(@x(P(x))&Q(x))))) Сх. акс. 1
(64) ((@x(@x(P(x))&Q(x))->((@x(@x(P(x))&Q(x))->@x(@x(P(x))&Q(x)))->@x(@x(P(x))&Q(x))))->(P(x)->(@x(@x(P(x))&Q(x))->((@x(@x(P(x))&Q(x))->@x(@x(P(x))&Q(x)))->@x(@x(P(x))&Q(x))))))->((@x(@x(P(x))&Q(x))->(P(x)->?x(P(x))))->((@x(@x(P(x))&Q(x))->((@x(@x(P(x))&Q(x))->@x(@x(P(x))&Q(x)))->@x(@x(P(x))&Q(x))))->(P(x)->(@x(@x(P(x))&Q(x))->((@x(@x(P(x))&Q(x))->@x(@x(P(x))&Q(x)))->@x(@x(P(x))&Q(x))))))) Сх. акс. 1
(65) (@x(@x(P(x))&Q(x))->(P(x)->?x(P(x))))->((@x(@x(P(x))&Q(x))->((@x(@x(P(x))&Q(x))->@x(@x(P(x))&Q(x)))->@x(@x(P(x))&Q(x))))->(P(x)->(@x(@x(P(x))&Q(x))->((@x(@x(P(x))&Q(x))->@x(@x(P(x))&Q(x)))->@x(@x(P(x))&Q(x)))))) M.P. 63, 64
(66) ((@x(@x(P(x))&Q(x))->(P(x)->?x(P(x))))->(@x(@x(P(x))&Q(x))->((@x(@x(P(x))&Q(x))->@x(@x(P(x))&Q(x)))->@x(@x(P(x))&Q(x)))))->(((@x(@x(P(x))&Q(x))->(P(x)->?x(P(x))))->((@x(@x(P(x))&Q(x))->((@x(@x(P(x))&Q(x))->@x(@x(P(x))&Q(x)))->@x(@x(P(x))&Q(x))))->(P(x)->(@x(@x(P(x))&Q(x))->((@x(@x(P(x))&Q(x))->@x(@x(P(x))&Q(x)))->@x(@x(P(x))&Q(x)))))))->((@x(@x(P(x))&Q(x))->(P(x)->?x(P(x))))->(P(x)->(@x(@x(P(x))&Q(x))->((@x(@x(P(x))&Q(x))->@x(@x(P(x))&Q(x)))->@x(@x(P(x))&Q(x))))))) Сх. акс. 2
(67) ((@x(@x(P(x))&Q(x))->(P(x)->?x(P(x))))->((@x(@x(P(x))&Q(x))->((@x(@x(P(x))&Q(x))->@x(@x(P(x))&Q(x)))->@x(@x(P(x))&Q(x))))->(P(x)->(@x(@x(P(x))&Q(x))->((@x(@x(P(x))&Q(x))->@x(@x(P(x))&Q(x)))->@x(@x(P(x))&Q(x)))))))->((@x(@x(P(x))&Q(x))->(P(x)->?x(P(x))))->(P(x)->(@x(@x(P(x))&Q(x))->((@x(@x(P(x))&Q(x))->@x(@x(P(x))&Q(x)))->@x(@x(P(x))&Q(x)))))) M.P. 62, 66
(68) (@x(@x(P(x))&Q(x))->(P(x)->?x(P(x))))->(P(x)->(@x(@x(P(x))&Q(x))->((@x(@x(P(x))&Q(x))->@x(@x(P(x))&Q(x)))->@x(@x(P(x))&Q(x))))) M.P. 65, 67
(69) (P(x)->(@x(@x(P(x))&Q(x))->((@x(@x(P(x))&Q(x))->@x(@x(P(x))&Q(x)))->@x(@x(P(x))&Q(x)))))->((P(x)->((@x(@x(P(x))&Q(x))->((@x(@x(P(x))&Q(x))->@x(@x(P(x))&Q(x)))->@x(@x(P(x))&Q(x))))->(@x(@x(P(x))&Q(x))->@x(@x(P(x))&Q(x)))))->(P(x)->(@x(@x(P(x))&Q(x))->@x(@x(P(x))&Q(x))))) Сх. акс. 2
(70) ((P(x)->(@x(@x(P(x))&Q(x))->((@x(@x(P(x))&Q(x))->@x(@x(P(x))&Q(x)))->@x(@x(P(x))&Q(x)))))->((P(x)->((@x(@x(P(x))&Q(x))->((@x(@x(P(x))&Q(x))->@x(@x(P(x))&Q(x)))->@x(@x(P(x))&Q(x))))->(@x(@x(P(x))&Q(x))->@x(@x(P(x))&Q(x)))))->(P(x)->(@x(@x(P(x))&Q(x))->@x(@x(P(x))&Q(x))))))->((@x(@x(P(x))&Q(x))->(P(x)->?x(P(x))))->((P(x)->(@x(@x(P(x))&Q(x))->((@x(@x(P(x))&Q(x))->@x(@x(P(x))&Q(x)))->@x(@x(P(x))&Q(x)))))->((P(x)->((@x(@x(P(x))&Q(x))->((@x(@x(P(x))&Q(x))->@x(@x(P(x))&Q(x)))->@x(@x(P(x))&Q(x))))->(@x(@x(P(x))&Q(x))->@x(@x(P(x))&Q(x)))))->(P(x)->(@x(@x(P(x))&Q(x))->@x(@x(P(x))&Q(x))))))) Сх. акс. 1
(71) (@x(@x(P(x))&Q(x))->(P(x)->?x(P(x))))->((P(x)->(@x(@x(P(x))&Q(x))->((@x(@x(P(x))&Q(x))->@x(@x(P(x))&Q(x)))->@x(@x(P(x))&Q(x)))))->((P(x)->((@x(@x(P(x))&Q(x))->((@x(@x(P(x))&Q(x))->@x(@x(P(x))&Q(x)))->@x(@x(P(x))&Q(x))))->(@x(@x(P(x))&Q(x))->@x(@x(P(x))&Q(x)))))->(P(x)->(@x(@x(P(x))&Q(x))->@x(@x(P(x))&Q(x)))))) M.P. 69, 70
(72) ((@x(@x(P(x))&Q(x))->(P(x)->?x(P(x))))->(P(x)->(@x(@x(P(x))&Q(x))->((@x(@x(P(x))&Q(x))->@x(@x(P(x))&Q(x)))->@x(@x(P(x))&Q(x))))))->(((@x(@x(P(x))&Q(x))->(P(x)->?x(P(x))))->((P(x)->(@x(@x(P(x))&Q(x))->((@x(@x(P(x))&Q(x))->@x(@x(P(x))&Q(x)))->@x(@x(P(x))&Q(x)))))->((P(x)->((@x(@x(P(x))&Q(x))->((@x(@x(P(x))&Q(x))->@x(@x(P(x))&Q(x)))->@x(@x(P(x))&Q(x))))->(@x(@x(P(x))&Q(x))->@x(@x(P(x))&Q(x)))))->(P(x)->(@x(@x(P(x))&Q(x))->@x(@x(P(x))&Q(x)))))))->((@x(@x(P(x))&Q(x))->(P(x)->?x(P(x))))->((P(x)->((@x(@x(P(x))&Q(x))->((@x(@x(P(x))&Q(x))->@x(@x(P(x))&Q(x)))->@x(@x(P(x))&Q(x))))->(@x(@x(P(x))&Q(x))->@x(@x(P(x))&Q(x)))))->(P(x)->(@x(@x(P(x))&Q(x))->@x(@x(P(x))&Q(x))))))) Сх. акс. 2
(73) ((@x(@x(P(x))&Q(x))->(P(x)->?x(P(x))))->((P(x)->(@x(@x(P(x))&Q(x))->((@x(@x(P(x))&Q(x))->@x(@x(P(x))&Q(x)))->@x(@x(P(x))&Q(x)))))->((P(x)->((@x(@x(P(x))&Q(x))->((@x(@x(P(x))&Q(x))->@x(@x(P(x))&Q(x)))->@x(@x(P(x))&Q(x))))->(@x(@x(P(x))&Q(x))->@x(@x(P(x))&Q(x)))))->(P(x)->(@x(@x(P(x))&Q(x))->@x(@x(P(x))&Q(x)))))))->((@x(@x(P(x))&Q(x))->(P(x)->?x(P(x))))->((P(x)->((@x(@x(P(x))&Q(x))->((@x(@x(P(x))&Q(x))->@x(@x(P(x))&Q(x)))->@x(@x(P(x))&Q(x))))->(@x(@x(P(x))&Q(x))->@x(@x(P(x))&Q(x)))))->(P(x)->(@x(@x(P(x))&Q(x))->@x(@x(P(x))&Q(x)))))) M.P. 68, 72
(74) (@x(@x(P(x))&Q(x))->(P(x)->?x(P(x))))->((P(x)->((@x(@x(P(x))&Q(x))->((@x(@x(P(x))&Q(x))->@x(@x(P(x))&Q(x)))->@x(@x(P(x))&Q(x))))->(@x(@x(P(x))&Q(x))->@x(@x(P(x))&Q(x)))))->(P(x)->(@x(@x(P(x))&Q(x))->@x(@x(P(x))&Q(x))))) M.P. 71, 73
(75) ((@x(@x(P(x))&Q(x))->(P(x)->?x(P(x))))->(P(x)->((@x(@x(P(x))&Q(x))->((@x(@x(P(x))&Q(x))->@x(@x(P(x))&Q(x)))->@x(@x(P(x))&Q(x))))->(@x(@x(P(x))&Q(x))->@x(@x(P(x))&Q(x))))))->(((@x(@x(P(x))&Q(x))->(P(x)->?x(P(x))))->((P(x)->((@x(@x(P(x))&Q(x))->((@x(@x(P(x))&Q(x))->@x(@x(P(x))&Q(x)))->@x(@x(P(x))&Q(x))))->(@x(@x(P(x))&Q(x))->@x(@x(P(x))&Q(x)))))->(P(x)->(@x(@x(P(x))&Q(x))->@x(@x(P(x))&Q(x))))))->((@x(@x(P(x))&Q(x))->(P(x)->?x(P(x))))->(P(x)->(@x(@x(P(x))&Q(x))->@x(@x(P(x))&Q(x)))))) Сх. акс. 2
(76) ((@x(@x(P(x))&Q(x))->(P(x)->?x(P(x))))->((P(x)->((@x(@x(P(x))&Q(x))->((@x(@x(P(x))&Q(x))->@x(@x(P(x))&Q(x)))->@x(@x(P(x))&Q(x))))->(@x(@x(P(x))&Q(x))->@x(@x(P(x))&Q(x)))))->(P(x)->(@x(@x(P(x))&Q(x))->@x(@x(P(x))&Q(x))))))->((@x(@x(P(x))&Q(x))->(P(x)->?x(P(x))))->(P(x)->(@x(@x(P(x))&Q(x))->@x(@x(P(x))&Q(x))))) M.P. 59, 75
(77) (@x(@x(P(x))&Q(x))->(P(x)->?x(P(x))))->(P(x)->(@x(@x(P(x))&Q(x))->@x(@x(P(x))&Q(x)))) M.P. 74, 76
(78) P(x)->?x(P(x)) Сх. акс. 12
(79) (P(x)->?x(P(x)))->((@x(@x(P(x))&Q(x))->(P(x)->?x(P(x))))->(P(x)->?x(P(x)))) Сх. акс. 1
(80) (@x(@x(P(x))&Q(x))->(P(x)->?x(P(x))))->(P(x)->?x(P(x))) M.P. 1, 79
(81) (P(x)->?x(P(x)))->(P(x)->(P(x)->?x(P(x)))) Сх. акс. 1
(82) ((P(x)->?x(P(x)))->(P(x)->(P(x)->?x(P(x)))))->((@x(@x(P(x))&Q(x))->(P(x)->?x(P(x))))->((P(x)->?x(P(x)))->(P(x)->(P(x)->?x(P(x)))))) Сх. акс. 1
(83) (@x(@x(P(x))&Q(x))->(P(x)->?x(P(x))))->((P(x)->?x(P(x)))->(P(x)->(P(x)->?x(P(x))))) M.P. 81, 82
(84) ((@x(@x(P(x))&Q(x))->(P(x)->?x(P(x))))->(P(x)->?x(P(x))))->(((@x(@x(P(x))&Q(x))->(P(x)->?x(P(x))))->((P(x)->?x(P(x)))->(P(x)->(P(x)->?x(P(x))))))->((@x(@x(P(x))&Q(x))->(P(x)->?x(P(x))))->(P(x)->(P(x)->?x(P(x)))))) Сх. акс. 2
(85) ((@x(@x(P(x))&Q(x))->(P(x)->?x(P(x))))->((P(x)->?x(P(x)))->(P(x)->(P(x)->?x(P(x))))))->((@x(@x(P(x))&Q(x))->(P(x)->?x(P(x))))->(P(x)->(P(x)->?x(P(x))))) M.P. 80, 84
(86) (@x(@x(P(x))&Q(x))->(P(x)->?x(P(x))))->(P(x)->(P(x)->?x(P(x)))) M.P. 83, 85
(87) (P(x)->?x(P(x)))->(@x(@x(P(x))&Q(x))->(P(x)->?x(P(x)))) Сх. акс. 1
(88) ((P(x)->?x(P(x)))->(@x(@x(P(x))&Q(x))->(P(x)->?x(P(x)))))->((@x(@x(P(x))&Q(x))->(P(x)->?x(P(x))))->((P(x)->?x(P(x)))->(@x(@x(P(x))&Q(x))->(P(x)->?x(P(x)))))) Сх. акс. 1
(89) (@x(@x(P(x))&Q(x))->(P(x)->?x(P(x))))->((P(x)->?x(P(x)))->(@x(@x(P(x))&Q(x))->(P(x)->?x(P(x))))) Сх. акс. 1
(90) ((P(x)->?x(P(x)))->(@x(@x(P(x))&Q(x))->(P(x)->?x(P(x)))))->(P(x)->((P(x)->?x(P(x)))->(@x(@x(P(x))&Q(x))->(P(x)->?x(P(x)))))) Сх. акс. 1
(91) (((P(x)->?x(P(x)))->(@x(@x(P(x))&Q(x))->(P(x)->?x(P(x)))))->(P(x)->((P(x)->?x(P(x)))->(@x(@x(P(x))&Q(x))->(P(x)->?x(P(x)))))))->((@x(@x(P(x))&Q(x))->(P(x)->?x(P(x))))->(((P(x)->?x(P(x)))->(@x(@x(P(x))&Q(x))->(P(x)->?x(P(x)))))->(P(x)->((P(x)->?x(P(x)))->(@x(@x(P(x))&Q(x))->(P(x)->?x(P(x)))))))) Сх. акс. 1
(92) (@x(@x(P(x))&Q(x))->(P(x)->?x(P(x))))->(((P(x)->?x(P(x)))->(@x(@x(P(x))&Q(x))->(P(x)->?x(P(x)))))->(P(x)->((P(x)->?x(P(x)))->(@x(@x(P(x))&Q(x))->(P(x)->?x(P(x))))))) M.P. 90, 91
(93) ((@x(@x(P(x))&Q(x))->(P(x)->?x(P(x))))->((P(x)->?x(P(x)))->(@x(@x(P(x))&Q(x))->(P(x)->?x(P(x))))))->(((@x(@x(P(x))&Q(x))->(P(x)->?x(P(x))))->(((P(x)->?x(P(x)))->(@x(@x(P(x))&Q(x))->(P(x)->?x(P(x)))))->(P(x)->((P(x)->?x(P(x)))->(@x(@x(P(x))&Q(x))->(P(x)->?x(P(x))))))))->((@x(@x(P(x))&Q(x))->(P(x)->?x(P(x))))->(P(x)->((P(x)->?x(P(x)))->(@x(@x(P(x))&Q(x))->(P(x)->?x(P(x)))))))) Сх. акс. 2
(94) ((@x(@x(P(x))&Q(x))->(P(x)->?x(P(x))))->(((P(x)->?x(P(x)))->(@x(@x(P(x))&Q(x))->(P(x)->?x(P(x)))))->(P(x)->((P(x)->?x(P(x)))->(@x(@x(P(x))&Q(x))->(P(x)->?x(P(x))))))))->((@x(@x(P(x))&Q(x))->(P(x)->?x(P(x))))->(P(x)->((P(x)->?x(P(x)))->(@x(@x(P(x))&Q(x))->(P(x)->?x(P(x))))))) M.P. 89, 93
(95) (@x(@x(P(x))&Q(x))->(P(x)->?x(P(x))))->(P(x)->((P(x)->?x(P(x)))->(@x(@x(P(x))&Q(x))->(P(x)->?x(P(x)))))) M.P. 92, 94
(96) (@x(@x(P(x))&Q(x))->(P(x)->?x(P(x))))->((@x(@x(P(x))&Q(x))->(P(x)->?x(P(x))))->(@x(@x(P(x))&Q(x))->(P(x)->?x(P(x))))) Сх. акс. 1
(97) ((@x(@x(P(x))&Q(x))->(P(x)->?x(P(x))))->((@x(@x(P(x))&Q(x))->(P(x)->?x(P(x))))->(@x(@x(P(x))&Q(x))->(P(x)->?x(P(x))))))->(((@x(@x(P(x))&Q(x))->(P(x)->?x(P(x))))->(((@x(@x(P(x))&Q(x))->(P(x)->?x(P(x))))->(@x(@x(P(x))&Q(x))->(P(x)->?x(P(x)))))->(@x(@x(P(x))&Q(x))->(P(x)->?x(P(x))))))->((@x(@x(P(x))&Q(x))->(P(x)->?x(P(x))))->(@x(@x(P(x))&Q(x))->(P(x)->?x(P(x)))))) Сх. акс. 2
(98) ((@x(@x(P(x))&Q(x))->(P(x)->?x(P(x))))->(((@x(@x(P(x))&Q(x))->(P(x)->?x(P(x))))->(@x(@x(P(x))&Q(x))->(P(x)->?x(P(x)))))->(@x(@x(P(x))&Q(x))->(P(x)->?x(P(x))))))->((@x(@x(P(x))&Q(x))->(P(x)->?x(P(x))))->(@x(@x(P(x))&Q(x))->(P(x)->?x(P(x))))) M.P. 4, 97
(99) (@x(@x(P(x))&Q(x))->(P(x)->?x(P(x))))->(((@x(@x(P(x))&Q(x))->(P(x)->?x(P(x))))->(@x(@x(P(x))&Q(x))->(P(x)->?x(P(x)))))->(@x(@x(P(x))&Q(x))->(P(x)->?x(P(x))))) Сх. акс. 1
(100) (@x(@x(P(x))&Q(x))->(P(x)->?x(P(x))))->(@x(@x(P(x))&Q(x))->(P(x)->?x(P(x)))) M.P. 7, 6
(101) (@x(@x(P(x))&Q(x))->(P(x)->?x(P(x))))->(P(x)->(@x(@x(P(x))&Q(x))->(P(x)->?x(P(x))))) Сх. акс. 1
(102) ((@x(@x(P(x))&Q(x))->(P(x)->?x(P(x))))->(P(x)->(@x(@x(P(x))&Q(x))->(P(x)->?x(P(x))))))->((@x(@x(P(x))&Q(x))->(P(x)->?x(P(x))))->((@x(@x(P(x))&Q(x))->(P(x)->?x(P(x))))->(P(x)->(@x(@x(P(x))&Q(x))->(P(x)->?x(P(x))))))) Сх. акс. 1
(103) (@x(@x(P(x))&Q(x))->(P(x)->?x(P(x))))->((@x(@x(P(x))&Q(x))->(P(x)->?x(P(x))))->(P(x)->(@x(@x(P(x))&Q(x))->(P(x)->?x(P(x)))))) M.P. 9, 10
(104) ((@x(@x(P(x))&Q(x))->(P(x)->?x(P(x))))->(@x(@x(P(x))&Q(x))->(P(x)->?x(P(x)))))->(((@x(@x(P(x))&Q(x))->(P(x)->?x(P(x))))->((@x(@x(P(x))&Q(x))->(P(x)->?x(P(x))))->(P(x)->(@x(@x(P(x))&Q(x))->(P(x)->?x(P(x)))))))->((@x(@x(P(x))&Q(x))->(P(x)->?x(P(x))))->(P(x)->(@x(@x(P(x))&Q(x))->(P(x)->?x(P(x))))))) Сх. акс. 2
(105) ((@x(@x(P(x))&Q(x))->(P(x)->?x(P(x))))->((@x(@x(P(x))&Q(x))->(P(x)->?x(P(x))))->(P(x)->(@x(@x(P(x))&Q(x))->(P(x)->?x(P(x)))))))->((@x(@x(P(x))&Q(x))->(P(x)->?x(P(x))))->(P(x)->(@x(@x(P(x))&Q(x))->(P(x)->?x(P(x)))))) M.P. 8, 12
(106) (@x(@x(P(x))&Q(x))->(P(x)->?x(P(x))))->(P(x)->(@x(@x(P(x))&Q(x))->(P(x)->?x(P(x))))) Сх. акс. 1
(107) P(x)->(P(x)->P(x)) Сх. акс. 1
(108) (P(x)->(P(x)->P(x)))->((@x(@x(P(x))&Q(x))->(P(x)->?x(P(x))))->(P(x)->(P(x)->P(x)))) Сх. акс. 1
(109) (@x(@x(P(x))&Q(x))->(P(x)->?x(P(x))))->(P(x)->(P(x)->P(x))) M.P. 107, 108
(110) (P(x)->(P(x)->P(x)))->((P(x)->((P(x)->P(x))->P(x)))->(P(x)->P(x))) Сх. акс. 2
(111) ((P(x)->(P(x)->P(x)))->((P(x)->((P(x)->P(x))->P(x)))->(P(x)->P(x))))->((@x(@x(P(x))&Q(x))->(P(x)->?x(P(x))))->((P(x)->(P(x)->P(x)))->((P(x)->((P(x)->P(x))->P(x)))->(P(x)->P(x))))) Сх. акс. 1
(112) (@x(@x(P(x))&Q(x))->(P(x)->?x(P(x))))->((P(x)->(P(x)->P(x)))->((P(x)->((P(x)->P(x))->P(x)))->(P(x)->P(x)))) M.P. 110, 111
(113) ((@x(@x(P(x))&Q(x))->(P(x)->?x(P(x))))->(P(x)->(P(x)->P(x))))->(((@x(@x(P(x))&Q(x))->(P(x)->?x(P(x))))->((P(x)->(P(x)->P(x)))->((P(x)->((P(x)->P(x))->P(x)))->(P(x)->P(x)))))->((@x(@x(P(x))&Q(x))->(P(x)->?x(P(x))))->((P(x)->((P(x)->P(x))->P(x)))->(P(x)->P(x))))) Сх. акс. 2
(114) ((@x(@x(P(x))&Q(x))->(P(x)->?x(P(x))))->((P(x)->(P(x)->P(x)))->((P(x)->((P(x)->P(x))->P(x)))->(P(x)->P(x)))))->((@x(@x(P(x))&Q(x))->(P(x)->?x(P(x))))->((P(x)->((P(x)->P(x))->P(x)))->(P(x)->P(x)))) M.P. 109, 113
(115) (@x(@x(P(x))&Q(x))->(P(x)->?x(P(x))))->((P(x)->((P(x)->P(x))->P(x)))->(P(x)->P(x))) M.P. 112, 114
(116) P(x)->((P(x)->P(x))->P(x)) Сх. акс. 1
(117) (P(x)->((P(x)->P(x))->P(x)))->((@x(@x(P(x))&Q(x))->(P(x)->?x(P(x))))->(P(x)->((P(x)->P(x))->P(x)))) Сх. акс. 1
(118) (@x(@x(P(x))&Q(x))->(P(x)->?x(P(x))))->(P(x)->((P(x)->P(x))->P(x))) M.P. 116, 117
(119) ((@x(@x(P(x))&Q(x))->(P(x)->?x(P(x))))->(P(x)->((P(x)->P(x))->P(x))))->(((@x(@x(P(x))&Q(x))->(P(x)->?x(P(x))))->((P(x)->((P(x)->P(x))->P(x)))->(P(x)->P(x))))->((@x(@x(P(x))&Q(x))->(P(x)->?x(P(x))))->(P(x)->P(x)))) Сх. акс. 2
(120) ((@x(@x(P(x))&Q(x))->(P(x)->?x(P(x))))->((P(x)->((P(x)->P(x))->P(x)))->(P(x)->P(x))))->((@x(@x(P(x))&Q(x))->(P(x)->?x(P(x))))->(P(x)->P(x))) M.P. 118, 119
(121) (@x(@x(P(x))&Q(x))->(P(x)->?x(P(x))))->(P(x)->P(x)) M.P. 115, 120
(122) P(x)->(@x(@x(P(x))&Q(x))->P(x)) Сх. акс. 1
(123) (P(x)->(@x(@x(P(x))&Q(x))->P(x)))->((@x(@x(P(x))&Q(x))->(P(x)->?x(P(x))))->(P(x)->(@x(@x(P(x))&Q(x))->P(x)))) Сх. акс. 1
(124) (@x(@x(P(x))&Q(x))->(P(x)->?x(P(x))))->(P(x)->(@x(@x(P(x))&Q(x))->P(x))) M.P. 122, 123
(125) (P(x)->(@x(@x(P(x))&Q(x))->P(x)))->(P(x)->(P(x)->(@x(@x(P(x))&Q(x))->P(x)))) Сх. акс. 1
(126) ((P(x)->(@x(@x(P(x))&Q(x))->P(x)))->(P(x)->(P(x)->(@x(@x(P(x))&Q(x))->P(x)))))->((@x(@x(P(x))&Q(x))->(P(x)->?x(P(x))))->((P(x)->(@x(@x(P(x))&Q(x))->P(x)))->(P(x)->(P(x)->(@x(@x(P(x))&Q(x))->P(x)))))) Сх. акс. 1
(127) (@x(@x(P(x))&Q(x))->(P(x)->?x(P(x))))->((P(x)->(@x(@x(P(x))&Q(x))->P(x)))->(P(x)->(P(x)->(@x(@x(P(x))&Q(x))->P(x))))) M.P. 125, 126
(128) ((@x(@x(P(x))&Q(x))->(P(x)->?x(P(x))))->(P(x)->(@x(@x(P(x))&Q(x))->P(x))))->(((@x(@x(P(x))&Q(x))->(P(x)->?x(P(x))))->((P(x)->(@x(@x(P(x))&Q(x))->P(x)))->(P(x)->(P(x)->(@x(@x(P(x))&Q(x))->P(x))))))->((@x(@x(P(x))&Q(x))->(P(x)->?x(P(x))))->(P(x)->(P(x)->(@x(@x(P(x))&Q(x))->P(x)))))) Сх. акс. 2
(129) ((@x(@x(P(x))&Q(x))->(P(x)->?x(P(x))))->((P(x)->(@x(@x(P(x))&Q(x))->P(x)))->(P(x)->(P(x)->(@x(@x(P(x))&Q(x))->P(x))))))->((@x(@x(P(x))&Q(x))->(P(x)->?x(P(x))))->(P(x)->(P(x)->(@x(@x(P(x))&Q(x))->P(x))))) M.P. 124, 128
(130) (@x(@x(P(x))&Q(x))->(P(x)->?x(P(x))))->(P(x)->(P(x)->(@x(@x(P(x))&Q(x))->P(x)))) M.P. 127, 129
(131) (P(x)->P(x))->((P(x)->(P(x)->(@x(@x(P(x))&Q(x))->P(x))))->(P(x)->(@x(@x(P(x))&Q(x))->P(x)))) Сх. акс. 2
(132) ((P(x)->P(x))->((P(x)->(P(x)->(@x(@x(P(x))&Q(x))->P(x))))->(P(x)->(@x(@x(P(x))&Q(x))->P(x)))))->((@x(@x(P(x))&Q(x))->(P(x)->?x(P(x))))->((P(x)->P(x))->((P(x)->(P(x)->(@x(@x(P(x))&Q(x))->P(x))))->(P(x)->(@x(@x(P(x))&Q(x))->P(x)))))) Сх. акс. 1
(133) (@x(@x(P(x))&Q(x))->(P(x)->?x(P(x))))->((P(x)->P(x))->((P(x)->(P(x)->(@x(@x(P(x))&Q(x))->P(x))))->(P(x)->(@x(@x(P(x))&Q(x))->P(x))))) M.P. 131, 132
(134) ((@x(@x(P(x))&Q(x))->(P(x)->?x(P(x))))->(P(x)->P(x)))->(((@x(@x(P(x))&Q(x))->(P(x)->?x(P(x))))->((P(x)->P(x))->((P(x)->(P(x)->(@x(@x(P(x))&Q(x))->P(x))))->(P(x)->(@x(@x(P(x))&Q(x))->P(x))))))->((@x(@x(P(x))&Q(x))->(P(x)->?x(P(x))))->((P(x)->(P(x)->(@x(@x(P(x))&Q(x))->P(x))))->(P(x)->(@x(@x(P(x))&Q(x))->P(x)))))) Сх. акс. 2
(135) ((@x(@x(P(x))&Q(x))->(P(x)->?x(P(x))))->((P(x)->P(x))->((P(x)->(P(x)->(@x(@x(P(x))&Q(x))->P(x))))->(P(x)->(@x(@x(P(x))&Q(x))->P(x))))))->((@x(@x(P(x))&Q(x))->(P(x)->?x(P(x))))->((P(x)->(P(x)->(@x(@x(P(x))&Q(x))->P(x))))->(P(x)->(@x(@x(P(x))&Q(x))->P(x))))) M.P. 121, 134
(136) (@x(@x(P(x))&Q(x))->(P(x)->?x(P(x))))->((P(x)->(P(x)->(@x(@x(P(x))&Q(x))->P(x))))->(P(x)->(@x(@x(P(x))&Q(x))->P(x)))) M.P. 133, 135
(137) P(x)->(@x(@x(P(x))&Q(x))->P(x)) Сх. акс. 1
(138) (P(x)->(@x(@x(P(x))&Q(x))->P(x)))->((@x(@x(P(x))&Q(x))->(P(x)->?x(P(x))))->(P(x)->(@x(@x(P(x))&Q(x))->P(x)))) Сх. акс. 1
(139) (@x(@x(P(x))&Q(x))->(P(x)->?x(P(x))))->(P(x)->(@x(@x(P(x))&Q(x))->P(x))) M.P. 122, 138
(140) (@x(@x(P(x))&Q(x))->P(x))->((@x(@x(P(x))&Q(x))->(P(x)->?x(P(x))))->(@x(@x(P(x))&Q(x))->?x(P(x)))) Сх. акс. 2
(141) ((@x(@x(P(x))&Q(x))->P(x))->((@x(@x(P(x))&Q(x))->(P(x)->?x(P(x))))->(@x(@x(P(x))&Q(x))->?x(P(x)))))->((@x(@x(P(x))&Q(x))->(P(x)->?x(P(x))))->((@x(@x(P(x))&Q(x))->P(x))->((@x(@x(P(x))&Q(x))->(P(x)->?x(P(x))))->(@x(@x(P(x))&Q(x))->?x(P(x)))))) Сх. акс. 1
(142) (@x(@x(P(x))&Q(x))->(P(x)->?x(P(x))))->((@x(@x(P(x))&Q(x))->P(x))->((@x(@x(P(x))&Q(x))->(P(x)->?x(P(x))))->(@x(@x(P(x))&Q(x))->?x(P(x))))) M.P. 140, 141
(143) ((@x(@x(P(x))&Q(x))->P(x))->((@x(@x(P(x))&Q(x))->(P(x)->?x(P(x))))->(@x(@x(P(x))&Q(x))->?x(P(x)))))->(P(x)->((@x(@x(P(x))&Q(x))->P(x))->((@x(@x(P(x))&Q(x))->(P(x)->?x(P(x))))->(@x(@x(P(x))&Q(x))->?x(P(x)))))) Сх. акс. 1
(144) (((@x(@x(P(x))&Q(x))->P(x))->((@x(@x(P(x))&Q(x))->(P(x)->?x(P(x))))->(@x(@x(P(x))&Q(x))->?x(P(x)))))->(P(x)->((@x(@x(P(x))&Q(x))->P(x))->((@x(@x(P(x))&Q(x))->(P(x)->?x(P(x))))->(@x(@x(P(x))&Q(x))->?x(P(x)))))))->((@x(@x(P(x))&Q(x))->(P(x)->?x(P(x))))->(((@x(@x(P(x))&Q(x))->P(x))->((@x(@x(P(x))&Q(x))->(P(x)->?x(P(x))))->(@x(@x(P(x))&Q(x))->?x(P(x)))))->(P(x)->((@x(@x(P(x))&Q(x))->P(x))->((@x(@x(P(x))&Q(x))->(P(x)->?x(P(x))))->(@x(@x(P(x))&Q(x))->?x(P(x)))))))) Сх. акс. 1
(145) (@x(@x(P(x))&Q(x))->(P(x)->?x(P(x))))->(((@x(@x(P(x))&Q(x))->P(x))->((@x(@x(P(x))&Q(x))->(P(x)->?x(P(x))))->(@x(@x(P(x))&Q(x))->?x(P(x)))))->(P(x)->((@x(@x(P(x))&Q(x))->P(x))->((@x(@x(P(x))&Q(x))->(P(x)->?x(P(x))))->(@x(@x(P(x))&Q(x))->?x(P(x))))))) M.P. 143, 144
(146) ((@x(@x(P(x))&Q(x))->(P(x)->?x(P(x))))->((@x(@x(P(x))&Q(x))->P(x))->((@x(@x(P(x))&Q(x))->(P(x)->?x(P(x))))->(@x(@x(P(x))&Q(x))->?x(P(x))))))->(((@x(@x(P(x))&Q(x))->(P(x)->?x(P(x))))->(((@x(@x(P(x))&Q(x))->P(x))->((@x(@x(P(x))&Q(x))->(P(x)->?x(P(x))))->(@x(@x(P(x))&Q(x))->?x(P(x)))))->(P(x)->((@x(@x(P(x))&Q(x))->P(x))->((@x(@x(P(x))&Q(x))->(P(x)->?x(P(x))))->(@x(@x(P(x))&Q(x))->?x(P(x))))))))->((@x(@x(P(x))&Q(x))->(P(x)->?x(P(x))))->(P(x)->((@x(@x(P(x))&Q(x))->P(x))->((@x(@x(P(x))&Q(x))->(P(x)->?x(P(x))))->(@x(@x(P(x))&Q(x))->?x(P(x)))))))) Сх. акс. 2
(147) ((@x(@x(P(x))&Q(x))->(P(x)->?x(P(x))))->(((@x(@x(P(x))&Q(x))->P(x))->((@x(@x(P(x))&Q(x))->(P(x)->?x(P(x))))->(@x(@x(P(x))&Q(x))->?x(P(x)))))->(P(x)->((@x(@x(P(x))&Q(x))->P(x))->((@x(@x(P(x))&Q(x))->(P(x)->?x(P(x))))->(@x(@x(P(x))&Q(x))->?x(P(x))))))))->((@x(@x(P(x))&Q(x))->(P(x)->?x(P(x))))->(P(x)->((@x(@x(P(x))&Q(x))->P(x))->((@x(@x(P(x))&Q(x))->(P(x)->?x(P(x))))->(@x(@x(P(x))&Q(x))->?x(P(x))))))) M.P. 142, 146
(148) (@x(@x(P(x))&Q(x))->(P(x)->?x(P(x))))->(P(x)->((@x(@x(P(x))&Q(x))->P(x))->((@x(@x(P(x))&Q(x))->(P(x)->?x(P(x))))->(@x(@x(P(x))&Q(x))->?x(P(x)))))) M.P. 145, 147
(149) (P(x)->(@x(@x(P(x))&Q(x))->P(x)))->((P(x)->((@x(@x(P(x))&Q(x))->P(x))->((@x(@x(P(x))&Q(x))->(P(x)->?x(P(x))))->(@x(@x(P(x))&Q(x))->?x(P(x))))))->(P(x)->((@x(@x(P(x))&Q(x))->(P(x)->?x(P(x))))->(@x(@x(P(x))&Q(x))->?x(P(x)))))) Сх. акс. 2
(150) ((P(x)->(@x(@x(P(x))&Q(x))->P(x)))->((P(x)->((@x(@x(P(x))&Q(x))->P(x))->((@x(@x(P(x))&Q(x))->(P(x)->?x(P(x))))->(@x(@x(P(x))&Q(x))->?x(P(x))))))->(P(x)->((@x(@x(P(x))&Q(x))->(P(x)->?x(P(x))))->(@x(@x(P(x))&Q(x))->?x(P(x)))))))->((@x(@x(P(x))&Q(x))->(P(x)->?x(P(x))))->((P(x)->(@x(@x(P(x))&Q(x))->P(x)))->((P(x)->((@x(@x(P(x))&Q(x))->P(x))->((@x(@x(P(x))&Q(x))->(P(x)->?x(P(x))))->(@x(@x(P(x))&Q(x))->?x(P(x))))))->(P(x)->((@x(@x(P(x))&Q(x))->(P(x)->?x(P(x))))->(@x(@x(P(x))&Q(x))->?x(P(x)))))))) Сх. акс. 1
(151) (@x(@x(P(x))&Q(x))->(P(x)->?x(P(x))))->((P(x)->(@x(@x(P(x))&Q(x))->P(x)))->((P(x)->((@x(@x(P(x))&Q(x))->P(x))->((@x(@x(P(x))&Q(x))->(P(x)->?x(P(x))))->(@x(@x(P(x))&Q(x))->?x(P(x))))))->(P(x)->((@x(@x(P(x))&Q(x))->(P(x)->?x(P(x))))->(@x(@x(P(x))&Q(x))->?x(P(x))))))) M.P. 149, 150
(152) ((@x(@x(P(x))&Q(x))->(P(x)->?x(P(x))))->(P(x)->(@x(@x(P(x))&Q(x))->P(x))))->(((@x(@x(P(x))&Q(x))->(P(x)->?x(P(x))))->((P(x)->(@x(@x(P(x))&Q(x))->P(x)))->((P(x)->((@x(@x(P(x))&Q(x))->P(x))->((@x(@x(P(x))&Q(x))->(P(x)->?x(P(x))))->(@x(@x(P(x))&Q(x))->?x(P(x))))))->(P(x)->((@x(@x(P(x))&Q(x))->(P(x)->?x(P(x))))->(@x(@x(P(x))&Q(x))->?x(P(x))))))))->((@x(@x(P(x))&Q(x))->(P(x)->?x(P(x))))->((P(x)->((@x(@x(P(x))&Q(x))->P(x))->((@x(@x(P(x))&Q(x))->(P(x)->?x(P(x))))->(@x(@x(P(x))&Q(x))->?x(P(x))))))->(P(x)->((@x(@x(P(x))&Q(x))->(P(x)->?x(P(x))))->(@x(@x(P(x))&Q(x))->?x(P(x)))))))) Сх. акс. 2
(153) ((@x(@x(P(x))&Q(x))->(P(x)->?x(P(x))))->((P(x)->(@x(@x(P(x))&Q(x))->P(x)))->((P(x)->((@x(@x(P(x))&Q(x))->P(x))->((@x(@x(P(x))&Q(x))->(P(x)->?x(P(x))))->(@x(@x(P(x))&Q(x))->?x(P(x))))))->(P(x)->((@x(@x(P(x))&Q(x))->(P(x)->?x(P(x))))->(@x(@x(P(x))&Q(x))->?x(P(x))))))))->((@x(@x(P(x))&Q(x))->(P(x)->?x(P(x))))->((P(x)->((@x(@x(P(x))&Q(x))->P(x))->((@x(@x(P(x))&Q(x))->(P(x)->?x(P(x))))->(@x(@x(P(x))&Q(x))->?x(P(x))))))->(P(x)->((@x(@x(P(x))&Q(x))->(P(x)->?x(P(x))))->(@x(@x(P(x))&Q(x))->?x(P(x))))))) M.P. 124, 152
(154) (@x(@x(P(x))&Q(x))->(P(x)->?x(P(x))))->((P(x)->((@x(@x(P(x))&Q(x))->P(x))->((@x(@x(P(x))&Q(x))->(P(x)->?x(P(x))))->(@x(@x(P(x))&Q(x))->?x(P(x))))))->(P(x)->((@x(@x(P(x))&Q(x))->(P(x)->?x(P(x))))->(@x(@x(P(x))&Q(x))->?x(P(x)))))) M.P. 151, 153
(155) ((@x(@x(P(x))&Q(x))->(P(x)->?x(P(x))))->(P(x)->((@x(@x(P(x))&Q(x))->P(x))->((@x(@x(P(x))&Q(x))->(P(x)->?x(P(x))))->(@x(@x(P(x))&Q(x))->?x(P(x)))))))->(((@x(@x(P(x))&Q(x))->(P(x)->?x(P(x))))->((P(x)->((@x(@x(P(x))&Q(x))->P(x))->((@x(@x(P(x))&Q(x))->(P(x)->?x(P(x))))->(@x(@x(P(x))&Q(x))->?x(P(x))))))->(P(x)->((@x(@x(P(x))&Q(x))->(P(x)->?x(P(x))))->(@x(@x(P(x))&Q(x))->?x(P(x)))))))->((@x(@x(P(x))&Q(x))->(P(x)->?x(P(x))))->(P(x)->((@x(@x(P(x))&Q(x))->(P(x)->?x(P(x))))->(@x(@x(P(x))&Q(x))->?x(P(x))))))) Сх. акс. 2
(156) ((@x(@x(P(x))&Q(x))->(P(x)->?x(P(x))))->((P(x)->((@x(@x(P(x))&Q(x))->P(x))->((@x(@x(P(x))&Q(x))->(P(x)->?x(P(x))))->(@x(@x(P(x))&Q(x))->?x(P(x))))))->(P(x)->((@x(@x(P(x))&Q(x))->(P(x)->?x(P(x))))->(@x(@x(P(x))&Q(x))->?x(P(x)))))))->((@x(@x(P(x))&Q(x))->(P(x)->?x(P(x))))->(P(x)->((@x(@x(P(x))&Q(x))->(P(x)->?x(P(x))))->(@x(@x(P(x))&Q(x))->?x(P(x)))))) M.P. 148, 155
(157) (@x(@x(P(x))&Q(x))->(P(x)->?x(P(x))))->(P(x)->((@x(@x(P(x))&Q(x))->(P(x)->?x(P(x))))->(@x(@x(P(x))&Q(x))->?x(P(x))))) M.P. 154, 156
(158) (P(x)->(@x(@x(P(x))&Q(x))->(P(x)->?x(P(x)))))->((P(x)->((@x(@x(P(x))&Q(x))->(P(x)->?x(P(x))))->(@x(@x(P(x))&Q(x))->?x(P(x)))))->(P(x)->(@x(@x(P(x))&Q(x))->?x(P(x))))) Сх. акс. 2
(159) ((P(x)->(@x(@x(P(x))&Q(x))->(P(x)->?x(P(x)))))->((P(x)->((@x(@x(P(x))&Q(x))->(P(x)->?x(P(x))))->(@x(@x(P(x))&Q(x))->?x(P(x)))))->(P(x)->(@x(@x(P(x))&Q(x))->?x(P(x))))))->((@x(@x(P(x))&Q(x))->(P(x)->?x(P(x))))->((P(x)->(@x(@x(P(x))&Q(x))->(P(x)->?x(P(x)))))->((P(x)->((@x(@x(P(x))&Q(x))->(P(x)->?x(P(x))))->(@x(@x(P(x))&Q(x))->?x(P(x)))))->(P(x)->(@x(@x(P(x))&Q(x))->?x(P(x))))))) Сх. акс. 1
(160) (@x(@x(P(x))&Q(x))->(P(x)->?x(P(x))))->((P(x)->(@x(@x(P(x))&Q(x))->(P(x)->?x(P(x)))))->((P(x)->((@x(@x(P(x))&Q(x))->(P(x)->?x(P(x))))->(@x(@x(P(x))&Q(x))->?x(P(x)))))->(P(x)->(@x(@x(P(x))&Q(x))->?x(P(x)))))) M.P. 158, 159
(161) ((@x(@x(P(x))&Q(x))->(P(x)->?x(P(x))))->(P(x)->(@x(@x(P(x))&Q(x))->(P(x)->?x(P(x))))))->(((@x(@x(P(x))&Q(x))->(P(x)->?x(P(x))))->((P(x)->(@x(@x(P(x))&Q(x))->(P(x)->?x(P(x)))))->((P(x)->((@x(@x(P(x))&Q(x))->(P(x)->?x(P(x))))->(@x(@x(P(x))&Q(x))->?x(P(x)))))->(P(x)->(@x(@x(P(x))&Q(x))->?x(P(x)))))))->((@x(@x(P(x))&Q(x))->(P(x)->?x(P(x))))->((P(x)->((@x(@x(P(x))&Q(x))->(P(x)->?x(P(x))))->(@x(@x(P(x))&Q(x))->?x(P(x)))))->(P(x)->(@x(@x(P(x))&Q(x))->?x(P(x))))))) Сх. акс. 2
(162) ((@x(@x(P(x))&Q(x))->(P(x)->?x(P(x))))->((P(x)->(@x(@x(P(x))&Q(x))->(P(x)->?x(P(x)))))->((P(x)->((@x(@x(P(x))&Q(x))->(P(x)->?x(P(x))))->(@x(@x(P(x))&Q(x))->?x(P(x)))))->(P(x)->(@x(@x(P(x))&Q(x))->?x(P(x)))))))->((@x(@x(P(x))&Q(x))->(P(x)->?x(P(x))))->((P(x)->((@x(@x(P(x))&Q(x))->(P(x)->?x(P(x))))->(@x(@x(P(x))&Q(x))->?x(P(x)))))->(P(x)->(@x(@x(P(x))&Q(x))->?x(P(x)))))) M.P. 9, 161
(163) (@x(@x(P(x))&Q(x))->(P(x)->?x(P(x))))->((P(x)->((@x(@x(P(x))&Q(x))->(P(x)->?x(P(x))))->(@x(@x(P(x))&Q(x))->?x(P(x)))))->(P(x)->(@x(@x(P(x))&Q(x))->?x(P(x))))) M.P. 160, 162
(164) ((@x(@x(P(x))&Q(x))->(P(x)->?x(P(x))))->(P(x)->((@x(@x(P(x))&Q(x))->(P(x)->?x(P(x))))->(@x(@x(P(x))&Q(x))->?x(P(x))))))->(((@x(@x(P(x))&Q(x))->(P(x)->?x(P(x))))->((P(x)->((@x(@x(P(x))&Q(x))->(P(x)->?x(P(x))))->(@x(@x(P(x))&Q(x))->?x(P(x)))))->(P(x)->(@x(@x(P(x))&Q(x))->?x(P(x))))))->((@x(@x(P(x))&Q(x))->(P(x)->?x(P(x))))->(P(x)->(@x(@x(P(x))&Q(x))->?x(P(x)))))) Сх. акс. 2
(165) ((@x(@x(P(x))&Q(x))->(P(x)->?x(P(x))))->((P(x)->((@x(@x(P(x))&Q(x))->(P(x)->?x(P(x))))->(@x(@x(P(x))&Q(x))->?x(P(x)))))->(P(x)->(@x(@x(P(x))&Q(x))->?x(P(x))))))->((@x(@x(P(x))&Q(x))->(P(x)->?x(P(x))))->(P(x)->(@x(@x(P(x))&Q(x))->?x(P(x))))) M.P. 157, 164
(166) (@x(@x(P(x))&Q(x))->(P(x)->?x(P(x))))->(P(x)->(@x(@x(P(x))&Q(x))->?x(P(x)))) M.P. 163, 165
(167) @x(@x(P(x))&Q(x))->(P(x)->?x(P(x))) M.P. 1, 87
(168) P(x)->(@x(@x(P(x))&Q(x))->?x(P(x))) M.P. 3, 166
(169) ?x(P(x))->(@x(@x(P(x))&Q(x))->?x(P(x))) Сх. акс. 1
(170) (?x(P(x))->(@x(@x(P(x))&Q(x))->?x(P(x))))->((?x(P(x))->(@x(@x(P(x))&Q(x))->?x(P(x))))->(?x(P(x))->(@x(@x(P(x))&Q(x))->?x(P(x))))) Сх. акс. 1
(171) ((?x(P(x))->(@x(@x(P(x))&Q(x))->?x(P(x))))->((?x(P(x))->(@x(@x(P(x))&Q(x))->?x(P(x))))->(?x(P(x))->(@x(@x(P(x))&Q(x))->?x(P(x))))))->(((?x(P(x))->(@x(@x(P(x))&Q(x))->?x(P(x))))->(((?x(P(x))->(@x(@x(P(x))&Q(x))->?x(P(x))))->(?x(P(x))->(@x(@x(P(x))&Q(x))->?x(P(x)))))->(?x(P(x))->(@x(@x(P(x))&Q(x))->?x(P(x))))))->((?x(P(x))->(@x(@x(P(x))&Q(x))->?x(P(x))))->(?x(P(x))->(@x(@x(P(x))&Q(x))->?x(P(x)))))) Сх. акс. 2
(172) ((?x(P(x))->(@x(@x(P(x))&Q(x))->?x(P(x))))->(((?x(P(x))->(@x(@x(P(x))&Q(x))->?x(P(x))))->(?x(P(x))->(@x(@x(P(x))&Q(x))->?x(P(x)))))->(?x(P(x))->(@x(@x(P(x))&Q(x))->?x(P(x))))))->((?x(P(x))->(@x(@x(P(x))&Q(x))->?x(P(x))))->(?x(P(x))->(@x(@x(P(x))&Q(x))->?x(P(x))))) M.P. 170, 171
(173) (?x(P(x))->(@x(@x(P(x))&Q(x))->?x(P(x))))->(((?x(P(x))->(@x(@x(P(x))&Q(x))->?x(P(x))))->(?x(P(x))->(@x(@x(P(x))&Q(x))->?x(P(x)))))->(?x(P(x))->(@x(@x(P(x))&Q(x))->?x(P(x))))) Сх. акс. 1
(174) (?x(P(x))->(@x(@x(P(x))&Q(x))->?x(P(x))))->(?x(P(x))->(@x(@x(P(x))&Q(x))->?x(P(x)))) M.P. 173, 172
(175) (?x(P(x))->(@x(@x(P(x))&Q(x))->?x(P(x))))->(@x(@x(P(x))&Q(x))->(?x(P(x))->(@x(@x(P(x))&Q(x))->?x(P(x))))) Сх. акс. 1
(176) ((?x(P(x))->(@x(@x(P(x))&Q(x))->?x(P(x))))->(@x(@x(P(x))&Q(x))->(?x(P(x))->(@x(@x(P(x))&Q(x))->?x(P(x))))))->((?x(P(x))->(@x(@x(P(x))&Q(x))->?x(P(x))))->((?x(P(x))->(@x(@x(P(x))&Q(x))->?x(P(x))))->(@x(@x(P(x))&Q(x))->(?x(P(x))->(@x(@x(P(x))&Q(x))->?x(P(x))))))) Сх. акс. 1
(177) (?x(P(x))->(@x(@x(P(x))&Q(x))->?x(P(x))))->((?x(P(x))->(@x(@x(P(x))&Q(x))->?x(P(x))))->(@x(@x(P(x))&Q(x))->(?x(P(x))->(@x(@x(P(x))&Q(x))->?x(P(x)))))) M.P. 175, 176
(178) ((?x(P(x))->(@x(@x(P(x))&Q(x))->?x(P(x))))->(?x(P(x))->(@x(@x(P(x))&Q(x))->?x(P(x)))))->(((?x(P(x))->(@x(@x(P(x))&Q(x))->?x(P(x))))->((?x(P(x))->(@x(@x(P(x))&Q(x))->?x(P(x))))->(@x(@x(P(x))&Q(x))->(?x(P(x))->(@x(@x(P(x))&Q(x))->?x(P(x)))))))->((?x(P(x))->(@x(@x(P(x))&Q(x))->?x(P(x))))->(@x(@x(P(x))&Q(x))->(?x(P(x))->(@x(@x(P(x))&Q(x))->?x(P(x))))))) Сх. акс. 2
(179) ((?x(P(x))->(@x(@x(P(x))&Q(x))->?x(P(x))))->((?x(P(x))->(@x(@x(P(x))&Q(x))->?x(P(x))))->(@x(@x(P(x))&Q(x))->(?x(P(x))->(@x(@x(P(x))&Q(x))->?x(P(x)))))))->((?x(P(x))->(@x(@x(P(x))&Q(x))->?x(P(x))))->(@x(@x(P(x))&Q(x))->(?x(P(x))->(@x(@x(P(x))&Q(x))->?x(P(x)))))) M.P. 174, 178
(180) (?x(P(x))->(@x(@x(P(x))&Q(x))->?x(P(x))))->(@x(@x(P(x))&Q(x))->(?x(P(x))->(@x(@x(P(x))&Q(x))->?x(P(x))))) Сх. акс. 1
(181) (?x(P(x))->(@x(@x(P(x))&Q(x))->?x(P(x))))->(?x(P(x))->(?x(P(x))->(@x(@x(P(x))&Q(x))->?x(P(x))))) Сх. акс. 1
(182) ((?x(P(x))->(@x(@x(P(x))&Q(x))->?x(P(x))))->(?x(P(x))->(?x(P(x))->(@x(@x(P(x))&Q(x))->?x(P(x))))))->((?x(P(x))->(@x(@x(P(x))&Q(x))->?x(P(x))))->((?x(P(x))->(@x(@x(P(x))&Q(x))->?x(P(x))))->(?x(P(x))->(?x(P(x))->(@x(@x(P(x))&Q(x))->?x(P(x))))))) Сх. акс. 1
(183) (?x(P(x))->(@x(@x(P(x))&Q(x))->?x(P(x))))->((?x(P(x))->(@x(@x(P(x))&Q(x))->?x(P(x))))->(?x(P(x))->(?x(P(x))->(@x(@x(P(x))&Q(x))->?x(P(x)))))) M.P. 181, 182
(184) ((?x(P(x))->(@x(@x(P(x))&Q(x))->?x(P(x))))->(?x(P(x))->(?x(P(x))->(@x(@x(P(x))&Q(x))->?x(P(x))))))->(@x(@x(P(x))&Q(x))->((?x(P(x))->(@x(@x(P(x))&Q(x))->?x(P(x))))->(?x(P(x))->(?x(P(x))->(@x(@x(P(x))&Q(x))->?x(P(x))))))) Сх. акс. 1
(185) (((?x(P(x))->(@x(@x(P(x))&Q(x))->?x(P(x))))->(?x(P(x))->(?x(P(x))->(@x(@x(P(x))&Q(x))->?x(P(x))))))->(@x(@x(P(x))&Q(x))->((?x(P(x))->(@x(@x(P(x))&Q(x))->?x(P(x))))->(?x(P(x))->(?x(P(x))->(@x(@x(P(x))&Q(x))->?x(P(x))))))))->((?x(P(x))->(@x(@x(P(x))&Q(x))->?x(P(x))))->(((?x(P(x))->(@x(@x(P(x))&Q(x))->?x(P(x))))->(?x(P(x))->(?x(P(x))->(@x(@x(P(x))&Q(x))->?x(P(x))))))->(@x(@x(P(x))&Q(x))->((?x(P(x))->(@x(@x(P(x))&Q(x))->?x(P(x))))->(?x(P(x))->(?x(P(x))->(@x(@x(P(x))&Q(x))->?x(P(x))))))))) Сх. акс. 1
(186) (?x(P(x))->(@x(@x(P(x))&Q(x))->?x(P(x))))->(((?x(P(x))->(@x(@x(P(x))&Q(x))->?x(P(x))))->(?x(P(x))->(?x(P(x))->(@x(@x(P(x))&Q(x))->?x(P(x))))))->(@x(@x(P(x))&Q(x))->((?x(P(x))->(@x(@x(P(x))&Q(x))->?x(P(x))))->(?x(P(x))->(?x(P(x))->(@x(@x(P(x))&Q(x))->?x(P(x)))))))) M.P. 184, 185
(187) ((?x(P(x))->(@x(@x(P(x))&Q(x))->?x(P(x))))->((?x(P(x))->(@x(@x(P(x))&Q(x))->?x(P(x))))->(?x(P(x))->(?x(P(x))->(@x(@x(P(x))&Q(x))->?x(P(x)))))))->(((?x(P(x))->(@x(@x(P(x))&Q(x))->?x(P(x))))->(((?x(P(x))->(@x(@x(P(x))&Q(x))->?x(P(x))))->(?x(P(x))->(?x(P(x))->(@x(@x(P(x))&Q(x))->?x(P(x))))))->(@x(@x(P(x))&Q(x))->((?x(P(x))->(@x(@x(P(x))&Q(x))->?x(P(x))))->(?x(P(x))->(?x(P(x))->(@x(@x(P(x))&Q(x))->?x(P(x)))))))))->((?x(P(x))->(@x(@x(P(x))&Q(x))->?x(P(x))))->(@x(@x(P(x))&Q(x))->((?x(P(x))->(@x(@x(P(x))&Q(x))->?x(P(x))))->(?x(P(x))->(?x(P(x))->(@x(@x(P(x))&Q(x))->?x(P(x))))))))) Сх. акс. 2
(188) ((?x(P(x))->(@x(@x(P(x))&Q(x))->?x(P(x))))->(((?x(P(x))->(@x(@x(P(x))&Q(x))->?x(P(x))))->(?x(P(x))->(?x(P(x))->(@x(@x(P(x))&Q(x))->?x(P(x))))))->(@x(@x(P(x))&Q(x))->((?x(P(x))->(@x(@x(P(x))&Q(x))->?x(P(x))))->(?x(P(x))->(?x(P(x))->(@x(@x(P(x))&Q(x))->?x(P(x)))))))))->((?x(P(x))->(@x(@x(P(x))&Q(x))->?x(P(x))))->(@x(@x(P(x))&Q(x))->((?x(P(x))->(@x(@x(P(x))&Q(x))->?x(P(x))))->(?x(P(x))->(?x(P(x))->(@x(@x(P(x))&Q(x))->?x(P(x)))))))) M.P. 183, 187
(189) (?x(P(x))->(@x(@x(P(x))&Q(x))->?x(P(x))))->(@x(@x(P(x))&Q(x))->((?x(P(x))->(@x(@x(P(x))&Q(x))->?x(P(x))))->(?x(P(x))->(?x(P(x))->(@x(@x(P(x))&Q(x))->?x(P(x))))))) M.P. 186, 188
(190) (@x(@x(P(x))&Q(x))->(?x(P(x))->(@x(@x(P(x))&Q(x))->?x(P(x)))))->((@x(@x(P(x))&Q(x))->((?x(P(x))->(@x(@x(P(x))&Q(x))->?x(P(x))))->(?x(P(x))->(?x(P(x))->(@x(@x(P(x))&Q(x))->?x(P(x)))))))->(@x(@x(P(x))&Q(x))->(?x(P(x))->(?x(P(x))->(@x(@x(P(x))&Q(x))->?x(P(x))))))) Сх. акс. 2
(191) ((@x(@x(P(x))&Q(x))->(?x(P(x))->(@x(@x(P(x))&Q(x))->?x(P(x)))))->((@x(@x(P(x))&Q(x))->((?x(P(x))->(@x(@x(P(x))&Q(x))->?x(P(x))))->(?x(P(x))->(?x(P(x))->(@x(@x(P(x))&Q(x))->?x(P(x)))))))->(@x(@x(P(x))&Q(x))->(?x(P(x))->(?x(P(x))->(@x(@x(P(x))&Q(x))->?x(P(x))))))))->((?x(P(x))->(@x(@x(P(x))&Q(x))->?x(P(x))))->((@x(@x(P(x))&Q(x))->(?x(P(x))->(@x(@x(P(x))&Q(x))->?x(P(x)))))->((@x(@x(P(x))&Q(x))->((?x(P(x))->(@x(@x(P(x))&Q(x))->?x(P(x))))->(?x(P(x))->(?x(P(x))->(@x(@x(P(x))&Q(x))->?x(P(x)))))))->(@x(@x(P(x))&Q(x))->(?x(P(x))->(?x(P(x))->(@x(@x(P(x))&Q(x))->?x(P(x))))))))) Сх. акс. 1
(192) (?x(P(x))->(@x(@x(P(x))&Q(x))->?x(P(x))))->((@x(@x(P(x))&Q(x))->(?x(P(x))->(@x(@x(P(x))&Q(x))->?x(P(x)))))->((@x(@x(P(x))&Q(x))->((?x(P(x))->(@x(@x(P(x))&Q(x))->?x(P(x))))->(?x(P(x))->(?x(P(x))->(@x(@x(P(x))&Q(x))->?x(P(x)))))))->(@x(@x(P(x))&Q(x))->(?x(P(x))->(?x(P(x))->(@x(@x(P(x))&Q(x))->?x(P(x)))))))) M.P. 190, 191
(193) ((?x(P(x))->(@x(@x(P(x))&Q(x))->?x(P(x))))->(@x(@x(P(x))&Q(x))->(?x(P(x))->(@x(@x(P(x))&Q(x))->?x(P(x))))))->(((?x(P(x))->(@x(@x(P(x))&Q(x))->?x(P(x))))->((@x(@x(P(x))&Q(x))->(?x(P(x))->(@x(@x(P(x))&Q(x))->?x(P(x)))))->((@x(@x(P(x))&Q(x))->((?x(P(x))->(@x(@x(P(x))&Q(x))->?x(P(x))))->(?x(P(x))->(?x(P(x))->(@x(@x(P(x))&Q(x))->?x(P(x)))))))->(@x(@x(P(x))&Q(x))->(?x(P(x))->(?x(P(x))->(@x(@x(P(x))&Q(x))->?x(P(x)))))))))->((?x(P(x))->(@x(@x(P(x))&Q(x))->?x(P(x))))->((@x(@x(P(x))&Q(x))->((?x(P(x))->(@x(@x(P(x))&Q(x))->?x(P(x))))->(?x(P(x))->(?x(P(x))->(@x(@x(P(x))&Q(x))->?x(P(x)))))))->(@x(@x(P(x))&Q(x))->(?x(P(x))->(?x(P(x))->(@x(@x(P(x))&Q(x))->?x(P(x))))))))) Сх. акс. 2
(194) ((?x(P(x))->(@x(@x(P(x))&Q(x))->?x(P(x))))->((@x(@x(P(x))&Q(x))->(?x(P(x))->(@x(@x(P(x))&Q(x))->?x(P(x)))))->((@x(@x(P(x))&Q(x))->((?x(P(x))->(@x(@x(P(x))&Q(x))->?x(P(x))))->(?x(P(x))->(?x(P(x))->(@x(@x(P(x))&Q(x))->?x(P(x)))))))->(@x(@x(P(x))&Q(x))->(?x(P(x))->(?x(P(x))->(@x(@x(P(x))&Q(x))->?x(P(x)))))))))->((?x(P(x))->(@x(@x(P(x))&Q(x))->?x(P(x))))->((@x(@x(P(x))&Q(x))->((?x(P(x))->(@x(@x(P(x))&Q(x))->?x(P(x))))->(?x(P(x))->(?x(P(x))->(@x(@x(P(x))&Q(x))->?x(P(x)))))))->(@x(@x(P(x))&Q(x))->(?x(P(x))->(?x(P(x))->(@x(@x(P(x))&Q(x))->?x(P(x)))))))) M.P. 175, 193
(195) (?x(P(x))->(@x(@x(P(x))&Q(x))->?x(P(x))))->((@x(@x(P(x))&Q(x))->((?x(P(x))->(@x(@x(P(x))&Q(x))->?x(P(x))))->(?x(P(x))->(?x(P(x))->(@x(@x(P(x))&Q(x))->?x(P(x)))))))->(@x(@x(P(x))&Q(x))->(?x(P(x))->(?x(P(x))->(@x(@x(P(x))&Q(x))->?x(P(x))))))) M.P. 192, 194
(196) ((?x(P(x))->(@x(@x(P(x))&Q(x))->?x(P(x))))->(@x(@x(P(x))&Q(x))->((?x(P(x))->(@x(@x(P(x))&Q(x))->?x(P(x))))->(?x(P(x))->(?x(P(x))->(@x(@x(P(x))&Q(x))->?x(P(x))))))))->(((?x(P(x))->(@x(@x(P(x))&Q(x))->?x(P(x))))->((@x(@x(P(x))&Q(x))->((?x(P(x))->(@x(@x(P(x))&Q(x))->?x(P(x))))->(?x(P(x))->(?x(P(x))->(@x(@x(P(x))&Q(x))->?x(P(x)))))))->(@x(@x(P(x))&Q(x))->(?x(P(x))->(?x(P(x))->(@x(@x(P(x))&Q(x))->?x(P(x))))))))->((?x(P(x))->(@x(@x(P(x))&Q(x))->?x(P(x))))->(@x(@x(P(x))&Q(x))->(?x(P(x))->(?x(P(x))->(@x(@x(P(x))&Q(x))->?x(P(x)))))))) Сх. акс. 2
(197) ((?x(P(x))->(@x(@x(P(x))&Q(x))->?x(P(x))))->((@x(@x(P(x))&Q(x))->((?x(P(x))->(@x(@x(P(x))&Q(x))->?x(P(x))))->(?x(P(x))->(?x(P(x))->(@x(@x(P(x))&Q(x))->?x(P(x)))))))->(@x(@x(P(x))&Q(x))->(?x(P(x))->(?x(P(x))->(@x(@x(P(x))&Q(x))->?x(P(x))))))))->((?x(P(x))->(@x(@x(P(x))&Q(x))->?x(P(x))))->(@x(@x(P(x))&Q(x))->(?x(P(x))->(?x(P(x))->(@x(@x(P(x))&Q(x))->?x(P(x))))))) M.P. 189, 196
(198) (?x(P(x))->(@x(@x(P(x))&Q(x))->?x(P(x))))->(@x(@x(P(x))&Q(x))->(?x(P(x))->(?x(P(x))->(@x(@x(P(x))&Q(x))->?x(P(x)))))) M.P. 195, 197
(199) ?x(P(x))->(?x(P(x))->?x(P(x))) Сх. акс. 1
(200) (?x(P(x))->(?x(P(x))->?x(P(x))))->((?x(P(x))->(@x(@x(P(x))&Q(x))->?x(P(x))))->(?x(P(x))->(?x(P(x))->?x(P(x))))) Сх. акс. 1
(201) (?x(P(x))->(@x(@x(P(x))&Q(x))->?x(P(x))))->(?x(P(x))->(?x(P(x))->?x(P(x)))) M.P. 199, 200
(202) (?x(P(x))->(?x(P(x))->?x(P(x))))->(@x(@x(P(x))&Q(x))->(?x(P(x))->(?x(P(x))->?x(P(x))))) Сх. акс. 1
(203) ((?x(P(x))->(?x(P(x))->?x(P(x))))->(@x(@x(P(x))&Q(x))->(?x(P(x))->(?x(P(x))->?x(P(x))))))->((?x(P(x))->(@x(@x(P(x))&Q(x))->?x(P(x))))->((?x(P(x))->(?x(P(x))->?x(P(x))))->(@x(@x(P(x))&Q(x))->(?x(P(x))->(?x(P(x))->?x(P(x))))))) Сх. акс. 1
(204) (?x(P(x))->(@x(@x(P(x))&Q(x))->?x(P(x))))->((?x(P(x))->(?x(P(x))->?x(P(x))))->(@x(@x(P(x))&Q(x))->(?x(P(x))->(?x(P(x))->?x(P(x)))))) M.P. 202, 203
(205) ((?x(P(x))->(@x(@x(P(x))&Q(x))->?x(P(x))))->(?x(P(x))->(?x(P(x))->?x(P(x)))))->(((?x(P(x))->(@x(@x(P(x))&Q(x))->?x(P(x))))->((?x(P(x))->(?x(P(x))->?x(P(x))))->(@x(@x(P(x))&Q(x))->(?x(P(x))->(?x(P(x))->?x(P(x)))))))->((?x(P(x))->(@x(@x(P(x))&Q(x))->?x(P(x))))->(@x(@x(P(x))&Q(x))->(?x(P(x))->(?x(P(x))->?x(P(x))))))) Сх. акс. 2
(206) ((?x(P(x))->(@x(@x(P(x))&Q(x))->?x(P(x))))->((?x(P(x))->(?x(P(x))->?x(P(x))))->(@x(@x(P(x))&Q(x))->(?x(P(x))->(?x(P(x))->?x(P(x)))))))->((?x(P(x))->(@x(@x(P(x))&Q(x))->?x(P(x))))->(@x(@x(P(x))&Q(x))->(?x(P(x))->(?x(P(x))->?x(P(x)))))) M.P. 201, 205
(207) (?x(P(x))->(@x(@x(P(x))&Q(x))->?x(P(x))))->(@x(@x(P(x))&Q(x))->(?x(P(x))->(?x(P(x))->?x(P(x))))) M.P. 204, 206
(208) (?x(P(x))->(?x(P(x))->?x(P(x))))->((?x(P(x))->((?x(P(x))->?x(P(x)))->?x(P(x))))->(?x(P(x))->?x(P(x)))) Сх. акс. 2
(209) ((?x(P(x))->(?x(P(x))->?x(P(x))))->((?x(P(x))->((?x(P(x))->?x(P(x)))->?x(P(x))))->(?x(P(x))->?x(P(x)))))->((?x(P(x))->(@x(@x(P(x))&Q(x))->?x(P(x))))->((?x(P(x))->(?x(P(x))->?x(P(x))))->((?x(P(x))->((?x(P(x))->?x(P(x)))->?x(P(x))))->(?x(P(x))->?x(P(x)))))) Сх. акс. 1
(210) (?x(P(x))->(@x(@x(P(x))&Q(x))->?x(P(x))))->((?x(P(x))->(?x(P(x))->?x(P(x))))->((?x(P(x))->((?x(P(x))->?x(P(x)))->?x(P(x))))->(?x(P(x))->?x(P(x))))) M.P. 208, 209
(211) ((?x(P(x))->(?x(P(x))->?x(P(x))))->((?x(P(x))->((?x(P(x))->?x(P(x)))->?x(P(x))))->(?x(P(x))->?x(P(x)))))->(@x(@x(P(x))&Q(x))->((?x(P(x))->(?x(P(x))->?x(P(x))))->((?x(P(x))->((?x(P(x))->?x(P(x)))->?x(P(x))))->(?x(P(x))->?x(P(x)))))) Сх. акс. 1
(212) (((?x(P(x))->(?x(P(x))->?x(P(x))))->((?x(P(x))->((?x(P(x))->?x(P(x)))->?x(P(x))))->(?x(P(x))->?x(P(x)))))->(@x(@x(P(x))&Q(x))->((?x(P(x))->(?x(P(x))->?x(P(x))))->((?x(P(x))->((?x(P(x))->?x(P(x)))->?x(P(x))))->(?x(P(x))->?x(P(x)))))))->((?x(P(x))->(@x(@x(P(x))&Q(x))->?x(P(x))))->(((?x(P(x))->(?x(P(x))->?x(P(x))))->((?x(P(x))->((?x(P(x))->?x(P(x)))->?x(P(x))))->(?x(P(x))->?x(P(x)))))->(@x(@x(P(x))&Q(x))->((?x(P(x))->(?x(P(x))->?x(P(x))))->((?x(P(x))->((?x(P(x))->?x(P(x)))->?x(P(x))))->(?x(P(x))->?x(P(x)))))))) Сх. акс. 1
(213) (?x(P(x))->(@x(@x(P(x))&Q(x))->?x(P(x))))->(((?x(P(x))->(?x(P(x))->?x(P(x))))->((?x(P(x))->((?x(P(x))->?x(P(x)))->?x(P(x))))->(?x(P(x))->?x(P(x)))))->(@x(@x(P(x))&Q(x))->((?x(P(x))->(?x(P(x))->?x(P(x))))->((?x(P(x))->((?x(P(x))->?x(P(x)))->?x(P(x))))->(?x(P(x))->?x(P(x))))))) M.P. 211, 212
(214) ((?x(P(x))->(@x(@x(P(x))&Q(x))->?x(P(x))))->((?x(P(x))->(?x(P(x))->?x(P(x))))->((?x(P(x))->((?x(P(x))->?x(P(x)))->?x(P(x))))->(?x(P(x))->?x(P(x))))))->(((?x(P(x))->(@x(@x(P(x))&Q(x))->?x(P(x))))->(((?x(P(x))->(?x(P(x))->?x(P(x))))->((?x(P(x))->((?x(P(x))->?x(P(x)))->?x(P(x))))->(?x(P(x))->?x(P(x)))))->(@x(@x(P(x))&Q(x))->((?x(P(x))->(?x(P(x))->?x(P(x))))->((?x(P(x))->((?x(P(x))->?x(P(x)))->?x(P(x))))->(?x(P(x))->?x(P(x))))))))->((?x(P(x))->(@x(@x(P(x))&Q(x))->?x(P(x))))->(@x(@x(P(x))&Q(x))->((?x(P(x))->(?x(P(x))->?x(P(x))))->((?x(P(x))->((?x(P(x))->?x(P(x)))->?x(P(x))))->(?x(P(x))->?x(P(x)))))))) Сх. акс. 2
(215) ((?x(P(x))->(@x(@x(P(x))&Q(x))->?x(P(x))))->(((?x(P(x))->(?x(P(x))->?x(P(x))))->((?x(P(x))->((?x(P(x))->?x(P(x)))->?x(P(x))))->(?x(P(x))->?x(P(x)))))->(@x(@x(P(x))&Q(x))->((?x(P(x))->(?x(P(x))->?x(P(x))))->((?x(P(x))->((?x(P(x))->?x(P(x)))->?x(P(x))))->(?x(P(x))->?x(P(x))))))))->((?x(P(x))->(@x(@x(P(x))&Q(x))->?x(P(x))))->(@x(@x(P(x))&Q(x))->((?x(P(x))->(?x(P(x))->?x(P(x))))->((?x(P(x))->((?x(P(x))->?x(P(x)))->?x(P(x))))->(?x(P(x))->?x(P(x))))))) M.P. 210, 214
(216) (?x(P(x))->(@x(@x(P(x))&Q(x))->?x(P(x))))->(@x(@x(P(x))&Q(x))->((?x(P(x))->(?x(P(x))->?x(P(x))))->((?x(P(x))->((?x(P(x))->?x(P(x)))->?x(P(x))))->(?x(P(x))->?x(P(x)))))) M.P. 213, 215
(217) (@x(@x(P(x))&Q(x))->(?x(P(x))->(?x(P(x))->?x(P(x)))))->((@x(@x(P(x))&Q(x))->((?x(P(x))->(?x(P(x))->?x(P(x))))->((?x(P(x))->((?x(P(x))->?x(P(x)))->?x(P(x))))->(?x(P(x))->?x(P(x))))))->(@x(@x(P(x))&Q(x))->((?x(P(x))->((?x(P(x))->?x(P(x)))->?x(P(x))))->(?x(P(x))->?x(P(x)))))) Сх. акс. 2
(218) ((@x(@x(P(x))&Q(x))->(?x(P(x))->(?x(P(x))->?x(P(x)))))->((@x(@x(P(x))&Q(x))->((?x(P(x))->(?x(P(x))->?x(P(x))))->((?x(P(x))->((?x(P(x))->?x(P(x)))->?x(P(x))))->(?x(P(x))->?x(P(x))))))->(@x(@x(P(x))&Q(x))->((?x(P(x))->((?x(P(x))->?x(P(x)))->?x(P(x))))->(?x(P(x))->?x(P(x)))))))->((?x(P(x))->(@x(@x(P(x))&Q(x))->?x(P(x))))->((@x(@x(P(x))&Q(x))->(?x(P(x))->(?x(P(x))->?x(P(x)))))->((@x(@x(P(x))&Q(x))->((?x(P(x))->(?x(P(x))->?x(P(x))))->((?x(P(x))->((?x(P(x))->?x(P(x)))->?x(P(x))))->(?x(P(x))->?x(P(x))))))->(@x(@x(P(x))&Q(x))->((?x(P(x))->((?x(P(x))->?x(P(x)))->?x(P(x))))->(?x(P(x))->?x(P(x)))))))) Сх. акс. 1
(219) (?x(P(x))->(@x(@x(P(x))&Q(x))->?x(P(x))))->((@x(@x(P(x))&Q(x))->(?x(P(x))->(?x(P(x))->?x(P(x)))))->((@x(@x(P(x))&Q(x))->((?x(P(x))->(?x(P(x))->?x(P(x))))->((?x(P(x))->((?x(P(x))->?x(P(x)))->?x(P(x))))->(?x(P(x))->?x(P(x))))))->(@x(@x(P(x))&Q(x))->((?x(P(x))->((?x(P(x))->?x(P(x)))->?x(P(x))))->(?x(P(x))->?x(P(x))))))) M.P. 217, 218
(220) ((?x(P(x))->(@x(@x(P(x))&Q(x))->?x(P(x))))->(@x(@x(P(x))&Q(x))->(?x(P(x))->(?x(P(x))->?x(P(x))))))->(((?x(P(x))->(@x(@x(P(x))&Q(x))->?x(P(x))))->((@x(@x(P(x))&Q(x))->(?x(P(x))->(?x(P(x))->?x(P(x)))))->((@x(@x(P(x))&Q(x))->((?x(P(x))->(?x(P(x))->?x(P(x))))->((?x(P(x))->((?x(P(x))->?x(P(x)))->?x(P(x))))->(?x(P(x))->?x(P(x))))))->(@x(@x(P(x))&Q(x))->((?x(P(x))->((?x(P(x))->?x(P(x)))->?x(P(x))))->(?x(P(x))->?x(P(x))))))))->((?x(P(x))->(@x(@x(P(x))&Q(x))->?x(P(x))))->((@x(@x(P(x))&Q(x))->((?x(P(x))->(?x(P(x))->?x(P(x))))->((?x(P(x))->((?x(P(x))->?x(P(x)))->?x(P(x))))->(?x(P(x))->?x(P(x))))))->(@x(@x(P(x))&Q(x))->((?x(P(x))->((?x(P(x))->?x(P(x)))->?x(P(x))))->(?x(P(x))->?x(P(x)))))))) Сх. акс. 2
(221) ((?x(P(x))->(@x(@x(P(x))&Q(x))->?x(P(x))))->((@x(@x(P(x))&Q(x))->(?x(P(x))->(?x(P(x))->?x(P(x)))))->((@x(@x(P(x))&Q(x))->((?x(P(x))->(?x(P(x))->?x(P(x))))->((?x(P(x))->((?x(P(x))->?x(P(x)))->?x(P(x))))->(?x(P(x))->?x(P(x))))))->(@x(@x(P(x))&Q(x))->((?x(P(x))->((?x(P(x))->?x(P(x)))->?x(P(x))))->(?x(P(x))->?x(P(x))))))))->((?x(P(x))->(@x(@x(P(x))&Q(x))->?x(P(x))))->((@x(@x(P(x))&Q(x))->((?x(P(x))->(?x(P(x))->?x(P(x))))->((?x(P(x))->((?x(P(x))->?x(P(x)))->?x(P(x))))->(?x(P(x))->?x(P(x))))))->(@x(@x(P(x))&Q(x))->((?x(P(x))->((?x(P(x))->?x(P(x)))->?x(P(x))))->(?x(P(x))->?x(P(x))))))) M.P. 207, 220
(222) (?x(P(x))->(@x(@x(P(x))&Q(x))->?x(P(x))))->((@x(@x(P(x))&Q(x))->((?x(P(x))->(?x(P(x))->?x(P(x))))->((?x(P(x))->((?x(P(x))->?x(P(x)))->?x(P(x))))->(?x(P(x))->?x(P(x))))))->(@x(@x(P(x))&Q(x))->((?x(P(x))->((?x(P(x))->?x(P(x)))->?x(P(x))))->(?x(P(x))->?x(P(x)))))) M.P. 219, 221
(223) ((?x(P(x))->(@x(@x(P(x))&Q(x))->?x(P(x))))->(@x(@x(P(x))&Q(x))->((?x(P(x))->(?x(P(x))->?x(P(x))))->((?x(P(x))->((?x(P(x))->?x(P(x)))->?x(P(x))))->(?x(P(x))->?x(P(x)))))))->(((?x(P(x))->(@x(@x(P(x))&Q(x))->?x(P(x))))->((@x(@x(P(x))&Q(x))->((?x(P(x))->(?x(P(x))->?x(P(x))))->((?x(P(x))->((?x(P(x))->?x(P(x)))->?x(P(x))))->(?x(P(x))->?x(P(x))))))->(@x(@x(P(x))&Q(x))->((?x(P(x))->((?x(P(x))->?x(P(x)))->?x(P(x))))->(?x(P(x))->?x(P(x)))))))->((?x(P(x))->(@x(@x(P(x))&Q(x))->?x(P(x))))->(@x(@x(P(x))&Q(x))->((?x(P(x))->((?x(P(x))->?x(P(x)))->?x(P(x))))->(?x(P(x))->?x(P(x))))))) Сх. акс. 2
(224) ((?x(P(x))->(@x(@x(P(x))&Q(x))->?x(P(x))))->((@x(@x(P(x))&Q(x))->((?x(P(x))->(?x(P(x))->?x(P(x))))->((?x(P(x))->((?x(P(x))->?x(P(x)))->?x(P(x))))->(?x(P(x))->?x(P(x))))))->(@x(@x(P(x))&Q(x))->((?x(P(x))->((?x(P(x))->?x(P(x)))->?x(P(x))))->(?x(P(x))->?x(P(x)))))))->((?x(P(x))->(@x(@x(P(x))&Q(x))->?x(P(x))))->(@x(@x(P(x))&Q(x))->((?x(P(x))->((?x(P(x))->?x(P(x)))->?x(P(x))))->(?x(P(x))->?x(P(x)))))) M.P. 216, 223
(225) (?x(P(x))->(@x(@x(P(x))&Q(x))->?x(P(x))))->(@x(@x(P(x))&Q(x))->((?x(P(x))->((?x(P(x))->?x(P(x)))->?x(P(x))))->(?x(P(x))->?x(P(x))))) M.P. 222, 224
(226) ?x(P(x))->((?x(P(x))->?x(P(x)))->?x(P(x))) Сх. акс. 1
(227) (?x(P(x))->((?x(P(x))->?x(P(x)))->?x(P(x))))->((?x(P(x))->(@x(@x(P(x))&Q(x))->?x(P(x))))->(?x(P(x))->((?x(P(x))->?x(P(x)))->?x(P(x))))) Сх. акс. 1
(228) (?x(P(x))->(@x(@x(P(x))&Q(x))->?x(P(x))))->(?x(P(x))->((?x(P(x))->?x(P(x)))->?x(P(x)))) M.P. 226, 227
(229) (?x(P(x))->((?x(P(x))->?x(P(x)))->?x(P(x))))->(@x(@x(P(x))&Q(x))->(?x(P(x))->((?x(P(x))->?x(P(x)))->?x(P(x))))) Сх. акс. 1
(230) ((?x(P(x))->((?x(P(x))->?x(P(x)))->?x(P(x))))->(@x(@x(P(x))&Q(x))->(?x(P(x))->((?x(P(x))->?x(P(x)))->?x(P(x))))))->((?x(P(x))->(@x(@x(P(x))&Q(x))->?x(P(x))))->((?x(P(x))->((?x(P(x))->?x(P(x)))->?x(P(x))))->(@x(@x(P(x))&Q(x))->(?x(P(x))->((?x(P(x))->?x(P(x)))->?x(P(x))))))) Сх. акс. 1
(231) (?x(P(x))->(@x(@x(P(x))&Q(x))->?x(P(x))))->((?x(P(x))->((?x(P(x))->?x(P(x)))->?x(P(x))))->(@x(@x(P(x))&Q(x))->(?x(P(x))->((?x(P(x))->?x(P(x)))->?x(P(x)))))) M.P. 229, 230
(232) ((?x(P(x))->(@x(@x(P(x))&Q(x))->?x(P(x))))->(?x(P(x))->((?x(P(x))->?x(P(x)))->?x(P(x)))))->(((?x(P(x))->(@x(@x(P(x))&Q(x))->?x(P(x))))->((?x(P(x))->((?x(P(x))->?x(P(x)))->?x(P(x))))->(@x(@x(P(x))&Q(x))->(?x(P(x))->((?x(P(x))->?x(P(x)))->?x(P(x)))))))->((?x(P(x))->(@x(@x(P(x))&Q(x))->?x(P(x))))->(@x(@x(P(x))&Q(x))->(?x(P(x))->((?x(P(x))->?x(P(x)))->?x(P(x))))))) Сх. акс. 2
(233) ((?x(P(x))->(@x(@x(P(x))&Q(x))->?x(P(x))))->((?x(P(x))->((?x(P(x))->?x(P(x)))->?x(P(x))))->(@x(@x(P(x))&Q(x))->(?x(P(x))->((?x(P(x))->?x(P(x)))->?x(P(x)))))))->((?x(P(x))->(@x(@x(P(x))&Q(x))->?x(P(x))))->(@x(@x(P(x))&Q(x))->(?x(P(x))->((?x(P(x))->?x(P(x)))->?x(P(x)))))) M.P. 228, 232
(234) (?x(P(x))->(@x(@x(P(x))&Q(x))->?x(P(x))))->(@x(@x(P(x))&Q(x))->(?x(P(x))->((?x(P(x))->?x(P(x)))->?x(P(x))))) M.P. 231, 233
(235) (@x(@x(P(x))&Q(x))->(?x(P(x))->((?x(P(x))->?x(P(x)))->?x(P(x)))))->((@x(@x(P(x))&Q(x))->((?x(P(x))->((?x(P(x))->?x(P(x)))->?x(P(x))))->(?x(P(x))->?x(P(x)))))->(@x(@x(P(x))&Q(x))->(?x(P(x))->?x(P(x))))) Сх. акс. 2
(236) ((@x(@x(P(x))&Q(x))->(?x(P(x))->((?x(P(x))->?x(P(x)))->?x(P(x)))))->((@x(@x(P(x))&Q(x))->((?x(P(x))->((?x(P(x))->?x(P(x)))->?x(P(x))))->(?x(P(x))->?x(P(x)))))->(@x(@x(P(x))&Q(x))->(?x(P(x))->?x(P(x))))))->((?x(P(x))->(@x(@x(P(x))&Q(x))->?x(P(x))))->((@x(@x(P(x))&Q(x))->(?x(P(x))->((?x(P(x))->?x(P(x)))->?x(P(x)))))->((@x(@x(P(x))&Q(x))->((?x(P(x))->((?x(P(x))->?x(P(x)))->?x(P(x))))->(?x(P(x))->?x(P(x)))))->(@x(@x(P(x))&Q(x))->(?x(P(x))->?x(P(x))))))) Сх. акс. 1
(237) (?x(P(x))->(@x(@x(P(x))&Q(x))->?x(P(x))))->((@x(@x(P(x))&Q(x))->(?x(P(x))->((?x(P(x))->?x(P(x)))->?x(P(x)))))->((@x(@x(P(x))&Q(x))->((?x(P(x))->((?x(P(x))->?x(P(x)))->?x(P(x))))->(?x(P(x))->?x(P(x)))))->(@x(@x(P(x))&Q(x))->(?x(P(x))->?x(P(x)))))) M.P. 235, 236
(238) ((?x(P(x))->(@x(@x(P(x))&Q(x))->?x(P(x))))->(@x(@x(P(x))&Q(x))->(?x(P(x))->((?x(P(x))->?x(P(x)))->?x(P(x))))))->(((?x(P(x))->(@x(@x(P(x))&Q(x))->?x(P(x))))->((@x(@x(P(x))&Q(x))->(?x(P(x))->((?x(P(x))->?x(P(x)))->?x(P(x)))))->((@x(@x(P(x))&Q(x))->((?x(P(x))->((?x(P(x))->?x(P(x)))->?x(P(x))))->(?x(P(x))->?x(P(x)))))->(@x(@x(P(x))&Q(x))->(?x(P(x))->?x(P(x)))))))->((?x(P(x))->(@x(@x(P(x))&Q(x))->?x(P(x))))->((@x(@x(P(x))&Q(x))->((?x(P(x))->((?x(P(x))->?x(P(x)))->?x(P(x))))->(?x(P(x))->?x(P(x)))))->(@x(@x(P(x))&Q(x))->(?x(P(x))->?x(P(x))))))) Сх. акс. 2
(239) ((?x(P(x))->(@x(@x(P(x))&Q(x))->?x(P(x))))->((@x(@x(P(x))&Q(x))->(?x(P(x))->((?x(P(x))->?x(P(x)))->?x(P(x)))))->((@x(@x(P(x))&Q(x))->((?x(P(x))->((?x(P(x))->?x(P(x)))->?x(P(x))))->(?x(P(x))->?x(P(x)))))->(@x(@x(P(x))&Q(x))->(?x(P(x))->?x(P(x)))))))->((?x(P(x))->(@x(@x(P(x))&Q(x))->?x(P(x))))->((@x(@x(P(x))&Q(x))->((?x(P(x))->((?x(P(x))->?x(P(x)))->?x(P(x))))->(?x(P(x))->?x(P(x)))))->(@x(@x(P(x))&Q(x))->(?x(P(x))->?x(P(x)))))) M.P. 234, 238
(240) (?x(P(x))->(@x(@x(P(x))&Q(x))->?x(P(x))))->((@x(@x(P(x))&Q(x))->((?x(P(x))->((?x(P(x))->?x(P(x)))->?x(P(x))))->(?x(P(x))->?x(P(x)))))->(@x(@x(P(x))&Q(x))->(?x(P(x))->?x(P(x))))) M.P. 237, 239
(241) ((?x(P(x))->(@x(@x(P(x))&Q(x))->?x(P(x))))->(@x(@x(P(x))&Q(x))->((?x(P(x))->((?x(P(x))->?x(P(x)))->?x(P(x))))->(?x(P(x))->?x(P(x))))))->(((?x(P(x))->(@x(@x(P(x))&Q(x))->?x(P(x))))->((@x(@x(P(x))&Q(x))->((?x(P(x))->((?x(P(x))->?x(P(x)))->?x(P(x))))->(?x(P(x))->?x(P(x)))))->(@x(@x(P(x))&Q(x))->(?x(P(x))->?x(P(x))))))->((?x(P(x))->(@x(@x(P(x))&Q(x))->?x(P(x))))->(@x(@x(P(x))&Q(x))->(?x(P(x))->?x(P(x)))))) Сх. акс. 2
(242) ((?x(P(x))->(@x(@x(P(x))&Q(x))->?x(P(x))))->((@x(@x(P(x))&Q(x))->((?x(P(x))->((?x(P(x))->?x(P(x)))->?x(P(x))))->(?x(P(x))->?x(P(x)))))->(@x(@x(P(x))&Q(x))->(?x(P(x))->?x(P(x))))))->((?x(P(x))->(@x(@x(P(x))&Q(x))->?x(P(x))))->(@x(@x(P(x))&Q(x))->(?x(P(x))->?x(P(x))))) M.P. 225, 241
(243) (?x(P(x))->(@x(@x(P(x))&Q(x))->?x(P(x))))->(@x(@x(P(x))&Q(x))->(?x(P(x))->?x(P(x)))) M.P. 240, 242
(244) (?x(P(x))->?x(P(x)))->((?x(P(x))->(?x(P(x))->(@x(@x(P(x))&Q(x))->?x(P(x)))))->(?x(P(x))->(@x(@x(P(x))&Q(x))->?x(P(x))))) Сх. акс. 2
(245) ((?x(P(x))->?x(P(x)))->((?x(P(x))->(?x(P(x))->(@x(@x(P(x))&Q(x))->?x(P(x)))))->(?x(P(x))->(@x(@x(P(x))&Q(x))->?x(P(x))))))->((?x(P(x))->(@x(@x(P(x))&Q(x))->?x(P(x))))->((?x(P(x))->?x(P(x)))->((?x(P(x))->(?x(P(x))->(@x(@x(P(x))&Q(x))->?x(P(x)))))->(?x(P(x))->(@x(@x(P(x))&Q(x))->?x(P(x))))))) Сх. акс. 1
(246) (?x(P(x))->(@x(@x(P(x))&Q(x))->?x(P(x))))->((?x(P(x))->?x(P(x)))->((?x(P(x))->(?x(P(x))->(@x(@x(P(x))&Q(x))->?x(P(x)))))->(?x(P(x))->(@x(@x(P(x))&Q(x))->?x(P(x)))))) M.P. 244, 245
(247) ((?x(P(x))->?x(P(x)))->((?x(P(x))->(?x(P(x))->(@x(@x(P(x))&Q(x))->?x(P(x)))))->(?x(P(x))->(@x(@x(P(x))&Q(x))->?x(P(x))))))->(@x(@x(P(x))&Q(x))->((?x(P(x))->?x(P(x)))->((?x(P(x))->(?x(P(x))->(@x(@x(P(x))&Q(x))->?x(P(x)))))->(?x(P(x))->(@x(@x(P(x))&Q(x))->?x(P(x))))))) Сх. акс. 1
(248) (((?x(P(x))->?x(P(x)))->((?x(P(x))->(?x(P(x))->(@x(@x(P(x))&Q(x))->?x(P(x)))))->(?x(P(x))->(@x(@x(P(x))&Q(x))->?x(P(x))))))->(@x(@x(P(x))&Q(x))->((?x(P(x))->?x(P(x)))->((?x(P(x))->(?x(P(x))->(@x(@x(P(x))&Q(x))->?x(P(x)))))->(?x(P(x))->(@x(@x(P(x))&Q(x))->?x(P(x))))))))->((?x(P(x))->(@x(@x(P(x))&Q(x))->?x(P(x))))->(((?x(P(x))->?x(P(x)))->((?x(P(x))->(?x(P(x))->(@x(@x(P(x))&Q(x))->?x(P(x)))))->(?x(P(x))->(@x(@x(P(x))&Q(x))->?x(P(x))))))->(@x(@x(P(x))&Q(x))->((?x(P(x))->?x(P(x)))->((?x(P(x))->(?x(P(x))->(@x(@x(P(x))&Q(x))->?x(P(x)))))->(?x(P(x))->(@x(@x(P(x))&Q(x))->?x(P(x))))))))) Сх. акс. 1
(249) (?x(P(x))->(@x(@x(P(x))&Q(x))->?x(P(x))))->(((?x(P(x))->?x(P(x)))->((?x(P(x))->(?x(P(x))->(@x(@x(P(x))&Q(x))->?x(P(x)))))->(?x(P(x))->(@x(@x(P(x))&Q(x))->?x(P(x))))))->(@x(@x(P(x))&Q(x))->((?x(P(x))->?x(P(x)))->((?x(P(x))->(?x(P(x))->(@x(@x(P(x))&Q(x))->?x(P(x)))))->(?x(P(x))->(@x(@x(P(x))&Q(x))->?x(P(x)))))))) M.P. 247, 248
(250) ((?x(P(x))->(@x(@x(P(x))&Q(x))->?x(P(x))))->((?x(P(x))->?x(P(x)))->((?x(P(x))->(?x(P(x))->(@x(@x(P(x))&Q(x))->?x(P(x)))))->(?x(P(x))->(@x(@x(P(x))&Q(x))->?x(P(x)))))))->(((?x(P(x))->(@x(@x(P(x))&Q(x))->?x(P(x))))->(((?x(P(x))->?x(P(x)))->((?x(P(x))->(?x(P(x))->(@x(@x(P(x))&Q(x))->?x(P(x)))))->(?x(P(x))->(@x(@x(P(x))&Q(x))->?x(P(x))))))->(@x(@x(P(x))&Q(x))->((?x(P(x))->?x(P(x)))->((?x(P(x))->(?x(P(x))->(@x(@x(P(x))&Q(x))->?x(P(x)))))->(?x(P(x))->(@x(@x(P(x))&Q(x))->?x(P(x)))))))))->((?x(P(x))->(@x(@x(P(x))&Q(x))->?x(P(x))))->(@x(@x(P(x))&Q(x))->((?x(P(x))->?x(P(x)))->((?x(P(x))->(?x(P(x))->(@x(@x(P(x))&Q(x))->?x(P(x)))))->(?x(P(x))->(@x(@x(P(x))&Q(x))->?x(P(x))))))))) Сх. акс. 2
(251) ((?x(P(x))->(@x(@x(P(x))&Q(x))->?x(P(x))))->(((?x(P(x))->?x(P(x)))->((?x(P(x))->(?x(P(x))->(@x(@x(P(x))&Q(x))->?x(P(x)))))->(?x(P(x))->(@x(@x(P(x))&Q(x))->?x(P(x))))))->(@x(@x(P(x))&Q(x))->((?x(P(x))->?x(P(x)))->((?x(P(x))->(?x(P(x))->(@x(@x(P(x))&Q(x))->?x(P(x)))))->(?x(P(x))->(@x(@x(P(x))&Q(x))->?x(P(x)))))))))->((?x(P(x))->(@x(@x(P(x))&Q(x))->?x(P(x))))->(@x(@x(P(x))&Q(x))->((?x(P(x))->?x(P(x)))->((?x(P(x))->(?x(P(x))->(@x(@x(P(x))&Q(x))->?x(P(x)))))->(?x(P(x))->(@x(@x(P(x))&Q(x))->?x(P(x)))))))) M.P. 246, 250
(252) (?x(P(x))->(@x(@x(P(x))&Q(x))->?x(P(x))))->(@x(@x(P(x))&Q(x))->((?x(P(x))->?x(P(x)))->((?x(P(x))->(?x(P(x))->(@x(@x(P(x))&Q(x))->?x(P(x)))))->(?x(P(x))->(@x(@x(P(x))&Q(x))->?x(P(x))))))) M.P. 249, 251
(253) (@x(@x(P(x))&Q(x))->(?x(P(x))->?x(P(x))))->((@x(@x(P(x))&Q(x))->((?x(P(x))->?x(P(x)))->((?x(P(x))->(?x(P(x))->(@x(@x(P(x))&Q(x))->?x(P(x)))))->(?x(P(x))->(@x(@x(P(x))&Q(x))->?x(P(x)))))))->(@x(@x(P(x))&Q(x))->((?x(P(x))->(?x(P(x))->(@x(@x(P(x))&Q(x))->?x(P(x)))))->(?x(P(x))->(@x(@x(P(x))&Q(x))->?x(P(x))))))) Сх. акс. 2
(254) ((@x(@x(P(x))&Q(x))->(?x(P(x))->?x(P(x))))->((@x(@x(P(x))&Q(x))->((?x(P(x))->?x(P(x)))->((?x(P(x))->(?x(P(x))->(@x(@x(P(x))&Q(x))->?x(P(x)))))->(?x(P(x))->(@x(@x(P(x))&Q(x))->?x(P(x)))))))->(@x(@x(P(x))&Q(x))->((?x(P(x))->(?x(P(x))->(@x(@x(P(x))&Q(x))->?x(P(x)))))->(?x(P(x))->(@x(@x(P(x))&Q(x))->?x(P(x))))))))->((?x(P(x))->(@x(@x(P(x))&Q(x))->?x(P(x))))->((@x(@x(P(x))&Q(x))->(?x(P(x))->?x(P(x))))->((@x(@x(P(x))&Q(x))->((?x(P(x))->?x(P(x)))->((?x(P(x))->(?x(P(x))->(@x(@x(P(x))&Q(x))->?x(P(x)))))->(?x(P(x))->(@x(@x(P(x))&Q(x))->?x(P(x)))))))->(@x(@x(P(x))&Q(x))->((?x(P(x))->(?x(P(x))->(@x(@x(P(x))&Q(x))->?x(P(x)))))->(?x(P(x))->(@x(@x(P(x))&Q(x))->?x(P(x))))))))) Сх. акс. 1
(255) (?x(P(x))->(@x(@x(P(x))&Q(x))->?x(P(x))))->((@x(@x(P(x))&Q(x))->(?x(P(x))->?x(P(x))))->((@x(@x(P(x))&Q(x))->((?x(P(x))->?x(P(x)))->((?x(P(x))->(?x(P(x))->(@x(@x(P(x))&Q(x))->?x(P(x)))))->(?x(P(x))->(@x(@x(P(x))&Q(x))->?x(P(x)))))))->(@x(@x(P(x))&Q(x))->((?x(P(x))->(?x(P(x))->(@x(@x(P(x))&Q(x))->?x(P(x)))))->(?x(P(x))->(@x(@x(P(x))&Q(x))->?x(P(x)))))))) M.P. 253, 254
(256) ((?x(P(x))->(@x(@x(P(x))&Q(x))->?x(P(x))))->(@x(@x(P(x))&Q(x))->(?x(P(x))->?x(P(x)))))->(((?x(P(x))->(@x(@x(P(x))&Q(x))->?x(P(x))))->((@x(@x(P(x))&Q(x))->(?x(P(x))->?x(P(x))))->((@x(@x(P(x))&Q(x))->((?x(P(x))->?x(P(x)))->((?x(P(x))->(?x(P(x))->(@x(@x(P(x))&Q(x))->?x(P(x)))))->(?x(P(x))->(@x(@x(P(x))&Q(x))->?x(P(x)))))))->(@x(@x(P(x))&Q(x))->((?x(P(x))->(?x(P(x))->(@x(@x(P(x))&Q(x))->?x(P(x)))))->(?x(P(x))->(@x(@x(P(x))&Q(x))->?x(P(x)))))))))->((?x(P(x))->(@x(@x(P(x))&Q(x))->?x(P(x))))->((@x(@x(P(x))&Q(x))->((?x(P(x))->?x(P(x)))->((?x(P(x))->(?x(P(x))->(@x(@x(P(x))&Q(x))->?x(P(x)))))->(?x(P(x))->(@x(@x(P(x))&Q(x))->?x(P(x)))))))->(@x(@x(P(x))&Q(x))->((?x(P(x))->(?x(P(x))->(@x(@x(P(x))&Q(x))->?x(P(x)))))->(?x(P(x))->(@x(@x(P(x))&Q(x))->?x(P(x))))))))) Сх. акс. 2
(257) ((?x(P(x))->(@x(@x(P(x))&Q(x))->?x(P(x))))->((@x(@x(P(x))&Q(x))->(?x(P(x))->?x(P(x))))->((@x(@x(P(x))&Q(x))->((?x(P(x))->?x(P(x)))->((?x(P(x))->(?x(P(x))->(@x(@x(P(x))&Q(x))->?x(P(x)))))->(?x(P(x))->(@x(@x(P(x))&Q(x))->?x(P(x)))))))->(@x(@x(P(x))&Q(x))->((?x(P(x))->(?x(P(x))->(@x(@x(P(x))&Q(x))->?x(P(x)))))->(?x(P(x))->(@x(@x(P(x))&Q(x))->?x(P(x)))))))))->((?x(P(x))->(@x(@x(P(x))&Q(x))->?x(P(x))))->((@x(@x(P(x))&Q(x))->((?x(P(x))->?x(P(x)))->((?x(P(x))->(?x(P(x))->(@x(@x(P(x))&Q(x))->?x(P(x)))))->(?x(P(x))->(@x(@x(P(x))&Q(x))->?x(P(x)))))))->(@x(@x(P(x))&Q(x))->((?x(P(x))->(?x(P(x))->(@x(@x(P(x))&Q(x))->?x(P(x)))))->(?x(P(x))->(@x(@x(P(x))&Q(x))->?x(P(x)))))))) M.P. 243, 256
(258) (?x(P(x))->(@x(@x(P(x))&Q(x))->?x(P(x))))->((@x(@x(P(x))&Q(x))->((?x(P(x))->?x(P(x)))->((?x(P(x))->(?x(P(x))->(@x(@x(P(x))&Q(x))->?x(P(x)))))->(?x(P(x))->(@x(@x(P(x))&Q(x))->?x(P(x)))))))->(@x(@x(P(x))&Q(x))->((?x(P(x))->(?x(P(x))->(@x(@x(P(x))&Q(x))->?x(P(x)))))->(?x(P(x))->(@x(@x(P(x))&Q(x))->?x(P(x))))))) M.P. 255, 257
(259) ((?x(P(x))->(@x(@x(P(x))&Q(x))->?x(P(x))))->(@x(@x(P(x))&Q(x))->((?x(P(x))->?x(P(x)))->((?x(P(x))->(?x(P(x))->(@x(@x(P(x))&Q(x))->?x(P(x)))))->(?x(P(x))->(@x(@x(P(x))&Q(x))->?x(P(x))))))))->(((?x(P(x))->(@x(@x(P(x))&Q(x))->?x(P(x))))->((@x(@x(P(x))&Q(x))->((?x(P(x))->?x(P(x)))->((?x(P(x))->(?x(P(x))->(@x(@x(P(x))&Q(x))->?x(P(x)))))->(?x(P(x))->(@x(@x(P(x))&Q(x))->?x(P(x)))))))->(@x(@x(P(x))&Q(x))->((?x(P(x))->(?x(P(x))->(@x(@x(P(x))&Q(x))->?x(P(x)))))->(?x(P(x))->(@x(@x(P(x))&Q(x))->?x(P(x))))))))->((?x(P(x))->(@x(@x(P(x))&Q(x))->?x(P(x))))->(@x(@x(P(x))&Q(x))->((?x(P(x))->(?x(P(x))->(@x(@x(P(x))&Q(x))->?x(P(x)))))->(?x(P(x))->(@x(@x(P(x))&Q(x))->?x(P(x)))))))) Сх. акс. 2
(260) ((?x(P(x))->(@x(@x(P(x))&Q(x))->?x(P(x))))->((@x(@x(P(x))&Q(x))->((?x(P(x))->?x(P(x)))->((?x(P(x))->(?x(P(x))->(@x(@x(P(x))&Q(x))->?x(P(x)))))->(?x(P(x))->(@x(@x(P(x))&Q(x))->?x(P(x)))))))->(@x(@x(P(x))&Q(x))->((?x(P(x))->(?x(P(x))->(@x(@x(P(x))&Q(x))->?x(P(x)))))->(?x(P(x))->(@x(@x(P(x))&Q(x))->?x(P(x))))))))->((?x(P(x))->(@x(@x(P(x))&Q(x))->?x(P(x))))->(@x(@x(P(x))&Q(x))->((?x(P(x))->(?x(P(x))->(@x(@x(P(x))&Q(x))->?x(P(x)))))->(?x(P(x))->(@x(@x(P(x))&Q(x))->?x(P(x))))))) M.P. 252, 259
(261) (?x(P(x))->(@x(@x(P(x))&Q(x))->?x(P(x))))->(@x(@x(P(x))&Q(x))->((?x(P(x))->(?x(P(x))->(@x(@x(P(x))&Q(x))->?x(P(x)))))->(?x(P(x))->(@x(@x(P(x))&Q(x))->?x(P(x)))))) M.P. 258, 260
(262) (?x(P(x))->(@x(@x(P(x))&Q(x))->?x(P(x))))->((?x(P(x))->(@x(@x(P(x))&Q(x))->?x(P(x))))->(?x(P(x))->(@x(@x(P(x))&Q(x))->?x(P(x))))) Сх. акс. 1
(263) ((?x(P(x))->(@x(@x(P(x))&Q(x))->?x(P(x))))->((?x(P(x))->(@x(@x(P(x))&Q(x))->?x(P(x))))->(?x(P(x))->(@x(@x(P(x))&Q(x))->?x(P(x))))))->(((?x(P(x))->(@x(@x(P(x))&Q(x))->?x(P(x))))->(((?x(P(x))->(@x(@x(P(x))&Q(x))->?x(P(x))))->(?x(P(x))->(@x(@x(P(x))&Q(x))->?x(P(x)))))->(?x(P(x))->(@x(@x(P(x))&Q(x))->?x(P(x))))))->((?x(P(x))->(@x(@x(P(x))&Q(x))->?x(P(x))))->(?x(P(x))->(@x(@x(P(x))&Q(x))->?x(P(x)))))) Сх. акс. 2
(264) ((?x(P(x))->(@x(@x(P(x))&Q(x))->?x(P(x))))->(((?x(P(x))->(@x(@x(P(x))&Q(x))->?x(P(x))))->(?x(P(x))->(@x(@x(P(x))&Q(x))->?x(P(x)))))->(?x(P(x))->(@x(@x(P(x))&Q(x))->?x(P(x))))))->((?x(P(x))->(@x(@x(P(x))&Q(x))->?x(P(x))))->(?x(P(x))->(@x(@x(P(x))&Q(x))->?x(P(x))))) M.P. 170, 263
(265) (?x(P(x))->(@x(@x(P(x))&Q(x))->?x(P(x))))->(((?x(P(x))->(@x(@x(P(x))&Q(x))->?x(P(x))))->(?x(P(x))->(@x(@x(P(x))&Q(x))->?x(P(x)))))->(?x(P(x))->(@x(@x(P(x))&Q(x))->?x(P(x))))) Сх. акс. 1
(266) (?x(P(x))->(@x(@x(P(x))&Q(x))->?x(P(x))))->(?x(P(x))->(@x(@x(P(x))&Q(x))->?x(P(x)))) M.P. 173, 264
(267) (?x(P(x))->(@x(@x(P(x))&Q(x))->?x(P(x))))->(@x(@x(P(x))&Q(x))->(?x(P(x))->(@x(@x(P(x))&Q(x))->?x(P(x))))) Сх. акс. 1
(268) ((?x(P(x))->(@x(@x(P(x))&Q(x))->?x(P(x))))->(@x(@x(P(x))&Q(x))->(?x(P(x))->(@x(@x(P(x))&Q(x))->?x(P(x))))))->((?x(P(x))->(@x(@x(P(x))&Q(x))->?x(P(x))))->((?x(P(x))->(@x(@x(P(x))&Q(x))->?x(P(x))))->(@x(@x(P(x))&Q(x))->(?x(P(x))->(@x(@x(P(x))&Q(x))->?x(P(x))))))) Сх. акс. 1
(269) (?x(P(x))->(@x(@x(P(x))&Q(x))->?x(P(x))))->((?x(P(x))->(@x(@x(P(x))&Q(x))->?x(P(x))))->(@x(@x(P(x))&Q(x))->(?x(P(x))->(@x(@x(P(x))&Q(x))->?x(P(x)))))) M.P. 175, 268
(270) ((?x(P(x))->(@x(@x(P(x))&Q(x))->?x(P(x))))->(?x(P(x))->(@x(@x(P(x))&Q(x))->?x(P(x)))))->(((?x(P(x))->(@x(@x(P(x))&Q(x))->?x(P(x))))->((?x(P(x))->(@x(@x(P(x))&Q(x))->?x(P(x))))->(@x(@x(P(x))&Q(x))->(?x(P(x))->(@x(@x(P(x))&Q(x))->?x(P(x)))))))->((?x(P(x))->(@x(@x(P(x))&Q(x))->?x(P(x))))->(@x(@x(P(x))&Q(x))->(?x(P(x))->(@x(@x(P(x))&Q(x))->?x(P(x))))))) Сх. акс. 2
(271) ((?x(P(x))->(@x(@x(P(x))&Q(x))->?x(P(x))))->((?x(P(x))->(@x(@x(P(x))&Q(x))->?x(P(x))))->(@x(@x(P(x))&Q(x))->(?x(P(x))->(@x(@x(P(x))&Q(x))->?x(P(x)))))))->((?x(P(x))->(@x(@x(P(x))&Q(x))->?x(P(x))))->(@x(@x(P(x))&Q(x))->(?x(P(x))->(@x(@x(P(x))&Q(x))->?x(P(x)))))) M.P. 174, 178
(272) (?x(P(x))->(@x(@x(P(x))&Q(x))->?x(P(x))))->(@x(@x(P(x))&Q(x))->(?x(P(x))->(@x(@x(P(x))&Q(x))->?x(P(x))))) Сх. акс. 1
(273) @x(@x(P(x))&Q(x))->(@x(@x(P(x))&Q(x))->@x(@x(P(x))&Q(x))) Сх. акс. 1
(274) (@x(@x(P(x))&Q(x))->(@x(@x(P(x))&Q(x))->@x(@x(P(x))&Q(x))))->((?x(P(x))->(@x(@x(P(x))&Q(x))->?x(P(x))))->(@x(@x(P(x))&Q(x))->(@x(@x(P(x))&Q(x))->@x(@x(P(x))&Q(x))))) Сх. акс. 1
(275) (?x(P(x))->(@x(@x(P(x))&Q(x))->?x(P(x))))->(@x(@x(P(x))&Q(x))->(@x(@x(P(x))&Q(x))->@x(@x(P(x))&Q(x)))) M.P. 33, 274
(276) (@x(@x(P(x))&Q(x))->(@x(@x(P(x))&Q(x))->@x(@x(P(x))&Q(x))))->((@x(@x(P(x))&Q(x))->((@x(@x(P(x))&Q(x))->@x(@x(P(x))&Q(x)))->@x(@x(P(x))&Q(x))))->(@x(@x(P(x))&Q(x))->@x(@x(P(x))&Q(x)))) Сх. акс. 2
(277) ((@x(@x(P(x))&Q(x))->(@x(@x(P(x))&Q(x))->@x(@x(P(x))&Q(x))))->((@x(@x(P(x))&Q(x))->((@x(@x(P(x))&Q(x))->@x(@x(P(x))&Q(x)))->@x(@x(P(x))&Q(x))))->(@x(@x(P(x))&Q(x))->@x(@x(P(x))&Q(x)))))->((?x(P(x))->(@x(@x(P(x))&Q(x))->?x(P(x))))->((@x(@x(P(x))&Q(x))->(@x(@x(P(x))&Q(x))->@x(@x(P(x))&Q(x))))->((@x(@x(P(x))&Q(x))->((@x(@x(P(x))&Q(x))->@x(@x(P(x))&Q(x)))->@x(@x(P(x))&Q(x))))->(@x(@x(P(x))&Q(x))->@x(@x(P(x))&Q(x)))))) Сх. акс. 1
(278) (?x(P(x))->(@x(@x(P(x))&Q(x))->?x(P(x))))->((@x(@x(P(x))&Q(x))->(@x(@x(P(x))&Q(x))->@x(@x(P(x))&Q(x))))->((@x(@x(P(x))&Q(x))->((@x(@x(P(x))&Q(x))->@x(@x(P(x))&Q(x)))->@x(@x(P(x))&Q(x))))->(@x(@x(P(x))&Q(x))->@x(@x(P(x))&Q(x))))) M.P. 42, 277
(279) ((?x(P(x))->(@x(@x(P(x))&Q(x))->?x(P(x))))->(@x(@x(P(x))&Q(x))->(@x(@x(P(x))&Q(x))->@x(@x(P(x))&Q(x)))))->(((?x(P(x))->(@x(@x(P(x))&Q(x))->?x(P(x))))->((@x(@x(P(x))&Q(x))->(@x(@x(P(x))&Q(x))->@x(@x(P(x))&Q(x))))->((@x(@x(P(x))&Q(x))->((@x(@x(P(x))&Q(x))->@x(@x(P(x))&Q(x)))->@x(@x(P(x))&Q(x))))->(@x(@x(P(x))&Q(x))->@x(@x(P(x))&Q(x))))))->((?x(P(x))->(@x(@x(P(x))&Q(x))->?x(P(x))))->((@x(@x(P(x))&Q(x))->((@x(@x(P(x))&Q(x))->@x(@x(P(x))&Q(x)))->@x(@x(P(x))&Q(x))))->(@x(@x(P(x))&Q(x))->@x(@x(P(x))&Q(x)))))) Сх. акс. 2
(280) ((?x(P(x))->(@x(@x(P(x))&Q(x))->?x(P(x))))->((@x(@x(P(x))&Q(x))->(@x(@x(P(x))&Q(x))->@x(@x(P(x))&Q(x))))->((@x(@x(P(x))&Q(x))->((@x(@x(P(x))&Q(x))->@x(@x(P(x))&Q(x)))->@x(@x(P(x))&Q(x))))->(@x(@x(P(x))&Q(x))->@x(@x(P(x))&Q(x))))))->((?x(P(x))->(@x(@x(P(x))&Q(x))->?x(P(x))))->((@x(@x(P(x))&Q(x))->((@x(@x(P(x))&Q(x))->@x(@x(P(x))&Q(x)))->@x(@x(P(x))&Q(x))))->(@x(@x(P(x))&Q(x))->@x(@x(P(x))&Q(x))))) M.P. 275, 279
(281) (?x(P(x))->(@x(@x(P(x))&Q(x))->?x(P(x))))->((@x(@x(P(x))&Q(x))->((@x(@x(P(x))&Q(x))->@x(@x(P(x))&Q(x)))->@x(@x(P(x))&Q(x))))->(@x(@x(P(x))&Q(x))->@x(@x(P(x))&Q(x)))) M.P. 278, 280
(282) @x(@x(P(x))&Q(x))->((@x(@x(P(x))&Q(x))->@x(@x(P(x))&Q(x)))->@x(@x(P(x))&Q(x))) Сх. акс. 1
(283) (@x(@x(P(x))&Q(x))->((@x(@x(P(x))&Q(x))->@x(@x(P(x))&Q(x)))->@x(@x(P(x))&Q(x))))->((?x(P(x))->(@x(@x(P(x))&Q(x))->?x(P(x))))->(@x(@x(P(x))&Q(x))->((@x(@x(P(x))&Q(x))->@x(@x(P(x))&Q(x)))->@x(@x(P(x))&Q(x))))) Сх. акс. 1
(284) (?x(P(x))->(@x(@x(P(x))&Q(x))->?x(P(x))))->(@x(@x(P(x))&Q(x))->((@x(@x(P(x))&Q(x))->@x(@x(P(x))&Q(x)))->@x(@x(P(x))&Q(x)))) M.P. 60, 283
(285) ((?x(P(x))->(@x(@x(P(x))&Q(x))->?x(P(x))))->(@x(@x(P(x))&Q(x))->((@x(@x(P(x))&Q(x))->@x(@x(P(x))&Q(x)))->@x(@x(P(x))&Q(x)))))->(((?x(P(x))->(@x(@x(P(x))&Q(x))->?x(P(x))))->((@x(@x(P(x))&Q(x))->((@x(@x(P(x))&Q(x))->@x(@x(P(x))&Q(x)))->@x(@x(P(x))&Q(x))))->(@x(@x(P(x))&Q(x))->@x(@x(P(x))&Q(x)))))->((?x(P(x))->(@x(@x(P(x))&Q(x))->?x(P(x))))->(@x(@x(P(x))&Q(x))->@x(@x(P(x))&Q(x))))) Сх. акс. 2
(286) ((?x(P(x))->(@x(@x(P(x))&Q(x))->?x(P(x))))->((@x(@x(P(x))&Q(x))->((@x(@x(P(x))&Q(x))->@x(@x(P(x))&Q(x)))->@x(@x(P(x))&Q(x))))->(@x(@x(P(x))&Q(x))->@x(@x(P(x))&Q(x)))))->((?x(P(x))->(@x(@x(P(x))&Q(x))->?x(P(x))))->(@x(@x(P(x))&Q(x))->@x(@x(P(x))&Q(x)))) M.P. 284, 285
(287) (?x(P(x))->(@x(@x(P(x))&Q(x))->?x(P(x))))->(@x(@x(P(x))&Q(x))->@x(@x(P(x))&Q(x))) M.P. 281, 286
(288) @x(@x(P(x))&Q(x))->(?x(P(x))->@x(@x(P(x))&Q(x))) Сх. акс. 1
(289) (@x(@x(P(x))&Q(x))->(?x(P(x))->@x(@x(P(x))&Q(x))))->((?x(P(x))->(@x(@x(P(x))&Q(x))->?x(P(x))))->(@x(@x(P(x))&Q(x))->(?x(P(x))->@x(@x(P(x))&Q(x))))) Сх. акс. 1
(290) (?x(P(x))->(@x(@x(P(x))&Q(x))->?x(P(x))))->(@x(@x(P(x))&Q(x))->(?x(P(x))->@x(@x(P(x))&Q(x)))) M.P. 288, 289
(291) (@x(@x(P(x))&Q(x))->(?x(P(x))->@x(@x(P(x))&Q(x))))->(@x(@x(P(x))&Q(x))->(@x(@x(P(x))&Q(x))->(?x(P(x))->@x(@x(P(x))&Q(x))))) Сх. акс. 1
(292) ((@x(@x(P(x))&Q(x))->(?x(P(x))->@x(@x(P(x))&Q(x))))->(@x(@x(P(x))&Q(x))->(@x(@x(P(x))&Q(x))->(?x(P(x))->@x(@x(P(x))&Q(x))))))->((?x(P(x))->(@x(@x(P(x))&Q(x))->?x(P(x))))->((@x(@x(P(x))&Q(x))->(?x(P(x))->@x(@x(P(x))&Q(x))))->(@x(@x(P(x))&Q(x))->(@x(@x(P(x))&Q(x))->(?x(P(x))->@x(@x(P(x))&Q(x))))))) Сх. акс. 1
(293) (?x(P(x))->(@x(@x(P(x))&Q(x))->?x(P(x))))->((@x(@x(P(x))&Q(x))->(?x(P(x))->@x(@x(P(x))&Q(x))))->(@x(@x(P(x))&Q(x))->(@x(@x(P(x))&Q(x))->(?x(P(x))->@x(@x(P(x))&Q(x)))))) M.P. 291, 292
(294) ((?x(P(x))->(@x(@x(P(x))&Q(x))->?x(P(x))))->(@x(@x(P(x))&Q(x))->(?x(P(x))->@x(@x(P(x))&Q(x)))))->(((?x(P(x))->(@x(@x(P(x))&Q(x))->?x(P(x))))->((@x(@x(P(x))&Q(x))->(?x(P(x))->@x(@x(P(x))&Q(x))))->(@x(@x(P(x))&Q(x))->(@x(@x(P(x))&Q(x))->(?x(P(x))->@x(@x(P(x))&Q(x)))))))->((?x(P(x))->(@x(@x(P(x))&Q(x))->?x(P(x))))->(@x(@x(P(x))&Q(x))->(@x(@x(P(x))&Q(x))->(?x(P(x))->@x(@x(P(x))&Q(x))))))) Сх. акс. 2
(295) ((?x(P(x))->(@x(@x(P(x))&Q(x))->?x(P(x))))->((@x(@x(P(x))&Q(x))->(?x(P(x))->@x(@x(P(x))&Q(x))))->(@x(@x(P(x))&Q(x))->(@x(@x(P(x))&Q(x))->(?x(P(x))->@x(@x(P(x))&Q(x)))))))->((?x(P(x))->(@x(@x(P(x))&Q(x))->?x(P(x))))->(@x(@x(P(x))&Q(x))->(@x(@x(P(x))&Q(x))->(?x(P(x))->@x(@x(P(x))&Q(x)))))) M.P. 290, 294
(296) (?x(P(x))->(@x(@x(P(x))&Q(x))->?x(P(x))))->(@x(@x(P(x))&Q(x))->(@x(@x(P(x))&Q(x))->(?x(P(x))->@x(@x(P(x))&Q(x))))) M.P. 293, 295
(297) (@x(@x(P(x))&Q(x))->@x(@x(P(x))&Q(x)))->((@x(@x(P(x))&Q(x))->(@x(@x(P(x))&Q(x))->(?x(P(x))->@x(@x(P(x))&Q(x)))))->(@x(@x(P(x))&Q(x))->(?x(P(x))->@x(@x(P(x))&Q(x))))) Сх. акс. 2
(298) ((@x(@x(P(x))&Q(x))->@x(@x(P(x))&Q(x)))->((@x(@x(P(x))&Q(x))->(@x(@x(P(x))&Q(x))->(?x(P(x))->@x(@x(P(x))&Q(x)))))->(@x(@x(P(x))&Q(x))->(?x(P(x))->@x(@x(P(x))&Q(x))))))->((?x(P(x))->(@x(@x(P(x))&Q(x))->?x(P(x))))->((@x(@x(P(x))&Q(x))->@x(@x(P(x))&Q(x)))->((@x(@x(P(x))&Q(x))->(@x(@x(P(x))&Q(x))->(?x(P(x))->@x(@x(P(x))&Q(x)))))->(@x(@x(P(x))&Q(x))->(?x(P(x))->@x(@x(P(x))&Q(x))))))) Сх. акс. 1
(299) (?x(P(x))->(@x(@x(P(x))&Q(x))->?x(P(x))))->((@x(@x(P(x))&Q(x))->@x(@x(P(x))&Q(x)))->((@x(@x(P(x))&Q(x))->(@x(@x(P(x))&Q(x))->(?x(P(x))->@x(@x(P(x))&Q(x)))))->(@x(@x(P(x))&Q(x))->(?x(P(x))->@x(@x(P(x))&Q(x)))))) M.P. 297, 298
(300) ((?x(P(x))->(@x(@x(P(x))&Q(x))->?x(P(x))))->(@x(@x(P(x))&Q(x))->@x(@x(P(x))&Q(x))))->(((?x(P(x))->(@x(@x(P(x))&Q(x))->?x(P(x))))->((@x(@x(P(x))&Q(x))->@x(@x(P(x))&Q(x)))->((@x(@x(P(x))&Q(x))->(@x(@x(P(x))&Q(x))->(?x(P(x))->@x(@x(P(x))&Q(x)))))->(@x(@x(P(x))&Q(x))->(?x(P(x))->@x(@x(P(x))&Q(x)))))))->((?x(P(x))->(@x(@x(P(x))&Q(x))->?x(P(x))))->((@x(@x(P(x))&Q(x))->(@x(@x(P(x))&Q(x))->(?x(P(x))->@x(@x(P(x))&Q(x)))))->(@x(@x(P(x))&Q(x))->(?x(P(x))->@x(@x(P(x))&Q(x))))))) Сх. акс. 2
(301) ((?x(P(x))->(@x(@x(P(x))&Q(x))->?x(P(x))))->((@x(@x(P(x))&Q(x))->@x(@x(P(x))&Q(x)))->((@x(@x(P(x))&Q(x))->(@x(@x(P(x))&Q(x))->(?x(P(x))->@x(@x(P(x))&Q(x)))))->(@x(@x(P(x))&Q(x))->(?x(P(x))->@x(@x(P(x))&Q(x)))))))->((?x(P(x))->(@x(@x(P(x))&Q(x))->?x(P(x))))->((@x(@x(P(x))&Q(x))->(@x(@x(P(x))&Q(x))->(?x(P(x))->@x(@x(P(x))&Q(x)))))->(@x(@x(P(x))&Q(x))->(?x(P(x))->@x(@x(P(x))&Q(x)))))) M.P. 287, 300
(302) (?x(P(x))->(@x(@x(P(x))&Q(x))->?x(P(x))))->((@x(@x(P(x))&Q(x))->(@x(@x(P(x))&Q(x))->(?x(P(x))->@x(@x(P(x))&Q(x)))))->(@x(@x(P(x))&Q(x))->(?x(P(x))->@x(@x(P(x))&Q(x))))) M.P. 299, 301
(303) @x(@x(P(x))&Q(x))->(?x(P(x))->@x(@x(P(x))&Q(x))) Сх. акс. 1
(304) (@x(@x(P(x))&Q(x))->(?x(P(x))->@x(@x(P(x))&Q(x))))->((?x(P(x))->(@x(@x(P(x))&Q(x))->?x(P(x))))->(@x(@x(P(x))&Q(x))->(?x(P(x))->@x(@x(P(x))&Q(x))))) Сх. акс. 1
(305) (?x(P(x))->(@x(@x(P(x))&Q(x))->?x(P(x))))->(@x(@x(P(x))&Q(x))->(?x(P(x))->@x(@x(P(x))&Q(x)))) M.P. 288, 289
(306) ?x(P(x))->(?x(P(x))->?x(P(x))) Сх. акс. 1
(307) (?x(P(x))->(?x(P(x))->?x(P(x))))->((?x(P(x))->(@x(@x(P(x))&Q(x))->?x(P(x))))->(?x(P(x))->(?x(P(x))->?x(P(x))))) Сх. акс. 1
(308) (?x(P(x))->(@x(@x(P(x))&Q(x))->?x(P(x))))->(?x(P(x))->(?x(P(x))->?x(P(x)))) M.P. 199, 307
(309) (?x(P(x))->(?x(P(x))->?x(P(x))))->(@x(@x(P(x))&Q(x))->(?x(P(x))->(?x(P(x))->?x(P(x))))) Сх. акс. 1
(310) ((?x(P(x))->(?x(P(x))->?x(P(x))))->(@x(@x(P(x))&Q(x))->(?x(P(x))->(?x(P(x))->?x(P(x))))))->((?x(P(x))->(@x(@x(P(x))&Q(x))->?x(P(x))))->((?x(P(x))->(?x(P(x))->?x(P(x))))->(@x(@x(P(x))&Q(x))->(?x(P(x))->(?x(P(x))->?x(P(x))))))) Сх. акс. 1
(311) (?x(P(x))->(@x(@x(P(x))&Q(x))->?x(P(x))))->((?x(P(x))->(?x(P(x))->?x(P(x))))->(@x(@x(P(x))&Q(x))->(?x(P(x))->(?x(P(x))->?x(P(x)))))) M.P. 202, 310
(312) ((?x(P(x))->(@x(@x(P(x))&Q(x))->?x(P(x))))->(?x(P(x))->(?x(P(x))->?x(P(x)))))->(((?x(P(x))->(@x(@x(P(x))&Q(x))->?x(P(x))))->((?x(P(x))->(?x(P(x))->?x(P(x))))->(@x(@x(P(x))&Q(x))->(?x(P(x))->(?x(P(x))->?x(P(x)))))))->((?x(P(x))->(@x(@x(P(x))&Q(x))->?x(P(x))))->(@x(@x(P(x))&Q(x))->(?x(P(x))->(?x(P(x))->?x(P(x))))))) Сх. акс. 2
(313) ((?x(P(x))->(@x(@x(P(x))&Q(x))->?x(P(x))))->((?x(P(x))->(?x(P(x))->?x(P(x))))->(@x(@x(P(x))&Q(x))->(?x(P(x))->(?x(P(x))->?x(P(x)))))))->((?x(P(x))->(@x(@x(P(x))&Q(x))->?x(P(x))))->(@x(@x(P(x))&Q(x))->(?x(P(x))->(?x(P(x))->?x(P(x)))))) M.P. 201, 205
(314) (?x(P(x))->(@x(@x(P(x))&Q(x))->?x(P(x))))->(@x(@x(P(x))&Q(x))->(?x(P(x))->(?x(P(x))->?x(P(x))))) M.P. 204, 313
(315) (?x(P(x))->(?x(P(x))->?x(P(x))))->((?x(P(x))->((?x(P(x))->?x(P(x)))->?x(P(x))))->(?x(P(x))->?x(P(x)))) Сх. акс. 2
(316) ((?x(P(x))->(?x(P(x))->?x(P(x))))->((?x(P(x))->((?x(P(x))->?x(P(x)))->?x(P(x))))->(?x(P(x))->?x(P(x)))))->((?x(P(x))->(@x(@x(P(x))&Q(x))->?x(P(x))))->((?x(P(x))->(?x(P(x))->?x(P(x))))->((?x(P(x))->((?x(P(x))->?x(P(x)))->?x(P(x))))->(?x(P(x))->?x(P(x)))))) Сх. акс. 1
(317) (?x(P(x))->(@x(@x(P(x))&Q(x))->?x(P(x))))->((?x(P(x))->(?x(P(x))->?x(P(x))))->((?x(P(x))->((?x(P(x))->?x(P(x)))->?x(P(x))))->(?x(P(x))->?x(P(x))))) M.P. 208, 209
(318) ((?x(P(x))->(?x(P(x))->?x(P(x))))->((?x(P(x))->((?x(P(x))->?x(P(x)))->?x(P(x))))->(?x(P(x))->?x(P(x)))))->(@x(@x(P(x))&Q(x))->((?x(P(x))->(?x(P(x))->?x(P(x))))->((?x(P(x))->((?x(P(x))->?x(P(x)))->?x(P(x))))->(?x(P(x))->?x(P(x)))))) Сх. акс. 1
(319) (((?x(P(x))->(?x(P(x))->?x(P(x))))->((?x(P(x))->((?x(P(x))->?x(P(x)))->?x(P(x))))->(?x(P(x))->?x(P(x)))))->(@x(@x(P(x))&Q(x))->((?x(P(x))->(?x(P(x))->?x(P(x))))->((?x(P(x))->((?x(P(x))->?x(P(x)))->?x(P(x))))->(?x(P(x))->?x(P(x)))))))->((?x(P(x))->(@x(@x(P(x))&Q(x))->?x(P(x))))->(((?x(P(x))->(?x(P(x))->?x(P(x))))->((?x(P(x))->((?x(P(x))->?x(P(x)))->?x(P(x))))->(?x(P(x))->?x(P(x)))))->(@x(@x(P(x))&Q(x))->((?x(P(x))->(?x(P(x))->?x(P(x))))->((?x(P(x))->((?x(P(x))->?x(P(x)))->?x(P(x))))->(?x(P(x))->?x(P(x)))))))) Сх. акс. 1
(320) (?x(P(x))->(@x(@x(P(x))&Q(x))->?x(P(x))))->(((?x(P(x))->(?x(P(x))->?x(P(x))))->((?x(P(x))->((?x(P(x))->?x(P(x)))->?x(P(x))))->(?x(P(x))->?x(P(x)))))->(@x(@x(P(x))&Q(x))->((?x(P(x))->(?x(P(x))->?x(P(x))))->((?x(P(x))->((?x(P(x))->?x(P(x)))->?x(P(x))))->(?x(P(x))->?x(P(x))))))) M.P. 211, 319
(321) ((?x(P(x))->(@x(@x(P(x))&Q(x))->?x(P(x))))->((?x(P(x))->(?x(P(x))->?x(P(x))))->((?x(P(x))->((?x(P(x))->?x(P(x)))->?x(P(x))))->(?x(P(x))->?x(P(x))))))->(((?x(P(x))->(@x(@x(P(x))&Q(x))->?x(P(x))))->(((?x(P(x))->(?x(P(x))->?x(P(x))))->((?x(P(x))->((?x(P(x))->?x(P(x)))->?x(P(x))))->(?x(P(x))->?x(P(x)))))->(@x(@x(P(x))&Q(x))->((?x(P(x))->(?x(P(x))->?x(P(x))))->((?x(P(x))->((?x(P(x))->?x(P(x)))->?x(P(x))))->(?x(P(x))->?x(P(x))))))))->((?x(P(x))->(@x(@x(P(x))&Q(x))->?x(P(x))))->(@x(@x(P(x))&Q(x))->((?x(P(x))->(?x(P(x))->?x(P(x))))->((?x(P(x))->((?x(P(x))->?x(P(x)))->?x(P(x))))->(?x(P(x))->?x(P(x)))))))) Сх. акс. 2
(322) ((?x(P(x))->(@x(@x(P(x))&Q(x))->?x(P(x))))->(((?x(P(x))->(?x(P(x))->?x(P(x))))->((?x(P(x))->((?x(P(x))->?x(P(x)))->?x(P(x))))->(?x(P(x))->?x(P(x)))))->(@x(@x(P(x))&Q(x))->((?x(P(x))->(?x(P(x))->?x(P(x))))->((?x(P(x))->((?x(P(x))->?x(P(x)))->?x(P(x))))->(?x(P(x))->?x(P(x))))))))->((?x(P(x))->(@x(@x(P(x))&Q(x))->?x(P(x))))->(@x(@x(P(x))&Q(x))->((?x(P(x))->(?x(P(x))->?x(P(x))))->((?x(P(x))->((?x(P(x))->?x(P(x)))->?x(P(x))))->(?x(P(x))->?x(P(x))))))) M.P. 210, 214
(323) (?x(P(x))->(@x(@x(P(x))&Q(x))->?x(P(x))))->(@x(@x(P(x))&Q(x))->((?x(P(x))->(?x(P(x))->?x(P(x))))->((?x(P(x))->((?x(P(x))->?x(P(x)))->?x(P(x))))->(?x(P(x))->?x(P(x)))))) M.P. 213, 322
(324) (@x(@x(P(x))&Q(x))->(?x(P(x))->(?x(P(x))->?x(P(x)))))->((@x(@x(P(x))&Q(x))->((?x(P(x))->(?x(P(x))->?x(P(x))))->((?x(P(x))->((?x(P(x))->?x(P(x)))->?x(P(x))))->(?x(P(x))->?x(P(x))))))->(@x(@x(P(x))&Q(x))->((?x(P(x))->((?x(P(x))->?x(P(x)))->?x(P(x))))->(?x(P(x))->?x(P(x)))))) Сх. акс. 2
(325) ((@x(@x(P(x))&Q(x))->(?x(P(x))->(?x(P(x))->?x(P(x)))))->((@x(@x(P(x))&Q(x))->((?x(P(x))->(?x(P(x))->?x(P(x))))->((?x(P(x))->((?x(P(x))->?x(P(x)))->?x(P(x))))->(?x(P(x))->?x(P(x))))))->(@x(@x(P(x))&Q(x))->((?x(P(x))->((?x(P(x))->?x(P(x)))->?x(P(x))))->(?x(P(x))->?x(P(x)))))))->((?x(P(x))->(@x(@x(P(x))&Q(x))->?x(P(x))))->((@x(@x(P(x))&Q(x))->(?x(P(x))->(?x(P(x))->?x(P(x)))))->((@x(@x(P(x))&Q(x))->((?x(P(x))->(?x(P(x))->?x(P(x))))->((?x(P(x))->((?x(P(x))->?x(P(x)))->?x(P(x))))->(?x(P(x))->?x(P(x))))))->(@x(@x(P(x))&Q(x))->((?x(P(x))->((?x(P(x))->?x(P(x)))->?x(P(x))))->(?x(P(x))->?x(P(x)))))))) Сх. акс. 1
(326) (?x(P(x))->(@x(@x(P(x))&Q(x))->?x(P(x))))->((@x(@x(P(x))&Q(x))->(?x(P(x))->(?x(P(x))->?x(P(x)))))->((@x(@x(P(x))&Q(x))->((?x(P(x))->(?x(P(x))->?x(P(x))))->((?x(P(x))->((?x(P(x))->?x(P(x)))->?x(P(x))))->(?x(P(x))->?x(P(x))))))->(@x(@x(P(x))&Q(x))->((?x(P(x))->((?x(P(x))->?x(P(x)))->?x(P(x))))->(?x(P(x))->?x(P(x))))))) M.P. 217, 218
(327) ((?x(P(x))->(@x(@x(P(x))&Q(x))->?x(P(x))))->(@x(@x(P(x))&Q(x))->(?x(P(x))->(?x(P(x))->?x(P(x))))))->(((?x(P(x))->(@x(@x(P(x))&Q(x))->?x(P(x))))->((@x(@x(P(x))&Q(x))->(?x(P(x))->(?x(P(x))->?x(P(x)))))->((@x(@x(P(x))&Q(x))->((?x(P(x))->(?x(P(x))->?x(P(x))))->((?x(P(x))->((?x(P(x))->?x(P(x)))->?x(P(x))))->(?x(P(x))->?x(P(x))))))->(@x(@x(P(x))&Q(x))->((?x(P(x))->((?x(P(x))->?x(P(x)))->?x(P(x))))->(?x(P(x))->?x(P(x))))))))->((?x(P(x))->(@x(@x(P(x))&Q(x))->?x(P(x))))->((@x(@x(P(x))&Q(x))->((?x(P(x))->(?x(P(x))->?x(P(x))))->((?x(P(x))->((?x(P(x))->?x(P(x)))->?x(P(x))))->(?x(P(x))->?x(P(x))))))->(@x(@x(P(x))&Q(x))->((?x(P(x))->((?x(P(x))->?x(P(x)))->?x(P(x))))->(?x(P(x))->?x(P(x)))))))) Сх. акс. 2
(328) ((?x(P(x))->(@x(@x(P(x))&Q(x))->?x(P(x))))->((@x(@x(P(x))&Q(x))->(?x(P(x))->(?x(P(x))->?x(P(x)))))->((@x(@x(P(x))&Q(x))->((?x(P(x))->(?x(P(x))->?x(P(x))))->((?x(P(x))->((?x(P(x))->?x(P(x)))->?x(P(x))))->(?x(P(x))->?x(P(x))))))->(@x(@x(P(x))&Q(x))->((?x(P(x))->((?x(P(x))->?x(P(x)))->?x(P(x))))->(?x(P(x))->?x(P(x))))))))->((?x(P(x))->(@x(@x(P(x))&Q(x))->?x(P(x))))->((@x(@x(P(x))&Q(x))->((?x(P(x))->(?x(P(x))->?x(P(x))))->((?x(P(x))->((?x(P(x))->?x(P(x)))->?x(P(x))))->(?x(P(x))->?x(P(x))))))->(@x(@x(P(x))&Q(x))->((?x(P(x))->((?x(P(x))->?x(P(x)))->?x(P(x))))->(?x(P(x))->?x(P(x))))))) M.P. 207, 327
(329) (?x(P(x))->(@x(@x(P(x))&Q(x))->?x(P(x))))->((@x(@x(P(x))&Q(x))->((?x(P(x))->(?x(P(x))->?x(P(x))))->((?x(P(x))->((?x(P(x))->?x(P(x)))->?x(P(x))))->(?x(P(x))->?x(P(x))))))->(@x(@x(P(x))&Q(x))->((?x(P(x))->((?x(P(x))->?x(P(x)))->?x(P(x))))->(?x(P(x))->?x(P(x)))))) M.P. 219, 328
(330) ((?x(P(x))->(@x(@x(P(x))&Q(x))->?x(P(x))))->(@x(@x(P(x))&Q(x))->((?x(P(x))->(?x(P(x))->?x(P(x))))->((?x(P(x))->((?x(P(x))->?x(P(x)))->?x(P(x))))->(?x(P(x))->?x(P(x)))))))->(((?x(P(x))->(@x(@x(P(x))&Q(x))->?x(P(x))))->((@x(@x(P(x))&Q(x))->((?x(P(x))->(?x(P(x))->?x(P(x))))->((?x(P(x))->((?x(P(x))->?x(P(x)))->?x(P(x))))->(?x(P(x))->?x(P(x))))))->(@x(@x(P(x))&Q(x))->((?x(P(x))->((?x(P(x))->?x(P(x)))->?x(P(x))))->(?x(P(x))->?x(P(x)))))))->((?x(P(x))->(@x(@x(P(x))&Q(x))->?x(P(x))))->(@x(@x(P(x))&Q(x))->((?x(P(x))->((?x(P(x))->?x(P(x)))->?x(P(x))))->(?x(P(x))->?x(P(x))))))) Сх. акс. 2
(331) ((?x(P(x))->(@x(@x(P(x))&Q(x))->?x(P(x))))->((@x(@x(P(x))&Q(x))->((?x(P(x))->(?x(P(x))->?x(P(x))))->((?x(P(x))->((?x(P(x))->?x(P(x)))->?x(P(x))))->(?x(P(x))->?x(P(x))))))->(@x(@x(P(x))&Q(x))->((?x(P(x))->((?x(P(x))->?x(P(x)))->?x(P(x))))->(?x(P(x))->?x(P(x)))))))->((?x(P(x))->(@x(@x(P(x))&Q(x))->?x(P(x))))->(@x(@x(P(x))&Q(x))->((?x(P(x))->((?x(P(x))->?x(P(x)))->?x(P(x))))->(?x(P(x))->?x(P(x)))))) M.P. 216, 330
(332) (?x(P(x))->(@x(@x(P(x))&Q(x))->?x(P(x))))->(@x(@x(P(x))&Q(x))->((?x(P(x))->((?x(P(x))->?x(P(x)))->?x(P(x))))->(?x(P(x))->?x(P(x))))) M.P. 222, 224
(333) ?x(P(x))->((?x(P(x))->?x(P(x)))->?x(P(x))) Сх. акс. 1
(334) (?x(P(x))->((?x(P(x))->?x(P(x)))->?x(P(x))))->((?x(P(x))->(@x(@x(P(x))&Q(x))->?x(P(x))))->(?x(P(x))->((?x(P(x))->?x(P(x)))->?x(P(x))))) Сх. акс. 1
(335) (?x(P(x))->(@x(@x(P(x))&Q(x))->?x(P(x))))->(?x(P(x))->((?x(P(x))->?x(P(x)))->?x(P(x)))) M.P. 226, 334
(336) (?x(P(x))->((?x(P(x))->?x(P(x)))->?x(P(x))))->(@x(@x(P(x))&Q(x))->(?x(P(x))->((?x(P(x))->?x(P(x)))->?x(P(x))))) Сх. акс. 1
(337) ((?x(P(x))->((?x(P(x))->?x(P(x)))->?x(P(x))))->(@x(@x(P(x))&Q(x))->(?x(P(x))->((?x(P(x))->?x(P(x)))->?x(P(x))))))->((?x(P(x))->(@x(@x(P(x))&Q(x))->?x(P(x))))->((?x(P(x))->((?x(P(x))->?x(P(x)))->?x(P(x))))->(@x(@x(P(x))&Q(x))->(?x(P(x))->((?x(P(x))->?x(P(x)))->?x(P(x))))))) Сх. акс. 1
(338) (?x(P(x))->(@x(@x(P(x))&Q(x))->?x(P(x))))->((?x(P(x))->((?x(P(x))->?x(P(x)))->?x(P(x))))->(@x(@x(P(x))&Q(x))->(?x(P(x))->((?x(P(x))->?x(P(x)))->?x(P(x)))))) M.P. 229, 230
(339) ((?x(P(x))->(@x(@x(P(x))&Q(x))->?x(P(x))))->(?x(P(x))->((?x(P(x))->?x(P(x)))->?x(P(x)))))->(((?x(P(x))->(@x(@x(P(x))&Q(x))->?x(P(x))))->((?x(P(x))->((?x(P(x))->?x(P(x)))->?x(P(x))))->(@x(@x(P(x))&Q(x))->(?x(P(x))->((?x(P(x))->?x(P(x)))->?x(P(x)))))))->((?x(P(x))->(@x(@x(P(x))&Q(x))->?x(P(x))))->(@x(@x(P(x))&Q(x))->(?x(P(x))->((?x(P(x))->?x(P(x)))->?x(P(x))))))) Сх. акс. 2
(340) ((?x(P(x))->(@x(@x(P(x))&Q(x))->?x(P(x))))->((?x(P(x))->((?x(P(x))->?x(P(x)))->?x(P(x))))->(@x(@x(P(x))&Q(x))->(?x(P(x))->((?x(P(x))->?x(P(x)))->?x(P(x)))))))->((?x(P(x))->(@x(@x(P(x))&Q(x))->?x(P(x))))->(@x(@x(P(x))&Q(x))->(?x(P(x))->((?x(P(x))->?x(P(x)))->?x(P(x)))))) M.P. 228, 339
(341) (?x(P(x))->(@x(@x(P(x))&Q(x))->?x(P(x))))->(@x(@x(P(x))&Q(x))->(?x(P(x))->((?x(P(x))->?x(P(x)))->?x(P(x))))) M.P. 231, 340
(342) (@x(@x(P(x))&Q(x))->(?x(P(x))->((?x(P(x))->?x(P(x)))->?x(P(x)))))->((@x(@x(P(x))&Q(x))->((?x(P(x))->((?x(P(x))->?x(P(x)))->?x(P(x))))->(?x(P(x))->?x(P(x)))))->(@x(@x(P(x))&Q(x))->(?x(P(x))->?x(P(x))))) Сх. акс. 2
(343) ((@x(@x(P(x))&Q(x))->(?x(P(x))->((?x(P(x))->?x(P(x)))->?x(P(x)))))->((@x(@x(P(x))&Q(x))->((?x(P(x))->((?x(P(x))->?x(P(x)))->?x(P(x))))->(?x(P(x))->?x(P(x)))))->(@x(@x(P(x))&Q(x))->(?x(P(x))->?x(P(x))))))->((?x(P(x))->(@x(@x(P(x))&Q(x))->?x(P(x))))->((@x(@x(P(x))&Q(x))->(?x(P(x))->((?x(P(x))->?x(P(x)))->?x(P(x)))))->((@x(@x(P(x))&Q(x))->((?x(P(x))->((?x(P(x))->?x(P(x)))->?x(P(x))))->(?x(P(x))->?x(P(x)))))->(@x(@x(P(x))&Q(x))->(?x(P(x))->?x(P(x))))))) Сх. акс. 1
(344) (?x(P(x))->(@x(@x(P(x))&Q(x))->?x(P(x))))->((@x(@x(P(x))&Q(x))->(?x(P(x))->((?x(P(x))->?x(P(x)))->?x(P(x)))))->((@x(@x(P(x))&Q(x))->((?x(P(x))->((?x(P(x))->?x(P(x)))->?x(P(x))))->(?x(P(x))->?x(P(x)))))->(@x(@x(P(x))&Q(x))->(?x(P(x))->?x(P(x)))))) M.P. 235, 343
(345) ((?x(P(x))->(@x(@x(P(x))&Q(x))->?x(P(x))))->(@x(@x(P(x))&Q(x))->(?x(P(x))->((?x(P(x))->?x(P(x)))->?x(P(x))))))->(((?x(P(x))->(@x(@x(P(x))&Q(x))->?x(P(x))))->((@x(@x(P(x))&Q(x))->(?x(P(x))->((?x(P(x))->?x(P(x)))->?x(P(x)))))->((@x(@x(P(x))&Q(x))->((?x(P(x))->((?x(P(x))->?x(P(x)))->?x(P(x))))->(?x(P(x))->?x(P(x)))))->(@x(@x(P(x))&Q(x))->(?x(P(x))->?x(P(x)))))))->((?x(P(x))->(@x(@x(P(x))&Q(x))->?x(P(x))))->((@x(@x(P(x))&Q(x))->((?x(P(x))->((?x(P(x))->?x(P(x)))->?x(P(x))))->(?x(P(x))->?x(P(x)))))->(@x(@x(P(x))&Q(x))->(?x(P(x))->?x(P(x))))))) Сх. акс. 2
(346) ((?x(P(x))->(@x(@x(P(x))&Q(x))->?x(P(x))))->((@x(@x(P(x))&Q(x))->(?x(P(x))->((?x(P(x))->?x(P(x)))->?x(P(x)))))->((@x(@x(P(x))&Q(x))->((?x(P(x))->((?x(P(x))->?x(P(x)))->?x(P(x))))->(?x(P(x))->?x(P(x)))))->(@x(@x(P(x))&Q(x))->(?x(P(x))->?x(P(x)))))))->((?x(P(x))->(@x(@x(P(x))&Q(x))->?x(P(x))))->((@x(@x(P(x))&Q(x))->((?x(P(x))->((?x(P(x))->?x(P(x)))->?x(P(x))))->(?x(P(x))->?x(P(x)))))->(@x(@x(P(x))&Q(x))->(?x(P(x))->?x(P(x)))))) M.P. 234, 345
(347) (?x(P(x))->(@x(@x(P(x))&Q(x))->?x(P(x))))->((@x(@x(P(x))&Q(x))->((?x(P(x))->((?x(P(x))->?x(P(x)))->?x(P(x))))->(?x(P(x))->?x(P(x)))))->(@x(@x(P(x))&Q(x))->(?x(P(x))->?x(P(x))))) M.P. 237, 346
(348) ((?x(P(x))->(@x(@x(P(x))&Q(x))->?x(P(x))))->(@x(@x(P(x))&Q(x))->((?x(P(x))->((?x(P(x))->?x(P(x)))->?x(P(x))))->(?x(P(x))->?x(P(x))))))->(((?x(P(x))->(@x(@x(P(x))&Q(x))->?x(P(x))))->((@x(@x(P(x))&Q(x))->((?x(P(x))->((?x(P(x))->?x(P(x)))->?x(P(x))))->(?x(P(x))->?x(P(x)))))->(@x(@x(P(x))&Q(x))->(?x(P(x))->?x(P(x))))))->((?x(P(x))->(@x(@x(P(x))&Q(x))->?x(P(x))))->(@x(@x(P(x))&Q(x))->(?x(P(x))->?x(P(x)))))) Сх. акс. 2
(349) ((?x(P(x))->(@x(@x(P(x))&Q(x))->?x(P(x))))->((@x(@x(P(x))&Q(x))->((?x(P(x))->((?x(P(x))->?x(P(x)))->?x(P(x))))->(?x(P(x))->?x(P(x)))))->(@x(@x(P(x))&Q(x))->(?x(P(x))->?x(P(x))))))->((?x(P(x))->(@x(@x(P(x))&Q(x))->?x(P(x))))->(@x(@x(P(x))&Q(x))->(?x(P(x))->?x(P(x))))) M.P. 225, 348
(350) (?x(P(x))->(@x(@x(P(x))&Q(x))->?x(P(x))))->(@x(@x(P(x))&Q(x))->(?x(P(x))->?x(P(x)))) M.P. 240, 242
(351) @x(@x(P(x))&Q(x))->(?x(P(x))->?x(P(x))) M.P. 169, 243
