(1) @xP(x)->P(x) Сх. акс. 11
(2) (@xP(x)->P(x))->(@x@xP(x)&Q(x)->(@xP(x)->P(x))) Сх. акс. 1
(3) @x@xP(x)&Q(x)->(@xP(x)->P(x)) M.P. 1, 2
(4) @x@xP(x)&Q(x)->(@x@xP(x)&Q(x)->@x@xP(x)&Q(x)) Сх. акс. 1
(5) (@x@xP(x)&Q(x)->(@x@xP(x)&Q(x)->@x@xP(x)&Q(x)))->((@x@xP(x)&Q(x)&@xP(x)->@xP(x))->(@x@xP(x)&Q(x)->(@x@xP(x)&Q(x)->@x@xP(x)&Q(x)))) Сх. акс. 1
(6) (@x@xP(x)&Q(x)&@xP(x)->@xP(x))->(@x@xP(x)&Q(x)->(@x@xP(x)&Q(x)->@x@xP(x)&Q(x))) M.P. 4, 5
(7) (@x@xP(x)&Q(x)->(@x@xP(x)&Q(x)->@x@xP(x)&Q(x)))->((@x@xP(x)&Q(x)->((@x@xP(x)&Q(x)->@x@xP(x)&Q(x))->@x@xP(x)&Q(x)))->(@x@xP(x)&Q(x)->@x@xP(x)&Q(x))) Сх. акс. 2
(8) ((@x@xP(x)&Q(x)->(@x@xP(x)&Q(x)->@x@xP(x)&Q(x)))->((@x@xP(x)&Q(x)->((@x@xP(x)&Q(x)->@x@xP(x)&Q(x))->@x@xP(x)&Q(x)))->(@x@xP(x)&Q(x)->@x@xP(x)&Q(x))))->((@x@xP(x)&Q(x)&@xP(x)->@xP(x))->((@x@xP(x)&Q(x)->(@x@xP(x)&Q(x)->@x@xP(x)&Q(x)))->((@x@xP(x)&Q(x)->((@x@xP(x)&Q(x)->@x@xP(x)&Q(x))->@x@xP(x)&Q(x)))->(@x@xP(x)&Q(x)->@x@xP(x)&Q(x))))) Сх. акс. 1
(9) (@x@xP(x)&Q(x)&@xP(x)->@xP(x))->((@x@xP(x)&Q(x)->(@x@xP(x)&Q(x)->@x@xP(x)&Q(x)))->((@x@xP(x)&Q(x)->((@x@xP(x)&Q(x)->@x@xP(x)&Q(x))->@x@xP(x)&Q(x)))->(@x@xP(x)&Q(x)->@x@xP(x)&Q(x)))) M.P. 7, 8
(10) ((@x@xP(x)&Q(x)&@xP(x)->@xP(x))->(@x@xP(x)&Q(x)->(@x@xP(x)&Q(x)->@x@xP(x)&Q(x))))->(((@x@xP(x)&Q(x)&@xP(x)->@xP(x))->((@x@xP(x)&Q(x)->(@x@xP(x)&Q(x)->@x@xP(x)&Q(x)))->((@x@xP(x)&Q(x)->((@x@xP(x)&Q(x)->@x@xP(x)&Q(x))->@x@xP(x)&Q(x)))->(@x@xP(x)&Q(x)->@x@xP(x)&Q(x)))))->((@x@xP(x)&Q(x)&@xP(x)->@xP(x))->((@x@xP(x)&Q(x)->((@x@xP(x)&Q(x)->@x@xP(x)&Q(x))->@x@xP(x)&Q(x)))->(@x@xP(x)&Q(x)->@x@xP(x)&Q(x))))) Сх. акс. 2
(11) ((@x@xP(x)&Q(x)&@xP(x)->@xP(x))->((@x@xP(x)&Q(x)->(@x@xP(x)&Q(x)->@x@xP(x)&Q(x)))->((@x@xP(x)&Q(x)->((@x@xP(x)&Q(x)->@x@xP(x)&Q(x))->@x@xP(x)&Q(x)))->(@x@xP(x)&Q(x)->@x@xP(x)&Q(x)))))->((@x@xP(x)&Q(x)&@xP(x)->@xP(x))->((@x@xP(x)&Q(x)->((@x@xP(x)&Q(x)->@x@xP(x)&Q(x))->@x@xP(x)&Q(x)))->(@x@xP(x)&Q(x)->@x@xP(x)&Q(x)))) M.P. 6, 10
(12) (@x@xP(x)&Q(x)&@xP(x)->@xP(x))->((@x@xP(x)&Q(x)->((@x@xP(x)&Q(x)->@x@xP(x)&Q(x))->@x@xP(x)&Q(x)))->(@x@xP(x)&Q(x)->@x@xP(x)&Q(x))) M.P. 9, 11
(13) @x@xP(x)&Q(x)->((@x@xP(x)&Q(x)->@x@xP(x)&Q(x))->@x@xP(x)&Q(x)) Сх. акс. 1
(14) (@x@xP(x)&Q(x)->((@x@xP(x)&Q(x)->@x@xP(x)&Q(x))->@x@xP(x)&Q(x)))->((@x@xP(x)&Q(x)&@xP(x)->@xP(x))->(@x@xP(x)&Q(x)->((@x@xP(x)&Q(x)->@x@xP(x)&Q(x))->@x@xP(x)&Q(x)))) Сх. акс. 1
(15) (@x@xP(x)&Q(x)&@xP(x)->@xP(x))->(@x@xP(x)&Q(x)->((@x@xP(x)&Q(x)->@x@xP(x)&Q(x))->@x@xP(x)&Q(x))) M.P. 13, 14
(16) ((@x@xP(x)&Q(x)&@xP(x)->@xP(x))->(@x@xP(x)&Q(x)->((@x@xP(x)&Q(x)->@x@xP(x)&Q(x))->@x@xP(x)&Q(x))))->(((@x@xP(x)&Q(x)&@xP(x)->@xP(x))->((@x@xP(x)&Q(x)->((@x@xP(x)&Q(x)->@x@xP(x)&Q(x))->@x@xP(x)&Q(x)))->(@x@xP(x)&Q(x)->@x@xP(x)&Q(x))))->((@x@xP(x)&Q(x)&@xP(x)->@xP(x))->(@x@xP(x)&Q(x)->@x@xP(x)&Q(x)))) Сх. акс. 2
(17) ((@x@xP(x)&Q(x)&@xP(x)->@xP(x))->((@x@xP(x)&Q(x)->((@x@xP(x)&Q(x)->@x@xP(x)&Q(x))->@x@xP(x)&Q(x)))->(@x@xP(x)&Q(x)->@x@xP(x)&Q(x))))->((@x@xP(x)&Q(x)&@xP(x)->@xP(x))->(@x@xP(x)&Q(x)->@x@xP(x)&Q(x))) M.P. 15, 16
(18) (@x@xP(x)&Q(x)&@xP(x)->@xP(x))->(@x@xP(x)&Q(x)->@x@xP(x)&Q(x)) M.P. 12, 17
(19) @x@xP(x)&Q(x)->(@xP(x)->@x@xP(x)&Q(x)) Сх. акс. 1
(20) (@x@xP(x)&Q(x)->(@xP(x)->@x@xP(x)&Q(x)))->((@x@xP(x)&Q(x)&@xP(x)->@xP(x))->(@x@xP(x)&Q(x)->(@xP(x)->@x@xP(x)&Q(x)))) Сх. акс. 1
(21) (@x@xP(x)&Q(x)&@xP(x)->@xP(x))->(@x@xP(x)&Q(x)->(@xP(x)->@x@xP(x)&Q(x))) M.P. 19, 20
(22) (@x@xP(x)&Q(x)->(@xP(x)->@x@xP(x)&Q(x)))->(@x@xP(x)&Q(x)->(@x@xP(x)&Q(x)->(@xP(x)->@x@xP(x)&Q(x)))) Сх. акс. 1
(23) ((@x@xP(x)&Q(x)->(@xP(x)->@x@xP(x)&Q(x)))->(@x@xP(x)&Q(x)->(@x@xP(x)&Q(x)->(@xP(x)->@x@xP(x)&Q(x)))))->((@x@xP(x)&Q(x)&@xP(x)->@xP(x))->((@x@xP(x)&Q(x)->(@xP(x)->@x@xP(x)&Q(x)))->(@x@xP(x)&Q(x)->(@x@xP(x)&Q(x)->(@xP(x)->@x@xP(x)&Q(x)))))) Сх. акс. 1
(24) (@x@xP(x)&Q(x)&@xP(x)->@xP(x))->((@x@xP(x)&Q(x)->(@xP(x)->@x@xP(x)&Q(x)))->(@x@xP(x)&Q(x)->(@x@xP(x)&Q(x)->(@xP(x)->@x@xP(x)&Q(x))))) M.P. 22, 23
(25) ((@x@xP(x)&Q(x)&@xP(x)->@xP(x))->(@x@xP(x)&Q(x)->(@xP(x)->@x@xP(x)&Q(x))))->(((@x@xP(x)&Q(x)&@xP(x)->@xP(x))->((@x@xP(x)&Q(x)->(@xP(x)->@x@xP(x)&Q(x)))->(@x@xP(x)&Q(x)->(@x@xP(x)&Q(x)->(@xP(x)->@x@xP(x)&Q(x))))))->((@x@xP(x)&Q(x)&@xP(x)->@xP(x))->(@x@xP(x)&Q(x)->(@x@xP(x)&Q(x)->(@xP(x)->@x@xP(x)&Q(x)))))) Сх. акс. 2
(26) ((@x@xP(x)&Q(x)&@xP(x)->@xP(x))->((@x@xP(x)&Q(x)->(@xP(x)->@x@xP(x)&Q(x)))->(@x@xP(x)&Q(x)->(@x@xP(x)&Q(x)->(@xP(x)->@x@xP(x)&Q(x))))))->((@x@xP(x)&Q(x)&@xP(x)->@xP(x))->(@x@xP(x)&Q(x)->(@x@xP(x)&Q(x)->(@xP(x)->@x@xP(x)&Q(x))))) M.P. 21, 25
(27) (@x@xP(x)&Q(x)&@xP(x)->@xP(x))->(@x@xP(x)&Q(x)->(@x@xP(x)&Q(x)->(@xP(x)->@x@xP(x)&Q(x)))) M.P. 24, 26
(28) (@x@xP(x)&Q(x)->@x@xP(x)&Q(x))->((@x@xP(x)&Q(x)->(@x@xP(x)&Q(x)->(@xP(x)->@x@xP(x)&Q(x))))->(@x@xP(x)&Q(x)->(@xP(x)->@x@xP(x)&Q(x)))) Сх. акс. 2
(29) ((@x@xP(x)&Q(x)->@x@xP(x)&Q(x))->((@x@xP(x)&Q(x)->(@x@xP(x)&Q(x)->(@xP(x)->@x@xP(x)&Q(x))))->(@x@xP(x)&Q(x)->(@xP(x)->@x@xP(x)&Q(x)))))->((@x@xP(x)&Q(x)&@xP(x)->@xP(x))->((@x@xP(x)&Q(x)->@x@xP(x)&Q(x))->((@x@xP(x)&Q(x)->(@x@xP(x)&Q(x)->(@xP(x)->@x@xP(x)&Q(x))))->(@x@xP(x)&Q(x)->(@xP(x)->@x@xP(x)&Q(x)))))) Сх. акс. 1
(30) (@x@xP(x)&Q(x)&@xP(x)->@xP(x))->((@x@xP(x)&Q(x)->@x@xP(x)&Q(x))->((@x@xP(x)&Q(x)->(@x@xP(x)&Q(x)->(@xP(x)->@x@xP(x)&Q(x))))->(@x@xP(x)&Q(x)->(@xP(x)->@x@xP(x)&Q(x))))) M.P. 28, 29
(31) ((@x@xP(x)&Q(x)&@xP(x)->@xP(x))->(@x@xP(x)&Q(x)->@x@xP(x)&Q(x)))->(((@x@xP(x)&Q(x)&@xP(x)->@xP(x))->((@x@xP(x)&Q(x)->@x@xP(x)&Q(x))->((@x@xP(x)&Q(x)->(@x@xP(x)&Q(x)->(@xP(x)->@x@xP(x)&Q(x))))->(@x@xP(x)&Q(x)->(@xP(x)->@x@xP(x)&Q(x))))))->((@x@xP(x)&Q(x)&@xP(x)->@xP(x))->((@x@xP(x)&Q(x)->(@x@xP(x)&Q(x)->(@xP(x)->@x@xP(x)&Q(x))))->(@x@xP(x)&Q(x)->(@xP(x)->@x@xP(x)&Q(x)))))) Сх. акс. 2
(32) ((@x@xP(x)&Q(x)&@xP(x)->@xP(x))->((@x@xP(x)&Q(x)->@x@xP(x)&Q(x))->((@x@xP(x)&Q(x)->(@x@xP(x)&Q(x)->(@xP(x)->@x@xP(x)&Q(x))))->(@x@xP(x)&Q(x)->(@xP(x)->@x@xP(x)&Q(x))))))->((@x@xP(x)&Q(x)&@xP(x)->@xP(x))->((@x@xP(x)&Q(x)->(@x@xP(x)&Q(x)->(@xP(x)->@x@xP(x)&Q(x))))->(@x@xP(x)&Q(x)->(@xP(x)->@x@xP(x)&Q(x))))) M.P. 18, 31
(33) (@x@xP(x)&Q(x)&@xP(x)->@xP(x))->((@x@xP(x)&Q(x)->(@x@xP(x)&Q(x)->(@xP(x)->@x@xP(x)&Q(x))))->(@x@xP(x)&Q(x)->(@xP(x)->@x@xP(x)&Q(x)))) M.P. 30, 32
(34) @x@xP(x)&Q(x)->(@xP(x)->@x@xP(x)&Q(x)) Сх. акс. 1
(35) (@x@xP(x)&Q(x)->(@xP(x)->@x@xP(x)&Q(x)))->((@x@xP(x)&Q(x)&@xP(x)->@xP(x))->(@x@xP(x)&Q(x)->(@xP(x)->@x@xP(x)&Q(x)))) Сх. акс. 1
(36) (@x@xP(x)&Q(x)&@xP(x)->@xP(x))->(@x@xP(x)&Q(x)->(@xP(x)->@x@xP(x)&Q(x))) M.P. 19, 20
(37) @xP(x)->(@xP(x)->@xP(x)) Сх. акс. 1
(38) (@xP(x)->(@xP(x)->@xP(x)))->((@x@xP(x)&Q(x)&@xP(x)->@xP(x))->(@xP(x)->(@xP(x)->@xP(x)))) Сх. акс. 1
(39) (@x@xP(x)&Q(x)&@xP(x)->@xP(x))->(@xP(x)->(@xP(x)->@xP(x))) M.P. 37, 38
(40) (@xP(x)->(@xP(x)->@xP(x)))->(@x@xP(x)&Q(x)->(@xP(x)->(@xP(x)->@xP(x)))) Сх. акс. 1
(41) ((@xP(x)->(@xP(x)->@xP(x)))->(@x@xP(x)&Q(x)->(@xP(x)->(@xP(x)->@xP(x)))))->((@x@xP(x)&Q(x)&@xP(x)->@xP(x))->((@xP(x)->(@xP(x)->@xP(x)))->(@x@xP(x)&Q(x)->(@xP(x)->(@xP(x)->@xP(x)))))) Сх. акс. 1
(42) (@x@xP(x)&Q(x)&@xP(x)->@xP(x))->((@xP(x)->(@xP(x)->@xP(x)))->(@x@xP(x)&Q(x)->(@xP(x)->(@xP(x)->@xP(x))))) M.P. 40, 41
(43) ((@x@xP(x)&Q(x)&@xP(x)->@xP(x))->(@xP(x)->(@xP(x)->@xP(x))))->(((@x@xP(x)&Q(x)&@xP(x)->@xP(x))->((@xP(x)->(@xP(x)->@xP(x)))->(@x@xP(x)&Q(x)->(@xP(x)->(@xP(x)->@xP(x))))))->((@x@xP(x)&Q(x)&@xP(x)->@xP(x))->(@x@xP(x)&Q(x)->(@xP(x)->(@xP(x)->@xP(x)))))) Сх. акс. 2
(44) ((@x@xP(x)&Q(x)&@xP(x)->@xP(x))->((@xP(x)->(@xP(x)->@xP(x)))->(@x@xP(x)&Q(x)->(@xP(x)->(@xP(x)->@xP(x))))))->((@x@xP(x)&Q(x)&@xP(x)->@xP(x))->(@x@xP(x)&Q(x)->(@xP(x)->(@xP(x)->@xP(x))))) M.P. 39, 43
(45) (@x@xP(x)&Q(x)&@xP(x)->@xP(x))->(@x@xP(x)&Q(x)->(@xP(x)->(@xP(x)->@xP(x)))) M.P. 42, 44
(46) (@xP(x)->(@xP(x)->@xP(x)))->((@xP(x)->((@xP(x)->@xP(x))->@xP(x)))->(@xP(x)->@xP(x))) Сх. акс. 2
(47) ((@xP(x)->(@xP(x)->@xP(x)))->((@xP(x)->((@xP(x)->@xP(x))->@xP(x)))->(@xP(x)->@xP(x))))->((@x@xP(x)&Q(x)&@xP(x)->@xP(x))->((@xP(x)->(@xP(x)->@xP(x)))->((@xP(x)->((@xP(x)->@xP(x))->@xP(x)))->(@xP(x)->@xP(x))))) Сх. акс. 1
(48) (@x@xP(x)&Q(x)&@xP(x)->@xP(x))->((@xP(x)->(@xP(x)->@xP(x)))->((@xP(x)->((@xP(x)->@xP(x))->@xP(x)))->(@xP(x)->@xP(x)))) M.P. 46, 47
(49) ((@xP(x)->(@xP(x)->@xP(x)))->((@xP(x)->((@xP(x)->@xP(x))->@xP(x)))->(@xP(x)->@xP(x))))->(@x@xP(x)&Q(x)->((@xP(x)->(@xP(x)->@xP(x)))->((@xP(x)->((@xP(x)->@xP(x))->@xP(x)))->(@xP(x)->@xP(x))))) Сх. акс. 1
(50) (((@xP(x)->(@xP(x)->@xP(x)))->((@xP(x)->((@xP(x)->@xP(x))->@xP(x)))->(@xP(x)->@xP(x))))->(@x@xP(x)&Q(x)->((@xP(x)->(@xP(x)->@xP(x)))->((@xP(x)->((@xP(x)->@xP(x))->@xP(x)))->(@xP(x)->@xP(x))))))->((@x@xP(x)&Q(x)&@xP(x)->@xP(x))->(((@xP(x)->(@xP(x)->@xP(x)))->((@xP(x)->((@xP(x)->@xP(x))->@xP(x)))->(@xP(x)->@xP(x))))->(@x@xP(x)&Q(x)->((@xP(x)->(@xP(x)->@xP(x)))->((@xP(x)->((@xP(x)->@xP(x))->@xP(x)))->(@xP(x)->@xP(x))))))) Сх. акс. 1
(51) (@x@xP(x)&Q(x)&@xP(x)->@xP(x))->(((@xP(x)->(@xP(x)->@xP(x)))->((@xP(x)->((@xP(x)->@xP(x))->@xP(x)))->(@xP(x)->@xP(x))))->(@x@xP(x)&Q(x)->((@xP(x)->(@xP(x)->@xP(x)))->((@xP(x)->((@xP(x)->@xP(x))->@xP(x)))->(@xP(x)->@xP(x)))))) M.P. 49, 50
(52) ((@x@xP(x)&Q(x)&@xP(x)->@xP(x))->((@xP(x)->(@xP(x)->@xP(x)))->((@xP(x)->((@xP(x)->@xP(x))->@xP(x)))->(@xP(x)->@xP(x)))))->(((@x@xP(x)&Q(x)&@xP(x)->@xP(x))->(((@xP(x)->(@xP(x)->@xP(x)))->((@xP(x)->((@xP(x)->@xP(x))->@xP(x)))->(@xP(x)->@xP(x))))->(@x@xP(x)&Q(x)->((@xP(x)->(@xP(x)->@xP(x)))->((@xP(x)->((@xP(x)->@xP(x))->@xP(x)))->(@xP(x)->@xP(x)))))))->((@x@xP(x)&Q(x)&@xP(x)->@xP(x))->(@x@xP(x)&Q(x)->((@xP(x)->(@xP(x)->@xP(x)))->((@xP(x)->((@xP(x)->@xP(x))->@xP(x)))->(@xP(x)->@xP(x))))))) Сх. акс. 2
(53) ((@x@xP(x)&Q(x)&@xP(x)->@xP(x))->(((@xP(x)->(@xP(x)->@xP(x)))->((@xP(x)->((@xP(x)->@xP(x))->@xP(x)))->(@xP(x)->@xP(x))))->(@x@xP(x)&Q(x)->((@xP(x)->(@xP(x)->@xP(x)))->((@xP(x)->((@xP(x)->@xP(x))->@xP(x)))->(@xP(x)->@xP(x)))))))->((@x@xP(x)&Q(x)&@xP(x)->@xP(x))->(@x@xP(x)&Q(x)->((@xP(x)->(@xP(x)->@xP(x)))->((@xP(x)->((@xP(x)->@xP(x))->@xP(x)))->(@xP(x)->@xP(x)))))) M.P. 48, 52
(54) (@x@xP(x)&Q(x)&@xP(x)->@xP(x))->(@x@xP(x)&Q(x)->((@xP(x)->(@xP(x)->@xP(x)))->((@xP(x)->((@xP(x)->@xP(x))->@xP(x)))->(@xP(x)->@xP(x))))) M.P. 51, 53
(55) (@x@xP(x)&Q(x)->(@xP(x)->(@xP(x)->@xP(x))))->((@x@xP(x)&Q(x)->((@xP(x)->(@xP(x)->@xP(x)))->((@xP(x)->((@xP(x)->@xP(x))->@xP(x)))->(@xP(x)->@xP(x)))))->(@x@xP(x)&Q(x)->((@xP(x)->((@xP(x)->@xP(x))->@xP(x)))->(@xP(x)->@xP(x))))) Сх. акс. 2
(56) ((@x@xP(x)&Q(x)->(@xP(x)->(@xP(x)->@xP(x))))->((@x@xP(x)&Q(x)->((@xP(x)->(@xP(x)->@xP(x)))->((@xP(x)->((@xP(x)->@xP(x))->@xP(x)))->(@xP(x)->@xP(x)))))->(@x@xP(x)&Q(x)->((@xP(x)->((@xP(x)->@xP(x))->@xP(x)))->(@xP(x)->@xP(x))))))->((@x@xP(x)&Q(x)&@xP(x)->@xP(x))->((@x@xP(x)&Q(x)->(@xP(x)->(@xP(x)->@xP(x))))->((@x@xP(x)&Q(x)->((@xP(x)->(@xP(x)->@xP(x)))->((@xP(x)->((@xP(x)->@xP(x))->@xP(x)))->(@xP(x)->@xP(x)))))->(@x@xP(x)&Q(x)->((@xP(x)->((@xP(x)->@xP(x))->@xP(x)))->(@xP(x)->@xP(x))))))) Сх. акс. 1
(57) (@x@xP(x)&Q(x)&@xP(x)->@xP(x))->((@x@xP(x)&Q(x)->(@xP(x)->(@xP(x)->@xP(x))))->((@x@xP(x)&Q(x)->((@xP(x)->(@xP(x)->@xP(x)))->((@xP(x)->((@xP(x)->@xP(x))->@xP(x)))->(@xP(x)->@xP(x)))))->(@x@xP(x)&Q(x)->((@xP(x)->((@xP(x)->@xP(x))->@xP(x)))->(@xP(x)->@xP(x)))))) M.P. 55, 56
(58) ((@x@xP(x)&Q(x)&@xP(x)->@xP(x))->(@x@xP(x)&Q(x)->(@xP(x)->(@xP(x)->@xP(x)))))->(((@x@xP(x)&Q(x)&@xP(x)->@xP(x))->((@x@xP(x)&Q(x)->(@xP(x)->(@xP(x)->@xP(x))))->((@x@xP(x)&Q(x)->((@xP(x)->(@xP(x)->@xP(x)))->((@xP(x)->((@xP(x)->@xP(x))->@xP(x)))->(@xP(x)->@xP(x)))))->(@x@xP(x)&Q(x)->((@xP(x)->((@xP(x)->@xP(x))->@xP(x)))->(@xP(x)->@xP(x)))))))->((@x@xP(x)&Q(x)&@xP(x)->@xP(x))->((@x@xP(x)&Q(x)->((@xP(x)->(@xP(x)->@xP(x)))->((@xP(x)->((@xP(x)->@xP(x))->@xP(x)))->(@xP(x)->@xP(x)))))->(@x@xP(x)&Q(x)->((@xP(x)->((@xP(x)->@xP(x))->@xP(x)))->(@xP(x)->@xP(x))))))) Сх. акс. 2
(59) ((@x@xP(x)&Q(x)&@xP(x)->@xP(x))->((@x@xP(x)&Q(x)->(@xP(x)->(@xP(x)->@xP(x))))->((@x@xP(x)&Q(x)->((@xP(x)->(@xP(x)->@xP(x)))->((@xP(x)->((@xP(x)->@xP(x))->@xP(x)))->(@xP(x)->@xP(x)))))->(@x@xP(x)&Q(x)->((@xP(x)->((@xP(x)->@xP(x))->@xP(x)))->(@xP(x)->@xP(x)))))))->((@x@xP(x)&Q(x)&@xP(x)->@xP(x))->((@x@xP(x)&Q(x)->((@xP(x)->(@xP(x)->@xP(x)))->((@xP(x)->((@xP(x)->@xP(x))->@xP(x)))->(@xP(x)->@xP(x)))))->(@x@xP(x)&Q(x)->((@xP(x)->((@xP(x)->@xP(x))->@xP(x)))->(@xP(x)->@xP(x)))))) M.P. 45, 58
(60) (@x@xP(x)&Q(x)&@xP(x)->@xP(x))->((@x@xP(x)&Q(x)->((@xP(x)->(@xP(x)->@xP(x)))->((@xP(x)->((@xP(x)->@xP(x))->@xP(x)))->(@xP(x)->@xP(x)))))->(@x@xP(x)&Q(x)->((@xP(x)->((@xP(x)->@xP(x))->@xP(x)))->(@xP(x)->@xP(x))))) M.P. 57, 59
(61) ((@x@xP(x)&Q(x)&@xP(x)->@xP(x))->(@x@xP(x)&Q(x)->((@xP(x)->(@xP(x)->@xP(x)))->((@xP(x)->((@xP(x)->@xP(x))->@xP(x)))->(@xP(x)->@xP(x))))))->(((@x@xP(x)&Q(x)&@xP(x)->@xP(x))->((@x@xP(x)&Q(x)->((@xP(x)->(@xP(x)->@xP(x)))->((@xP(x)->((@xP(x)->@xP(x))->@xP(x)))->(@xP(x)->@xP(x)))))->(@x@xP(x)&Q(x)->((@xP(x)->((@xP(x)->@xP(x))->@xP(x)))->(@xP(x)->@xP(x))))))->((@x@xP(x)&Q(x)&@xP(x)->@xP(x))->(@x@xP(x)&Q(x)->((@xP(x)->((@xP(x)->@xP(x))->@xP(x)))->(@xP(x)->@xP(x)))))) Сх. акс. 2
(62) ((@x@xP(x)&Q(x)&@xP(x)->@xP(x))->((@x@xP(x)&Q(x)->((@xP(x)->(@xP(x)->@xP(x)))->((@xP(x)->((@xP(x)->@xP(x))->@xP(x)))->(@xP(x)->@xP(x)))))->(@x@xP(x)&Q(x)->((@xP(x)->((@xP(x)->@xP(x))->@xP(x)))->(@xP(x)->@xP(x))))))->((@x@xP(x)&Q(x)&@xP(x)->@xP(x))->(@x@xP(x)&Q(x)->((@xP(x)->((@xP(x)->@xP(x))->@xP(x)))->(@xP(x)->@xP(x))))) M.P. 54, 61
(63) (@x@xP(x)&Q(x)&@xP(x)->@xP(x))->(@x@xP(x)&Q(x)->((@xP(x)->((@xP(x)->@xP(x))->@xP(x)))->(@xP(x)->@xP(x)))) M.P. 60, 62
(64) @xP(x)->((@xP(x)->@xP(x))->@xP(x)) Сх. акс. 1
(65) (@xP(x)->((@xP(x)->@xP(x))->@xP(x)))->((@x@xP(x)&Q(x)&@xP(x)->@xP(x))->(@xP(x)->((@xP(x)->@xP(x))->@xP(x)))) Сх. акс. 1
(66) (@x@xP(x)&Q(x)&@xP(x)->@xP(x))->(@xP(x)->((@xP(x)->@xP(x))->@xP(x))) M.P. 64, 65
(67) (@xP(x)->((@xP(x)->@xP(x))->@xP(x)))->(@x@xP(x)&Q(x)->(@xP(x)->((@xP(x)->@xP(x))->@xP(x)))) Сх. акс. 1
(68) ((@xP(x)->((@xP(x)->@xP(x))->@xP(x)))->(@x@xP(x)&Q(x)->(@xP(x)->((@xP(x)->@xP(x))->@xP(x)))))->((@x@xP(x)&Q(x)&@xP(x)->@xP(x))->((@xP(x)->((@xP(x)->@xP(x))->@xP(x)))->(@x@xP(x)&Q(x)->(@xP(x)->((@xP(x)->@xP(x))->@xP(x)))))) Сх. акс. 1
(69) (@x@xP(x)&Q(x)&@xP(x)->@xP(x))->((@xP(x)->((@xP(x)->@xP(x))->@xP(x)))->(@x@xP(x)&Q(x)->(@xP(x)->((@xP(x)->@xP(x))->@xP(x))))) M.P. 67, 68
(70) ((@x@xP(x)&Q(x)&@xP(x)->@xP(x))->(@xP(x)->((@xP(x)->@xP(x))->@xP(x))))->(((@x@xP(x)&Q(x)&@xP(x)->@xP(x))->((@xP(x)->((@xP(x)->@xP(x))->@xP(x)))->(@x@xP(x)&Q(x)->(@xP(x)->((@xP(x)->@xP(x))->@xP(x))))))->((@x@xP(x)&Q(x)&@xP(x)->@xP(x))->(@x@xP(x)&Q(x)->(@xP(x)->((@xP(x)->@xP(x))->@xP(x)))))) Сх. акс. 2
(71) ((@x@xP(x)&Q(x)&@xP(x)->@xP(x))->((@xP(x)->((@xP(x)->@xP(x))->@xP(x)))->(@x@xP(x)&Q(x)->(@xP(x)->((@xP(x)->@xP(x))->@xP(x))))))->((@x@xP(x)&Q(x)&@xP(x)->@xP(x))->(@x@xP(x)&Q(x)->(@xP(x)->((@xP(x)->@xP(x))->@xP(x))))) M.P. 66, 70
(72) (@x@xP(x)&Q(x)&@xP(x)->@xP(x))->(@x@xP(x)&Q(x)->(@xP(x)->((@xP(x)->@xP(x))->@xP(x)))) M.P. 69, 71
(73) (@x@xP(x)&Q(x)->(@xP(x)->((@xP(x)->@xP(x))->@xP(x))))->((@x@xP(x)&Q(x)->((@xP(x)->((@xP(x)->@xP(x))->@xP(x)))->(@xP(x)->@xP(x))))->(@x@xP(x)&Q(x)->(@xP(x)->@xP(x)))) Сх. акс. 2
(74) ((@x@xP(x)&Q(x)->(@xP(x)->((@xP(x)->@xP(x))->@xP(x))))->((@x@xP(x)&Q(x)->((@xP(x)->((@xP(x)->@xP(x))->@xP(x)))->(@xP(x)->@xP(x))))->(@x@xP(x)&Q(x)->(@xP(x)->@xP(x)))))->((@x@xP(x)&Q(x)&@xP(x)->@xP(x))->((@x@xP(x)&Q(x)->(@xP(x)->((@xP(x)->@xP(x))->@xP(x))))->((@x@xP(x)&Q(x)->((@xP(x)->((@xP(x)->@xP(x))->@xP(x)))->(@xP(x)->@xP(x))))->(@x@xP(x)&Q(x)->(@xP(x)->@xP(x)))))) Сх. акс. 1
(75) (@x@xP(x)&Q(x)&@xP(x)->@xP(x))->((@x@xP(x)&Q(x)->(@xP(x)->((@xP(x)->@xP(x))->@xP(x))))->((@x@xP(x)&Q(x)->((@xP(x)->((@xP(x)->@xP(x))->@xP(x)))->(@xP(x)->@xP(x))))->(@x@xP(x)&Q(x)->(@xP(x)->@xP(x))))) M.P. 73, 74
(76) ((@x@xP(x)&Q(x)&@xP(x)->@xP(x))->(@x@xP(x)&Q(x)->(@xP(x)->((@xP(x)->@xP(x))->@xP(x)))))->(((@x@xP(x)&Q(x)&@xP(x)->@xP(x))->((@x@xP(x)&Q(x)->(@xP(x)->((@xP(x)->@xP(x))->@xP(x))))->((@x@xP(x)&Q(x)->((@xP(x)->((@xP(x)->@xP(x))->@xP(x)))->(@xP(x)->@xP(x))))->(@x@xP(x)&Q(x)->(@xP(x)->@xP(x))))))->((@x@xP(x)&Q(x)&@xP(x)->@xP(x))->((@x@xP(x)&Q(x)->((@xP(x)->((@xP(x)->@xP(x))->@xP(x)))->(@xP(x)->@xP(x))))->(@x@xP(x)&Q(x)->(@xP(x)->@xP(x)))))) Сх. акс. 2
(77) ((@x@xP(x)&Q(x)&@xP(x)->@xP(x))->((@x@xP(x)&Q(x)->(@xP(x)->((@xP(x)->@xP(x))->@xP(x))))->((@x@xP(x)&Q(x)->((@xP(x)->((@xP(x)->@xP(x))->@xP(x)))->(@xP(x)->@xP(x))))->(@x@xP(x)&Q(x)->(@xP(x)->@xP(x))))))->((@x@xP(x)&Q(x)&@xP(x)->@xP(x))->((@x@xP(x)&Q(x)->((@xP(x)->((@xP(x)->@xP(x))->@xP(x)))->(@xP(x)->@xP(x))))->(@x@xP(x)&Q(x)->(@xP(x)->@xP(x))))) M.P. 72, 76
(78) (@x@xP(x)&Q(x)&@xP(x)->@xP(x))->((@x@xP(x)&Q(x)->((@xP(x)->((@xP(x)->@xP(x))->@xP(x)))->(@xP(x)->@xP(x))))->(@x@xP(x)&Q(x)->(@xP(x)->@xP(x)))) M.P. 75, 77
(79) ((@x@xP(x)&Q(x)&@xP(x)->@xP(x))->(@x@xP(x)&Q(x)->((@xP(x)->((@xP(x)->@xP(x))->@xP(x)))->(@xP(x)->@xP(x)))))->(((@x@xP(x)&Q(x)&@xP(x)->@xP(x))->((@x@xP(x)&Q(x)->((@xP(x)->((@xP(x)->@xP(x))->@xP(x)))->(@xP(x)->@xP(x))))->(@x@xP(x)&Q(x)->(@xP(x)->@xP(x)))))->((@x@xP(x)&Q(x)&@xP(x)->@xP(x))->(@x@xP(x)&Q(x)->(@xP(x)->@xP(x))))) Сх. акс. 2
(80) ((@x@xP(x)&Q(x)&@xP(x)->@xP(x))->((@x@xP(x)&Q(x)->((@xP(x)->((@xP(x)->@xP(x))->@xP(x)))->(@xP(x)->@xP(x))))->(@x@xP(x)&Q(x)->(@xP(x)->@xP(x)))))->((@x@xP(x)&Q(x)&@xP(x)->@xP(x))->(@x@xP(x)&Q(x)->(@xP(x)->@xP(x)))) M.P. 63, 79
(81) (@x@xP(x)&Q(x)&@xP(x)->@xP(x))->(@x@xP(x)&Q(x)->(@xP(x)->@xP(x))) M.P. 78, 80
(82) @x@xP(x)&Q(x)->(@xP(x)->@x@xP(x)&Q(x)&@xP(x)) Сх. акс. 3
(83) (@x@xP(x)&Q(x)->(@xP(x)->@x@xP(x)&Q(x)&@xP(x)))->((@x@xP(x)&Q(x)&@xP(x)->@xP(x))->(@x@xP(x)&Q(x)->(@xP(x)->@x@xP(x)&Q(x)&@xP(x)))) Сх. акс. 1
(84) (@x@xP(x)&Q(x)&@xP(x)->@xP(x))->(@x@xP(x)&Q(x)->(@xP(x)->@x@xP(x)&Q(x)&@xP(x))) M.P. 82, 83
(85) (@x@xP(x)&Q(x)->(@xP(x)->@x@xP(x)&Q(x)&@xP(x)))->(@x@xP(x)&Q(x)->(@x@xP(x)&Q(x)->(@xP(x)->@x@xP(x)&Q(x)&@xP(x)))) Сх. акс. 1
(86) ((@x@xP(x)&Q(x)->(@xP(x)->@x@xP(x)&Q(x)&@xP(x)))->(@x@xP(x)&Q(x)->(@x@xP(x)&Q(x)->(@xP(x)->@x@xP(x)&Q(x)&@xP(x)))))->((@x@xP(x)&Q(x)&@xP(x)->@xP(x))->((@x@xP(x)&Q(x)->(@xP(x)->@x@xP(x)&Q(x)&@xP(x)))->(@x@xP(x)&Q(x)->(@x@xP(x)&Q(x)->(@xP(x)->@x@xP(x)&Q(x)&@xP(x)))))) Сх. акс. 1
(87) (@x@xP(x)&Q(x)&@xP(x)->@xP(x))->((@x@xP(x)&Q(x)->(@xP(x)->@x@xP(x)&Q(x)&@xP(x)))->(@x@xP(x)&Q(x)->(@x@xP(x)&Q(x)->(@xP(x)->@x@xP(x)&Q(x)&@xP(x))))) M.P. 85, 86
(88) ((@x@xP(x)&Q(x)&@xP(x)->@xP(x))->(@x@xP(x)&Q(x)->(@xP(x)->@x@xP(x)&Q(x)&@xP(x))))->(((@x@xP(x)&Q(x)&@xP(x)->@xP(x))->((@x@xP(x)&Q(x)->(@xP(x)->@x@xP(x)&Q(x)&@xP(x)))->(@x@xP(x)&Q(x)->(@x@xP(x)&Q(x)->(@xP(x)->@x@xP(x)&Q(x)&@xP(x))))))->((@x@xP(x)&Q(x)&@xP(x)->@xP(x))->(@x@xP(x)&Q(x)->(@x@xP(x)&Q(x)->(@xP(x)->@x@xP(x)&Q(x)&@xP(x)))))) Сх. акс. 2
(89) ((@x@xP(x)&Q(x)&@xP(x)->@xP(x))->((@x@xP(x)&Q(x)->(@xP(x)->@x@xP(x)&Q(x)&@xP(x)))->(@x@xP(x)&Q(x)->(@x@xP(x)&Q(x)->(@xP(x)->@x@xP(x)&Q(x)&@xP(x))))))->((@x@xP(x)&Q(x)&@xP(x)->@xP(x))->(@x@xP(x)&Q(x)->(@x@xP(x)&Q(x)->(@xP(x)->@x@xP(x)&Q(x)&@xP(x))))) M.P. 84, 88
(90) (@x@xP(x)&Q(x)&@xP(x)->@xP(x))->(@x@xP(x)&Q(x)->(@x@xP(x)&Q(x)->(@xP(x)->@x@xP(x)&Q(x)&@xP(x)))) M.P. 87, 89
(91) (@x@xP(x)&Q(x)->(@xP(x)->@x@xP(x)&Q(x)&@xP(x)))->(@xP(x)->(@x@xP(x)&Q(x)->(@xP(x)->@x@xP(x)&Q(x)&@xP(x)))) Сх. акс. 1
(92) ((@x@xP(x)&Q(x)->(@xP(x)->@x@xP(x)&Q(x)&@xP(x)))->(@xP(x)->(@x@xP(x)&Q(x)->(@xP(x)->@x@xP(x)&Q(x)&@xP(x)))))->((@x@xP(x)&Q(x)&@xP(x)->@xP(x))->((@x@xP(x)&Q(x)->(@xP(x)->@x@xP(x)&Q(x)&@xP(x)))->(@xP(x)->(@x@xP(x)&Q(x)->(@xP(x)->@x@xP(x)&Q(x)&@xP(x)))))) Сх. акс. 1
(93) (@x@xP(x)&Q(x)&@xP(x)->@xP(x))->((@x@xP(x)&Q(x)->(@xP(x)->@x@xP(x)&Q(x)&@xP(x)))->(@xP(x)->(@x@xP(x)&Q(x)->(@xP(x)->@x@xP(x)&Q(x)&@xP(x))))) M.P. 91, 92
(94) ((@x@xP(x)&Q(x)->(@xP(x)->@x@xP(x)&Q(x)&@xP(x)))->(@xP(x)->(@x@xP(x)&Q(x)->(@xP(x)->@x@xP(x)&Q(x)&@xP(x)))))->(@x@xP(x)&Q(x)->((@x@xP(x)&Q(x)->(@xP(x)->@x@xP(x)&Q(x)&@xP(x)))->(@xP(x)->(@x@xP(x)&Q(x)->(@xP(x)->@x@xP(x)&Q(x)&@xP(x)))))) Сх. акс. 1
(95) (((@x@xP(x)&Q(x)->(@xP(x)->@x@xP(x)&Q(x)&@xP(x)))->(@xP(x)->(@x@xP(x)&Q(x)->(@xP(x)->@x@xP(x)&Q(x)&@xP(x)))))->(@x@xP(x)&Q(x)->((@x@xP(x)&Q(x)->(@xP(x)->@x@xP(x)&Q(x)&@xP(x)))->(@xP(x)->(@x@xP(x)&Q(x)->(@xP(x)->@x@xP(x)&Q(x)&@xP(x)))))))->((@x@xP(x)&Q(x)&@xP(x)->@xP(x))->(((@x@xP(x)&Q(x)->(@xP(x)->@x@xP(x)&Q(x)&@xP(x)))->(@xP(x)->(@x@xP(x)&Q(x)->(@xP(x)->@x@xP(x)&Q(x)&@xP(x)))))->(@x@xP(x)&Q(x)->((@x@xP(x)&Q(x)->(@xP(x)->@x@xP(x)&Q(x)&@xP(x)))->(@xP(x)->(@x@xP(x)&Q(x)->(@xP(x)->@x@xP(x)&Q(x)&@xP(x)))))))) Сх. акс. 1
(96) (@x@xP(x)&Q(x)&@xP(x)->@xP(x))->(((@x@xP(x)&Q(x)->(@xP(x)->@x@xP(x)&Q(x)&@xP(x)))->(@xP(x)->(@x@xP(x)&Q(x)->(@xP(x)->@x@xP(x)&Q(x)&@xP(x)))))->(@x@xP(x)&Q(x)->((@x@xP(x)&Q(x)->(@xP(x)->@x@xP(x)&Q(x)&@xP(x)))->(@xP(x)->(@x@xP(x)&Q(x)->(@xP(x)->@x@xP(x)&Q(x)&@xP(x))))))) M.P. 94, 95
(97) ((@x@xP(x)&Q(x)&@xP(x)->@xP(x))->((@x@xP(x)&Q(x)->(@xP(x)->@x@xP(x)&Q(x)&@xP(x)))->(@xP(x)->(@x@xP(x)&Q(x)->(@xP(x)->@x@xP(x)&Q(x)&@xP(x))))))->(((@x@xP(x)&Q(x)&@xP(x)->@xP(x))->(((@x@xP(x)&Q(x)->(@xP(x)->@x@xP(x)&Q(x)&@xP(x)))->(@xP(x)->(@x@xP(x)&Q(x)->(@xP(x)->@x@xP(x)&Q(x)&@xP(x)))))->(@x@xP(x)&Q(x)->((@x@xP(x)&Q(x)->(@xP(x)->@x@xP(x)&Q(x)&@xP(x)))->(@xP(x)->(@x@xP(x)&Q(x)->(@xP(x)->@x@xP(x)&Q(x)&@xP(x))))))))->((@x@xP(x)&Q(x)&@xP(x)->@xP(x))->(@x@xP(x)&Q(x)->((@x@xP(x)&Q(x)->(@xP(x)->@x@xP(x)&Q(x)&@xP(x)))->(@xP(x)->(@x@xP(x)&Q(x)->(@xP(x)->@x@xP(x)&Q(x)&@xP(x)))))))) Сх. акс. 2
(98) ((@x@xP(x)&Q(x)&@xP(x)->@xP(x))->(((@x@xP(x)&Q(x)->(@xP(x)->@x@xP(x)&Q(x)&@xP(x)))->(@xP(x)->(@x@xP(x)&Q(x)->(@xP(x)->@x@xP(x)&Q(x)&@xP(x)))))->(@x@xP(x)&Q(x)->((@x@xP(x)&Q(x)->(@xP(x)->@x@xP(x)&Q(x)&@xP(x)))->(@xP(x)->(@x@xP(x)&Q(x)->(@xP(x)->@x@xP(x)&Q(x)&@xP(x))))))))->((@x@xP(x)&Q(x)&@xP(x)->@xP(x))->(@x@xP(x)&Q(x)->((@x@xP(x)&Q(x)->(@xP(x)->@x@xP(x)&Q(x)&@xP(x)))->(@xP(x)->(@x@xP(x)&Q(x)->(@xP(x)->@x@xP(x)&Q(x)&@xP(x))))))) M.P. 93, 97
(99) (@x@xP(x)&Q(x)&@xP(x)->@xP(x))->(@x@xP(x)&Q(x)->((@x@xP(x)&Q(x)->(@xP(x)->@x@xP(x)&Q(x)&@xP(x)))->(@xP(x)->(@x@xP(x)&Q(x)->(@xP(x)->@x@xP(x)&Q(x)&@xP(x)))))) M.P. 96, 98
(100) (@x@xP(x)&Q(x)->(@x@xP(x)&Q(x)->(@xP(x)->@x@xP(x)&Q(x)&@xP(x))))->((@x@xP(x)&Q(x)->((@x@xP(x)&Q(x)->(@xP(x)->@x@xP(x)&Q(x)&@xP(x)))->(@xP(x)->(@x@xP(x)&Q(x)->(@xP(x)->@x@xP(x)&Q(x)&@xP(x))))))->(@x@xP(x)&Q(x)->(@xP(x)->(@x@xP(x)&Q(x)->(@xP(x)->@x@xP(x)&Q(x)&@xP(x)))))) Сх. акс. 2
(101) ((@x@xP(x)&Q(x)->(@x@xP(x)&Q(x)->(@xP(x)->@x@xP(x)&Q(x)&@xP(x))))->((@x@xP(x)&Q(x)->((@x@xP(x)&Q(x)->(@xP(x)->@x@xP(x)&Q(x)&@xP(x)))->(@xP(x)->(@x@xP(x)&Q(x)->(@xP(x)->@x@xP(x)&Q(x)&@xP(x))))))->(@x@xP(x)&Q(x)->(@xP(x)->(@x@xP(x)&Q(x)->(@xP(x)->@x@xP(x)&Q(x)&@xP(x)))))))->((@x@xP(x)&Q(x)&@xP(x)->@xP(x))->((@x@xP(x)&Q(x)->(@x@xP(x)&Q(x)->(@xP(x)->@x@xP(x)&Q(x)&@xP(x))))->((@x@xP(x)&Q(x)->((@x@xP(x)&Q(x)->(@xP(x)->@x@xP(x)&Q(x)&@xP(x)))->(@xP(x)->(@x@xP(x)&Q(x)->(@xP(x)->@x@xP(x)&Q(x)&@xP(x))))))->(@x@xP(x)&Q(x)->(@xP(x)->(@x@xP(x)&Q(x)->(@xP(x)->@x@xP(x)&Q(x)&@xP(x)))))))) Сх. акс. 1
(102) (@x@xP(x)&Q(x)&@xP(x)->@xP(x))->((@x@xP(x)&Q(x)->(@x@xP(x)&Q(x)->(@xP(x)->@x@xP(x)&Q(x)&@xP(x))))->((@x@xP(x)&Q(x)->((@x@xP(x)&Q(x)->(@xP(x)->@x@xP(x)&Q(x)&@xP(x)))->(@xP(x)->(@x@xP(x)&Q(x)->(@xP(x)->@x@xP(x)&Q(x)&@xP(x))))))->(@x@xP(x)&Q(x)->(@xP(x)->(@x@xP(x)&Q(x)->(@xP(x)->@x@xP(x)&Q(x)&@xP(x))))))) M.P. 100, 101
(103) ((@x@xP(x)&Q(x)&@xP(x)->@xP(x))->(@x@xP(x)&Q(x)->(@x@xP(x)&Q(x)->(@xP(x)->@x@xP(x)&Q(x)&@xP(x)))))->(((@x@xP(x)&Q(x)&@xP(x)->@xP(x))->((@x@xP(x)&Q(x)->(@x@xP(x)&Q(x)->(@xP(x)->@x@xP(x)&Q(x)&@xP(x))))->((@x@xP(x)&Q(x)->((@x@xP(x)&Q(x)->(@xP(x)->@x@xP(x)&Q(x)&@xP(x)))->(@xP(x)->(@x@xP(x)&Q(x)->(@xP(x)->@x@xP(x)&Q(x)&@xP(x))))))->(@x@xP(x)&Q(x)->(@xP(x)->(@x@xP(x)&Q(x)->(@xP(x)->@x@xP(x)&Q(x)&@xP(x))))))))->((@x@xP(x)&Q(x)&@xP(x)->@xP(x))->((@x@xP(x)&Q(x)->((@x@xP(x)&Q(x)->(@xP(x)->@x@xP(x)&Q(x)&@xP(x)))->(@xP(x)->(@x@xP(x)&Q(x)->(@xP(x)->@x@xP(x)&Q(x)&@xP(x))))))->(@x@xP(x)&Q(x)->(@xP(x)->(@x@xP(x)&Q(x)->(@xP(x)->@x@xP(x)&Q(x)&@xP(x)))))))) Сх. акс. 2
(104) ((@x@xP(x)&Q(x)&@xP(x)->@xP(x))->((@x@xP(x)&Q(x)->(@x@xP(x)&Q(x)->(@xP(x)->@x@xP(x)&Q(x)&@xP(x))))->((@x@xP(x)&Q(x)->((@x@xP(x)&Q(x)->(@xP(x)->@x@xP(x)&Q(x)&@xP(x)))->(@xP(x)->(@x@xP(x)&Q(x)->(@xP(x)->@x@xP(x)&Q(x)&@xP(x))))))->(@x@xP(x)&Q(x)->(@xP(x)->(@x@xP(x)&Q(x)->(@xP(x)->@x@xP(x)&Q(x)&@xP(x))))))))->((@x@xP(x)&Q(x)&@xP(x)->@xP(x))->((@x@xP(x)&Q(x)->((@x@xP(x)&Q(x)->(@xP(x)->@x@xP(x)&Q(x)&@xP(x)))->(@xP(x)->(@x@xP(x)&Q(x)->(@xP(x)->@x@xP(x)&Q(x)&@xP(x))))))->(@x@xP(x)&Q(x)->(@xP(x)->(@x@xP(x)&Q(x)->(@xP(x)->@x@xP(x)&Q(x)&@xP(x))))))) M.P. 90, 103
(105) (@x@xP(x)&Q(x)&@xP(x)->@xP(x))->((@x@xP(x)&Q(x)->((@x@xP(x)&Q(x)->(@xP(x)->@x@xP(x)&Q(x)&@xP(x)))->(@xP(x)->(@x@xP(x)&Q(x)->(@xP(x)->@x@xP(x)&Q(x)&@xP(x))))))->(@x@xP(x)&Q(x)->(@xP(x)->(@x@xP(x)&Q(x)->(@xP(x)->@x@xP(x)&Q(x)&@xP(x)))))) M.P. 102, 104
(106) ((@x@xP(x)&Q(x)&@xP(x)->@xP(x))->(@x@xP(x)&Q(x)->((@x@xP(x)&Q(x)->(@xP(x)->@x@xP(x)&Q(x)&@xP(x)))->(@xP(x)->(@x@xP(x)&Q(x)->(@xP(x)->@x@xP(x)&Q(x)&@xP(x)))))))->(((@x@xP(x)&Q(x)&@xP(x)->@xP(x))->((@x@xP(x)&Q(x)->((@x@xP(x)&Q(x)->(@xP(x)->@x@xP(x)&Q(x)&@xP(x)))->(@xP(x)->(@x@xP(x)&Q(x)->(@xP(x)->@x@xP(x)&Q(x)&@xP(x))))))->(@x@xP(x)&Q(x)->(@xP(x)->(@x@xP(x)&Q(x)->(@xP(x)->@x@xP(x)&Q(x)&@xP(x)))))))->((@x@xP(x)&Q(x)&@xP(x)->@xP(x))->(@x@xP(x)&Q(x)->(@xP(x)->(@x@xP(x)&Q(x)->(@xP(x)->@x@xP(x)&Q(x)&@xP(x))))))) Сх. акс. 2
(107) ((@x@xP(x)&Q(x)&@xP(x)->@xP(x))->((@x@xP(x)&Q(x)->((@x@xP(x)&Q(x)->(@xP(x)->@x@xP(x)&Q(x)&@xP(x)))->(@xP(x)->(@x@xP(x)&Q(x)->(@xP(x)->@x@xP(x)&Q(x)&@xP(x))))))->(@x@xP(x)&Q(x)->(@xP(x)->(@x@xP(x)&Q(x)->(@xP(x)->@x@xP(x)&Q(x)&@xP(x)))))))->((@x@xP(x)&Q(x)&@xP(x)->@xP(x))->(@x@xP(x)&Q(x)->(@xP(x)->(@x@xP(x)&Q(x)->(@xP(x)->@x@xP(x)&Q(x)&@xP(x)))))) M.P. 99, 106
(108) (@x@xP(x)&Q(x)&@xP(x)->@xP(x))->(@x@xP(x)&Q(x)->(@xP(x)->(@x@xP(x)&Q(x)->(@xP(x)->@x@xP(x)&Q(x)&@xP(x))))) M.P. 105, 107
(109) (@xP(x)->@x@xP(x)&Q(x))->((@xP(x)->(@x@xP(x)&Q(x)->(@xP(x)->@x@xP(x)&Q(x)&@xP(x))))->(@xP(x)->(@xP(x)->@x@xP(x)&Q(x)&@xP(x)))) Сх. акс. 2
(110) ((@xP(x)->@x@xP(x)&Q(x))->((@xP(x)->(@x@xP(x)&Q(x)->(@xP(x)->@x@xP(x)&Q(x)&@xP(x))))->(@xP(x)->(@xP(x)->@x@xP(x)&Q(x)&@xP(x)))))->((@x@xP(x)&Q(x)&@xP(x)->@xP(x))->((@xP(x)->@x@xP(x)&Q(x))->((@xP(x)->(@x@xP(x)&Q(x)->(@xP(x)->@x@xP(x)&Q(x)&@xP(x))))->(@xP(x)->(@xP(x)->@x@xP(x)&Q(x)&@xP(x)))))) Сх. акс. 1
(111) (@x@xP(x)&Q(x)&@xP(x)->@xP(x))->((@xP(x)->@x@xP(x)&Q(x))->((@xP(x)->(@x@xP(x)&Q(x)->(@xP(x)->@x@xP(x)&Q(x)&@xP(x))))->(@xP(x)->(@xP(x)->@x@xP(x)&Q(x)&@xP(x))))) M.P. 109, 110
(112) ((@xP(x)->@x@xP(x)&Q(x))->((@xP(x)->(@x@xP(x)&Q(x)->(@xP(x)->@x@xP(x)&Q(x)&@xP(x))))->(@xP(x)->(@xP(x)->@x@xP(x)&Q(x)&@xP(x)))))->(@x@xP(x)&Q(x)->((@xP(x)->@x@xP(x)&Q(x))->((@xP(x)->(@x@xP(x)&Q(x)->(@xP(x)->@x@xP(x)&Q(x)&@xP(x))))->(@xP(x)->(@xP(x)->@x@xP(x)&Q(x)&@xP(x)))))) Сх. акс. 1
(113) (((@xP(x)->@x@xP(x)&Q(x))->((@xP(x)->(@x@xP(x)&Q(x)->(@xP(x)->@x@xP(x)&Q(x)&@xP(x))))->(@xP(x)->(@xP(x)->@x@xP(x)&Q(x)&@xP(x)))))->(@x@xP(x)&Q(x)->((@xP(x)->@x@xP(x)&Q(x))->((@xP(x)->(@x@xP(x)&Q(x)->(@xP(x)->@x@xP(x)&Q(x)&@xP(x))))->(@xP(x)->(@xP(x)->@x@xP(x)&Q(x)&@xP(x)))))))->((@x@xP(x)&Q(x)&@xP(x)->@xP(x))->(((@xP(x)->@x@xP(x)&Q(x))->((@xP(x)->(@x@xP(x)&Q(x)->(@xP(x)->@x@xP(x)&Q(x)&@xP(x))))->(@xP(x)->(@xP(x)->@x@xP(x)&Q(x)&@xP(x)))))->(@x@xP(x)&Q(x)->((@xP(x)->@x@xP(x)&Q(x))->((@xP(x)->(@x@xP(x)&Q(x)->(@xP(x)->@x@xP(x)&Q(x)&@xP(x))))->(@xP(x)->(@xP(x)->@x@xP(x)&Q(x)&@xP(x)))))))) Сх. акс. 1
(114) (@x@xP(x)&Q(x)&@xP(x)->@xP(x))->(((@xP(x)->@x@xP(x)&Q(x))->((@xP(x)->(@x@xP(x)&Q(x)->(@xP(x)->@x@xP(x)&Q(x)&@xP(x))))->(@xP(x)->(@xP(x)->@x@xP(x)&Q(x)&@xP(x)))))->(@x@xP(x)&Q(x)->((@xP(x)->@x@xP(x)&Q(x))->((@xP(x)->(@x@xP(x)&Q(x)->(@xP(x)->@x@xP(x)&Q(x)&@xP(x))))->(@xP(x)->(@xP(x)->@x@xP(x)&Q(x)&@xP(x))))))) M.P. 112, 113
(115) ((@x@xP(x)&Q(x)&@xP(x)->@xP(x))->((@xP(x)->@x@xP(x)&Q(x))->((@xP(x)->(@x@xP(x)&Q(x)->(@xP(x)->@x@xP(x)&Q(x)&@xP(x))))->(@xP(x)->(@xP(x)->@x@xP(x)&Q(x)&@xP(x))))))->(((@x@xP(x)&Q(x)&@xP(x)->@xP(x))->(((@xP(x)->@x@xP(x)&Q(x))->((@xP(x)->(@x@xP(x)&Q(x)->(@xP(x)->@x@xP(x)&Q(x)&@xP(x))))->(@xP(x)->(@xP(x)->@x@xP(x)&Q(x)&@xP(x)))))->(@x@xP(x)&Q(x)->((@xP(x)->@x@xP(x)&Q(x))->((@xP(x)->(@x@xP(x)&Q(x)->(@xP(x)->@x@xP(x)&Q(x)&@xP(x))))->(@xP(x)->(@xP(x)->@x@xP(x)&Q(x)&@xP(x))))))))->((@x@xP(x)&Q(x)&@xP(x)->@xP(x))->(@x@xP(x)&Q(x)->((@xP(x)->@x@xP(x)&Q(x))->((@xP(x)->(@x@xP(x)&Q(x)->(@xP(x)->@x@xP(x)&Q(x)&@xP(x))))->(@xP(x)->(@xP(x)->@x@xP(x)&Q(x)&@xP(x)))))))) Сх. акс. 2
(116) ((@x@xP(x)&Q(x)&@xP(x)->@xP(x))->(((@xP(x)->@x@xP(x)&Q(x))->((@xP(x)->(@x@xP(x)&Q(x)->(@xP(x)->@x@xP(x)&Q(x)&@xP(x))))->(@xP(x)->(@xP(x)->@x@xP(x)&Q(x)&@xP(x)))))->(@x@xP(x)&Q(x)->((@xP(x)->@x@xP(x)&Q(x))->((@xP(x)->(@x@xP(x)&Q(x)->(@xP(x)->@x@xP(x)&Q(x)&@xP(x))))->(@xP(x)->(@xP(x)->@x@xP(x)&Q(x)&@xP(x))))))))->((@x@xP(x)&Q(x)&@xP(x)->@xP(x))->(@x@xP(x)&Q(x)->((@xP(x)->@x@xP(x)&Q(x))->((@xP(x)->(@x@xP(x)&Q(x)->(@xP(x)->@x@xP(x)&Q(x)&@xP(x))))->(@xP(x)->(@xP(x)->@x@xP(x)&Q(x)&@xP(x))))))) M.P. 111, 115
(117) (@x@xP(x)&Q(x)&@xP(x)->@xP(x))->(@x@xP(x)&Q(x)->((@xP(x)->@x@xP(x)&Q(x))->((@xP(x)->(@x@xP(x)&Q(x)->(@xP(x)->@x@xP(x)&Q(x)&@xP(x))))->(@xP(x)->(@xP(x)->@x@xP(x)&Q(x)&@xP(x)))))) M.P. 114, 116
(118) (@x@xP(x)&Q(x)->(@xP(x)->@x@xP(x)&Q(x)))->((@x@xP(x)&Q(x)->((@xP(x)->@x@xP(x)&Q(x))->((@xP(x)->(@x@xP(x)&Q(x)->(@xP(x)->@x@xP(x)&Q(x)&@xP(x))))->(@xP(x)->(@xP(x)->@x@xP(x)&Q(x)&@xP(x))))))->(@x@xP(x)&Q(x)->((@xP(x)->(@x@xP(x)&Q(x)->(@xP(x)->@x@xP(x)&Q(x)&@xP(x))))->(@xP(x)->(@xP(x)->@x@xP(x)&Q(x)&@xP(x)))))) Сх. акс. 2
(119) ((@x@xP(x)&Q(x)->(@xP(x)->@x@xP(x)&Q(x)))->((@x@xP(x)&Q(x)->((@xP(x)->@x@xP(x)&Q(x))->((@xP(x)->(@x@xP(x)&Q(x)->(@xP(x)->@x@xP(x)&Q(x)&@xP(x))))->(@xP(x)->(@xP(x)->@x@xP(x)&Q(x)&@xP(x))))))->(@x@xP(x)&Q(x)->((@xP(x)->(@x@xP(x)&Q(x)->(@xP(x)->@x@xP(x)&Q(x)&@xP(x))))->(@xP(x)->(@xP(x)->@x@xP(x)&Q(x)&@xP(x)))))))->((@x@xP(x)&Q(x)&@xP(x)->@xP(x))->((@x@xP(x)&Q(x)->(@xP(x)->@x@xP(x)&Q(x)))->((@x@xP(x)&Q(x)->((@xP(x)->@x@xP(x)&Q(x))->((@xP(x)->(@x@xP(x)&Q(x)->(@xP(x)->@x@xP(x)&Q(x)&@xP(x))))->(@xP(x)->(@xP(x)->@x@xP(x)&Q(x)&@xP(x))))))->(@x@xP(x)&Q(x)->((@xP(x)->(@x@xP(x)&Q(x)->(@xP(x)->@x@xP(x)&Q(x)&@xP(x))))->(@xP(x)->(@xP(x)->@x@xP(x)&Q(x)&@xP(x)))))))) Сх. акс. 1
(120) (@x@xP(x)&Q(x)&@xP(x)->@xP(x))->((@x@xP(x)&Q(x)->(@xP(x)->@x@xP(x)&Q(x)))->((@x@xP(x)&Q(x)->((@xP(x)->@x@xP(x)&Q(x))->((@xP(x)->(@x@xP(x)&Q(x)->(@xP(x)->@x@xP(x)&Q(x)&@xP(x))))->(@xP(x)->(@xP(x)->@x@xP(x)&Q(x)&@xP(x))))))->(@x@xP(x)&Q(x)->((@xP(x)->(@x@xP(x)&Q(x)->(@xP(x)->@x@xP(x)&Q(x)&@xP(x))))->(@xP(x)->(@xP(x)->@x@xP(x)&Q(x)&@xP(x))))))) M.P. 118, 119
(121) ((@x@xP(x)&Q(x)&@xP(x)->@xP(x))->(@x@xP(x)&Q(x)->(@xP(x)->@x@xP(x)&Q(x))))->(((@x@xP(x)&Q(x)&@xP(x)->@xP(x))->((@x@xP(x)&Q(x)->(@xP(x)->@x@xP(x)&Q(x)))->((@x@xP(x)&Q(x)->((@xP(x)->@x@xP(x)&Q(x))->((@xP(x)->(@x@xP(x)&Q(x)->(@xP(x)->@x@xP(x)&Q(x)&@xP(x))))->(@xP(x)->(@xP(x)->@x@xP(x)&Q(x)&@xP(x))))))->(@x@xP(x)&Q(x)->((@xP(x)->(@x@xP(x)&Q(x)->(@xP(x)->@x@xP(x)&Q(x)&@xP(x))))->(@xP(x)->(@xP(x)->@x@xP(x)&Q(x)&@xP(x))))))))->((@x@xP(x)&Q(x)&@xP(x)->@xP(x))->((@x@xP(x)&Q(x)->((@xP(x)->@x@xP(x)&Q(x))->((@xP(x)->(@x@xP(x)&Q(x)->(@xP(x)->@x@xP(x)&Q(x)&@xP(x))))->(@xP(x)->(@xP(x)->@x@xP(x)&Q(x)&@xP(x))))))->(@x@xP(x)&Q(x)->((@xP(x)->(@x@xP(x)&Q(x)->(@xP(x)->@x@xP(x)&Q(x)&@xP(x))))->(@xP(x)->(@xP(x)->@x@xP(x)&Q(x)&@xP(x)))))))) Сх. акс. 2
(122) ((@x@xP(x)&Q(x)&@xP(x)->@xP(x))->((@x@xP(x)&Q(x)->(@xP(x)->@x@xP(x)&Q(x)))->((@x@xP(x)&Q(x)->((@xP(x)->@x@xP(x)&Q(x))->((@xP(x)->(@x@xP(x)&Q(x)->(@xP(x)->@x@xP(x)&Q(x)&@xP(x))))->(@xP(x)->(@xP(x)->@x@xP(x)&Q(x)&@xP(x))))))->(@x@xP(x)&Q(x)->((@xP(x)->(@x@xP(x)&Q(x)->(@xP(x)->@x@xP(x)&Q(x)&@xP(x))))->(@xP(x)->(@xP(x)->@x@xP(x)&Q(x)&@xP(x))))))))->((@x@xP(x)&Q(x)&@xP(x)->@xP(x))->((@x@xP(x)&Q(x)->((@xP(x)->@x@xP(x)&Q(x))->((@xP(x)->(@x@xP(x)&Q(x)->(@xP(x)->@x@xP(x)&Q(x)&@xP(x))))->(@xP(x)->(@xP(x)->@x@xP(x)&Q(x)&@xP(x))))))->(@x@xP(x)&Q(x)->((@xP(x)->(@x@xP(x)&Q(x)->(@xP(x)->@x@xP(x)&Q(x)&@xP(x))))->(@xP(x)->(@xP(x)->@x@xP(x)&Q(x)&@xP(x))))))) M.P. 21, 121
(123) (@x@xP(x)&Q(x)&@xP(x)->@xP(x))->((@x@xP(x)&Q(x)->((@xP(x)->@x@xP(x)&Q(x))->((@xP(x)->(@x@xP(x)&Q(x)->(@xP(x)->@x@xP(x)&Q(x)&@xP(x))))->(@xP(x)->(@xP(x)->@x@xP(x)&Q(x)&@xP(x))))))->(@x@xP(x)&Q(x)->((@xP(x)->(@x@xP(x)&Q(x)->(@xP(x)->@x@xP(x)&Q(x)&@xP(x))))->(@xP(x)->(@xP(x)->@x@xP(x)&Q(x)&@xP(x)))))) M.P. 120, 122
(124) ((@x@xP(x)&Q(x)&@xP(x)->@xP(x))->(@x@xP(x)&Q(x)->((@xP(x)->@x@xP(x)&Q(x))->((@xP(x)->(@x@xP(x)&Q(x)->(@xP(x)->@x@xP(x)&Q(x)&@xP(x))))->(@xP(x)->(@xP(x)->@x@xP(x)&Q(x)&@xP(x)))))))->(((@x@xP(x)&Q(x)&@xP(x)->@xP(x))->((@x@xP(x)&Q(x)->((@xP(x)->@x@xP(x)&Q(x))->((@xP(x)->(@x@xP(x)&Q(x)->(@xP(x)->@x@xP(x)&Q(x)&@xP(x))))->(@xP(x)->(@xP(x)->@x@xP(x)&Q(x)&@xP(x))))))->(@x@xP(x)&Q(x)->((@xP(x)->(@x@xP(x)&Q(x)->(@xP(x)->@x@xP(x)&Q(x)&@xP(x))))->(@xP(x)->(@xP(x)->@x@xP(x)&Q(x)&@xP(x)))))))->((@x@xP(x)&Q(x)&@xP(x)->@xP(x))->(@x@xP(x)&Q(x)->((@xP(x)->(@x@xP(x)&Q(x)->(@xP(x)->@x@xP(x)&Q(x)&@xP(x))))->(@xP(x)->(@xP(x)->@x@xP(x)&Q(x)&@xP(x))))))) Сх. акс. 2
(125) ((@x@xP(x)&Q(x)&@xP(x)->@xP(x))->((@x@xP(x)&Q(x)->((@xP(x)->@x@xP(x)&Q(x))->((@xP(x)->(@x@xP(x)&Q(x)->(@xP(x)->@x@xP(x)&Q(x)&@xP(x))))->(@xP(x)->(@xP(x)->@x@xP(x)&Q(x)&@xP(x))))))->(@x@xP(x)&Q(x)->((@xP(x)->(@x@xP(x)&Q(x)->(@xP(x)->@x@xP(x)&Q(x)&@xP(x))))->(@xP(x)->(@xP(x)->@x@xP(x)&Q(x)&@xP(x)))))))->((@x@xP(x)&Q(x)&@xP(x)->@xP(x))->(@x@xP(x)&Q(x)->((@xP(x)->(@x@xP(x)&Q(x)->(@xP(x)->@x@xP(x)&Q(x)&@xP(x))))->(@xP(x)->(@xP(x)->@x@xP(x)&Q(x)&@xP(x)))))) M.P. 117, 124
(126) (@x@xP(x)&Q(x)&@xP(x)->@xP(x))->(@x@xP(x)&Q(x)->((@xP(x)->(@x@xP(x)&Q(x)->(@xP(x)->@x@xP(x)&Q(x)&@xP(x))))->(@xP(x)->(@xP(x)->@x@xP(x)&Q(x)&@xP(x))))) M.P. 123, 125
(127) (@x@xP(x)&Q(x)->(@xP(x)->(@x@xP(x)&Q(x)->(@xP(x)->@x@xP(x)&Q(x)&@xP(x)))))->((@x@xP(x)&Q(x)->((@xP(x)->(@x@xP(x)&Q(x)->(@xP(x)->@x@xP(x)&Q(x)&@xP(x))))->(@xP(x)->(@xP(x)->@x@xP(x)&Q(x)&@xP(x)))))->(@x@xP(x)&Q(x)->(@xP(x)->(@xP(x)->@x@xP(x)&Q(x)&@xP(x))))) Сх. акс. 2
(128) ((@x@xP(x)&Q(x)->(@xP(x)->(@x@xP(x)&Q(x)->(@xP(x)->@x@xP(x)&Q(x)&@xP(x)))))->((@x@xP(x)&Q(x)->((@xP(x)->(@x@xP(x)&Q(x)->(@xP(x)->@x@xP(x)&Q(x)&@xP(x))))->(@xP(x)->(@xP(x)->@x@xP(x)&Q(x)&@xP(x)))))->(@x@xP(x)&Q(x)->(@xP(x)->(@xP(x)->@x@xP(x)&Q(x)&@xP(x))))))->((@x@xP(x)&Q(x)&@xP(x)->@xP(x))->((@x@xP(x)&Q(x)->(@xP(x)->(@x@xP(x)&Q(x)->(@xP(x)->@x@xP(x)&Q(x)&@xP(x)))))->((@x@xP(x)&Q(x)->((@xP(x)->(@x@xP(x)&Q(x)->(@xP(x)->@x@xP(x)&Q(x)&@xP(x))))->(@xP(x)->(@xP(x)->@x@xP(x)&Q(x)&@xP(x)))))->(@x@xP(x)&Q(x)->(@xP(x)->(@xP(x)->@x@xP(x)&Q(x)&@xP(x))))))) Сх. акс. 1
(129) (@x@xP(x)&Q(x)&@xP(x)->@xP(x))->((@x@xP(x)&Q(x)->(@xP(x)->(@x@xP(x)&Q(x)->(@xP(x)->@x@xP(x)&Q(x)&@xP(x)))))->((@x@xP(x)&Q(x)->((@xP(x)->(@x@xP(x)&Q(x)->(@xP(x)->@x@xP(x)&Q(x)&@xP(x))))->(@xP(x)->(@xP(x)->@x@xP(x)&Q(x)&@xP(x)))))->(@x@xP(x)&Q(x)->(@xP(x)->(@xP(x)->@x@xP(x)&Q(x)&@xP(x)))))) M.P. 127, 128
(130) ((@x@xP(x)&Q(x)&@xP(x)->@xP(x))->(@x@xP(x)&Q(x)->(@xP(x)->(@x@xP(x)&Q(x)->(@xP(x)->@x@xP(x)&Q(x)&@xP(x))))))->(((@x@xP(x)&Q(x)&@xP(x)->@xP(x))->((@x@xP(x)&Q(x)->(@xP(x)->(@x@xP(x)&Q(x)->(@xP(x)->@x@xP(x)&Q(x)&@xP(x)))))->((@x@xP(x)&Q(x)->((@xP(x)->(@x@xP(x)&Q(x)->(@xP(x)->@x@xP(x)&Q(x)&@xP(x))))->(@xP(x)->(@xP(x)->@x@xP(x)&Q(x)&@xP(x)))))->(@x@xP(x)&Q(x)->(@xP(x)->(@xP(x)->@x@xP(x)&Q(x)&@xP(x)))))))->((@x@xP(x)&Q(x)&@xP(x)->@xP(x))->((@x@xP(x)&Q(x)->((@xP(x)->(@x@xP(x)&Q(x)->(@xP(x)->@x@xP(x)&Q(x)&@xP(x))))->(@xP(x)->(@xP(x)->@x@xP(x)&Q(x)&@xP(x)))))->(@x@xP(x)&Q(x)->(@xP(x)->(@xP(x)->@x@xP(x)&Q(x)&@xP(x))))))) Сх. акс. 2
(131) ((@x@xP(x)&Q(x)&@xP(x)->@xP(x))->((@x@xP(x)&Q(x)->(@xP(x)->(@x@xP(x)&Q(x)->(@xP(x)->@x@xP(x)&Q(x)&@xP(x)))))->((@x@xP(x)&Q(x)->((@xP(x)->(@x@xP(x)&Q(x)->(@xP(x)->@x@xP(x)&Q(x)&@xP(x))))->(@xP(x)->(@xP(x)->@x@xP(x)&Q(x)&@xP(x)))))->(@x@xP(x)&Q(x)->(@xP(x)->(@xP(x)->@x@xP(x)&Q(x)&@xP(x)))))))->((@x@xP(x)&Q(x)&@xP(x)->@xP(x))->((@x@xP(x)&Q(x)->((@xP(x)->(@x@xP(x)&Q(x)->(@xP(x)->@x@xP(x)&Q(x)&@xP(x))))->(@xP(x)->(@xP(x)->@x@xP(x)&Q(x)&@xP(x)))))->(@x@xP(x)&Q(x)->(@xP(x)->(@xP(x)->@x@xP(x)&Q(x)&@xP(x)))))) M.P. 108, 130
(132) (@x@xP(x)&Q(x)&@xP(x)->@xP(x))->((@x@xP(x)&Q(x)->((@xP(x)->(@x@xP(x)&Q(x)->(@xP(x)->@x@xP(x)&Q(x)&@xP(x))))->(@xP(x)->(@xP(x)->@x@xP(x)&Q(x)&@xP(x)))))->(@x@xP(x)&Q(x)->(@xP(x)->(@xP(x)->@x@xP(x)&Q(x)&@xP(x))))) M.P. 129, 131
(133) ((@x@xP(x)&Q(x)&@xP(x)->@xP(x))->(@x@xP(x)&Q(x)->((@xP(x)->(@x@xP(x)&Q(x)->(@xP(x)->@x@xP(x)&Q(x)&@xP(x))))->(@xP(x)->(@xP(x)->@x@xP(x)&Q(x)&@xP(x))))))->(((@x@xP(x)&Q(x)&@xP(x)->@xP(x))->((@x@xP(x)&Q(x)->((@xP(x)->(@x@xP(x)&Q(x)->(@xP(x)->@x@xP(x)&Q(x)&@xP(x))))->(@xP(x)->(@xP(x)->@x@xP(x)&Q(x)&@xP(x)))))->(@x@xP(x)&Q(x)->(@xP(x)->(@xP(x)->@x@xP(x)&Q(x)&@xP(x))))))->((@x@xP(x)&Q(x)&@xP(x)->@xP(x))->(@x@xP(x)&Q(x)->(@xP(x)->(@xP(x)->@x@xP(x)&Q(x)&@xP(x)))))) Сх. акс. 2
(134) ((@x@xP(x)&Q(x)&@xP(x)->@xP(x))->((@x@xP(x)&Q(x)->((@xP(x)->(@x@xP(x)&Q(x)->(@xP(x)->@x@xP(x)&Q(x)&@xP(x))))->(@xP(x)->(@xP(x)->@x@xP(x)&Q(x)&@xP(x)))))->(@x@xP(x)&Q(x)->(@xP(x)->(@xP(x)->@x@xP(x)&Q(x)&@xP(x))))))->((@x@xP(x)&Q(x)&@xP(x)->@xP(x))->(@x@xP(x)&Q(x)->(@xP(x)->(@xP(x)->@x@xP(x)&Q(x)&@xP(x))))) M.P. 126, 133
(135) (@x@xP(x)&Q(x)&@xP(x)->@xP(x))->(@x@xP(x)&Q(x)->(@xP(x)->(@xP(x)->@x@xP(x)&Q(x)&@xP(x)))) M.P. 132, 134
(136) (@xP(x)->@xP(x))->((@xP(x)->(@xP(x)->@x@xP(x)&Q(x)&@xP(x)))->(@xP(x)->@x@xP(x)&Q(x)&@xP(x))) Сх. акс. 2
(137) ((@xP(x)->@xP(x))->((@xP(x)->(@xP(x)->@x@xP(x)&Q(x)&@xP(x)))->(@xP(x)->@x@xP(x)&Q(x)&@xP(x))))->((@x@xP(x)&Q(x)&@xP(x)->@xP(x))->((@xP(x)->@xP(x))->((@xP(x)->(@xP(x)->@x@xP(x)&Q(x)&@xP(x)))->(@xP(x)->@x@xP(x)&Q(x)&@xP(x))))) Сх. акс. 1
(138) (@x@xP(x)&Q(x)&@xP(x)->@xP(x))->((@xP(x)->@xP(x))->((@xP(x)->(@xP(x)->@x@xP(x)&Q(x)&@xP(x)))->(@xP(x)->@x@xP(x)&Q(x)&@xP(x)))) M.P. 136, 137
(139) ((@xP(x)->@xP(x))->((@xP(x)->(@xP(x)->@x@xP(x)&Q(x)&@xP(x)))->(@xP(x)->@x@xP(x)&Q(x)&@xP(x))))->(@x@xP(x)&Q(x)->((@xP(x)->@xP(x))->((@xP(x)->(@xP(x)->@x@xP(x)&Q(x)&@xP(x)))->(@xP(x)->@x@xP(x)&Q(x)&@xP(x))))) Сх. акс. 1
(140) (((@xP(x)->@xP(x))->((@xP(x)->(@xP(x)->@x@xP(x)&Q(x)&@xP(x)))->(@xP(x)->@x@xP(x)&Q(x)&@xP(x))))->(@x@xP(x)&Q(x)->((@xP(x)->@xP(x))->((@xP(x)->(@xP(x)->@x@xP(x)&Q(x)&@xP(x)))->(@xP(x)->@x@xP(x)&Q(x)&@xP(x))))))->((@x@xP(x)&Q(x)&@xP(x)->@xP(x))->(((@xP(x)->@xP(x))->((@xP(x)->(@xP(x)->@x@xP(x)&Q(x)&@xP(x)))->(@xP(x)->@x@xP(x)&Q(x)&@xP(x))))->(@x@xP(x)&Q(x)->((@xP(x)->@xP(x))->((@xP(x)->(@xP(x)->@x@xP(x)&Q(x)&@xP(x)))->(@xP(x)->@x@xP(x)&Q(x)&@xP(x))))))) Сх. акс. 1
(141) (@x@xP(x)&Q(x)&@xP(x)->@xP(x))->(((@xP(x)->@xP(x))->((@xP(x)->(@xP(x)->@x@xP(x)&Q(x)&@xP(x)))->(@xP(x)->@x@xP(x)&Q(x)&@xP(x))))->(@x@xP(x)&Q(x)->((@xP(x)->@xP(x))->((@xP(x)->(@xP(x)->@x@xP(x)&Q(x)&@xP(x)))->(@xP(x)->@x@xP(x)&Q(x)&@xP(x)))))) M.P. 139, 140
(142) ((@x@xP(x)&Q(x)&@xP(x)->@xP(x))->((@xP(x)->@xP(x))->((@xP(x)->(@xP(x)->@x@xP(x)&Q(x)&@xP(x)))->(@xP(x)->@x@xP(x)&Q(x)&@xP(x)))))->(((@x@xP(x)&Q(x)&@xP(x)->@xP(x))->(((@xP(x)->@xP(x))->((@xP(x)->(@xP(x)->@x@xP(x)&Q(x)&@xP(x)))->(@xP(x)->@x@xP(x)&Q(x)&@xP(x))))->(@x@xP(x)&Q(x)->((@xP(x)->@xP(x))->((@xP(x)->(@xP(x)->@x@xP(x)&Q(x)&@xP(x)))->(@xP(x)->@x@xP(x)&Q(x)&@xP(x)))))))->((@x@xP(x)&Q(x)&@xP(x)->@xP(x))->(@x@xP(x)&Q(x)->((@xP(x)->@xP(x))->((@xP(x)->(@xP(x)->@x@xP(x)&Q(x)&@xP(x)))->(@xP(x)->@x@xP(x)&Q(x)&@xP(x))))))) Сх. акс. 2
(143) ((@x@xP(x)&Q(x)&@xP(x)->@xP(x))->(((@xP(x)->@xP(x))->((@xP(x)->(@xP(x)->@x@xP(x)&Q(x)&@xP(x)))->(@xP(x)->@x@xP(x)&Q(x)&@xP(x))))->(@x@xP(x)&Q(x)->((@xP(x)->@xP(x))->((@xP(x)->(@xP(x)->@x@xP(x)&Q(x)&@xP(x)))->(@xP(x)->@x@xP(x)&Q(x)&@xP(x)))))))->((@x@xP(x)&Q(x)&@xP(x)->@xP(x))->(@x@xP(x)&Q(x)->((@xP(x)->@xP(x))->((@xP(x)->(@xP(x)->@x@xP(x)&Q(x)&@xP(x)))->(@xP(x)->@x@xP(x)&Q(x)&@xP(x)))))) M.P. 138, 142
(144) (@x@xP(x)&Q(x)&@xP(x)->@xP(x))->(@x@xP(x)&Q(x)->((@xP(x)->@xP(x))->((@xP(x)->(@xP(x)->@x@xP(x)&Q(x)&@xP(x)))->(@xP(x)->@x@xP(x)&Q(x)&@xP(x))))) M.P. 141, 143
(145) (@x@xP(x)&Q(x)->(@xP(x)->@xP(x)))->((@x@xP(x)&Q(x)->((@xP(x)->@xP(x))->((@xP(x)->(@xP(x)->@x@xP(x)&Q(x)&@xP(x)))->(@xP(x)->@x@xP(x)&Q(x)&@xP(x)))))->(@x@xP(x)&Q(x)->((@xP(x)->(@xP(x)->@x@xP(x)&Q(x)&@xP(x)))->(@xP(x)->@x@xP(x)&Q(x)&@xP(x))))) Сх. акс. 2
(146) ((@x@xP(x)&Q(x)->(@xP(x)->@xP(x)))->((@x@xP(x)&Q(x)->((@xP(x)->@xP(x))->((@xP(x)->(@xP(x)->@x@xP(x)&Q(x)&@xP(x)))->(@xP(x)->@x@xP(x)&Q(x)&@xP(x)))))->(@x@xP(x)&Q(x)->((@xP(x)->(@xP(x)->@x@xP(x)&Q(x)&@xP(x)))->(@xP(x)->@x@xP(x)&Q(x)&@xP(x))))))->((@x@xP(x)&Q(x)&@xP(x)->@xP(x))->((@x@xP(x)&Q(x)->(@xP(x)->@xP(x)))->((@x@xP(x)&Q(x)->((@xP(x)->@xP(x))->((@xP(x)->(@xP(x)->@x@xP(x)&Q(x)&@xP(x)))->(@xP(x)->@x@xP(x)&Q(x)&@xP(x)))))->(@x@xP(x)&Q(x)->((@xP(x)->(@xP(x)->@x@xP(x)&Q(x)&@xP(x)))->(@xP(x)->@x@xP(x)&Q(x)&@xP(x))))))) Сх. акс. 1
(147) (@x@xP(x)&Q(x)&@xP(x)->@xP(x))->((@x@xP(x)&Q(x)->(@xP(x)->@xP(x)))->((@x@xP(x)&Q(x)->((@xP(x)->@xP(x))->((@xP(x)->(@xP(x)->@x@xP(x)&Q(x)&@xP(x)))->(@xP(x)->@x@xP(x)&Q(x)&@xP(x)))))->(@x@xP(x)&Q(x)->((@xP(x)->(@xP(x)->@x@xP(x)&Q(x)&@xP(x)))->(@xP(x)->@x@xP(x)&Q(x)&@xP(x)))))) M.P. 145, 146
(148) ((@x@xP(x)&Q(x)&@xP(x)->@xP(x))->(@x@xP(x)&Q(x)->(@xP(x)->@xP(x))))->(((@x@xP(x)&Q(x)&@xP(x)->@xP(x))->((@x@xP(x)&Q(x)->(@xP(x)->@xP(x)))->((@x@xP(x)&Q(x)->((@xP(x)->@xP(x))->((@xP(x)->(@xP(x)->@x@xP(x)&Q(x)&@xP(x)))->(@xP(x)->@x@xP(x)&Q(x)&@xP(x)))))->(@x@xP(x)&Q(x)->((@xP(x)->(@xP(x)->@x@xP(x)&Q(x)&@xP(x)))->(@xP(x)->@x@xP(x)&Q(x)&@xP(x)))))))->((@x@xP(x)&Q(x)&@xP(x)->@xP(x))->((@x@xP(x)&Q(x)->((@xP(x)->@xP(x))->((@xP(x)->(@xP(x)->@x@xP(x)&Q(x)&@xP(x)))->(@xP(x)->@x@xP(x)&Q(x)&@xP(x)))))->(@x@xP(x)&Q(x)->((@xP(x)->(@xP(x)->@x@xP(x)&Q(x)&@xP(x)))->(@xP(x)->@x@xP(x)&Q(x)&@xP(x))))))) Сх. акс. 2
(149) ((@x@xP(x)&Q(x)&@xP(x)->@xP(x))->((@x@xP(x)&Q(x)->(@xP(x)->@xP(x)))->((@x@xP(x)&Q(x)->((@xP(x)->@xP(x))->((@xP(x)->(@xP(x)->@x@xP(x)&Q(x)&@xP(x)))->(@xP(x)->@x@xP(x)&Q(x)&@xP(x)))))->(@x@xP(x)&Q(x)->((@xP(x)->(@xP(x)->@x@xP(x)&Q(x)&@xP(x)))->(@xP(x)->@x@xP(x)&Q(x)&@xP(x)))))))->((@x@xP(x)&Q(x)&@xP(x)->@xP(x))->((@x@xP(x)&Q(x)->((@xP(x)->@xP(x))->((@xP(x)->(@xP(x)->@x@xP(x)&Q(x)&@xP(x)))->(@xP(x)->@x@xP(x)&Q(x)&@xP(x)))))->(@x@xP(x)&Q(x)->((@xP(x)->(@xP(x)->@x@xP(x)&Q(x)&@xP(x)))->(@xP(x)->@x@xP(x)&Q(x)&@xP(x)))))) M.P. 81, 148
(150) (@x@xP(x)&Q(x)&@xP(x)->@xP(x))->((@x@xP(x)&Q(x)->((@xP(x)->@xP(x))->((@xP(x)->(@xP(x)->@x@xP(x)&Q(x)&@xP(x)))->(@xP(x)->@x@xP(x)&Q(x)&@xP(x)))))->(@x@xP(x)&Q(x)->((@xP(x)->(@xP(x)->@x@xP(x)&Q(x)&@xP(x)))->(@xP(x)->@x@xP(x)&Q(x)&@xP(x))))) M.P. 147, 149
(151) ((@x@xP(x)&Q(x)&@xP(x)->@xP(x))->(@x@xP(x)&Q(x)->((@xP(x)->@xP(x))->((@xP(x)->(@xP(x)->@x@xP(x)&Q(x)&@xP(x)))->(@xP(x)->@x@xP(x)&Q(x)&@xP(x))))))->(((@x@xP(x)&Q(x)&@xP(x)->@xP(x))->((@x@xP(x)&Q(x)->((@xP(x)->@xP(x))->((@xP(x)->(@xP(x)->@x@xP(x)&Q(x)&@xP(x)))->(@xP(x)->@x@xP(x)&Q(x)&@xP(x)))))->(@x@xP(x)&Q(x)->((@xP(x)->(@xP(x)->@x@xP(x)&Q(x)&@xP(x)))->(@xP(x)->@x@xP(x)&Q(x)&@xP(x))))))->((@x@xP(x)&Q(x)&@xP(x)->@xP(x))->(@x@xP(x)&Q(x)->((@xP(x)->(@xP(x)->@x@xP(x)&Q(x)&@xP(x)))->(@xP(x)->@x@xP(x)&Q(x)&@xP(x)))))) Сх. акс. 2
(152) ((@x@xP(x)&Q(x)&@xP(x)->@xP(x))->((@x@xP(x)&Q(x)->((@xP(x)->@xP(x))->((@xP(x)->(@xP(x)->@x@xP(x)&Q(x)&@xP(x)))->(@xP(x)->@x@xP(x)&Q(x)&@xP(x)))))->(@x@xP(x)&Q(x)->((@xP(x)->(@xP(x)->@x@xP(x)&Q(x)&@xP(x)))->(@xP(x)->@x@xP(x)&Q(x)&@xP(x))))))->((@x@xP(x)&Q(x)&@xP(x)->@xP(x))->(@x@xP(x)&Q(x)->((@xP(x)->(@xP(x)->@x@xP(x)&Q(x)&@xP(x)))->(@xP(x)->@x@xP(x)&Q(x)&@xP(x))))) M.P. 144, 151
(153) (@x@xP(x)&Q(x)&@xP(x)->@xP(x))->(@x@xP(x)&Q(x)->((@xP(x)->(@xP(x)->@x@xP(x)&Q(x)&@xP(x)))->(@xP(x)->@x@xP(x)&Q(x)&@xP(x)))) M.P. 150, 152
(154) (@x@xP(x)&Q(x)->@x@xP(x)&Q(x))->((@x@xP(x)&Q(x)->(@x@xP(x)&Q(x)->(@xP(x)->@x@xP(x)&Q(x)&@xP(x))))->(@x@xP(x)&Q(x)->(@xP(x)->@x@xP(x)&Q(x)&@xP(x)))) Сх. акс. 2
(155) ((@x@xP(x)&Q(x)->@x@xP(x)&Q(x))->((@x@xP(x)&Q(x)->(@x@xP(x)&Q(x)->(@xP(x)->@x@xP(x)&Q(x)&@xP(x))))->(@x@xP(x)&Q(x)->(@xP(x)->@x@xP(x)&Q(x)&@xP(x)))))->((@x@xP(x)&Q(x)&@xP(x)->@xP(x))->((@x@xP(x)&Q(x)->@x@xP(x)&Q(x))->((@x@xP(x)&Q(x)->(@x@xP(x)&Q(x)->(@xP(x)->@x@xP(x)&Q(x)&@xP(x))))->(@x@xP(x)&Q(x)->(@xP(x)->@x@xP(x)&Q(x)&@xP(x)))))) Сх. акс. 1
(156) (@x@xP(x)&Q(x)&@xP(x)->@xP(x))->((@x@xP(x)&Q(x)->@x@xP(x)&Q(x))->((@x@xP(x)&Q(x)->(@x@xP(x)&Q(x)->(@xP(x)->@x@xP(x)&Q(x)&@xP(x))))->(@x@xP(x)&Q(x)->(@xP(x)->@x@xP(x)&Q(x)&@xP(x))))) M.P. 154, 155
(157) ((@x@xP(x)&Q(x)&@xP(x)->@xP(x))->(@x@xP(x)&Q(x)->@x@xP(x)&Q(x)))->(((@x@xP(x)&Q(x)&@xP(x)->@xP(x))->((@x@xP(x)&Q(x)->@x@xP(x)&Q(x))->((@x@xP(x)&Q(x)->(@x@xP(x)&Q(x)->(@xP(x)->@x@xP(x)&Q(x)&@xP(x))))->(@x@xP(x)&Q(x)->(@xP(x)->@x@xP(x)&Q(x)&@xP(x))))))->((@x@xP(x)&Q(x)&@xP(x)->@xP(x))->((@x@xP(x)&Q(x)->(@x@xP(x)&Q(x)->(@xP(x)->@x@xP(x)&Q(x)&@xP(x))))->(@x@xP(x)&Q(x)->(@xP(x)->@x@xP(x)&Q(x)&@xP(x)))))) Сх. акс. 2
(158) ((@x@xP(x)&Q(x)&@xP(x)->@xP(x))->((@x@xP(x)&Q(x)->@x@xP(x)&Q(x))->((@x@xP(x)&Q(x)->(@x@xP(x)&Q(x)->(@xP(x)->@x@xP(x)&Q(x)&@xP(x))))->(@x@xP(x)&Q(x)->(@xP(x)->@x@xP(x)&Q(x)&@xP(x))))))->((@x@xP(x)&Q(x)&@xP(x)->@xP(x))->((@x@xP(x)&Q(x)->(@x@xP(x)&Q(x)->(@xP(x)->@x@xP(x)&Q(x)&@xP(x))))->(@x@xP(x)&Q(x)->(@xP(x)->@x@xP(x)&Q(x)&@xP(x))))) M.P. 18, 157
(159) (@x@xP(x)&Q(x)&@xP(x)->@xP(x))->((@x@xP(x)&Q(x)->(@x@xP(x)&Q(x)->(@xP(x)->@x@xP(x)&Q(x)&@xP(x))))->(@x@xP(x)&Q(x)->(@xP(x)->@x@xP(x)&Q(x)&@xP(x)))) M.P. 156, 158
(160) @x@xP(x)&Q(x)->(@xP(x)->@x@xP(x)&Q(x)&@xP(x)) Сх. акс. 3
(161) (@x@xP(x)&Q(x)->(@xP(x)->@x@xP(x)&Q(x)&@xP(x)))->((@x@xP(x)&Q(x)&@xP(x)->@xP(x))->(@x@xP(x)&Q(x)->(@xP(x)->@x@xP(x)&Q(x)&@xP(x)))) Сх. акс. 1
(162) (@x@xP(x)&Q(x)&@xP(x)->@xP(x))->(@x@xP(x)&Q(x)->(@xP(x)->@x@xP(x)&Q(x)&@xP(x))) M.P. 82, 161
(163) (@x@xP(x)&Q(x)&@xP(x)->@xP(x))->((@x@xP(x)&Q(x)&@xP(x)->@xP(x))->(@x@xP(x)&Q(x)&@xP(x)->@xP(x))) Сх. акс. 1
(164) ((@x@xP(x)&Q(x)&@xP(x)->@xP(x))->((@x@xP(x)&Q(x)&@xP(x)->@xP(x))->(@x@xP(x)&Q(x)&@xP(x)->@xP(x))))->(((@x@xP(x)&Q(x)&@xP(x)->@xP(x))->(((@x@xP(x)&Q(x)&@xP(x)->@xP(x))->(@x@xP(x)&Q(x)&@xP(x)->@xP(x)))->(@x@xP(x)&Q(x)&@xP(x)->@xP(x))))->((@x@xP(x)&Q(x)&@xP(x)->@xP(x))->(@x@xP(x)&Q(x)&@xP(x)->@xP(x)))) Сх. акс. 2
(165) ((@x@xP(x)&Q(x)&@xP(x)->@xP(x))->(((@x@xP(x)&Q(x)&@xP(x)->@xP(x))->(@x@xP(x)&Q(x)&@xP(x)->@xP(x)))->(@x@xP(x)&Q(x)&@xP(x)->@xP(x))))->((@x@xP(x)&Q(x)&@xP(x)->@xP(x))->(@x@xP(x)&Q(x)&@xP(x)->@xP(x))) M.P. 163, 164
(166) (@x@xP(x)&Q(x)&@xP(x)->@xP(x))->(((@x@xP(x)&Q(x)&@xP(x)->@xP(x))->(@x@xP(x)&Q(x)&@xP(x)->@xP(x)))->(@x@xP(x)&Q(x)&@xP(x)->@xP(x))) Сх. акс. 1
(167) (@x@xP(x)&Q(x)&@xP(x)->@xP(x))->(@x@xP(x)&Q(x)&@xP(x)->@xP(x)) M.P. 166, 165
(168) (@x@xP(x)&Q(x)&@xP(x)->@xP(x))->(@x@xP(x)&Q(x)->(@x@xP(x)&Q(x)&@xP(x)->@xP(x))) Сх. акс. 1
(169) ((@x@xP(x)&Q(x)&@xP(x)->@xP(x))->(@x@xP(x)&Q(x)->(@x@xP(x)&Q(x)&@xP(x)->@xP(x))))->((@x@xP(x)&Q(x)&@xP(x)->@xP(x))->((@x@xP(x)&Q(x)&@xP(x)->@xP(x))->(@x@xP(x)&Q(x)->(@x@xP(x)&Q(x)&@xP(x)->@xP(x))))) Сх. акс. 1
(170) (@x@xP(x)&Q(x)&@xP(x)->@xP(x))->((@x@xP(x)&Q(x)&@xP(x)->@xP(x))->(@x@xP(x)&Q(x)->(@x@xP(x)&Q(x)&@xP(x)->@xP(x)))) M.P. 168, 169
(171) ((@x@xP(x)&Q(x)&@xP(x)->@xP(x))->(@x@xP(x)&Q(x)&@xP(x)->@xP(x)))->(((@x@xP(x)&Q(x)&@xP(x)->@xP(x))->((@x@xP(x)&Q(x)&@xP(x)->@xP(x))->(@x@xP(x)&Q(x)->(@x@xP(x)&Q(x)&@xP(x)->@xP(x)))))->((@x@xP(x)&Q(x)&@xP(x)->@xP(x))->(@x@xP(x)&Q(x)->(@x@xP(x)&Q(x)&@xP(x)->@xP(x))))) Сх. акс. 2
(172) ((@x@xP(x)&Q(x)&@xP(x)->@xP(x))->((@x@xP(x)&Q(x)&@xP(x)->@xP(x))->(@x@xP(x)&Q(x)->(@x@xP(x)&Q(x)&@xP(x)->@xP(x)))))->((@x@xP(x)&Q(x)&@xP(x)->@xP(x))->(@x@xP(x)&Q(x)->(@x@xP(x)&Q(x)&@xP(x)->@xP(x)))) M.P. 167, 171
(173) (@x@xP(x)&Q(x)&@xP(x)->@xP(x))->(@x@xP(x)&Q(x)->(@x@xP(x)&Q(x)&@xP(x)->@xP(x))) Сх. акс. 1
(174) (@x@xP(x)&Q(x)&@xP(x)->@xP(x))->(@xP(x)->(@x@xP(x)&Q(x)&@xP(x)->@xP(x))) Сх. акс. 1
(175) ((@x@xP(x)&Q(x)&@xP(x)->@xP(x))->(@xP(x)->(@x@xP(x)&Q(x)&@xP(x)->@xP(x))))->((@x@xP(x)&Q(x)&@xP(x)->@xP(x))->((@x@xP(x)&Q(x)&@xP(x)->@xP(x))->(@xP(x)->(@x@xP(x)&Q(x)&@xP(x)->@xP(x))))) Сх. акс. 1
(176) (@x@xP(x)&Q(x)&@xP(x)->@xP(x))->((@x@xP(x)&Q(x)&@xP(x)->@xP(x))->(@xP(x)->(@x@xP(x)&Q(x)&@xP(x)->@xP(x)))) M.P. 174, 175
(177) ((@x@xP(x)&Q(x)&@xP(x)->@xP(x))->(@xP(x)->(@x@xP(x)&Q(x)&@xP(x)->@xP(x))))->(@x@xP(x)&Q(x)->((@x@xP(x)&Q(x)&@xP(x)->@xP(x))->(@xP(x)->(@x@xP(x)&Q(x)&@xP(x)->@xP(x))))) Сх. акс. 1
(178) (((@x@xP(x)&Q(x)&@xP(x)->@xP(x))->(@xP(x)->(@x@xP(x)&Q(x)&@xP(x)->@xP(x))))->(@x@xP(x)&Q(x)->((@x@xP(x)&Q(x)&@xP(x)->@xP(x))->(@xP(x)->(@x@xP(x)&Q(x)&@xP(x)->@xP(x))))))->((@x@xP(x)&Q(x)&@xP(x)->@xP(x))->(((@x@xP(x)&Q(x)&@xP(x)->@xP(x))->(@xP(x)->(@x@xP(x)&Q(x)&@xP(x)->@xP(x))))->(@x@xP(x)&Q(x)->((@x@xP(x)&Q(x)&@xP(x)->@xP(x))->(@xP(x)->(@x@xP(x)&Q(x)&@xP(x)->@xP(x))))))) Сх. акс. 1
(179) (@x@xP(x)&Q(x)&@xP(x)->@xP(x))->(((@x@xP(x)&Q(x)&@xP(x)->@xP(x))->(@xP(x)->(@x@xP(x)&Q(x)&@xP(x)->@xP(x))))->(@x@xP(x)&Q(x)->((@x@xP(x)&Q(x)&@xP(x)->@xP(x))->(@xP(x)->(@x@xP(x)&Q(x)&@xP(x)->@xP(x)))))) M.P. 177, 178
(180) ((@x@xP(x)&Q(x)&@xP(x)->@xP(x))->((@x@xP(x)&Q(x)&@xP(x)->@xP(x))->(@xP(x)->(@x@xP(x)&Q(x)&@xP(x)->@xP(x)))))->(((@x@xP(x)&Q(x)&@xP(x)->@xP(x))->(((@x@xP(x)&Q(x)&@xP(x)->@xP(x))->(@xP(x)->(@x@xP(x)&Q(x)&@xP(x)->@xP(x))))->(@x@xP(x)&Q(x)->((@x@xP(x)&Q(x)&@xP(x)->@xP(x))->(@xP(x)->(@x@xP(x)&Q(x)&@xP(x)->@xP(x)))))))->((@x@xP(x)&Q(x)&@xP(x)->@xP(x))->(@x@xP(x)&Q(x)->((@x@xP(x)&Q(x)&@xP(x)->@xP(x))->(@xP(x)->(@x@xP(x)&Q(x)&@xP(x)->@xP(x))))))) Сх. акс. 2
(181) ((@x@xP(x)&Q(x)&@xP(x)->@xP(x))->(((@x@xP(x)&Q(x)&@xP(x)->@xP(x))->(@xP(x)->(@x@xP(x)&Q(x)&@xP(x)->@xP(x))))->(@x@xP(x)&Q(x)->((@x@xP(x)&Q(x)&@xP(x)->@xP(x))->(@xP(x)->(@x@xP(x)&Q(x)&@xP(x)->@xP(x)))))))->((@x@xP(x)&Q(x)&@xP(x)->@xP(x))->(@x@xP(x)&Q(x)->((@x@xP(x)&Q(x)&@xP(x)->@xP(x))->(@xP(x)->(@x@xP(x)&Q(x)&@xP(x)->@xP(x)))))) M.P. 176, 180
(182) (@x@xP(x)&Q(x)&@xP(x)->@xP(x))->(@x@xP(x)&Q(x)->((@x@xP(x)&Q(x)&@xP(x)->@xP(x))->(@xP(x)->(@x@xP(x)&Q(x)&@xP(x)->@xP(x))))) M.P. 179, 181
(183) (@x@xP(x)&Q(x)->(@x@xP(x)&Q(x)&@xP(x)->@xP(x)))->((@x@xP(x)&Q(x)->((@x@xP(x)&Q(x)&@xP(x)->@xP(x))->(@xP(x)->(@x@xP(x)&Q(x)&@xP(x)->@xP(x)))))->(@x@xP(x)&Q(x)->(@xP(x)->(@x@xP(x)&Q(x)&@xP(x)->@xP(x))))) Сх. акс. 2
(184) ((@x@xP(x)&Q(x)->(@x@xP(x)&Q(x)&@xP(x)->@xP(x)))->((@x@xP(x)&Q(x)->((@x@xP(x)&Q(x)&@xP(x)->@xP(x))->(@xP(x)->(@x@xP(x)&Q(x)&@xP(x)->@xP(x)))))->(@x@xP(x)&Q(x)->(@xP(x)->(@x@xP(x)&Q(x)&@xP(x)->@xP(x))))))->((@x@xP(x)&Q(x)&@xP(x)->@xP(x))->((@x@xP(x)&Q(x)->(@x@xP(x)&Q(x)&@xP(x)->@xP(x)))->((@x@xP(x)&Q(x)->((@x@xP(x)&Q(x)&@xP(x)->@xP(x))->(@xP(x)->(@x@xP(x)&Q(x)&@xP(x)->@xP(x)))))->(@x@xP(x)&Q(x)->(@xP(x)->(@x@xP(x)&Q(x)&@xP(x)->@xP(x))))))) Сх. акс. 1
(185) (@x@xP(x)&Q(x)&@xP(x)->@xP(x))->((@x@xP(x)&Q(x)->(@x@xP(x)&Q(x)&@xP(x)->@xP(x)))->((@x@xP(x)&Q(x)->((@x@xP(x)&Q(x)&@xP(x)->@xP(x))->(@xP(x)->(@x@xP(x)&Q(x)&@xP(x)->@xP(x)))))->(@x@xP(x)&Q(x)->(@xP(x)->(@x@xP(x)&Q(x)&@xP(x)->@xP(x)))))) M.P. 183, 184
(186) ((@x@xP(x)&Q(x)&@xP(x)->@xP(x))->(@x@xP(x)&Q(x)->(@x@xP(x)&Q(x)&@xP(x)->@xP(x))))->(((@x@xP(x)&Q(x)&@xP(x)->@xP(x))->((@x@xP(x)&Q(x)->(@x@xP(x)&Q(x)&@xP(x)->@xP(x)))->((@x@xP(x)&Q(x)->((@x@xP(x)&Q(x)&@xP(x)->@xP(x))->(@xP(x)->(@x@xP(x)&Q(x)&@xP(x)->@xP(x)))))->(@x@xP(x)&Q(x)->(@xP(x)->(@x@xP(x)&Q(x)&@xP(x)->@xP(x)))))))->((@x@xP(x)&Q(x)&@xP(x)->@xP(x))->((@x@xP(x)&Q(x)->((@x@xP(x)&Q(x)&@xP(x)->@xP(x))->(@xP(x)->(@x@xP(x)&Q(x)&@xP(x)->@xP(x)))))->(@x@xP(x)&Q(x)->(@xP(x)->(@x@xP(x)&Q(x)&@xP(x)->@xP(x))))))) Сх. акс. 2
(187) ((@x@xP(x)&Q(x)&@xP(x)->@xP(x))->((@x@xP(x)&Q(x)->(@x@xP(x)&Q(x)&@xP(x)->@xP(x)))->((@x@xP(x)&Q(x)->((@x@xP(x)&Q(x)&@xP(x)->@xP(x))->(@xP(x)->(@x@xP(x)&Q(x)&@xP(x)->@xP(x)))))->(@x@xP(x)&Q(x)->(@xP(x)->(@x@xP(x)&Q(x)&@xP(x)->@xP(x)))))))->((@x@xP(x)&Q(x)&@xP(x)->@xP(x))->((@x@xP(x)&Q(x)->((@x@xP(x)&Q(x)&@xP(x)->@xP(x))->(@xP(x)->(@x@xP(x)&Q(x)&@xP(x)->@xP(x)))))->(@x@xP(x)&Q(x)->(@xP(x)->(@x@xP(x)&Q(x)&@xP(x)->@xP(x)))))) M.P. 168, 186
(188) (@x@xP(x)&Q(x)&@xP(x)->@xP(x))->((@x@xP(x)&Q(x)->((@x@xP(x)&Q(x)&@xP(x)->@xP(x))->(@xP(x)->(@x@xP(x)&Q(x)&@xP(x)->@xP(x)))))->(@x@xP(x)&Q(x)->(@xP(x)->(@x@xP(x)&Q(x)&@xP(x)->@xP(x))))) M.P. 185, 187
(189) ((@x@xP(x)&Q(x)&@xP(x)->@xP(x))->(@x@xP(x)&Q(x)->((@x@xP(x)&Q(x)&@xP(x)->@xP(x))->(@xP(x)->(@x@xP(x)&Q(x)&@xP(x)->@xP(x))))))->(((@x@xP(x)&Q(x)&@xP(x)->@xP(x))->((@x@xP(x)&Q(x)->((@x@xP(x)&Q(x)&@xP(x)->@xP(x))->(@xP(x)->(@x@xP(x)&Q(x)&@xP(x)->@xP(x)))))->(@x@xP(x)&Q(x)->(@xP(x)->(@x@xP(x)&Q(x)&@xP(x)->@xP(x))))))->((@x@xP(x)&Q(x)&@xP(x)->@xP(x))->(@x@xP(x)&Q(x)->(@xP(x)->(@x@xP(x)&Q(x)&@xP(x)->@xP(x)))))) Сх. акс. 2
(190) ((@x@xP(x)&Q(x)&@xP(x)->@xP(x))->((@x@xP(x)&Q(x)->((@x@xP(x)&Q(x)&@xP(x)->@xP(x))->(@xP(x)->(@x@xP(x)&Q(x)&@xP(x)->@xP(x)))))->(@x@xP(x)&Q(x)->(@xP(x)->(@x@xP(x)&Q(x)&@xP(x)->@xP(x))))))->((@x@xP(x)&Q(x)&@xP(x)->@xP(x))->(@x@xP(x)&Q(x)->(@xP(x)->(@x@xP(x)&Q(x)&@xP(x)->@xP(x))))) M.P. 182, 189
(191) (@x@xP(x)&Q(x)&@xP(x)->@xP(x))->(@x@xP(x)&Q(x)->(@xP(x)->(@x@xP(x)&Q(x)&@xP(x)->@xP(x)))) M.P. 188, 190
(192) (@xP(x)->@x@xP(x)&Q(x)&@xP(x))->((@xP(x)->(@x@xP(x)&Q(x)&@xP(x)->@xP(x)))->(@xP(x)->@xP(x))) Сх. акс. 2
(193) ((@xP(x)->@x@xP(x)&Q(x)&@xP(x))->((@xP(x)->(@x@xP(x)&Q(x)&@xP(x)->@xP(x)))->(@xP(x)->@xP(x))))->((@x@xP(x)&Q(x)&@xP(x)->@xP(x))->((@xP(x)->@x@xP(x)&Q(x)&@xP(x))->((@xP(x)->(@x@xP(x)&Q(x)&@xP(x)->@xP(x)))->(@xP(x)->@xP(x))))) Сх. акс. 1
(194) (@x@xP(x)&Q(x)&@xP(x)->@xP(x))->((@xP(x)->@x@xP(x)&Q(x)&@xP(x))->((@xP(x)->(@x@xP(x)&Q(x)&@xP(x)->@xP(x)))->(@xP(x)->@xP(x)))) M.P. 192, 193
(195) ((@xP(x)->@x@xP(x)&Q(x)&@xP(x))->((@xP(x)->(@x@xP(x)&Q(x)&@xP(x)->@xP(x)))->(@xP(x)->@xP(x))))->(@x@xP(x)&Q(x)->((@xP(x)->@x@xP(x)&Q(x)&@xP(x))->((@xP(x)->(@x@xP(x)&Q(x)&@xP(x)->@xP(x)))->(@xP(x)->@xP(x))))) Сх. акс. 1
(196) (((@xP(x)->@x@xP(x)&Q(x)&@xP(x))->((@xP(x)->(@x@xP(x)&Q(x)&@xP(x)->@xP(x)))->(@xP(x)->@xP(x))))->(@x@xP(x)&Q(x)->((@xP(x)->@x@xP(x)&Q(x)&@xP(x))->((@xP(x)->(@x@xP(x)&Q(x)&@xP(x)->@xP(x)))->(@xP(x)->@xP(x))))))->((@x@xP(x)&Q(x)&@xP(x)->@xP(x))->(((@xP(x)->@x@xP(x)&Q(x)&@xP(x))->((@xP(x)->(@x@xP(x)&Q(x)&@xP(x)->@xP(x)))->(@xP(x)->@xP(x))))->(@x@xP(x)&Q(x)->((@xP(x)->@x@xP(x)&Q(x)&@xP(x))->((@xP(x)->(@x@xP(x)&Q(x)&@xP(x)->@xP(x)))->(@xP(x)->@xP(x))))))) Сх. акс. 1
(197) (@x@xP(x)&Q(x)&@xP(x)->@xP(x))->(((@xP(x)->@x@xP(x)&Q(x)&@xP(x))->((@xP(x)->(@x@xP(x)&Q(x)&@xP(x)->@xP(x)))->(@xP(x)->@xP(x))))->(@x@xP(x)&Q(x)->((@xP(x)->@x@xP(x)&Q(x)&@xP(x))->((@xP(x)->(@x@xP(x)&Q(x)&@xP(x)->@xP(x)))->(@xP(x)->@xP(x)))))) M.P. 195, 196
(198) ((@x@xP(x)&Q(x)&@xP(x)->@xP(x))->((@xP(x)->@x@xP(x)&Q(x)&@xP(x))->((@xP(x)->(@x@xP(x)&Q(x)&@xP(x)->@xP(x)))->(@xP(x)->@xP(x)))))->(((@x@xP(x)&Q(x)&@xP(x)->@xP(x))->(((@xP(x)->@x@xP(x)&Q(x)&@xP(x))->((@xP(x)->(@x@xP(x)&Q(x)&@xP(x)->@xP(x)))->(@xP(x)->@xP(x))))->(@x@xP(x)&Q(x)->((@xP(x)->@x@xP(x)&Q(x)&@xP(x))->((@xP(x)->(@x@xP(x)&Q(x)&@xP(x)->@xP(x)))->(@xP(x)->@xP(x)))))))->((@x@xP(x)&Q(x)&@xP(x)->@xP(x))->(@x@xP(x)&Q(x)->((@xP(x)->@x@xP(x)&Q(x)&@xP(x))->((@xP(x)->(@x@xP(x)&Q(x)&@xP(x)->@xP(x)))->(@xP(x)->@xP(x))))))) Сх. акс. 2
(199) ((@x@xP(x)&Q(x)&@xP(x)->@xP(x))->(((@xP(x)->@x@xP(x)&Q(x)&@xP(x))->((@xP(x)->(@x@xP(x)&Q(x)&@xP(x)->@xP(x)))->(@xP(x)->@xP(x))))->(@x@xP(x)&Q(x)->((@xP(x)->@x@xP(x)&Q(x)&@xP(x))->((@xP(x)->(@x@xP(x)&Q(x)&@xP(x)->@xP(x)))->(@xP(x)->@xP(x)))))))->((@x@xP(x)&Q(x)&@xP(x)->@xP(x))->(@x@xP(x)&Q(x)->((@xP(x)->@x@xP(x)&Q(x)&@xP(x))->((@xP(x)->(@x@xP(x)&Q(x)&@xP(x)->@xP(x)))->(@xP(x)->@xP(x)))))) M.P. 194, 198
(200) (@x@xP(x)&Q(x)&@xP(x)->@xP(x))->(@x@xP(x)&Q(x)->((@xP(x)->@x@xP(x)&Q(x)&@xP(x))->((@xP(x)->(@x@xP(x)&Q(x)&@xP(x)->@xP(x)))->(@xP(x)->@xP(x))))) M.P. 197, 199
(201) (@x@xP(x)&Q(x)->(@xP(x)->@x@xP(x)&Q(x)&@xP(x)))->((@x@xP(x)&Q(x)->((@xP(x)->@x@xP(x)&Q(x)&@xP(x))->((@xP(x)->(@x@xP(x)&Q(x)&@xP(x)->@xP(x)))->(@xP(x)->@xP(x)))))->(@x@xP(x)&Q(x)->((@xP(x)->(@x@xP(x)&Q(x)&@xP(x)->@xP(x)))->(@xP(x)->@xP(x))))) Сх. акс. 2
(202) ((@x@xP(x)&Q(x)->(@xP(x)->@x@xP(x)&Q(x)&@xP(x)))->((@x@xP(x)&Q(x)->((@xP(x)->@x@xP(x)&Q(x)&@xP(x))->((@xP(x)->(@x@xP(x)&Q(x)&@xP(x)->@xP(x)))->(@xP(x)->@xP(x)))))->(@x@xP(x)&Q(x)->((@xP(x)->(@x@xP(x)&Q(x)&@xP(x)->@xP(x)))->(@xP(x)->@xP(x))))))->((@x@xP(x)&Q(x)&@xP(x)->@xP(x))->((@x@xP(x)&Q(x)->(@xP(x)->@x@xP(x)&Q(x)&@xP(x)))->((@x@xP(x)&Q(x)->((@xP(x)->@x@xP(x)&Q(x)&@xP(x))->((@xP(x)->(@x@xP(x)&Q(x)&@xP(x)->@xP(x)))->(@xP(x)->@xP(x)))))->(@x@xP(x)&Q(x)->((@xP(x)->(@x@xP(x)&Q(x)&@xP(x)->@xP(x)))->(@xP(x)->@xP(x))))))) Сх. акс. 1
(203) (@x@xP(x)&Q(x)&@xP(x)->@xP(x))->((@x@xP(x)&Q(x)->(@xP(x)->@x@xP(x)&Q(x)&@xP(x)))->((@x@xP(x)&Q(x)->((@xP(x)->@x@xP(x)&Q(x)&@xP(x))->((@xP(x)->(@x@xP(x)&Q(x)&@xP(x)->@xP(x)))->(@xP(x)->@xP(x)))))->(@x@xP(x)&Q(x)->((@xP(x)->(@x@xP(x)&Q(x)&@xP(x)->@xP(x)))->(@xP(x)->@xP(x)))))) M.P. 201, 202
(204) ((@x@xP(x)&Q(x)&@xP(x)->@xP(x))->(@x@xP(x)&Q(x)->(@xP(x)->@x@xP(x)&Q(x)&@xP(x))))->(((@x@xP(x)&Q(x)&@xP(x)->@xP(x))->((@x@xP(x)&Q(x)->(@xP(x)->@x@xP(x)&Q(x)&@xP(x)))->((@x@xP(x)&Q(x)->((@xP(x)->@x@xP(x)&Q(x)&@xP(x))->((@xP(x)->(@x@xP(x)&Q(x)&@xP(x)->@xP(x)))->(@xP(x)->@xP(x)))))->(@x@xP(x)&Q(x)->((@xP(x)->(@x@xP(x)&Q(x)&@xP(x)->@xP(x)))->(@xP(x)->@xP(x)))))))->((@x@xP(x)&Q(x)&@xP(x)->@xP(x))->((@x@xP(x)&Q(x)->((@xP(x)->@x@xP(x)&Q(x)&@xP(x))->((@xP(x)->(@x@xP(x)&Q(x)&@xP(x)->@xP(x)))->(@xP(x)->@xP(x)))))->(@x@xP(x)&Q(x)->((@xP(x)->(@x@xP(x)&Q(x)&@xP(x)->@xP(x)))->(@xP(x)->@xP(x))))))) Сх. акс. 2
(205) ((@x@xP(x)&Q(x)&@xP(x)->@xP(x))->((@x@xP(x)&Q(x)->(@xP(x)->@x@xP(x)&Q(x)&@xP(x)))->((@x@xP(x)&Q(x)->((@xP(x)->@x@xP(x)&Q(x)&@xP(x))->((@xP(x)->(@x@xP(x)&Q(x)&@xP(x)->@xP(x)))->(@xP(x)->@xP(x)))))->(@x@xP(x)&Q(x)->((@xP(x)->(@x@xP(x)&Q(x)&@xP(x)->@xP(x)))->(@xP(x)->@xP(x)))))))->((@x@xP(x)&Q(x)&@xP(x)->@xP(x))->((@x@xP(x)&Q(x)->((@xP(x)->@x@xP(x)&Q(x)&@xP(x))->((@xP(x)->(@x@xP(x)&Q(x)&@xP(x)->@xP(x)))->(@xP(x)->@xP(x)))))->(@x@xP(x)&Q(x)->((@xP(x)->(@x@xP(x)&Q(x)&@xP(x)->@xP(x)))->(@xP(x)->@xP(x)))))) M.P. 84, 204
(206) (@x@xP(x)&Q(x)&@xP(x)->@xP(x))->((@x@xP(x)&Q(x)->((@xP(x)->@x@xP(x)&Q(x)&@xP(x))->((@xP(x)->(@x@xP(x)&Q(x)&@xP(x)->@xP(x)))->(@xP(x)->@xP(x)))))->(@x@xP(x)&Q(x)->((@xP(x)->(@x@xP(x)&Q(x)&@xP(x)->@xP(x)))->(@xP(x)->@xP(x))))) M.P. 203, 205
(207) ((@x@xP(x)&Q(x)&@xP(x)->@xP(x))->(@x@xP(x)&Q(x)->((@xP(x)->@x@xP(x)&Q(x)&@xP(x))->((@xP(x)->(@x@xP(x)&Q(x)&@xP(x)->@xP(x)))->(@xP(x)->@xP(x))))))->(((@x@xP(x)&Q(x)&@xP(x)->@xP(x))->((@x@xP(x)&Q(x)->((@xP(x)->@x@xP(x)&Q(x)&@xP(x))->((@xP(x)->(@x@xP(x)&Q(x)&@xP(x)->@xP(x)))->(@xP(x)->@xP(x)))))->(@x@xP(x)&Q(x)->((@xP(x)->(@x@xP(x)&Q(x)&@xP(x)->@xP(x)))->(@xP(x)->@xP(x))))))->((@x@xP(x)&Q(x)&@xP(x)->@xP(x))->(@x@xP(x)&Q(x)->((@xP(x)->(@x@xP(x)&Q(x)&@xP(x)->@xP(x)))->(@xP(x)->@xP(x)))))) Сх. акс. 2
(208) ((@x@xP(x)&Q(x)&@xP(x)->@xP(x))->((@x@xP(x)&Q(x)->((@xP(x)->@x@xP(x)&Q(x)&@xP(x))->((@xP(x)->(@x@xP(x)&Q(x)&@xP(x)->@xP(x)))->(@xP(x)->@xP(x)))))->(@x@xP(x)&Q(x)->((@xP(x)->(@x@xP(x)&Q(x)&@xP(x)->@xP(x)))->(@xP(x)->@xP(x))))))->((@x@xP(x)&Q(x)&@xP(x)->@xP(x))->(@x@xP(x)&Q(x)->((@xP(x)->(@x@xP(x)&Q(x)&@xP(x)->@xP(x)))->(@xP(x)->@xP(x))))) M.P. 200, 207
(209) (@x@xP(x)&Q(x)&@xP(x)->@xP(x))->(@x@xP(x)&Q(x)->((@xP(x)->(@x@xP(x)&Q(x)&@xP(x)->@xP(x)))->(@xP(x)->@xP(x)))) M.P. 206, 208
(210) (@x@xP(x)&Q(x)->(@xP(x)->(@x@xP(x)&Q(x)&@xP(x)->@xP(x))))->((@x@xP(x)&Q(x)->((@xP(x)->(@x@xP(x)&Q(x)&@xP(x)->@xP(x)))->(@xP(x)->@xP(x))))->(@x@xP(x)&Q(x)->(@xP(x)->@xP(x)))) Сх. акс. 2
(211) ((@x@xP(x)&Q(x)->(@xP(x)->(@x@xP(x)&Q(x)&@xP(x)->@xP(x))))->((@x@xP(x)&Q(x)->((@xP(x)->(@x@xP(x)&Q(x)&@xP(x)->@xP(x)))->(@xP(x)->@xP(x))))->(@x@xP(x)&Q(x)->(@xP(x)->@xP(x)))))->((@x@xP(x)&Q(x)&@xP(x)->@xP(x))->((@x@xP(x)&Q(x)->(@xP(x)->(@x@xP(x)&Q(x)&@xP(x)->@xP(x))))->((@x@xP(x)&Q(x)->((@xP(x)->(@x@xP(x)&Q(x)&@xP(x)->@xP(x)))->(@xP(x)->@xP(x))))->(@x@xP(x)&Q(x)->(@xP(x)->@xP(x)))))) Сх. акс. 1
(212) (@x@xP(x)&Q(x)&@xP(x)->@xP(x))->((@x@xP(x)&Q(x)->(@xP(x)->(@x@xP(x)&Q(x)&@xP(x)->@xP(x))))->((@x@xP(x)&Q(x)->((@xP(x)->(@x@xP(x)&Q(x)&@xP(x)->@xP(x)))->(@xP(x)->@xP(x))))->(@x@xP(x)&Q(x)->(@xP(x)->@xP(x))))) M.P. 210, 211
(213) ((@x@xP(x)&Q(x)&@xP(x)->@xP(x))->(@x@xP(x)&Q(x)->(@xP(x)->(@x@xP(x)&Q(x)&@xP(x)->@xP(x)))))->(((@x@xP(x)&Q(x)&@xP(x)->@xP(x))->((@x@xP(x)&Q(x)->(@xP(x)->(@x@xP(x)&Q(x)&@xP(x)->@xP(x))))->((@x@xP(x)&Q(x)->((@xP(x)->(@x@xP(x)&Q(x)&@xP(x)->@xP(x)))->(@xP(x)->@xP(x))))->(@x@xP(x)&Q(x)->(@xP(x)->@xP(x))))))->((@x@xP(x)&Q(x)&@xP(x)->@xP(x))->((@x@xP(x)&Q(x)->((@xP(x)->(@x@xP(x)&Q(x)&@xP(x)->@xP(x)))->(@xP(x)->@xP(x))))->(@x@xP(x)&Q(x)->(@xP(x)->@xP(x)))))) Сх. акс. 2
(214) ((@x@xP(x)&Q(x)&@xP(x)->@xP(x))->((@x@xP(x)&Q(x)->(@xP(x)->(@x@xP(x)&Q(x)&@xP(x)->@xP(x))))->((@x@xP(x)&Q(x)->((@xP(x)->(@x@xP(x)&Q(x)&@xP(x)->@xP(x)))->(@xP(x)->@xP(x))))->(@x@xP(x)&Q(x)->(@xP(x)->@xP(x))))))->((@x@xP(x)&Q(x)&@xP(x)->@xP(x))->((@x@xP(x)&Q(x)->((@xP(x)->(@x@xP(x)&Q(x)&@xP(x)->@xP(x)))->(@xP(x)->@xP(x))))->(@x@xP(x)&Q(x)->(@xP(x)->@xP(x))))) M.P. 191, 213
(215) (@x@xP(x)&Q(x)&@xP(x)->@xP(x))->((@x@xP(x)&Q(x)->((@xP(x)->(@x@xP(x)&Q(x)&@xP(x)->@xP(x)))->(@xP(x)->@xP(x))))->(@x@xP(x)&Q(x)->(@xP(x)->@xP(x)))) M.P. 212, 214
(216) ((@x@xP(x)&Q(x)&@xP(x)->@xP(x))->(@x@xP(x)&Q(x)->((@xP(x)->(@x@xP(x)&Q(x)&@xP(x)->@xP(x)))->(@xP(x)->@xP(x)))))->(((@x@xP(x)&Q(x)&@xP(x)->@xP(x))->((@x@xP(x)&Q(x)->((@xP(x)->(@x@xP(x)&Q(x)&@xP(x)->@xP(x)))->(@xP(x)->@xP(x))))->(@x@xP(x)&Q(x)->(@xP(x)->@xP(x)))))->((@x@xP(x)&Q(x)&@xP(x)->@xP(x))->(@x@xP(x)&Q(x)->(@xP(x)->@xP(x))))) Сх. акс. 2
(217) ((@x@xP(x)&Q(x)&@xP(x)->@xP(x))->((@x@xP(x)&Q(x)->((@xP(x)->(@x@xP(x)&Q(x)&@xP(x)->@xP(x)))->(@xP(x)->@xP(x))))->(@x@xP(x)&Q(x)->(@xP(x)->@xP(x)))))->((@x@xP(x)&Q(x)&@xP(x)->@xP(x))->(@x@xP(x)&Q(x)->(@xP(x)->@xP(x)))) M.P. 209, 216
(218) (@x@xP(x)&Q(x)&@xP(x)->@xP(x))->(@x@xP(x)&Q(x)->(@xP(x)->@xP(x))) M.P. 215, 217
(219) @x@xP(x)&Q(x)&@xP(x)->@x@xP(x)&Q(x) Сх. акс. 4
(220) (@x@xP(x)&Q(x)&@xP(x)->@x@xP(x)&Q(x))->((@x@xP(x)&Q(x)->(@xP(x)->P(x)))->(@x@xP(x)&Q(x)&@xP(x)->@x@xP(x)&Q(x))) Сх. акс. 1
(221) (@x@xP(x)&Q(x)->(@xP(x)->P(x)))->(@x@xP(x)&Q(x)&@xP(x)->@x@xP(x)&Q(x)) M.P. 219, 220
(222) (@x@xP(x)&Q(x)&@xP(x)->@x@xP(x)&Q(x))->(@x@xP(x)&Q(x)&@xP(x)->(@x@xP(x)&Q(x)&@xP(x)->@x@xP(x)&Q(x))) Сх. акс. 1
(223) ((@x@xP(x)&Q(x)&@xP(x)->@x@xP(x)&Q(x))->(@x@xP(x)&Q(x)&@xP(x)->(@x@xP(x)&Q(x)&@xP(x)->@x@xP(x)&Q(x))))->((@x@xP(x)&Q(x)->(@xP(x)->P(x)))->((@x@xP(x)&Q(x)&@xP(x)->@x@xP(x)&Q(x))->(@x@xP(x)&Q(x)&@xP(x)->(@x@xP(x)&Q(x)&@xP(x)->@x@xP(x)&Q(x))))) Сх. акс. 1
(224) (@x@xP(x)&Q(x)->(@xP(x)->P(x)))->((@x@xP(x)&Q(x)&@xP(x)->@x@xP(x)&Q(x))->(@x@xP(x)&Q(x)&@xP(x)->(@x@xP(x)&Q(x)&@xP(x)->@x@xP(x)&Q(x)))) M.P. 222, 223
(225) ((@x@xP(x)&Q(x)->(@xP(x)->P(x)))->(@x@xP(x)&Q(x)&@xP(x)->@x@xP(x)&Q(x)))->(((@x@xP(x)&Q(x)->(@xP(x)->P(x)))->((@x@xP(x)&Q(x)&@xP(x)->@x@xP(x)&Q(x))->(@x@xP(x)&Q(x)&@xP(x)->(@x@xP(x)&Q(x)&@xP(x)->@x@xP(x)&Q(x)))))->((@x@xP(x)&Q(x)->(@xP(x)->P(x)))->(@x@xP(x)&Q(x)&@xP(x)->(@x@xP(x)&Q(x)&@xP(x)->@x@xP(x)&Q(x))))) Сх. акс. 2
(226) ((@x@xP(x)&Q(x)->(@xP(x)->P(x)))->((@x@xP(x)&Q(x)&@xP(x)->@x@xP(x)&Q(x))->(@x@xP(x)&Q(x)&@xP(x)->(@x@xP(x)&Q(x)&@xP(x)->@x@xP(x)&Q(x)))))->((@x@xP(x)&Q(x)->(@xP(x)->P(x)))->(@x@xP(x)&Q(x)&@xP(x)->(@x@xP(x)&Q(x)&@xP(x)->@x@xP(x)&Q(x)))) M.P. 221, 225
(227) (@x@xP(x)&Q(x)->(@xP(x)->P(x)))->(@x@xP(x)&Q(x)&@xP(x)->(@x@xP(x)&Q(x)&@xP(x)->@x@xP(x)&Q(x))) M.P. 224, 226
(228) @x@xP(x)&Q(x)&@xP(x)->(@x@xP(x)&Q(x)&@xP(x)->@x@xP(x)&Q(x)&@xP(x)) Сх. акс. 1
(229) (@x@xP(x)&Q(x)&@xP(x)->(@x@xP(x)&Q(x)&@xP(x)->@x@xP(x)&Q(x)&@xP(x)))->((@x@xP(x)&Q(x)->(@xP(x)->P(x)))->(@x@xP(x)&Q(x)&@xP(x)->(@x@xP(x)&Q(x)&@xP(x)->@x@xP(x)&Q(x)&@xP(x)))) Сх. акс. 1
(230) (@x@xP(x)&Q(x)->(@xP(x)->P(x)))->(@x@xP(x)&Q(x)&@xP(x)->(@x@xP(x)&Q(x)&@xP(x)->@x@xP(x)&Q(x)&@xP(x))) M.P. 228, 229
(231) (@x@xP(x)&Q(x)&@xP(x)->(@x@xP(x)&Q(x)&@xP(x)->@x@xP(x)&Q(x)&@xP(x)))->((@x@xP(x)&Q(x)&@xP(x)->((@x@xP(x)&Q(x)&@xP(x)->@x@xP(x)&Q(x)&@xP(x))->@x@xP(x)&Q(x)&@xP(x)))->(@x@xP(x)&Q(x)&@xP(x)->@x@xP(x)&Q(x)&@xP(x))) Сх. акс. 2
(232) ((@x@xP(x)&Q(x)&@xP(x)->(@x@xP(x)&Q(x)&@xP(x)->@x@xP(x)&Q(x)&@xP(x)))->((@x@xP(x)&Q(x)&@xP(x)->((@x@xP(x)&Q(x)&@xP(x)->@x@xP(x)&Q(x)&@xP(x))->@x@xP(x)&Q(x)&@xP(x)))->(@x@xP(x)&Q(x)&@xP(x)->@x@xP(x)&Q(x)&@xP(x))))->((@x@xP(x)&Q(x)->(@xP(x)->P(x)))->((@x@xP(x)&Q(x)&@xP(x)->(@x@xP(x)&Q(x)&@xP(x)->@x@xP(x)&Q(x)&@xP(x)))->((@x@xP(x)&Q(x)&@xP(x)->((@x@xP(x)&Q(x)&@xP(x)->@x@xP(x)&Q(x)&@xP(x))->@x@xP(x)&Q(x)&@xP(x)))->(@x@xP(x)&Q(x)&@xP(x)->@x@xP(x)&Q(x)&@xP(x))))) Сх. акс. 1
(233) (@x@xP(x)&Q(x)->(@xP(x)->P(x)))->((@x@xP(x)&Q(x)&@xP(x)->(@x@xP(x)&Q(x)&@xP(x)->@x@xP(x)&Q(x)&@xP(x)))->((@x@xP(x)&Q(x)&@xP(x)->((@x@xP(x)&Q(x)&@xP(x)->@x@xP(x)&Q(x)&@xP(x))->@x@xP(x)&Q(x)&@xP(x)))->(@x@xP(x)&Q(x)&@xP(x)->@x@xP(x)&Q(x)&@xP(x)))) M.P. 231, 232
(234) ((@x@xP(x)&Q(x)->(@xP(x)->P(x)))->(@x@xP(x)&Q(x)&@xP(x)->(@x@xP(x)&Q(x)&@xP(x)->@x@xP(x)&Q(x)&@xP(x))))->(((@x@xP(x)&Q(x)->(@xP(x)->P(x)))->((@x@xP(x)&Q(x)&@xP(x)->(@x@xP(x)&Q(x)&@xP(x)->@x@xP(x)&Q(x)&@xP(x)))->((@x@xP(x)&Q(x)&@xP(x)->((@x@xP(x)&Q(x)&@xP(x)->@x@xP(x)&Q(x)&@xP(x))->@x@xP(x)&Q(x)&@xP(x)))->(@x@xP(x)&Q(x)&@xP(x)->@x@xP(x)&Q(x)&@xP(x)))))->((@x@xP(x)&Q(x)->(@xP(x)->P(x)))->((@x@xP(x)&Q(x)&@xP(x)->((@x@xP(x)&Q(x)&@xP(x)->@x@xP(x)&Q(x)&@xP(x))->@x@xP(x)&Q(x)&@xP(x)))->(@x@xP(x)&Q(x)&@xP(x)->@x@xP(x)&Q(x)&@xP(x))))) Сх. акс. 2
(235) ((@x@xP(x)&Q(x)->(@xP(x)->P(x)))->((@x@xP(x)&Q(x)&@xP(x)->(@x@xP(x)&Q(x)&@xP(x)->@x@xP(x)&Q(x)&@xP(x)))->((@x@xP(x)&Q(x)&@xP(x)->((@x@xP(x)&Q(x)&@xP(x)->@x@xP(x)&Q(x)&@xP(x))->@x@xP(x)&Q(x)&@xP(x)))->(@x@xP(x)&Q(x)&@xP(x)->@x@xP(x)&Q(x)&@xP(x)))))->((@x@xP(x)&Q(x)->(@xP(x)->P(x)))->((@x@xP(x)&Q(x)&@xP(x)->((@x@xP(x)&Q(x)&@xP(x)->@x@xP(x)&Q(x)&@xP(x))->@x@xP(x)&Q(x)&@xP(x)))->(@x@xP(x)&Q(x)&@xP(x)->@x@xP(x)&Q(x)&@xP(x)))) M.P. 230, 234
(236) (@x@xP(x)&Q(x)->(@xP(x)->P(x)))->((@x@xP(x)&Q(x)&@xP(x)->((@x@xP(x)&Q(x)&@xP(x)->@x@xP(x)&Q(x)&@xP(x))->@x@xP(x)&Q(x)&@xP(x)))->(@x@xP(x)&Q(x)&@xP(x)->@x@xP(x)&Q(x)&@xP(x))) M.P. 233, 235
(237) @x@xP(x)&Q(x)&@xP(x)->((@x@xP(x)&Q(x)&@xP(x)->@x@xP(x)&Q(x)&@xP(x))->@x@xP(x)&Q(x)&@xP(x)) Сх. акс. 1
(238) (@x@xP(x)&Q(x)&@xP(x)->((@x@xP(x)&Q(x)&@xP(x)->@x@xP(x)&Q(x)&@xP(x))->@x@xP(x)&Q(x)&@xP(x)))->((@x@xP(x)&Q(x)->(@xP(x)->P(x)))->(@x@xP(x)&Q(x)&@xP(x)->((@x@xP(x)&Q(x)&@xP(x)->@x@xP(x)&Q(x)&@xP(x))->@x@xP(x)&Q(x)&@xP(x)))) Сх. акс. 1
(239) (@x@xP(x)&Q(x)->(@xP(x)->P(x)))->(@x@xP(x)&Q(x)&@xP(x)->((@x@xP(x)&Q(x)&@xP(x)->@x@xP(x)&Q(x)&@xP(x))->@x@xP(x)&Q(x)&@xP(x))) M.P. 237, 238
(240) ((@x@xP(x)&Q(x)->(@xP(x)->P(x)))->(@x@xP(x)&Q(x)&@xP(x)->((@x@xP(x)&Q(x)&@xP(x)->@x@xP(x)&Q(x)&@xP(x))->@x@xP(x)&Q(x)&@xP(x))))->(((@x@xP(x)&Q(x)->(@xP(x)->P(x)))->((@x@xP(x)&Q(x)&@xP(x)->((@x@xP(x)&Q(x)&@xP(x)->@x@xP(x)&Q(x)&@xP(x))->@x@xP(x)&Q(x)&@xP(x)))->(@x@xP(x)&Q(x)&@xP(x)->@x@xP(x)&Q(x)&@xP(x))))->((@x@xP(x)&Q(x)->(@xP(x)->P(x)))->(@x@xP(x)&Q(x)&@xP(x)->@x@xP(x)&Q(x)&@xP(x)))) Сх. акс. 2
(241) ((@x@xP(x)&Q(x)->(@xP(x)->P(x)))->((@x@xP(x)&Q(x)&@xP(x)->((@x@xP(x)&Q(x)&@xP(x)->@x@xP(x)&Q(x)&@xP(x))->@x@xP(x)&Q(x)&@xP(x)))->(@x@xP(x)&Q(x)&@xP(x)->@x@xP(x)&Q(x)&@xP(x))))->((@x@xP(x)&Q(x)->(@xP(x)->P(x)))->(@x@xP(x)&Q(x)&@xP(x)->@x@xP(x)&Q(x)&@xP(x))) M.P. 239, 240
(242) (@x@xP(x)&Q(x)->(@xP(x)->P(x)))->(@x@xP(x)&Q(x)&@xP(x)->@x@xP(x)&Q(x)&@xP(x)) M.P. 236, 241
(243) (@x@xP(x)&Q(x)&@xP(x)->@x@xP(x)&Q(x)&@xP(x))->((@x@xP(x)&Q(x)&@xP(x)->(@x@xP(x)&Q(x)&@xP(x)->@x@xP(x)&Q(x)))->(@x@xP(x)&Q(x)&@xP(x)->@x@xP(x)&Q(x))) Сх. акс. 2
(244) ((@x@xP(x)&Q(x)&@xP(x)->@x@xP(x)&Q(x)&@xP(x))->((@x@xP(x)&Q(x)&@xP(x)->(@x@xP(x)&Q(x)&@xP(x)->@x@xP(x)&Q(x)))->(@x@xP(x)&Q(x)&@xP(x)->@x@xP(x)&Q(x))))->((@x@xP(x)&Q(x)->(@xP(x)->P(x)))->((@x@xP(x)&Q(x)&@xP(x)->@x@xP(x)&Q(x)&@xP(x))->((@x@xP(x)&Q(x)&@xP(x)->(@x@xP(x)&Q(x)&@xP(x)->@x@xP(x)&Q(x)))->(@x@xP(x)&Q(x)&@xP(x)->@x@xP(x)&Q(x))))) Сх. акс. 1
(245) (@x@xP(x)&Q(x)->(@xP(x)->P(x)))->((@x@xP(x)&Q(x)&@xP(x)->@x@xP(x)&Q(x)&@xP(x))->((@x@xP(x)&Q(x)&@xP(x)->(@x@xP(x)&Q(x)&@xP(x)->@x@xP(x)&Q(x)))->(@x@xP(x)&Q(x)&@xP(x)->@x@xP(x)&Q(x)))) M.P. 243, 244
(246) ((@x@xP(x)&Q(x)->(@xP(x)->P(x)))->(@x@xP(x)&Q(x)&@xP(x)->@x@xP(x)&Q(x)&@xP(x)))->(((@x@xP(x)&Q(x)->(@xP(x)->P(x)))->((@x@xP(x)&Q(x)&@xP(x)->@x@xP(x)&Q(x)&@xP(x))->((@x@xP(x)&Q(x)&@xP(x)->(@x@xP(x)&Q(x)&@xP(x)->@x@xP(x)&Q(x)))->(@x@xP(x)&Q(x)&@xP(x)->@x@xP(x)&Q(x)))))->((@x@xP(x)&Q(x)->(@xP(x)->P(x)))->((@x@xP(x)&Q(x)&@xP(x)->(@x@xP(x)&Q(x)&@xP(x)->@x@xP(x)&Q(x)))->(@x@xP(x)&Q(x)&@xP(x)->@x@xP(x)&Q(x))))) Сх. акс. 2
(247) ((@x@xP(x)&Q(x)->(@xP(x)->P(x)))->((@x@xP(x)&Q(x)&@xP(x)->@x@xP(x)&Q(x)&@xP(x))->((@x@xP(x)&Q(x)&@xP(x)->(@x@xP(x)&Q(x)&@xP(x)->@x@xP(x)&Q(x)))->(@x@xP(x)&Q(x)&@xP(x)->@x@xP(x)&Q(x)))))->((@x@xP(x)&Q(x)->(@xP(x)->P(x)))->((@x@xP(x)&Q(x)&@xP(x)->(@x@xP(x)&Q(x)&@xP(x)->@x@xP(x)&Q(x)))->(@x@xP(x)&Q(x)&@xP(x)->@x@xP(x)&Q(x)))) M.P. 242, 246
(248) (@x@xP(x)&Q(x)->(@xP(x)->P(x)))->((@x@xP(x)&Q(x)&@xP(x)->(@x@xP(x)&Q(x)&@xP(x)->@x@xP(x)&Q(x)))->(@x@xP(x)&Q(x)&@xP(x)->@x@xP(x)&Q(x))) M.P. 245, 247
(249) @x@xP(x)&Q(x)&@xP(x)->@x@xP(x)&Q(x) Сх. акс. 4
(250) (@x@xP(x)&Q(x)&@xP(x)->@x@xP(x)&Q(x))->((@x@xP(x)&Q(x)->(@xP(x)->P(x)))->(@x@xP(x)&Q(x)&@xP(x)->@x@xP(x)&Q(x))) Сх. акс. 1
(251) (@x@xP(x)&Q(x)->(@xP(x)->P(x)))->(@x@xP(x)&Q(x)&@xP(x)->@x@xP(x)&Q(x)) M.P. 219, 220
(252) @x@xP(x)&Q(x)&@xP(x)->@xP(x) Сх. акс. 5
(253) (@x@xP(x)&Q(x)&@xP(x)->@xP(x))->((@x@xP(x)&Q(x)->(@xP(x)->P(x)))->(@x@xP(x)&Q(x)&@xP(x)->@xP(x))) Сх. акс. 1
(254) (@x@xP(x)&Q(x)->(@xP(x)->P(x)))->(@x@xP(x)&Q(x)&@xP(x)->@xP(x)) M.P. 252, 253
(255) (@x@xP(x)&Q(x)&@xP(x)->@xP(x))->(@x@xP(x)&Q(x)&@xP(x)->(@x@xP(x)&Q(x)&@xP(x)->@xP(x))) Сх. акс. 1
(256) ((@x@xP(x)&Q(x)&@xP(x)->@xP(x))->(@x@xP(x)&Q(x)&@xP(x)->(@x@xP(x)&Q(x)&@xP(x)->@xP(x))))->((@x@xP(x)&Q(x)->(@xP(x)->P(x)))->((@x@xP(x)&Q(x)&@xP(x)->@xP(x))->(@x@xP(x)&Q(x)&@xP(x)->(@x@xP(x)&Q(x)&@xP(x)->@xP(x))))) Сх. акс. 1
(257) (@x@xP(x)&Q(x)->(@xP(x)->P(x)))->((@x@xP(x)&Q(x)&@xP(x)->@xP(x))->(@x@xP(x)&Q(x)&@xP(x)->(@x@xP(x)&Q(x)&@xP(x)->@xP(x)))) M.P. 255, 256
(258) ((@x@xP(x)&Q(x)->(@xP(x)->P(x)))->(@x@xP(x)&Q(x)&@xP(x)->@xP(x)))->(((@x@xP(x)&Q(x)->(@xP(x)->P(x)))->((@x@xP(x)&Q(x)&@xP(x)->@xP(x))->(@x@xP(x)&Q(x)&@xP(x)->(@x@xP(x)&Q(x)&@xP(x)->@xP(x)))))->((@x@xP(x)&Q(x)->(@xP(x)->P(x)))->(@x@xP(x)&Q(x)&@xP(x)->(@x@xP(x)&Q(x)&@xP(x)->@xP(x))))) Сх. акс. 2
(259) ((@x@xP(x)&Q(x)->(@xP(x)->P(x)))->((@x@xP(x)&Q(x)&@xP(x)->@xP(x))->(@x@xP(x)&Q(x)&@xP(x)->(@x@xP(x)&Q(x)&@xP(x)->@xP(x)))))->((@x@xP(x)&Q(x)->(@xP(x)->P(x)))->(@x@xP(x)&Q(x)&@xP(x)->(@x@xP(x)&Q(x)&@xP(x)->@xP(x)))) M.P. 254, 258
(260) (@x@xP(x)&Q(x)->(@xP(x)->P(x)))->(@x@xP(x)&Q(x)&@xP(x)->(@x@xP(x)&Q(x)&@xP(x)->@xP(x))) M.P. 257, 259
(261) (@x@xP(x)&Q(x)&@xP(x)->@x@xP(x)&Q(x)&@xP(x))->((@x@xP(x)&Q(x)&@xP(x)->(@x@xP(x)&Q(x)&@xP(x)->@xP(x)))->(@x@xP(x)&Q(x)&@xP(x)->@xP(x))) Сх. акс. 2
(262) ((@x@xP(x)&Q(x)&@xP(x)->@x@xP(x)&Q(x)&@xP(x))->((@x@xP(x)&Q(x)&@xP(x)->(@x@xP(x)&Q(x)&@xP(x)->@xP(x)))->(@x@xP(x)&Q(x)&@xP(x)->@xP(x))))->((@x@xP(x)&Q(x)->(@xP(x)->P(x)))->((@x@xP(x)&Q(x)&@xP(x)->@x@xP(x)&Q(x)&@xP(x))->((@x@xP(x)&Q(x)&@xP(x)->(@x@xP(x)&Q(x)&@xP(x)->@xP(x)))->(@x@xP(x)&Q(x)&@xP(x)->@xP(x))))) Сх. акс. 1
(263) (@x@xP(x)&Q(x)->(@xP(x)->P(x)))->((@x@xP(x)&Q(x)&@xP(x)->@x@xP(x)&Q(x)&@xP(x))->((@x@xP(x)&Q(x)&@xP(x)->(@x@xP(x)&Q(x)&@xP(x)->@xP(x)))->(@x@xP(x)&Q(x)&@xP(x)->@xP(x)))) M.P. 261, 262
(264) ((@x@xP(x)&Q(x)->(@xP(x)->P(x)))->(@x@xP(x)&Q(x)&@xP(x)->@x@xP(x)&Q(x)&@xP(x)))->(((@x@xP(x)&Q(x)->(@xP(x)->P(x)))->((@x@xP(x)&Q(x)&@xP(x)->@x@xP(x)&Q(x)&@xP(x))->((@x@xP(x)&Q(x)&@xP(x)->(@x@xP(x)&Q(x)&@xP(x)->@xP(x)))->(@x@xP(x)&Q(x)&@xP(x)->@xP(x)))))->((@x@xP(x)&Q(x)->(@xP(x)->P(x)))->((@x@xP(x)&Q(x)&@xP(x)->(@x@xP(x)&Q(x)&@xP(x)->@xP(x)))->(@x@xP(x)&Q(x)&@xP(x)->@xP(x))))) Сх. акс. 2
(265) ((@x@xP(x)&Q(x)->(@xP(x)->P(x)))->((@x@xP(x)&Q(x)&@xP(x)->@x@xP(x)&Q(x)&@xP(x))->((@x@xP(x)&Q(x)&@xP(x)->(@x@xP(x)&Q(x)&@xP(x)->@xP(x)))->(@x@xP(x)&Q(x)&@xP(x)->@xP(x)))))->((@x@xP(x)&Q(x)->(@xP(x)->P(x)))->((@x@xP(x)&Q(x)&@xP(x)->(@x@xP(x)&Q(x)&@xP(x)->@xP(x)))->(@x@xP(x)&Q(x)&@xP(x)->@xP(x)))) M.P. 242, 264
(266) (@x@xP(x)&Q(x)->(@xP(x)->P(x)))->((@x@xP(x)&Q(x)&@xP(x)->(@x@xP(x)&Q(x)&@xP(x)->@xP(x)))->(@x@xP(x)&Q(x)&@xP(x)->@xP(x))) M.P. 263, 265
(267) @x@xP(x)&Q(x)&@xP(x)->@xP(x) Сх. акс. 5
(268) (@x@xP(x)&Q(x)&@xP(x)->@xP(x))->((@x@xP(x)&Q(x)->(@xP(x)->P(x)))->(@x@xP(x)&Q(x)&@xP(x)->@xP(x))) Сх. акс. 1
(269) (@x@xP(x)&Q(x)->(@xP(x)->P(x)))->(@x@xP(x)&Q(x)&@xP(x)->@xP(x)) M.P. 252, 268
(270) (@x@xP(x)&Q(x)->(@xP(x)->P(x)))->((@x@xP(x)&Q(x)->(@xP(x)->P(x)))->(@x@xP(x)&Q(x)->(@xP(x)->P(x)))) Сх. акс. 1
(271) ((@x@xP(x)&Q(x)->(@xP(x)->P(x)))->((@x@xP(x)&Q(x)->(@xP(x)->P(x)))->(@x@xP(x)&Q(x)->(@xP(x)->P(x)))))->(((@x@xP(x)&Q(x)->(@xP(x)->P(x)))->(((@x@xP(x)&Q(x)->(@xP(x)->P(x)))->(@x@xP(x)&Q(x)->(@xP(x)->P(x))))->(@x@xP(x)&Q(x)->(@xP(x)->P(x)))))->((@x@xP(x)&Q(x)->(@xP(x)->P(x)))->(@x@xP(x)&Q(x)->(@xP(x)->P(x))))) Сх. акс. 2
(272) ((@x@xP(x)&Q(x)->(@xP(x)->P(x)))->(((@x@xP(x)&Q(x)->(@xP(x)->P(x)))->(@x@xP(x)&Q(x)->(@xP(x)->P(x))))->(@x@xP(x)&Q(x)->(@xP(x)->P(x)))))->((@x@xP(x)&Q(x)->(@xP(x)->P(x)))->(@x@xP(x)&Q(x)->(@xP(x)->P(x)))) M.P. 270, 271
(273) (@x@xP(x)&Q(x)->(@xP(x)->P(x)))->(((@x@xP(x)&Q(x)->(@xP(x)->P(x)))->(@x@xP(x)&Q(x)->(@xP(x)->P(x))))->(@x@xP(x)&Q(x)->(@xP(x)->P(x)))) Сх. акс. 1
(274) (@x@xP(x)&Q(x)->(@xP(x)->P(x)))->(@x@xP(x)&Q(x)->(@xP(x)->P(x))) M.P. 3, 270
(275) (@x@xP(x)&Q(x)->(@xP(x)->P(x)))->(@x@xP(x)&Q(x)&@xP(x)->(@x@xP(x)&Q(x)->(@xP(x)->P(x)))) Сх. акс. 1
(276) ((@x@xP(x)&Q(x)->(@xP(x)->P(x)))->(@x@xP(x)&Q(x)&@xP(x)->(@x@xP(x)&Q(x)->(@xP(x)->P(x)))))->((@x@xP(x)&Q(x)->(@xP(x)->P(x)))->((@x@xP(x)&Q(x)->(@xP(x)->P(x)))->(@x@xP(x)&Q(x)&@xP(x)->(@x@xP(x)&Q(x)->(@xP(x)->P(x)))))) Сх. акс. 1
(277) (@x@xP(x)&Q(x)->(@xP(x)->P(x)))->((@x@xP(x)&Q(x)->(@xP(x)->P(x)))->(@x@xP(x)&Q(x)&@xP(x)->(@x@xP(x)&Q(x)->(@xP(x)->P(x))))) M.P. 275, 276
(278) ((@x@xP(x)&Q(x)->(@xP(x)->P(x)))->(@x@xP(x)&Q(x)->(@xP(x)->P(x))))->(((@x@xP(x)&Q(x)->(@xP(x)->P(x)))->((@x@xP(x)&Q(x)->(@xP(x)->P(x)))->(@x@xP(x)&Q(x)&@xP(x)->(@x@xP(x)&Q(x)->(@xP(x)->P(x))))))->((@x@xP(x)&Q(x)->(@xP(x)->P(x)))->(@x@xP(x)&Q(x)&@xP(x)->(@x@xP(x)&Q(x)->(@xP(x)->P(x)))))) Сх. акс. 2
(279) ((@x@xP(x)&Q(x)->(@xP(x)->P(x)))->((@x@xP(x)&Q(x)->(@xP(x)->P(x)))->(@x@xP(x)&Q(x)&@xP(x)->(@x@xP(x)&Q(x)->(@xP(x)->P(x))))))->((@x@xP(x)&Q(x)->(@xP(x)->P(x)))->(@x@xP(x)&Q(x)&@xP(x)->(@x@xP(x)&Q(x)->(@xP(x)->P(x))))) M.P. 274, 278
(280) (@x@xP(x)&Q(x)->(@xP(x)->P(x)))->(@x@xP(x)&Q(x)&@xP(x)->(@x@xP(x)&Q(x)->(@xP(x)->P(x)))) Сх. акс. 1
(281) (@x@xP(x)&Q(x)&@xP(x)->@x@xP(x)&Q(x))->((@x@xP(x)&Q(x)&@xP(x)->(@x@xP(x)&Q(x)->(@xP(x)->P(x))))->(@x@xP(x)&Q(x)&@xP(x)->(@xP(x)->P(x)))) Сх. акс. 2
(282) ((@x@xP(x)&Q(x)&@xP(x)->@x@xP(x)&Q(x))->((@x@xP(x)&Q(x)&@xP(x)->(@x@xP(x)&Q(x)->(@xP(x)->P(x))))->(@x@xP(x)&Q(x)&@xP(x)->(@xP(x)->P(x)))))->((@x@xP(x)&Q(x)->(@xP(x)->P(x)))->((@x@xP(x)&Q(x)&@xP(x)->@x@xP(x)&Q(x))->((@x@xP(x)&Q(x)&@xP(x)->(@x@xP(x)&Q(x)->(@xP(x)->P(x))))->(@x@xP(x)&Q(x)&@xP(x)->(@xP(x)->P(x)))))) Сх. акс. 1
(283) (@x@xP(x)&Q(x)->(@xP(x)->P(x)))->((@x@xP(x)&Q(x)&@xP(x)->@x@xP(x)&Q(x))->((@x@xP(x)&Q(x)&@xP(x)->(@x@xP(x)&Q(x)->(@xP(x)->P(x))))->(@x@xP(x)&Q(x)&@xP(x)->(@xP(x)->P(x))))) M.P. 281, 282
(284) ((@x@xP(x)&Q(x)->(@xP(x)->P(x)))->(@x@xP(x)&Q(x)&@xP(x)->@x@xP(x)&Q(x)))->(((@x@xP(x)&Q(x)->(@xP(x)->P(x)))->((@x@xP(x)&Q(x)&@xP(x)->@x@xP(x)&Q(x))->((@x@xP(x)&Q(x)&@xP(x)->(@x@xP(x)&Q(x)->(@xP(x)->P(x))))->(@x@xP(x)&Q(x)&@xP(x)->(@xP(x)->P(x))))))->((@x@xP(x)&Q(x)->(@xP(x)->P(x)))->((@x@xP(x)&Q(x)&@xP(x)->(@x@xP(x)&Q(x)->(@xP(x)->P(x))))->(@x@xP(x)&Q(x)&@xP(x)->(@xP(x)->P(x)))))) Сх. акс. 2
(285) ((@x@xP(x)&Q(x)->(@xP(x)->P(x)))->((@x@xP(x)&Q(x)&@xP(x)->@x@xP(x)&Q(x))->((@x@xP(x)&Q(x)&@xP(x)->(@x@xP(x)&Q(x)->(@xP(x)->P(x))))->(@x@xP(x)&Q(x)&@xP(x)->(@xP(x)->P(x))))))->((@x@xP(x)&Q(x)->(@xP(x)->P(x)))->((@x@xP(x)&Q(x)&@xP(x)->(@x@xP(x)&Q(x)->(@xP(x)->P(x))))->(@x@xP(x)&Q(x)&@xP(x)->(@xP(x)->P(x))))) M.P. 221, 284
(286) (@x@xP(x)&Q(x)->(@xP(x)->P(x)))->((@x@xP(x)&Q(x)&@xP(x)->(@x@xP(x)&Q(x)->(@xP(x)->P(x))))->(@x@xP(x)&Q(x)&@xP(x)->(@xP(x)->P(x)))) M.P. 283, 285
(287) ((@x@xP(x)&Q(x)->(@xP(x)->P(x)))->(@x@xP(x)&Q(x)&@xP(x)->(@x@xP(x)&Q(x)->(@xP(x)->P(x)))))->(((@x@xP(x)&Q(x)->(@xP(x)->P(x)))->((@x@xP(x)&Q(x)&@xP(x)->(@x@xP(x)&Q(x)->(@xP(x)->P(x))))->(@x@xP(x)&Q(x)&@xP(x)->(@xP(x)->P(x)))))->((@x@xP(x)&Q(x)->(@xP(x)->P(x)))->(@x@xP(x)&Q(x)&@xP(x)->(@xP(x)->P(x))))) Сх. акс. 2
(288) ((@x@xP(x)&Q(x)->(@xP(x)->P(x)))->((@x@xP(x)&Q(x)&@xP(x)->(@x@xP(x)&Q(x)->(@xP(x)->P(x))))->(@x@xP(x)&Q(x)&@xP(x)->(@xP(x)->P(x)))))->((@x@xP(x)&Q(x)->(@xP(x)->P(x)))->(@x@xP(x)&Q(x)&@xP(x)->(@xP(x)->P(x)))) M.P. 275, 287
(289) (@x@xP(x)&Q(x)->(@xP(x)->P(x)))->(@x@xP(x)&Q(x)&@xP(x)->(@xP(x)->P(x))) M.P. 286, 288
(290) (@x@xP(x)&Q(x)&@xP(x)->@xP(x))->((@x@xP(x)&Q(x)&@xP(x)->(@xP(x)->P(x)))->(@x@xP(x)&Q(x)&@xP(x)->P(x))) Сх. акс. 2
(291) ((@x@xP(x)&Q(x)&@xP(x)->@xP(x))->((@x@xP(x)&Q(x)&@xP(x)->(@xP(x)->P(x)))->(@x@xP(x)&Q(x)&@xP(x)->P(x))))->((@x@xP(x)&Q(x)->(@xP(x)->P(x)))->((@x@xP(x)&Q(x)&@xP(x)->@xP(x))->((@x@xP(x)&Q(x)&@xP(x)->(@xP(x)->P(x)))->(@x@xP(x)&Q(x)&@xP(x)->P(x))))) Сх. акс. 1
(292) (@x@xP(x)&Q(x)->(@xP(x)->P(x)))->((@x@xP(x)&Q(x)&@xP(x)->@xP(x))->((@x@xP(x)&Q(x)&@xP(x)->(@xP(x)->P(x)))->(@x@xP(x)&Q(x)&@xP(x)->P(x)))) M.P. 290, 291
(293) ((@x@xP(x)&Q(x)->(@xP(x)->P(x)))->(@x@xP(x)&Q(x)&@xP(x)->@xP(x)))->(((@x@xP(x)&Q(x)->(@xP(x)->P(x)))->((@x@xP(x)&Q(x)&@xP(x)->@xP(x))->((@x@xP(x)&Q(x)&@xP(x)->(@xP(x)->P(x)))->(@x@xP(x)&Q(x)&@xP(x)->P(x)))))->((@x@xP(x)&Q(x)->(@xP(x)->P(x)))->((@x@xP(x)&Q(x)&@xP(x)->(@xP(x)->P(x)))->(@x@xP(x)&Q(x)&@xP(x)->P(x))))) Сх. акс. 2
(294) ((@x@xP(x)&Q(x)->(@xP(x)->P(x)))->((@x@xP(x)&Q(x)&@xP(x)->@xP(x))->((@x@xP(x)&Q(x)&@xP(x)->(@xP(x)->P(x)))->(@x@xP(x)&Q(x)&@xP(x)->P(x)))))->((@x@xP(x)&Q(x)->(@xP(x)->P(x)))->((@x@xP(x)&Q(x)&@xP(x)->(@xP(x)->P(x)))->(@x@xP(x)&Q(x)&@xP(x)->P(x)))) M.P. 254, 293
(295) (@x@xP(x)&Q(x)->(@xP(x)->P(x)))->((@x@xP(x)&Q(x)&@xP(x)->(@xP(x)->P(x)))->(@x@xP(x)&Q(x)&@xP(x)->P(x))) M.P. 292, 294
(296) ((@x@xP(x)&Q(x)->(@xP(x)->P(x)))->(@x@xP(x)&Q(x)&@xP(x)->(@xP(x)->P(x))))->(((@x@xP(x)&Q(x)->(@xP(x)->P(x)))->((@x@xP(x)&Q(x)&@xP(x)->(@xP(x)->P(x)))->(@x@xP(x)&Q(x)&@xP(x)->P(x))))->((@x@xP(x)&Q(x)->(@xP(x)->P(x)))->(@x@xP(x)&Q(x)&@xP(x)->P(x)))) Сх. акс. 2
(297) ((@x@xP(x)&Q(x)->(@xP(x)->P(x)))->((@x@xP(x)&Q(x)&@xP(x)->(@xP(x)->P(x)))->(@x@xP(x)&Q(x)&@xP(x)->P(x))))->((@x@xP(x)&Q(x)->(@xP(x)->P(x)))->(@x@xP(x)&Q(x)&@xP(x)->P(x))) M.P. 289, 296
(298) (@x@xP(x)&Q(x)->(@xP(x)->P(x)))->(@x@xP(x)&Q(x)&@xP(x)->P(x)) M.P. 295, 297
(299) @x@xP(x)&Q(x)->(@xP(x)->P(x)) M.P. 3, 274
(300) @x@xP(x)&Q(x)&@xP(x)->P(x) M.P. 3, 298
(301) @x@xP(x)&Q(x)&@xP(x)->@xP(x) Сх. акс. 5
(302) @x@xP(x)&Q(x)->(@xP(x)->@xP(x)) M.P. 252, 81
