@x(@x(P(x))&Q(x))->@x(P(x))&Q(x)
(@x(@x(P(x))&Q(x))->@x(P(x))&Q(x))->(W->(@x(@x(P(x))&Q(x))->@x(P(x))&Q(x)))
W->(@x(@x(P(x))&Q(x))->@x(P(x))&Q(x))
W->(W->W)
(W->(W->W))->((W&@x(@x(P(x))&Q(x))->@x(@x(P(x))&Q(x)))->(W->(W->W)))
(W&@x(@x(P(x))&Q(x))->@x(@x(P(x))&Q(x)))->(W->(W->W))
(W->(W->W))->((W->((W->W)->W))->(W->W))
((W->(W->W))->((W->((W->W)->W))->(W->W)))->((W&@x(@x(P(x))&Q(x))->@x(@x(P(x))&Q(x)))->((W->(W->W))->((W->((W->W)->W))->(W->W))))
(W&@x(@x(P(x))&Q(x))->@x(@x(P(x))&Q(x)))->((W->(W->W))->((W->((W->W)->W))->(W->W)))
((W&@x(@x(P(x))&Q(x))->@x(@x(P(x))&Q(x)))->(W->(W->W)))->(((W&@x(@x(P(x))&Q(x))->@x(@x(P(x))&Q(x)))->((W->(W->W))->((W->((W->W)->W))->(W->W))))->((W&@x(@x(P(x))&Q(x))->@x(@x(P(x))&Q(x)))->((W->((W->W)->W))->(W->W))))
((W&@x(@x(P(x))&Q(x))->@x(@x(P(x))&Q(x)))->((W->(W->W))->((W->((W->W)->W))->(W->W))))->((W&@x(@x(P(x))&Q(x))->@x(@x(P(x))&Q(x)))->((W->((W->W)->W))->(W->W)))
(W&@x(@x(P(x))&Q(x))->@x(@x(P(x))&Q(x)))->((W->((W->W)->W))->(W->W))
W->((W->W)->W)
(W->((W->W)->W))->((W&@x(@x(P(x))&Q(x))->@x(@x(P(x))&Q(x)))->(W->((W->W)->W)))
(W&@x(@x(P(x))&Q(x))->@x(@x(P(x))&Q(x)))->(W->((W->W)->W))
((W&@x(@x(P(x))&Q(x))->@x(@x(P(x))&Q(x)))->(W->((W->W)->W)))->(((W&@x(@x(P(x))&Q(x))->@x(@x(P(x))&Q(x)))->((W->((W->W)->W))->(W->W)))->((W&@x(@x(P(x))&Q(x))->@x(@x(P(x))&Q(x)))->(W->W)))
((W&@x(@x(P(x))&Q(x))->@x(@x(P(x))&Q(x)))->((W->((W->W)->W))->(W->W)))->((W&@x(@x(P(x))&Q(x))->@x(@x(P(x))&Q(x)))->(W->W))
(W&@x(@x(P(x))&Q(x))->@x(@x(P(x))&Q(x)))->(W->W)
W->(@x(@x(P(x))&Q(x))->W)
(W->(@x(@x(P(x))&Q(x))->W))->((W&@x(@x(P(x))&Q(x))->@x(@x(P(x))&Q(x)))->(W->(@x(@x(P(x))&Q(x))->W)))
(W&@x(@x(P(x))&Q(x))->@x(@x(P(x))&Q(x)))->(W->(@x(@x(P(x))&Q(x))->W))
(W->(@x(@x(P(x))&Q(x))->W))->(W->(W->(@x(@x(P(x))&Q(x))->W)))
((W->(@x(@x(P(x))&Q(x))->W))->(W->(W->(@x(@x(P(x))&Q(x))->W))))->((W&@x(@x(P(x))&Q(x))->@x(@x(P(x))&Q(x)))->((W->(@x(@x(P(x))&Q(x))->W))->(W->(W->(@x(@x(P(x))&Q(x))->W)))))
(W&@x(@x(P(x))&Q(x))->@x(@x(P(x))&Q(x)))->((W->(@x(@x(P(x))&Q(x))->W))->(W->(W->(@x(@x(P(x))&Q(x))->W))))
((W&@x(@x(P(x))&Q(x))->@x(@x(P(x))&Q(x)))->(W->(@x(@x(P(x))&Q(x))->W)))->(((W&@x(@x(P(x))&Q(x))->@x(@x(P(x))&Q(x)))->((W->(@x(@x(P(x))&Q(x))->W))->(W->(W->(@x(@x(P(x))&Q(x))->W)))))->((W&@x(@x(P(x))&Q(x))->@x(@x(P(x))&Q(x)))->(W->(W->(@x(@x(P(x))&Q(x))->W)))))
((W&@x(@x(P(x))&Q(x))->@x(@x(P(x))&Q(x)))->((W->(@x(@x(P(x))&Q(x))->W))->(W->(W->(@x(@x(P(x))&Q(x))->W)))))->((W&@x(@x(P(x))&Q(x))->@x(@x(P(x))&Q(x)))->(W->(W->(@x(@x(P(x))&Q(x))->W))))
(W&@x(@x(P(x))&Q(x))->@x(@x(P(x))&Q(x)))->(W->(W->(@x(@x(P(x))&Q(x))->W)))
(W->W)->((W->(W->(@x(@x(P(x))&Q(x))->W)))->(W->(@x(@x(P(x))&Q(x))->W)))
((W->W)->((W->(W->(@x(@x(P(x))&Q(x))->W)))->(W->(@x(@x(P(x))&Q(x))->W))))->((W&@x(@x(P(x))&Q(x))->@x(@x(P(x))&Q(x)))->((W->W)->((W->(W->(@x(@x(P(x))&Q(x))->W)))->(W->(@x(@x(P(x))&Q(x))->W)))))
(W&@x(@x(P(x))&Q(x))->@x(@x(P(x))&Q(x)))->((W->W)->((W->(W->(@x(@x(P(x))&Q(x))->W)))->(W->(@x(@x(P(x))&Q(x))->W))))
((W&@x(@x(P(x))&Q(x))->@x(@x(P(x))&Q(x)))->(W->W))->(((W&@x(@x(P(x))&Q(x))->@x(@x(P(x))&Q(x)))->((W->W)->((W->(W->(@x(@x(P(x))&Q(x))->W)))->(W->(@x(@x(P(x))&Q(x))->W)))))->((W&@x(@x(P(x))&Q(x))->@x(@x(P(x))&Q(x)))->((W->(W->(@x(@x(P(x))&Q(x))->W)))->(W->(@x(@x(P(x))&Q(x))->W)))))
((W&@x(@x(P(x))&Q(x))->@x(@x(P(x))&Q(x)))->((W->W)->((W->(W->(@x(@x(P(x))&Q(x))->W)))->(W->(@x(@x(P(x))&Q(x))->W)))))->((W&@x(@x(P(x))&Q(x))->@x(@x(P(x))&Q(x)))->((W->(W->(@x(@x(P(x))&Q(x))->W)))->(W->(@x(@x(P(x))&Q(x))->W))))
(W&@x(@x(P(x))&Q(x))->@x(@x(P(x))&Q(x)))->((W->(W->(@x(@x(P(x))&Q(x))->W)))->(W->(@x(@x(P(x))&Q(x))->W)))
W->(@x(@x(P(x))&Q(x))->W)
(W->(@x(@x(P(x))&Q(x))->W))->((W&@x(@x(P(x))&Q(x))->@x(@x(P(x))&Q(x)))->(W->(@x(@x(P(x))&Q(x))->W)))
(W&@x(@x(P(x))&Q(x))->@x(@x(P(x))&Q(x)))->(W->(@x(@x(P(x))&Q(x))->W))
@x(@x(P(x))&Q(x))->(@x(@x(P(x))&Q(x))->@x(@x(P(x))&Q(x)))
(@x(@x(P(x))&Q(x))->(@x(@x(P(x))&Q(x))->@x(@x(P(x))&Q(x))))->((W&@x(@x(P(x))&Q(x))->@x(@x(P(x))&Q(x)))->(@x(@x(P(x))&Q(x))->(@x(@x(P(x))&Q(x))->@x(@x(P(x))&Q(x)))))
(W&@x(@x(P(x))&Q(x))->@x(@x(P(x))&Q(x)))->(@x(@x(P(x))&Q(x))->(@x(@x(P(x))&Q(x))->@x(@x(P(x))&Q(x))))
(@x(@x(P(x))&Q(x))->(@x(@x(P(x))&Q(x))->@x(@x(P(x))&Q(x))))->(W->(@x(@x(P(x))&Q(x))->(@x(@x(P(x))&Q(x))->@x(@x(P(x))&Q(x)))))
((@x(@x(P(x))&Q(x))->(@x(@x(P(x))&Q(x))->@x(@x(P(x))&Q(x))))->(W->(@x(@x(P(x))&Q(x))->(@x(@x(P(x))&Q(x))->@x(@x(P(x))&Q(x))))))->((W&@x(@x(P(x))&Q(x))->@x(@x(P(x))&Q(x)))->((@x(@x(P(x))&Q(x))->(@x(@x(P(x))&Q(x))->@x(@x(P(x))&Q(x))))->(W->(@x(@x(P(x))&Q(x))->(@x(@x(P(x))&Q(x))->@x(@x(P(x))&Q(x)))))))
(W&@x(@x(P(x))&Q(x))->@x(@x(P(x))&Q(x)))->((@x(@x(P(x))&Q(x))->(@x(@x(P(x))&Q(x))->@x(@x(P(x))&Q(x))))->(W->(@x(@x(P(x))&Q(x))->(@x(@x(P(x))&Q(x))->@x(@x(P(x))&Q(x))))))
((W&@x(@x(P(x))&Q(x))->@x(@x(P(x))&Q(x)))->(@x(@x(P(x))&Q(x))->(@x(@x(P(x))&Q(x))->@x(@x(P(x))&Q(x)))))->(((W&@x(@x(P(x))&Q(x))->@x(@x(P(x))&Q(x)))->((@x(@x(P(x))&Q(x))->(@x(@x(P(x))&Q(x))->@x(@x(P(x))&Q(x))))->(W->(@x(@x(P(x))&Q(x))->(@x(@x(P(x))&Q(x))->@x(@x(P(x))&Q(x)))))))->((W&@x(@x(P(x))&Q(x))->@x(@x(P(x))&Q(x)))->(W->(@x(@x(P(x))&Q(x))->(@x(@x(P(x))&Q(x))->@x(@x(P(x))&Q(x)))))))
((W&@x(@x(P(x))&Q(x))->@x(@x(P(x))&Q(x)))->((@x(@x(P(x))&Q(x))->(@x(@x(P(x))&Q(x))->@x(@x(P(x))&Q(x))))->(W->(@x(@x(P(x))&Q(x))->(@x(@x(P(x))&Q(x))->@x(@x(P(x))&Q(x)))))))->((W&@x(@x(P(x))&Q(x))->@x(@x(P(x))&Q(x)))->(W->(@x(@x(P(x))&Q(x))->(@x(@x(P(x))&Q(x))->@x(@x(P(x))&Q(x))))))
(W&@x(@x(P(x))&Q(x))->@x(@x(P(x))&Q(x)))->(W->(@x(@x(P(x))&Q(x))->(@x(@x(P(x))&Q(x))->@x(@x(P(x))&Q(x)))))
(@x(@x(P(x))&Q(x))->(@x(@x(P(x))&Q(x))->@x(@x(P(x))&Q(x))))->((@x(@x(P(x))&Q(x))->((@x(@x(P(x))&Q(x))->@x(@x(P(x))&Q(x)))->@x(@x(P(x))&Q(x))))->(@x(@x(P(x))&Q(x))->@x(@x(P(x))&Q(x))))
((@x(@x(P(x))&Q(x))->(@x(@x(P(x))&Q(x))->@x(@x(P(x))&Q(x))))->((@x(@x(P(x))&Q(x))->((@x(@x(P(x))&Q(x))->@x(@x(P(x))&Q(x)))->@x(@x(P(x))&Q(x))))->(@x(@x(P(x))&Q(x))->@x(@x(P(x))&Q(x)))))->((W&@x(@x(P(x))&Q(x))->@x(@x(P(x))&Q(x)))->((@x(@x(P(x))&Q(x))->(@x(@x(P(x))&Q(x))->@x(@x(P(x))&Q(x))))->((@x(@x(P(x))&Q(x))->((@x(@x(P(x))&Q(x))->@x(@x(P(x))&Q(x)))->@x(@x(P(x))&Q(x))))->(@x(@x(P(x))&Q(x))->@x(@x(P(x))&Q(x))))))
(W&@x(@x(P(x))&Q(x))->@x(@x(P(x))&Q(x)))->((@x(@x(P(x))&Q(x))->(@x(@x(P(x))&Q(x))->@x(@x(P(x))&Q(x))))->((@x(@x(P(x))&Q(x))->((@x(@x(P(x))&Q(x))->@x(@x(P(x))&Q(x)))->@x(@x(P(x))&Q(x))))->(@x(@x(P(x))&Q(x))->@x(@x(P(x))&Q(x)))))
((@x(@x(P(x))&Q(x))->(@x(@x(P(x))&Q(x))->@x(@x(P(x))&Q(x))))->((@x(@x(P(x))&Q(x))->((@x(@x(P(x))&Q(x))->@x(@x(P(x))&Q(x)))->@x(@x(P(x))&Q(x))))->(@x(@x(P(x))&Q(x))->@x(@x(P(x))&Q(x)))))->(W->((@x(@x(P(x))&Q(x))->(@x(@x(P(x))&Q(x))->@x(@x(P(x))&Q(x))))->((@x(@x(P(x))&Q(x))->((@x(@x(P(x))&Q(x))->@x(@x(P(x))&Q(x)))->@x(@x(P(x))&Q(x))))->(@x(@x(P(x))&Q(x))->@x(@x(P(x))&Q(x))))))
(((@x(@x(P(x))&Q(x))->(@x(@x(P(x))&Q(x))->@x(@x(P(x))&Q(x))))->((@x(@x(P(x))&Q(x))->((@x(@x(P(x))&Q(x))->@x(@x(P(x))&Q(x)))->@x(@x(P(x))&Q(x))))->(@x(@x(P(x))&Q(x))->@x(@x(P(x))&Q(x)))))->(W->((@x(@x(P(x))&Q(x))->(@x(@x(P(x))&Q(x))->@x(@x(P(x))&Q(x))))->((@x(@x(P(x))&Q(x))->((@x(@x(P(x))&Q(x))->@x(@x(P(x))&Q(x)))->@x(@x(P(x))&Q(x))))->(@x(@x(P(x))&Q(x))->@x(@x(P(x))&Q(x)))))))->((W&@x(@x(P(x))&Q(x))->@x(@x(P(x))&Q(x)))->(((@x(@x(P(x))&Q(x))->(@x(@x(P(x))&Q(x))->@x(@x(P(x))&Q(x))))->((@x(@x(P(x))&Q(x))->((@x(@x(P(x))&Q(x))->@x(@x(P(x))&Q(x)))->@x(@x(P(x))&Q(x))))->(@x(@x(P(x))&Q(x))->@x(@x(P(x))&Q(x)))))->(W->((@x(@x(P(x))&Q(x))->(@x(@x(P(x))&Q(x))->@x(@x(P(x))&Q(x))))->((@x(@x(P(x))&Q(x))->((@x(@x(P(x))&Q(x))->@x(@x(P(x))&Q(x)))->@x(@x(P(x))&Q(x))))->(@x(@x(P(x))&Q(x))->@x(@x(P(x))&Q(x))))))))
(W&@x(@x(P(x))&Q(x))->@x(@x(P(x))&Q(x)))->(((@x(@x(P(x))&Q(x))->(@x(@x(P(x))&Q(x))->@x(@x(P(x))&Q(x))))->((@x(@x(P(x))&Q(x))->((@x(@x(P(x))&Q(x))->@x(@x(P(x))&Q(x)))->@x(@x(P(x))&Q(x))))->(@x(@x(P(x))&Q(x))->@x(@x(P(x))&Q(x)))))->(W->((@x(@x(P(x))&Q(x))->(@x(@x(P(x))&Q(x))->@x(@x(P(x))&Q(x))))->((@x(@x(P(x))&Q(x))->((@x(@x(P(x))&Q(x))->@x(@x(P(x))&Q(x)))->@x(@x(P(x))&Q(x))))->(@x(@x(P(x))&Q(x))->@x(@x(P(x))&Q(x)))))))
((W&@x(@x(P(x))&Q(x))->@x(@x(P(x))&Q(x)))->((@x(@x(P(x))&Q(x))->(@x(@x(P(x))&Q(x))->@x(@x(P(x))&Q(x))))->((@x(@x(P(x))&Q(x))->((@x(@x(P(x))&Q(x))->@x(@x(P(x))&Q(x)))->@x(@x(P(x))&Q(x))))->(@x(@x(P(x))&Q(x))->@x(@x(P(x))&Q(x))))))->(((W&@x(@x(P(x))&Q(x))->@x(@x(P(x))&Q(x)))->(((@x(@x(P(x))&Q(x))->(@x(@x(P(x))&Q(x))->@x(@x(P(x))&Q(x))))->((@x(@x(P(x))&Q(x))->((@x(@x(P(x))&Q(x))->@x(@x(P(x))&Q(x)))->@x(@x(P(x))&Q(x))))->(@x(@x(P(x))&Q(x))->@x(@x(P(x))&Q(x)))))->(W->((@x(@x(P(x))&Q(x))->(@x(@x(P(x))&Q(x))->@x(@x(P(x))&Q(x))))->((@x(@x(P(x))&Q(x))->((@x(@x(P(x))&Q(x))->@x(@x(P(x))&Q(x)))->@x(@x(P(x))&Q(x))))->(@x(@x(P(x))&Q(x))->@x(@x(P(x))&Q(x))))))))->((W&@x(@x(P(x))&Q(x))->@x(@x(P(x))&Q(x)))->(W->((@x(@x(P(x))&Q(x))->(@x(@x(P(x))&Q(x))->@x(@x(P(x))&Q(x))))->((@x(@x(P(x))&Q(x))->((@x(@x(P(x))&Q(x))->@x(@x(P(x))&Q(x)))->@x(@x(P(x))&Q(x))))->(@x(@x(P(x))&Q(x))->@x(@x(P(x))&Q(x))))))))
((W&@x(@x(P(x))&Q(x))->@x(@x(P(x))&Q(x)))->(((@x(@x(P(x))&Q(x))->(@x(@x(P(x))&Q(x))->@x(@x(P(x))&Q(x))))->((@x(@x(P(x))&Q(x))->((@x(@x(P(x))&Q(x))->@x(@x(P(x))&Q(x)))->@x(@x(P(x))&Q(x))))->(@x(@x(P(x))&Q(x))->@x(@x(P(x))&Q(x)))))->(W->((@x(@x(P(x))&Q(x))->(@x(@x(P(x))&Q(x))->@x(@x(P(x))&Q(x))))->((@x(@x(P(x))&Q(x))->((@x(@x(P(x))&Q(x))->@x(@x(P(x))&Q(x)))->@x(@x(P(x))&Q(x))))->(@x(@x(P(x))&Q(x))->@x(@x(P(x))&Q(x))))))))->((W&@x(@x(P(x))&Q(x))->@x(@x(P(x))&Q(x)))->(W->((@x(@x(P(x))&Q(x))->(@x(@x(P(x))&Q(x))->@x(@x(P(x))&Q(x))))->((@x(@x(P(x))&Q(x))->((@x(@x(P(x))&Q(x))->@x(@x(P(x))&Q(x)))->@x(@x(P(x))&Q(x))))->(@x(@x(P(x))&Q(x))->@x(@x(P(x))&Q(x)))))))
(W&@x(@x(P(x))&Q(x))->@x(@x(P(x))&Q(x)))->(W->((@x(@x(P(x))&Q(x))->(@x(@x(P(x))&Q(x))->@x(@x(P(x))&Q(x))))->((@x(@x(P(x))&Q(x))->((@x(@x(P(x))&Q(x))->@x(@x(P(x))&Q(x)))->@x(@x(P(x))&Q(x))))->(@x(@x(P(x))&Q(x))->@x(@x(P(x))&Q(x))))))
(W->(@x(@x(P(x))&Q(x))->(@x(@x(P(x))&Q(x))->@x(@x(P(x))&Q(x)))))->((W->((@x(@x(P(x))&Q(x))->(@x(@x(P(x))&Q(x))->@x(@x(P(x))&Q(x))))->((@x(@x(P(x))&Q(x))->((@x(@x(P(x))&Q(x))->@x(@x(P(x))&Q(x)))->@x(@x(P(x))&Q(x))))->(@x(@x(P(x))&Q(x))->@x(@x(P(x))&Q(x))))))->(W->((@x(@x(P(x))&Q(x))->((@x(@x(P(x))&Q(x))->@x(@x(P(x))&Q(x)))->@x(@x(P(x))&Q(x))))->(@x(@x(P(x))&Q(x))->@x(@x(P(x))&Q(x))))))
((W->(@x(@x(P(x))&Q(x))->(@x(@x(P(x))&Q(x))->@x(@x(P(x))&Q(x)))))->((W->((@x(@x(P(x))&Q(x))->(@x(@x(P(x))&Q(x))->@x(@x(P(x))&Q(x))))->((@x(@x(P(x))&Q(x))->((@x(@x(P(x))&Q(x))->@x(@x(P(x))&Q(x)))->@x(@x(P(x))&Q(x))))->(@x(@x(P(x))&Q(x))->@x(@x(P(x))&Q(x))))))->(W->((@x(@x(P(x))&Q(x))->((@x(@x(P(x))&Q(x))->@x(@x(P(x))&Q(x)))->@x(@x(P(x))&Q(x))))->(@x(@x(P(x))&Q(x))->@x(@x(P(x))&Q(x)))))))->((W&@x(@x(P(x))&Q(x))->@x(@x(P(x))&Q(x)))->((W->(@x(@x(P(x))&Q(x))->(@x(@x(P(x))&Q(x))->@x(@x(P(x))&Q(x)))))->((W->((@x(@x(P(x))&Q(x))->(@x(@x(P(x))&Q(x))->@x(@x(P(x))&Q(x))))->((@x(@x(P(x))&Q(x))->((@x(@x(P(x))&Q(x))->@x(@x(P(x))&Q(x)))->@x(@x(P(x))&Q(x))))->(@x(@x(P(x))&Q(x))->@x(@x(P(x))&Q(x))))))->(W->((@x(@x(P(x))&Q(x))->((@x(@x(P(x))&Q(x))->@x(@x(P(x))&Q(x)))->@x(@x(P(x))&Q(x))))->(@x(@x(P(x))&Q(x))->@x(@x(P(x))&Q(x))))))))
(W&@x(@x(P(x))&Q(x))->@x(@x(P(x))&Q(x)))->((W->(@x(@x(P(x))&Q(x))->(@x(@x(P(x))&Q(x))->@x(@x(P(x))&Q(x)))))->((W->((@x(@x(P(x))&Q(x))->(@x(@x(P(x))&Q(x))->@x(@x(P(x))&Q(x))))->((@x(@x(P(x))&Q(x))->((@x(@x(P(x))&Q(x))->@x(@x(P(x))&Q(x)))->@x(@x(P(x))&Q(x))))->(@x(@x(P(x))&Q(x))->@x(@x(P(x))&Q(x))))))->(W->((@x(@x(P(x))&Q(x))->((@x(@x(P(x))&Q(x))->@x(@x(P(x))&Q(x)))->@x(@x(P(x))&Q(x))))->(@x(@x(P(x))&Q(x))->@x(@x(P(x))&Q(x)))))))
((W&@x(@x(P(x))&Q(x))->@x(@x(P(x))&Q(x)))->(W->(@x(@x(P(x))&Q(x))->(@x(@x(P(x))&Q(x))->@x(@x(P(x))&Q(x))))))->(((W&@x(@x(P(x))&Q(x))->@x(@x(P(x))&Q(x)))->((W->(@x(@x(P(x))&Q(x))->(@x(@x(P(x))&Q(x))->@x(@x(P(x))&Q(x)))))->((W->((@x(@x(P(x))&Q(x))->(@x(@x(P(x))&Q(x))->@x(@x(P(x))&Q(x))))->((@x(@x(P(x))&Q(x))->((@x(@x(P(x))&Q(x))->@x(@x(P(x))&Q(x)))->@x(@x(P(x))&Q(x))))->(@x(@x(P(x))&Q(x))->@x(@x(P(x))&Q(x))))))->(W->((@x(@x(P(x))&Q(x))->((@x(@x(P(x))&Q(x))->@x(@x(P(x))&Q(x)))->@x(@x(P(x))&Q(x))))->(@x(@x(P(x))&Q(x))->@x(@x(P(x))&Q(x))))))))->((W&@x(@x(P(x))&Q(x))->@x(@x(P(x))&Q(x)))->((W->((@x(@x(P(x))&Q(x))->(@x(@x(P(x))&Q(x))->@x(@x(P(x))&Q(x))))->((@x(@x(P(x))&Q(x))->((@x(@x(P(x))&Q(x))->@x(@x(P(x))&Q(x)))->@x(@x(P(x))&Q(x))))->(@x(@x(P(x))&Q(x))->@x(@x(P(x))&Q(x))))))->(W->((@x(@x(P(x))&Q(x))->((@x(@x(P(x))&Q(x))->@x(@x(P(x))&Q(x)))->@x(@x(P(x))&Q(x))))->(@x(@x(P(x))&Q(x))->@x(@x(P(x))&Q(x))))))))
((W&@x(@x(P(x))&Q(x))->@x(@x(P(x))&Q(x)))->((W->(@x(@x(P(x))&Q(x))->(@x(@x(P(x))&Q(x))->@x(@x(P(x))&Q(x)))))->((W->((@x(@x(P(x))&Q(x))->(@x(@x(P(x))&Q(x))->@x(@x(P(x))&Q(x))))->((@x(@x(P(x))&Q(x))->((@x(@x(P(x))&Q(x))->@x(@x(P(x))&Q(x)))->@x(@x(P(x))&Q(x))))->(@x(@x(P(x))&Q(x))->@x(@x(P(x))&Q(x))))))->(W->((@x(@x(P(x))&Q(x))->((@x(@x(P(x))&Q(x))->@x(@x(P(x))&Q(x)))->@x(@x(P(x))&Q(x))))->(@x(@x(P(x))&Q(x))->@x(@x(P(x))&Q(x))))))))->((W&@x(@x(P(x))&Q(x))->@x(@x(P(x))&Q(x)))->((W->((@x(@x(P(x))&Q(x))->(@x(@x(P(x))&Q(x))->@x(@x(P(x))&Q(x))))->((@x(@x(P(x))&Q(x))->((@x(@x(P(x))&Q(x))->@x(@x(P(x))&Q(x)))->@x(@x(P(x))&Q(x))))->(@x(@x(P(x))&Q(x))->@x(@x(P(x))&Q(x))))))->(W->((@x(@x(P(x))&Q(x))->((@x(@x(P(x))&Q(x))->@x(@x(P(x))&Q(x)))->@x(@x(P(x))&Q(x))))->(@x(@x(P(x))&Q(x))->@x(@x(P(x))&Q(x)))))))
(W&@x(@x(P(x))&Q(x))->@x(@x(P(x))&Q(x)))->((W->((@x(@x(P(x))&Q(x))->(@x(@x(P(x))&Q(x))->@x(@x(P(x))&Q(x))))->((@x(@x(P(x))&Q(x))->((@x(@x(P(x))&Q(x))->@x(@x(P(x))&Q(x)))->@x(@x(P(x))&Q(x))))->(@x(@x(P(x))&Q(x))->@x(@x(P(x))&Q(x))))))->(W->((@x(@x(P(x))&Q(x))->((@x(@x(P(x))&Q(x))->@x(@x(P(x))&Q(x)))->@x(@x(P(x))&Q(x))))->(@x(@x(P(x))&Q(x))->@x(@x(P(x))&Q(x))))))
((W&@x(@x(P(x))&Q(x))->@x(@x(P(x))&Q(x)))->(W->((@x(@x(P(x))&Q(x))->(@x(@x(P(x))&Q(x))->@x(@x(P(x))&Q(x))))->((@x(@x(P(x))&Q(x))->((@x(@x(P(x))&Q(x))->@x(@x(P(x))&Q(x)))->@x(@x(P(x))&Q(x))))->(@x(@x(P(x))&Q(x))->@x(@x(P(x))&Q(x)))))))->(((W&@x(@x(P(x))&Q(x))->@x(@x(P(x))&Q(x)))->((W->((@x(@x(P(x))&Q(x))->(@x(@x(P(x))&Q(x))->@x(@x(P(x))&Q(x))))->((@x(@x(P(x))&Q(x))->((@x(@x(P(x))&Q(x))->@x(@x(P(x))&Q(x)))->@x(@x(P(x))&Q(x))))->(@x(@x(P(x))&Q(x))->@x(@x(P(x))&Q(x))))))->(W->((@x(@x(P(x))&Q(x))->((@x(@x(P(x))&Q(x))->@x(@x(P(x))&Q(x)))->@x(@x(P(x))&Q(x))))->(@x(@x(P(x))&Q(x))->@x(@x(P(x))&Q(x)))))))->((W&@x(@x(P(x))&Q(x))->@x(@x(P(x))&Q(x)))->(W->((@x(@x(P(x))&Q(x))->((@x(@x(P(x))&Q(x))->@x(@x(P(x))&Q(x)))->@x(@x(P(x))&Q(x))))->(@x(@x(P(x))&Q(x))->@x(@x(P(x))&Q(x)))))))
((W&@x(@x(P(x))&Q(x))->@x(@x(P(x))&Q(x)))->((W->((@x(@x(P(x))&Q(x))->(@x(@x(P(x))&Q(x))->@x(@x(P(x))&Q(x))))->((@x(@x(P(x))&Q(x))->((@x(@x(P(x))&Q(x))->@x(@x(P(x))&Q(x)))->@x(@x(P(x))&Q(x))))->(@x(@x(P(x))&Q(x))->@x(@x(P(x))&Q(x))))))->(W->((@x(@x(P(x))&Q(x))->((@x(@x(P(x))&Q(x))->@x(@x(P(x))&Q(x)))->@x(@x(P(x))&Q(x))))->(@x(@x(P(x))&Q(x))->@x(@x(P(x))&Q(x)))))))->((W&@x(@x(P(x))&Q(x))->@x(@x(P(x))&Q(x)))->(W->((@x(@x(P(x))&Q(x))->((@x(@x(P(x))&Q(x))->@x(@x(P(x))&Q(x)))->@x(@x(P(x))&Q(x))))->(@x(@x(P(x))&Q(x))->@x(@x(P(x))&Q(x))))))
(W&@x(@x(P(x))&Q(x))->@x(@x(P(x))&Q(x)))->(W->((@x(@x(P(x))&Q(x))->((@x(@x(P(x))&Q(x))->@x(@x(P(x))&Q(x)))->@x(@x(P(x))&Q(x))))->(@x(@x(P(x))&Q(x))->@x(@x(P(x))&Q(x)))))
@x(@x(P(x))&Q(x))->((@x(@x(P(x))&Q(x))->@x(@x(P(x))&Q(x)))->@x(@x(P(x))&Q(x)))
(@x(@x(P(x))&Q(x))->((@x(@x(P(x))&Q(x))->@x(@x(P(x))&Q(x)))->@x(@x(P(x))&Q(x))))->((W&@x(@x(P(x))&Q(x))->@x(@x(P(x))&Q(x)))->(@x(@x(P(x))&Q(x))->((@x(@x(P(x))&Q(x))->@x(@x(P(x))&Q(x)))->@x(@x(P(x))&Q(x)))))
(W&@x(@x(P(x))&Q(x))->@x(@x(P(x))&Q(x)))->(@x(@x(P(x))&Q(x))->((@x(@x(P(x))&Q(x))->@x(@x(P(x))&Q(x)))->@x(@x(P(x))&Q(x))))
(@x(@x(P(x))&Q(x))->((@x(@x(P(x))&Q(x))->@x(@x(P(x))&Q(x)))->@x(@x(P(x))&Q(x))))->(W->(@x(@x(P(x))&Q(x))->((@x(@x(P(x))&Q(x))->@x(@x(P(x))&Q(x)))->@x(@x(P(x))&Q(x)))))
((@x(@x(P(x))&Q(x))->((@x(@x(P(x))&Q(x))->@x(@x(P(x))&Q(x)))->@x(@x(P(x))&Q(x))))->(W->(@x(@x(P(x))&Q(x))->((@x(@x(P(x))&Q(x))->@x(@x(P(x))&Q(x)))->@x(@x(P(x))&Q(x))))))->((W&@x(@x(P(x))&Q(x))->@x(@x(P(x))&Q(x)))->((@x(@x(P(x))&Q(x))->((@x(@x(P(x))&Q(x))->@x(@x(P(x))&Q(x)))->@x(@x(P(x))&Q(x))))->(W->(@x(@x(P(x))&Q(x))->((@x(@x(P(x))&Q(x))->@x(@x(P(x))&Q(x)))->@x(@x(P(x))&Q(x)))))))
(W&@x(@x(P(x))&Q(x))->@x(@x(P(x))&Q(x)))->((@x(@x(P(x))&Q(x))->((@x(@x(P(x))&Q(x))->@x(@x(P(x))&Q(x)))->@x(@x(P(x))&Q(x))))->(W->(@x(@x(P(x))&Q(x))->((@x(@x(P(x))&Q(x))->@x(@x(P(x))&Q(x)))->@x(@x(P(x))&Q(x))))))
((W&@x(@x(P(x))&Q(x))->@x(@x(P(x))&Q(x)))->(@x(@x(P(x))&Q(x))->((@x(@x(P(x))&Q(x))->@x(@x(P(x))&Q(x)))->@x(@x(P(x))&Q(x)))))->(((W&@x(@x(P(x))&Q(x))->@x(@x(P(x))&Q(x)))->((@x(@x(P(x))&Q(x))->((@x(@x(P(x))&Q(x))->@x(@x(P(x))&Q(x)))->@x(@x(P(x))&Q(x))))->(W->(@x(@x(P(x))&Q(x))->((@x(@x(P(x))&Q(x))->@x(@x(P(x))&Q(x)))->@x(@x(P(x))&Q(x)))))))->((W&@x(@x(P(x))&Q(x))->@x(@x(P(x))&Q(x)))->(W->(@x(@x(P(x))&Q(x))->((@x(@x(P(x))&Q(x))->@x(@x(P(x))&Q(x)))->@x(@x(P(x))&Q(x)))))))
((W&@x(@x(P(x))&Q(x))->@x(@x(P(x))&Q(x)))->((@x(@x(P(x))&Q(x))->((@x(@x(P(x))&Q(x))->@x(@x(P(x))&Q(x)))->@x(@x(P(x))&Q(x))))->(W->(@x(@x(P(x))&Q(x))->((@x(@x(P(x))&Q(x))->@x(@x(P(x))&Q(x)))->@x(@x(P(x))&Q(x)))))))->((W&@x(@x(P(x))&Q(x))->@x(@x(P(x))&Q(x)))->(W->(@x(@x(P(x))&Q(x))->((@x(@x(P(x))&Q(x))->@x(@x(P(x))&Q(x)))->@x(@x(P(x))&Q(x))))))
(W&@x(@x(P(x))&Q(x))->@x(@x(P(x))&Q(x)))->(W->(@x(@x(P(x))&Q(x))->((@x(@x(P(x))&Q(x))->@x(@x(P(x))&Q(x)))->@x(@x(P(x))&Q(x)))))
(W->(@x(@x(P(x))&Q(x))->((@x(@x(P(x))&Q(x))->@x(@x(P(x))&Q(x)))->@x(@x(P(x))&Q(x)))))->((W->((@x(@x(P(x))&Q(x))->((@x(@x(P(x))&Q(x))->@x(@x(P(x))&Q(x)))->@x(@x(P(x))&Q(x))))->(@x(@x(P(x))&Q(x))->@x(@x(P(x))&Q(x)))))->(W->(@x(@x(P(x))&Q(x))->@x(@x(P(x))&Q(x)))))
((W->(@x(@x(P(x))&Q(x))->((@x(@x(P(x))&Q(x))->@x(@x(P(x))&Q(x)))->@x(@x(P(x))&Q(x)))))->((W->((@x(@x(P(x))&Q(x))->((@x(@x(P(x))&Q(x))->@x(@x(P(x))&Q(x)))->@x(@x(P(x))&Q(x))))->(@x(@x(P(x))&Q(x))->@x(@x(P(x))&Q(x)))))->(W->(@x(@x(P(x))&Q(x))->@x(@x(P(x))&Q(x))))))->((W&@x(@x(P(x))&Q(x))->@x(@x(P(x))&Q(x)))->((W->(@x(@x(P(x))&Q(x))->((@x(@x(P(x))&Q(x))->@x(@x(P(x))&Q(x)))->@x(@x(P(x))&Q(x)))))->((W->((@x(@x(P(x))&Q(x))->((@x(@x(P(x))&Q(x))->@x(@x(P(x))&Q(x)))->@x(@x(P(x))&Q(x))))->(@x(@x(P(x))&Q(x))->@x(@x(P(x))&Q(x)))))->(W->(@x(@x(P(x))&Q(x))->@x(@x(P(x))&Q(x)))))))
(W&@x(@x(P(x))&Q(x))->@x(@x(P(x))&Q(x)))->((W->(@x(@x(P(x))&Q(x))->((@x(@x(P(x))&Q(x))->@x(@x(P(x))&Q(x)))->@x(@x(P(x))&Q(x)))))->((W->((@x(@x(P(x))&Q(x))->((@x(@x(P(x))&Q(x))->@x(@x(P(x))&Q(x)))->@x(@x(P(x))&Q(x))))->(@x(@x(P(x))&Q(x))->@x(@x(P(x))&Q(x)))))->(W->(@x(@x(P(x))&Q(x))->@x(@x(P(x))&Q(x))))))
((W&@x(@x(P(x))&Q(x))->@x(@x(P(x))&Q(x)))->(W->(@x(@x(P(x))&Q(x))->((@x(@x(P(x))&Q(x))->@x(@x(P(x))&Q(x)))->@x(@x(P(x))&Q(x))))))->(((W&@x(@x(P(x))&Q(x))->@x(@x(P(x))&Q(x)))->((W->(@x(@x(P(x))&Q(x))->((@x(@x(P(x))&Q(x))->@x(@x(P(x))&Q(x)))->@x(@x(P(x))&Q(x)))))->((W->((@x(@x(P(x))&Q(x))->((@x(@x(P(x))&Q(x))->@x(@x(P(x))&Q(x)))->@x(@x(P(x))&Q(x))))->(@x(@x(P(x))&Q(x))->@x(@x(P(x))&Q(x)))))->(W->(@x(@x(P(x))&Q(x))->@x(@x(P(x))&Q(x)))))))->((W&@x(@x(P(x))&Q(x))->@x(@x(P(x))&Q(x)))->((W->((@x(@x(P(x))&Q(x))->((@x(@x(P(x))&Q(x))->@x(@x(P(x))&Q(x)))->@x(@x(P(x))&Q(x))))->(@x(@x(P(x))&Q(x))->@x(@x(P(x))&Q(x)))))->(W->(@x(@x(P(x))&Q(x))->@x(@x(P(x))&Q(x)))))))
((W&@x(@x(P(x))&Q(x))->@x(@x(P(x))&Q(x)))->((W->(@x(@x(P(x))&Q(x))->((@x(@x(P(x))&Q(x))->@x(@x(P(x))&Q(x)))->@x(@x(P(x))&Q(x)))))->((W->((@x(@x(P(x))&Q(x))->((@x(@x(P(x))&Q(x))->@x(@x(P(x))&Q(x)))->@x(@x(P(x))&Q(x))))->(@x(@x(P(x))&Q(x))->@x(@x(P(x))&Q(x)))))->(W->(@x(@x(P(x))&Q(x))->@x(@x(P(x))&Q(x)))))))->((W&@x(@x(P(x))&Q(x))->@x(@x(P(x))&Q(x)))->((W->((@x(@x(P(x))&Q(x))->((@x(@x(P(x))&Q(x))->@x(@x(P(x))&Q(x)))->@x(@x(P(x))&Q(x))))->(@x(@x(P(x))&Q(x))->@x(@x(P(x))&Q(x)))))->(W->(@x(@x(P(x))&Q(x))->@x(@x(P(x))&Q(x))))))
(W&@x(@x(P(x))&Q(x))->@x(@x(P(x))&Q(x)))->((W->((@x(@x(P(x))&Q(x))->((@x(@x(P(x))&Q(x))->@x(@x(P(x))&Q(x)))->@x(@x(P(x))&Q(x))))->(@x(@x(P(x))&Q(x))->@x(@x(P(x))&Q(x)))))->(W->(@x(@x(P(x))&Q(x))->@x(@x(P(x))&Q(x)))))
((W&@x(@x(P(x))&Q(x))->@x(@x(P(x))&Q(x)))->(W->((@x(@x(P(x))&Q(x))->((@x(@x(P(x))&Q(x))->@x(@x(P(x))&Q(x)))->@x(@x(P(x))&Q(x))))->(@x(@x(P(x))&Q(x))->@x(@x(P(x))&Q(x))))))->(((W&@x(@x(P(x))&Q(x))->@x(@x(P(x))&Q(x)))->((W->((@x(@x(P(x))&Q(x))->((@x(@x(P(x))&Q(x))->@x(@x(P(x))&Q(x)))->@x(@x(P(x))&Q(x))))->(@x(@x(P(x))&Q(x))->@x(@x(P(x))&Q(x)))))->(W->(@x(@x(P(x))&Q(x))->@x(@x(P(x))&Q(x))))))->((W&@x(@x(P(x))&Q(x))->@x(@x(P(x))&Q(x)))->(W->(@x(@x(P(x))&Q(x))->@x(@x(P(x))&Q(x))))))
((W&@x(@x(P(x))&Q(x))->@x(@x(P(x))&Q(x)))->((W->((@x(@x(P(x))&Q(x))->((@x(@x(P(x))&Q(x))->@x(@x(P(x))&Q(x)))->@x(@x(P(x))&Q(x))))->(@x(@x(P(x))&Q(x))->@x(@x(P(x))&Q(x)))))->(W->(@x(@x(P(x))&Q(x))->@x(@x(P(x))&Q(x))))))->((W&@x(@x(P(x))&Q(x))->@x(@x(P(x))&Q(x)))->(W->(@x(@x(P(x))&Q(x))->@x(@x(P(x))&Q(x)))))
(W&@x(@x(P(x))&Q(x))->@x(@x(P(x))&Q(x)))->(W->(@x(@x(P(x))&Q(x))->@x(@x(P(x))&Q(x))))
W->(@x(@x(P(x))&Q(x))->W&@x(@x(P(x))&Q(x)))
(W->(@x(@x(P(x))&Q(x))->W&@x(@x(P(x))&Q(x))))->((W&@x(@x(P(x))&Q(x))->@x(@x(P(x))&Q(x)))->(W->(@x(@x(P(x))&Q(x))->W&@x(@x(P(x))&Q(x)))))
(W&@x(@x(P(x))&Q(x))->@x(@x(P(x))&Q(x)))->(W->(@x(@x(P(x))&Q(x))->W&@x(@x(P(x))&Q(x))))
(W->(@x(@x(P(x))&Q(x))->W&@x(@x(P(x))&Q(x))))->(W->(W->(@x(@x(P(x))&Q(x))->W&@x(@x(P(x))&Q(x)))))
((W->(@x(@x(P(x))&Q(x))->W&@x(@x(P(x))&Q(x))))->(W->(W->(@x(@x(P(x))&Q(x))->W&@x(@x(P(x))&Q(x))))))->((W&@x(@x(P(x))&Q(x))->@x(@x(P(x))&Q(x)))->((W->(@x(@x(P(x))&Q(x))->W&@x(@x(P(x))&Q(x))))->(W->(W->(@x(@x(P(x))&Q(x))->W&@x(@x(P(x))&Q(x)))))))
(W&@x(@x(P(x))&Q(x))->@x(@x(P(x))&Q(x)))->((W->(@x(@x(P(x))&Q(x))->W&@x(@x(P(x))&Q(x))))->(W->(W->(@x(@x(P(x))&Q(x))->W&@x(@x(P(x))&Q(x))))))
((W&@x(@x(P(x))&Q(x))->@x(@x(P(x))&Q(x)))->(W->(@x(@x(P(x))&Q(x))->W&@x(@x(P(x))&Q(x)))))->(((W&@x(@x(P(x))&Q(x))->@x(@x(P(x))&Q(x)))->((W->(@x(@x(P(x))&Q(x))->W&@x(@x(P(x))&Q(x))))->(W->(W->(@x(@x(P(x))&Q(x))->W&@x(@x(P(x))&Q(x)))))))->((W&@x(@x(P(x))&Q(x))->@x(@x(P(x))&Q(x)))->(W->(W->(@x(@x(P(x))&Q(x))->W&@x(@x(P(x))&Q(x)))))))
((W&@x(@x(P(x))&Q(x))->@x(@x(P(x))&Q(x)))->((W->(@x(@x(P(x))&Q(x))->W&@x(@x(P(x))&Q(x))))->(W->(W->(@x(@x(P(x))&Q(x))->W&@x(@x(P(x))&Q(x)))))))->((W&@x(@x(P(x))&Q(x))->@x(@x(P(x))&Q(x)))->(W->(W->(@x(@x(P(x))&Q(x))->W&@x(@x(P(x))&Q(x))))))
(W&@x(@x(P(x))&Q(x))->@x(@x(P(x))&Q(x)))->(W->(W->(@x(@x(P(x))&Q(x))->W&@x(@x(P(x))&Q(x)))))
(W->(@x(@x(P(x))&Q(x))->W&@x(@x(P(x))&Q(x))))->(@x(@x(P(x))&Q(x))->(W->(@x(@x(P(x))&Q(x))->W&@x(@x(P(x))&Q(x)))))
((W->(@x(@x(P(x))&Q(x))->W&@x(@x(P(x))&Q(x))))->(@x(@x(P(x))&Q(x))->(W->(@x(@x(P(x))&Q(x))->W&@x(@x(P(x))&Q(x))))))->((W&@x(@x(P(x))&Q(x))->@x(@x(P(x))&Q(x)))->((W->(@x(@x(P(x))&Q(x))->W&@x(@x(P(x))&Q(x))))->(@x(@x(P(x))&Q(x))->(W->(@x(@x(P(x))&Q(x))->W&@x(@x(P(x))&Q(x)))))))
(W&@x(@x(P(x))&Q(x))->@x(@x(P(x))&Q(x)))->((W->(@x(@x(P(x))&Q(x))->W&@x(@x(P(x))&Q(x))))->(@x(@x(P(x))&Q(x))->(W->(@x(@x(P(x))&Q(x))->W&@x(@x(P(x))&Q(x))))))
((W->(@x(@x(P(x))&Q(x))->W&@x(@x(P(x))&Q(x))))->(@x(@x(P(x))&Q(x))->(W->(@x(@x(P(x))&Q(x))->W&@x(@x(P(x))&Q(x))))))->(W->((W->(@x(@x(P(x))&Q(x))->W&@x(@x(P(x))&Q(x))))->(@x(@x(P(x))&Q(x))->(W->(@x(@x(P(x))&Q(x))->W&@x(@x(P(x))&Q(x)))))))
(((W->(@x(@x(P(x))&Q(x))->W&@x(@x(P(x))&Q(x))))->(@x(@x(P(x))&Q(x))->(W->(@x(@x(P(x))&Q(x))->W&@x(@x(P(x))&Q(x))))))->(W->((W->(@x(@x(P(x))&Q(x))->W&@x(@x(P(x))&Q(x))))->(@x(@x(P(x))&Q(x))->(W->(@x(@x(P(x))&Q(x))->W&@x(@x(P(x))&Q(x))))))))->((W&@x(@x(P(x))&Q(x))->@x(@x(P(x))&Q(x)))->(((W->(@x(@x(P(x))&Q(x))->W&@x(@x(P(x))&Q(x))))->(@x(@x(P(x))&Q(x))->(W->(@x(@x(P(x))&Q(x))->W&@x(@x(P(x))&Q(x))))))->(W->((W->(@x(@x(P(x))&Q(x))->W&@x(@x(P(x))&Q(x))))->(@x(@x(P(x))&Q(x))->(W->(@x(@x(P(x))&Q(x))->W&@x(@x(P(x))&Q(x)))))))))
(W&@x(@x(P(x))&Q(x))->@x(@x(P(x))&Q(x)))->(((W->(@x(@x(P(x))&Q(x))->W&@x(@x(P(x))&Q(x))))->(@x(@x(P(x))&Q(x))->(W->(@x(@x(P(x))&Q(x))->W&@x(@x(P(x))&Q(x))))))->(W->((W->(@x(@x(P(x))&Q(x))->W&@x(@x(P(x))&Q(x))))->(@x(@x(P(x))&Q(x))->(W->(@x(@x(P(x))&Q(x))->W&@x(@x(P(x))&Q(x))))))))
((W&@x(@x(P(x))&Q(x))->@x(@x(P(x))&Q(x)))->((W->(@x(@x(P(x))&Q(x))->W&@x(@x(P(x))&Q(x))))->(@x(@x(P(x))&Q(x))->(W->(@x(@x(P(x))&Q(x))->W&@x(@x(P(x))&Q(x)))))))->(((W&@x(@x(P(x))&Q(x))->@x(@x(P(x))&Q(x)))->(((W->(@x(@x(P(x))&Q(x))->W&@x(@x(P(x))&Q(x))))->(@x(@x(P(x))&Q(x))->(W->(@x(@x(P(x))&Q(x))->W&@x(@x(P(x))&Q(x))))))->(W->((W->(@x(@x(P(x))&Q(x))->W&@x(@x(P(x))&Q(x))))->(@x(@x(P(x))&Q(x))->(W->(@x(@x(P(x))&Q(x))->W&@x(@x(P(x))&Q(x)))))))))->((W&@x(@x(P(x))&Q(x))->@x(@x(P(x))&Q(x)))->(W->((W->(@x(@x(P(x))&Q(x))->W&@x(@x(P(x))&Q(x))))->(@x(@x(P(x))&Q(x))->(W->(@x(@x(P(x))&Q(x))->W&@x(@x(P(x))&Q(x)))))))))
((W&@x(@x(P(x))&Q(x))->@x(@x(P(x))&Q(x)))->(((W->(@x(@x(P(x))&Q(x))->W&@x(@x(P(x))&Q(x))))->(@x(@x(P(x))&Q(x))->(W->(@x(@x(P(x))&Q(x))->W&@x(@x(P(x))&Q(x))))))->(W->((W->(@x(@x(P(x))&Q(x))->W&@x(@x(P(x))&Q(x))))->(@x(@x(P(x))&Q(x))->(W->(@x(@x(P(x))&Q(x))->W&@x(@x(P(x))&Q(x)))))))))->((W&@x(@x(P(x))&Q(x))->@x(@x(P(x))&Q(x)))->(W->((W->(@x(@x(P(x))&Q(x))->W&@x(@x(P(x))&Q(x))))->(@x(@x(P(x))&Q(x))->(W->(@x(@x(P(x))&Q(x))->W&@x(@x(P(x))&Q(x))))))))
(W&@x(@x(P(x))&Q(x))->@x(@x(P(x))&Q(x)))->(W->((W->(@x(@x(P(x))&Q(x))->W&@x(@x(P(x))&Q(x))))->(@x(@x(P(x))&Q(x))->(W->(@x(@x(P(x))&Q(x))->W&@x(@x(P(x))&Q(x)))))))
(W->(W->(@x(@x(P(x))&Q(x))->W&@x(@x(P(x))&Q(x)))))->((W->((W->(@x(@x(P(x))&Q(x))->W&@x(@x(P(x))&Q(x))))->(@x(@x(P(x))&Q(x))->(W->(@x(@x(P(x))&Q(x))->W&@x(@x(P(x))&Q(x)))))))->(W->(@x(@x(P(x))&Q(x))->(W->(@x(@x(P(x))&Q(x))->W&@x(@x(P(x))&Q(x)))))))
((W->(W->(@x(@x(P(x))&Q(x))->W&@x(@x(P(x))&Q(x)))))->((W->((W->(@x(@x(P(x))&Q(x))->W&@x(@x(P(x))&Q(x))))->(@x(@x(P(x))&Q(x))->(W->(@x(@x(P(x))&Q(x))->W&@x(@x(P(x))&Q(x)))))))->(W->(@x(@x(P(x))&Q(x))->(W->(@x(@x(P(x))&Q(x))->W&@x(@x(P(x))&Q(x))))))))->((W&@x(@x(P(x))&Q(x))->@x(@x(P(x))&Q(x)))->((W->(W->(@x(@x(P(x))&Q(x))->W&@x(@x(P(x))&Q(x)))))->((W->((W->(@x(@x(P(x))&Q(x))->W&@x(@x(P(x))&Q(x))))->(@x(@x(P(x))&Q(x))->(W->(@x(@x(P(x))&Q(x))->W&@x(@x(P(x))&Q(x)))))))->(W->(@x(@x(P(x))&Q(x))->(W->(@x(@x(P(x))&Q(x))->W&@x(@x(P(x))&Q(x)))))))))
(W&@x(@x(P(x))&Q(x))->@x(@x(P(x))&Q(x)))->((W->(W->(@x(@x(P(x))&Q(x))->W&@x(@x(P(x))&Q(x)))))->((W->((W->(@x(@x(P(x))&Q(x))->W&@x(@x(P(x))&Q(x))))->(@x(@x(P(x))&Q(x))->(W->(@x(@x(P(x))&Q(x))->W&@x(@x(P(x))&Q(x)))))))->(W->(@x(@x(P(x))&Q(x))->(W->(@x(@x(P(x))&Q(x))->W&@x(@x(P(x))&Q(x))))))))
((W&@x(@x(P(x))&Q(x))->@x(@x(P(x))&Q(x)))->(W->(W->(@x(@x(P(x))&Q(x))->W&@x(@x(P(x))&Q(x))))))->(((W&@x(@x(P(x))&Q(x))->@x(@x(P(x))&Q(x)))->((W->(W->(@x(@x(P(x))&Q(x))->W&@x(@x(P(x))&Q(x)))))->((W->((W->(@x(@x(P(x))&Q(x))->W&@x(@x(P(x))&Q(x))))->(@x(@x(P(x))&Q(x))->(W->(@x(@x(P(x))&Q(x))->W&@x(@x(P(x))&Q(x)))))))->(W->(@x(@x(P(x))&Q(x))->(W->(@x(@x(P(x))&Q(x))->W&@x(@x(P(x))&Q(x)))))))))->((W&@x(@x(P(x))&Q(x))->@x(@x(P(x))&Q(x)))->((W->((W->(@x(@x(P(x))&Q(x))->W&@x(@x(P(x))&Q(x))))->(@x(@x(P(x))&Q(x))->(W->(@x(@x(P(x))&Q(x))->W&@x(@x(P(x))&Q(x)))))))->(W->(@x(@x(P(x))&Q(x))->(W->(@x(@x(P(x))&Q(x))->W&@x(@x(P(x))&Q(x)))))))))
((W&@x(@x(P(x))&Q(x))->@x(@x(P(x))&Q(x)))->((W->(W->(@x(@x(P(x))&Q(x))->W&@x(@x(P(x))&Q(x)))))->((W->((W->(@x(@x(P(x))&Q(x))->W&@x(@x(P(x))&Q(x))))->(@x(@x(P(x))&Q(x))->(W->(@x(@x(P(x))&Q(x))->W&@x(@x(P(x))&Q(x)))))))->(W->(@x(@x(P(x))&Q(x))->(W->(@x(@x(P(x))&Q(x))->W&@x(@x(P(x))&Q(x)))))))))->((W&@x(@x(P(x))&Q(x))->@x(@x(P(x))&Q(x)))->((W->((W->(@x(@x(P(x))&Q(x))->W&@x(@x(P(x))&Q(x))))->(@x(@x(P(x))&Q(x))->(W->(@x(@x(P(x))&Q(x))->W&@x(@x(P(x))&Q(x)))))))->(W->(@x(@x(P(x))&Q(x))->(W->(@x(@x(P(x))&Q(x))->W&@x(@x(P(x))&Q(x))))))))
(W&@x(@x(P(x))&Q(x))->@x(@x(P(x))&Q(x)))->((W->((W->(@x(@x(P(x))&Q(x))->W&@x(@x(P(x))&Q(x))))->(@x(@x(P(x))&Q(x))->(W->(@x(@x(P(x))&Q(x))->W&@x(@x(P(x))&Q(x)))))))->(W->(@x(@x(P(x))&Q(x))->(W->(@x(@x(P(x))&Q(x))->W&@x(@x(P(x))&Q(x)))))))
((W&@x(@x(P(x))&Q(x))->@x(@x(P(x))&Q(x)))->(W->((W->(@x(@x(P(x))&Q(x))->W&@x(@x(P(x))&Q(x))))->(@x(@x(P(x))&Q(x))->(W->(@x(@x(P(x))&Q(x))->W&@x(@x(P(x))&Q(x))))))))->(((W&@x(@x(P(x))&Q(x))->@x(@x(P(x))&Q(x)))->((W->((W->(@x(@x(P(x))&Q(x))->W&@x(@x(P(x))&Q(x))))->(@x(@x(P(x))&Q(x))->(W->(@x(@x(P(x))&Q(x))->W&@x(@x(P(x))&Q(x)))))))->(W->(@x(@x(P(x))&Q(x))->(W->(@x(@x(P(x))&Q(x))->W&@x(@x(P(x))&Q(x))))))))->((W&@x(@x(P(x))&Q(x))->@x(@x(P(x))&Q(x)))->(W->(@x(@x(P(x))&Q(x))->(W->(@x(@x(P(x))&Q(x))->W&@x(@x(P(x))&Q(x))))))))
((W&@x(@x(P(x))&Q(x))->@x(@x(P(x))&Q(x)))->((W->((W->(@x(@x(P(x))&Q(x))->W&@x(@x(P(x))&Q(x))))->(@x(@x(P(x))&Q(x))->(W->(@x(@x(P(x))&Q(x))->W&@x(@x(P(x))&Q(x)))))))->(W->(@x(@x(P(x))&Q(x))->(W->(@x(@x(P(x))&Q(x))->W&@x(@x(P(x))&Q(x))))))))->((W&@x(@x(P(x))&Q(x))->@x(@x(P(x))&Q(x)))->(W->(@x(@x(P(x))&Q(x))->(W->(@x(@x(P(x))&Q(x))->W&@x(@x(P(x))&Q(x)))))))
(W&@x(@x(P(x))&Q(x))->@x(@x(P(x))&Q(x)))->(W->(@x(@x(P(x))&Q(x))->(W->(@x(@x(P(x))&Q(x))->W&@x(@x(P(x))&Q(x))))))
(@x(@x(P(x))&Q(x))->W)->((@x(@x(P(x))&Q(x))->(W->(@x(@x(P(x))&Q(x))->W&@x(@x(P(x))&Q(x)))))->(@x(@x(P(x))&Q(x))->(@x(@x(P(x))&Q(x))->W&@x(@x(P(x))&Q(x)))))
((@x(@x(P(x))&Q(x))->W)->((@x(@x(P(x))&Q(x))->(W->(@x(@x(P(x))&Q(x))->W&@x(@x(P(x))&Q(x)))))->(@x(@x(P(x))&Q(x))->(@x(@x(P(x))&Q(x))->W&@x(@x(P(x))&Q(x))))))->((W&@x(@x(P(x))&Q(x))->@x(@x(P(x))&Q(x)))->((@x(@x(P(x))&Q(x))->W)->((@x(@x(P(x))&Q(x))->(W->(@x(@x(P(x))&Q(x))->W&@x(@x(P(x))&Q(x)))))->(@x(@x(P(x))&Q(x))->(@x(@x(P(x))&Q(x))->W&@x(@x(P(x))&Q(x)))))))
(W&@x(@x(P(x))&Q(x))->@x(@x(P(x))&Q(x)))->((@x(@x(P(x))&Q(x))->W)->((@x(@x(P(x))&Q(x))->(W->(@x(@x(P(x))&Q(x))->W&@x(@x(P(x))&Q(x)))))->(@x(@x(P(x))&Q(x))->(@x(@x(P(x))&Q(x))->W&@x(@x(P(x))&Q(x))))))
((@x(@x(P(x))&Q(x))->W)->((@x(@x(P(x))&Q(x))->(W->(@x(@x(P(x))&Q(x))->W&@x(@x(P(x))&Q(x)))))->(@x(@x(P(x))&Q(x))->(@x(@x(P(x))&Q(x))->W&@x(@x(P(x))&Q(x))))))->(W->((@x(@x(P(x))&Q(x))->W)->((@x(@x(P(x))&Q(x))->(W->(@x(@x(P(x))&Q(x))->W&@x(@x(P(x))&Q(x)))))->(@x(@x(P(x))&Q(x))->(@x(@x(P(x))&Q(x))->W&@x(@x(P(x))&Q(x)))))))
(((@x(@x(P(x))&Q(x))->W)->((@x(@x(P(x))&Q(x))->(W->(@x(@x(P(x))&Q(x))->W&@x(@x(P(x))&Q(x)))))->(@x(@x(P(x))&Q(x))->(@x(@x(P(x))&Q(x))->W&@x(@x(P(x))&Q(x))))))->(W->((@x(@x(P(x))&Q(x))->W)->((@x(@x(P(x))&Q(x))->(W->(@x(@x(P(x))&Q(x))->W&@x(@x(P(x))&Q(x)))))->(@x(@x(P(x))&Q(x))->(@x(@x(P(x))&Q(x))->W&@x(@x(P(x))&Q(x))))))))->((W&@x(@x(P(x))&Q(x))->@x(@x(P(x))&Q(x)))->(((@x(@x(P(x))&Q(x))->W)->((@x(@x(P(x))&Q(x))->(W->(@x(@x(P(x))&Q(x))->W&@x(@x(P(x))&Q(x)))))->(@x(@x(P(x))&Q(x))->(@x(@x(P(x))&Q(x))->W&@x(@x(P(x))&Q(x))))))->(W->((@x(@x(P(x))&Q(x))->W)->((@x(@x(P(x))&Q(x))->(W->(@x(@x(P(x))&Q(x))->W&@x(@x(P(x))&Q(x)))))->(@x(@x(P(x))&Q(x))->(@x(@x(P(x))&Q(x))->W&@x(@x(P(x))&Q(x)))))))))
(W&@x(@x(P(x))&Q(x))->@x(@x(P(x))&Q(x)))->(((@x(@x(P(x))&Q(x))->W)->((@x(@x(P(x))&Q(x))->(W->(@x(@x(P(x))&Q(x))->W&@x(@x(P(x))&Q(x)))))->(@x(@x(P(x))&Q(x))->(@x(@x(P(x))&Q(x))->W&@x(@x(P(x))&Q(x))))))->(W->((@x(@x(P(x))&Q(x))->W)->((@x(@x(P(x))&Q(x))->(W->(@x(@x(P(x))&Q(x))->W&@x(@x(P(x))&Q(x)))))->(@x(@x(P(x))&Q(x))->(@x(@x(P(x))&Q(x))->W&@x(@x(P(x))&Q(x))))))))
((W&@x(@x(P(x))&Q(x))->@x(@x(P(x))&Q(x)))->((@x(@x(P(x))&Q(x))->W)->((@x(@x(P(x))&Q(x))->(W->(@x(@x(P(x))&Q(x))->W&@x(@x(P(x))&Q(x)))))->(@x(@x(P(x))&Q(x))->(@x(@x(P(x))&Q(x))->W&@x(@x(P(x))&Q(x)))))))->(((W&@x(@x(P(x))&Q(x))->@x(@x(P(x))&Q(x)))->(((@x(@x(P(x))&Q(x))->W)->((@x(@x(P(x))&Q(x))->(W->(@x(@x(P(x))&Q(x))->W&@x(@x(P(x))&Q(x)))))->(@x(@x(P(x))&Q(x))->(@x(@x(P(x))&Q(x))->W&@x(@x(P(x))&Q(x))))))->(W->((@x(@x(P(x))&Q(x))->W)->((@x(@x(P(x))&Q(x))->(W->(@x(@x(P(x))&Q(x))->W&@x(@x(P(x))&Q(x)))))->(@x(@x(P(x))&Q(x))->(@x(@x(P(x))&Q(x))->W&@x(@x(P(x))&Q(x)))))))))->((W&@x(@x(P(x))&Q(x))->@x(@x(P(x))&Q(x)))->(W->((@x(@x(P(x))&Q(x))->W)->((@x(@x(P(x))&Q(x))->(W->(@x(@x(P(x))&Q(x))->W&@x(@x(P(x))&Q(x)))))->(@x(@x(P(x))&Q(x))->(@x(@x(P(x))&Q(x))->W&@x(@x(P(x))&Q(x)))))))))
((W&@x(@x(P(x))&Q(x))->@x(@x(P(x))&Q(x)))->(((@x(@x(P(x))&Q(x))->W)->((@x(@x(P(x))&Q(x))->(W->(@x(@x(P(x))&Q(x))->W&@x(@x(P(x))&Q(x)))))->(@x(@x(P(x))&Q(x))->(@x(@x(P(x))&Q(x))->W&@x(@x(P(x))&Q(x))))))->(W->((@x(@x(P(x))&Q(x))->W)->((@x(@x(P(x))&Q(x))->(W->(@x(@x(P(x))&Q(x))->W&@x(@x(P(x))&Q(x)))))->(@x(@x(P(x))&Q(x))->(@x(@x(P(x))&Q(x))->W&@x(@x(P(x))&Q(x)))))))))->((W&@x(@x(P(x))&Q(x))->@x(@x(P(x))&Q(x)))->(W->((@x(@x(P(x))&Q(x))->W)->((@x(@x(P(x))&Q(x))->(W->(@x(@x(P(x))&Q(x))->W&@x(@x(P(x))&Q(x)))))->(@x(@x(P(x))&Q(x))->(@x(@x(P(x))&Q(x))->W&@x(@x(P(x))&Q(x))))))))
(W&@x(@x(P(x))&Q(x))->@x(@x(P(x))&Q(x)))->(W->((@x(@x(P(x))&Q(x))->W)->((@x(@x(P(x))&Q(x))->(W->(@x(@x(P(x))&Q(x))->W&@x(@x(P(x))&Q(x)))))->(@x(@x(P(x))&Q(x))->(@x(@x(P(x))&Q(x))->W&@x(@x(P(x))&Q(x)))))))
(W->(@x(@x(P(x))&Q(x))->W))->((W->((@x(@x(P(x))&Q(x))->W)->((@x(@x(P(x))&Q(x))->(W->(@x(@x(P(x))&Q(x))->W&@x(@x(P(x))&Q(x)))))->(@x(@x(P(x))&Q(x))->(@x(@x(P(x))&Q(x))->W&@x(@x(P(x))&Q(x)))))))->(W->((@x(@x(P(x))&Q(x))->(W->(@x(@x(P(x))&Q(x))->W&@x(@x(P(x))&Q(x)))))->(@x(@x(P(x))&Q(x))->(@x(@x(P(x))&Q(x))->W&@x(@x(P(x))&Q(x)))))))
((W->(@x(@x(P(x))&Q(x))->W))->((W->((@x(@x(P(x))&Q(x))->W)->((@x(@x(P(x))&Q(x))->(W->(@x(@x(P(x))&Q(x))->W&@x(@x(P(x))&Q(x)))))->(@x(@x(P(x))&Q(x))->(@x(@x(P(x))&Q(x))->W&@x(@x(P(x))&Q(x)))))))->(W->((@x(@x(P(x))&Q(x))->(W->(@x(@x(P(x))&Q(x))->W&@x(@x(P(x))&Q(x)))))->(@x(@x(P(x))&Q(x))->(@x(@x(P(x))&Q(x))->W&@x(@x(P(x))&Q(x))))))))->((W&@x(@x(P(x))&Q(x))->@x(@x(P(x))&Q(x)))->((W->(@x(@x(P(x))&Q(x))->W))->((W->((@x(@x(P(x))&Q(x))->W)->((@x(@x(P(x))&Q(x))->(W->(@x(@x(P(x))&Q(x))->W&@x(@x(P(x))&Q(x)))))->(@x(@x(P(x))&Q(x))->(@x(@x(P(x))&Q(x))->W&@x(@x(P(x))&Q(x)))))))->(W->((@x(@x(P(x))&Q(x))->(W->(@x(@x(P(x))&Q(x))->W&@x(@x(P(x))&Q(x)))))->(@x(@x(P(x))&Q(x))->(@x(@x(P(x))&Q(x))->W&@x(@x(P(x))&Q(x)))))))))
(W&@x(@x(P(x))&Q(x))->@x(@x(P(x))&Q(x)))->((W->(@x(@x(P(x))&Q(x))->W))->((W->((@x(@x(P(x))&Q(x))->W)->((@x(@x(P(x))&Q(x))->(W->(@x(@x(P(x))&Q(x))->W&@x(@x(P(x))&Q(x)))))->(@x(@x(P(x))&Q(x))->(@x(@x(P(x))&Q(x))->W&@x(@x(P(x))&Q(x)))))))->(W->((@x(@x(P(x))&Q(x))->(W->(@x(@x(P(x))&Q(x))->W&@x(@x(P(x))&Q(x)))))->(@x(@x(P(x))&Q(x))->(@x(@x(P(x))&Q(x))->W&@x(@x(P(x))&Q(x))))))))
((W&@x(@x(P(x))&Q(x))->@x(@x(P(x))&Q(x)))->(W->(@x(@x(P(x))&Q(x))->W)))->(((W&@x(@x(P(x))&Q(x))->@x(@x(P(x))&Q(x)))->((W->(@x(@x(P(x))&Q(x))->W))->((W->((@x(@x(P(x))&Q(x))->W)->((@x(@x(P(x))&Q(x))->(W->(@x(@x(P(x))&Q(x))->W&@x(@x(P(x))&Q(x)))))->(@x(@x(P(x))&Q(x))->(@x(@x(P(x))&Q(x))->W&@x(@x(P(x))&Q(x)))))))->(W->((@x(@x(P(x))&Q(x))->(W->(@x(@x(P(x))&Q(x))->W&@x(@x(P(x))&Q(x)))))->(@x(@x(P(x))&Q(x))->(@x(@x(P(x))&Q(x))->W&@x(@x(P(x))&Q(x)))))))))->((W&@x(@x(P(x))&Q(x))->@x(@x(P(x))&Q(x)))->((W->((@x(@x(P(x))&Q(x))->W)->((@x(@x(P(x))&Q(x))->(W->(@x(@x(P(x))&Q(x))->W&@x(@x(P(x))&Q(x)))))->(@x(@x(P(x))&Q(x))->(@x(@x(P(x))&Q(x))->W&@x(@x(P(x))&Q(x)))))))->(W->((@x(@x(P(x))&Q(x))->(W->(@x(@x(P(x))&Q(x))->W&@x(@x(P(x))&Q(x)))))->(@x(@x(P(x))&Q(x))->(@x(@x(P(x))&Q(x))->W&@x(@x(P(x))&Q(x)))))))))
((W&@x(@x(P(x))&Q(x))->@x(@x(P(x))&Q(x)))->((W->(@x(@x(P(x))&Q(x))->W))->((W->((@x(@x(P(x))&Q(x))->W)->((@x(@x(P(x))&Q(x))->(W->(@x(@x(P(x))&Q(x))->W&@x(@x(P(x))&Q(x)))))->(@x(@x(P(x))&Q(x))->(@x(@x(P(x))&Q(x))->W&@x(@x(P(x))&Q(x)))))))->(W->((@x(@x(P(x))&Q(x))->(W->(@x(@x(P(x))&Q(x))->W&@x(@x(P(x))&Q(x)))))->(@x(@x(P(x))&Q(x))->(@x(@x(P(x))&Q(x))->W&@x(@x(P(x))&Q(x)))))))))->((W&@x(@x(P(x))&Q(x))->@x(@x(P(x))&Q(x)))->((W->((@x(@x(P(x))&Q(x))->W)->((@x(@x(P(x))&Q(x))->(W->(@x(@x(P(x))&Q(x))->W&@x(@x(P(x))&Q(x)))))->(@x(@x(P(x))&Q(x))->(@x(@x(P(x))&Q(x))->W&@x(@x(P(x))&Q(x)))))))->(W->((@x(@x(P(x))&Q(x))->(W->(@x(@x(P(x))&Q(x))->W&@x(@x(P(x))&Q(x)))))->(@x(@x(P(x))&Q(x))->(@x(@x(P(x))&Q(x))->W&@x(@x(P(x))&Q(x))))))))
(W&@x(@x(P(x))&Q(x))->@x(@x(P(x))&Q(x)))->((W->((@x(@x(P(x))&Q(x))->W)->((@x(@x(P(x))&Q(x))->(W->(@x(@x(P(x))&Q(x))->W&@x(@x(P(x))&Q(x)))))->(@x(@x(P(x))&Q(x))->(@x(@x(P(x))&Q(x))->W&@x(@x(P(x))&Q(x)))))))->(W->((@x(@x(P(x))&Q(x))->(W->(@x(@x(P(x))&Q(x))->W&@x(@x(P(x))&Q(x)))))->(@x(@x(P(x))&Q(x))->(@x(@x(P(x))&Q(x))->W&@x(@x(P(x))&Q(x)))))))
((W&@x(@x(P(x))&Q(x))->@x(@x(P(x))&Q(x)))->(W->((@x(@x(P(x))&Q(x))->W)->((@x(@x(P(x))&Q(x))->(W->(@x(@x(P(x))&Q(x))->W&@x(@x(P(x))&Q(x)))))->(@x(@x(P(x))&Q(x))->(@x(@x(P(x))&Q(x))->W&@x(@x(P(x))&Q(x))))))))->(((W&@x(@x(P(x))&Q(x))->@x(@x(P(x))&Q(x)))->((W->((@x(@x(P(x))&Q(x))->W)->((@x(@x(P(x))&Q(x))->(W->(@x(@x(P(x))&Q(x))->W&@x(@x(P(x))&Q(x)))))->(@x(@x(P(x))&Q(x))->(@x(@x(P(x))&Q(x))->W&@x(@x(P(x))&Q(x)))))))->(W->((@x(@x(P(x))&Q(x))->(W->(@x(@x(P(x))&Q(x))->W&@x(@x(P(x))&Q(x)))))->(@x(@x(P(x))&Q(x))->(@x(@x(P(x))&Q(x))->W&@x(@x(P(x))&Q(x))))))))->((W&@x(@x(P(x))&Q(x))->@x(@x(P(x))&Q(x)))->(W->((@x(@x(P(x))&Q(x))->(W->(@x(@x(P(x))&Q(x))->W&@x(@x(P(x))&Q(x)))))->(@x(@x(P(x))&Q(x))->(@x(@x(P(x))&Q(x))->W&@x(@x(P(x))&Q(x))))))))
((W&@x(@x(P(x))&Q(x))->@x(@x(P(x))&Q(x)))->((W->((@x(@x(P(x))&Q(x))->W)->((@x(@x(P(x))&Q(x))->(W->(@x(@x(P(x))&Q(x))->W&@x(@x(P(x))&Q(x)))))->(@x(@x(P(x))&Q(x))->(@x(@x(P(x))&Q(x))->W&@x(@x(P(x))&Q(x)))))))->(W->((@x(@x(P(x))&Q(x))->(W->(@x(@x(P(x))&Q(x))->W&@x(@x(P(x))&Q(x)))))->(@x(@x(P(x))&Q(x))->(@x(@x(P(x))&Q(x))->W&@x(@x(P(x))&Q(x))))))))->((W&@x(@x(P(x))&Q(x))->@x(@x(P(x))&Q(x)))->(W->((@x(@x(P(x))&Q(x))->(W->(@x(@x(P(x))&Q(x))->W&@x(@x(P(x))&Q(x)))))->(@x(@x(P(x))&Q(x))->(@x(@x(P(x))&Q(x))->W&@x(@x(P(x))&Q(x)))))))
(W&@x(@x(P(x))&Q(x))->@x(@x(P(x))&Q(x)))->(W->((@x(@x(P(x))&Q(x))->(W->(@x(@x(P(x))&Q(x))->W&@x(@x(P(x))&Q(x)))))->(@x(@x(P(x))&Q(x))->(@x(@x(P(x))&Q(x))->W&@x(@x(P(x))&Q(x))))))
(W->(@x(@x(P(x))&Q(x))->(W->(@x(@x(P(x))&Q(x))->W&@x(@x(P(x))&Q(x))))))->((W->((@x(@x(P(x))&Q(x))->(W->(@x(@x(P(x))&Q(x))->W&@x(@x(P(x))&Q(x)))))->(@x(@x(P(x))&Q(x))->(@x(@x(P(x))&Q(x))->W&@x(@x(P(x))&Q(x))))))->(W->(@x(@x(P(x))&Q(x))->(@x(@x(P(x))&Q(x))->W&@x(@x(P(x))&Q(x))))))
((W->(@x(@x(P(x))&Q(x))->(W->(@x(@x(P(x))&Q(x))->W&@x(@x(P(x))&Q(x))))))->((W->((@x(@x(P(x))&Q(x))->(W->(@x(@x(P(x))&Q(x))->W&@x(@x(P(x))&Q(x)))))->(@x(@x(P(x))&Q(x))->(@x(@x(P(x))&Q(x))->W&@x(@x(P(x))&Q(x))))))->(W->(@x(@x(P(x))&Q(x))->(@x(@x(P(x))&Q(x))->W&@x(@x(P(x))&Q(x)))))))->((W&@x(@x(P(x))&Q(x))->@x(@x(P(x))&Q(x)))->((W->(@x(@x(P(x))&Q(x))->(W->(@x(@x(P(x))&Q(x))->W&@x(@x(P(x))&Q(x))))))->((W->((@x(@x(P(x))&Q(x))->(W->(@x(@x(P(x))&Q(x))->W&@x(@x(P(x))&Q(x)))))->(@x(@x(P(x))&Q(x))->(@x(@x(P(x))&Q(x))->W&@x(@x(P(x))&Q(x))))))->(W->(@x(@x(P(x))&Q(x))->(@x(@x(P(x))&Q(x))->W&@x(@x(P(x))&Q(x))))))))
(W&@x(@x(P(x))&Q(x))->@x(@x(P(x))&Q(x)))->((W->(@x(@x(P(x))&Q(x))->(W->(@x(@x(P(x))&Q(x))->W&@x(@x(P(x))&Q(x))))))->((W->((@x(@x(P(x))&Q(x))->(W->(@x(@x(P(x))&Q(x))->W&@x(@x(P(x))&Q(x)))))->(@x(@x(P(x))&Q(x))->(@x(@x(P(x))&Q(x))->W&@x(@x(P(x))&Q(x))))))->(W->(@x(@x(P(x))&Q(x))->(@x(@x(P(x))&Q(x))->W&@x(@x(P(x))&Q(x)))))))
((W&@x(@x(P(x))&Q(x))->@x(@x(P(x))&Q(x)))->(W->(@x(@x(P(x))&Q(x))->(W->(@x(@x(P(x))&Q(x))->W&@x(@x(P(x))&Q(x)))))))->(((W&@x(@x(P(x))&Q(x))->@x(@x(P(x))&Q(x)))->((W->(@x(@x(P(x))&Q(x))->(W->(@x(@x(P(x))&Q(x))->W&@x(@x(P(x))&Q(x))))))->((W->((@x(@x(P(x))&Q(x))->(W->(@x(@x(P(x))&Q(x))->W&@x(@x(P(x))&Q(x)))))->(@x(@x(P(x))&Q(x))->(@x(@x(P(x))&Q(x))->W&@x(@x(P(x))&Q(x))))))->(W->(@x(@x(P(x))&Q(x))->(@x(@x(P(x))&Q(x))->W&@x(@x(P(x))&Q(x))))))))->((W&@x(@x(P(x))&Q(x))->@x(@x(P(x))&Q(x)))->((W->((@x(@x(P(x))&Q(x))->(W->(@x(@x(P(x))&Q(x))->W&@x(@x(P(x))&Q(x)))))->(@x(@x(P(x))&Q(x))->(@x(@x(P(x))&Q(x))->W&@x(@x(P(x))&Q(x))))))->(W->(@x(@x(P(x))&Q(x))->(@x(@x(P(x))&Q(x))->W&@x(@x(P(x))&Q(x))))))))
((W&@x(@x(P(x))&Q(x))->@x(@x(P(x))&Q(x)))->((W->(@x(@x(P(x))&Q(x))->(W->(@x(@x(P(x))&Q(x))->W&@x(@x(P(x))&Q(x))))))->((W->((@x(@x(P(x))&Q(x))->(W->(@x(@x(P(x))&Q(x))->W&@x(@x(P(x))&Q(x)))))->(@x(@x(P(x))&Q(x))->(@x(@x(P(x))&Q(x))->W&@x(@x(P(x))&Q(x))))))->(W->(@x(@x(P(x))&Q(x))->(@x(@x(P(x))&Q(x))->W&@x(@x(P(x))&Q(x))))))))->((W&@x(@x(P(x))&Q(x))->@x(@x(P(x))&Q(x)))->((W->((@x(@x(P(x))&Q(x))->(W->(@x(@x(P(x))&Q(x))->W&@x(@x(P(x))&Q(x)))))->(@x(@x(P(x))&Q(x))->(@x(@x(P(x))&Q(x))->W&@x(@x(P(x))&Q(x))))))->(W->(@x(@x(P(x))&Q(x))->(@x(@x(P(x))&Q(x))->W&@x(@x(P(x))&Q(x)))))))
(W&@x(@x(P(x))&Q(x))->@x(@x(P(x))&Q(x)))->((W->((@x(@x(P(x))&Q(x))->(W->(@x(@x(P(x))&Q(x))->W&@x(@x(P(x))&Q(x)))))->(@x(@x(P(x))&Q(x))->(@x(@x(P(x))&Q(x))->W&@x(@x(P(x))&Q(x))))))->(W->(@x(@x(P(x))&Q(x))->(@x(@x(P(x))&Q(x))->W&@x(@x(P(x))&Q(x))))))
((W&@x(@x(P(x))&Q(x))->@x(@x(P(x))&Q(x)))->(W->((@x(@x(P(x))&Q(x))->(W->(@x(@x(P(x))&Q(x))->W&@x(@x(P(x))&Q(x)))))->(@x(@x(P(x))&Q(x))->(@x(@x(P(x))&Q(x))->W&@x(@x(P(x))&Q(x)))))))->(((W&@x(@x(P(x))&Q(x))->@x(@x(P(x))&Q(x)))->((W->((@x(@x(P(x))&Q(x))->(W->(@x(@x(P(x))&Q(x))->W&@x(@x(P(x))&Q(x)))))->(@x(@x(P(x))&Q(x))->(@x(@x(P(x))&Q(x))->W&@x(@x(P(x))&Q(x))))))->(W->(@x(@x(P(x))&Q(x))->(@x(@x(P(x))&Q(x))->W&@x(@x(P(x))&Q(x)))))))->((W&@x(@x(P(x))&Q(x))->@x(@x(P(x))&Q(x)))->(W->(@x(@x(P(x))&Q(x))->(@x(@x(P(x))&Q(x))->W&@x(@x(P(x))&Q(x)))))))
((W&@x(@x(P(x))&Q(x))->@x(@x(P(x))&Q(x)))->((W->((@x(@x(P(x))&Q(x))->(W->(@x(@x(P(x))&Q(x))->W&@x(@x(P(x))&Q(x)))))->(@x(@x(P(x))&Q(x))->(@x(@x(P(x))&Q(x))->W&@x(@x(P(x))&Q(x))))))->(W->(@x(@x(P(x))&Q(x))->(@x(@x(P(x))&Q(x))->W&@x(@x(P(x))&Q(x)))))))->((W&@x(@x(P(x))&Q(x))->@x(@x(P(x))&Q(x)))->(W->(@x(@x(P(x))&Q(x))->(@x(@x(P(x))&Q(x))->W&@x(@x(P(x))&Q(x))))))
(W&@x(@x(P(x))&Q(x))->@x(@x(P(x))&Q(x)))->(W->(@x(@x(P(x))&Q(x))->(@x(@x(P(x))&Q(x))->W&@x(@x(P(x))&Q(x)))))
(@x(@x(P(x))&Q(x))->@x(@x(P(x))&Q(x)))->((@x(@x(P(x))&Q(x))->(@x(@x(P(x))&Q(x))->W&@x(@x(P(x))&Q(x))))->(@x(@x(P(x))&Q(x))->W&@x(@x(P(x))&Q(x))))
((@x(@x(P(x))&Q(x))->@x(@x(P(x))&Q(x)))->((@x(@x(P(x))&Q(x))->(@x(@x(P(x))&Q(x))->W&@x(@x(P(x))&Q(x))))->(@x(@x(P(x))&Q(x))->W&@x(@x(P(x))&Q(x)))))->((W&@x(@x(P(x))&Q(x))->@x(@x(P(x))&Q(x)))->((@x(@x(P(x))&Q(x))->@x(@x(P(x))&Q(x)))->((@x(@x(P(x))&Q(x))->(@x(@x(P(x))&Q(x))->W&@x(@x(P(x))&Q(x))))->(@x(@x(P(x))&Q(x))->W&@x(@x(P(x))&Q(x))))))
(W&@x(@x(P(x))&Q(x))->@x(@x(P(x))&Q(x)))->((@x(@x(P(x))&Q(x))->@x(@x(P(x))&Q(x)))->((@x(@x(P(x))&Q(x))->(@x(@x(P(x))&Q(x))->W&@x(@x(P(x))&Q(x))))->(@x(@x(P(x))&Q(x))->W&@x(@x(P(x))&Q(x)))))
((@x(@x(P(x))&Q(x))->@x(@x(P(x))&Q(x)))->((@x(@x(P(x))&Q(x))->(@x(@x(P(x))&Q(x))->W&@x(@x(P(x))&Q(x))))->(@x(@x(P(x))&Q(x))->W&@x(@x(P(x))&Q(x)))))->(W->((@x(@x(P(x))&Q(x))->@x(@x(P(x))&Q(x)))->((@x(@x(P(x))&Q(x))->(@x(@x(P(x))&Q(x))->W&@x(@x(P(x))&Q(x))))->(@x(@x(P(x))&Q(x))->W&@x(@x(P(x))&Q(x))))))
(((@x(@x(P(x))&Q(x))->@x(@x(P(x))&Q(x)))->((@x(@x(P(x))&Q(x))->(@x(@x(P(x))&Q(x))->W&@x(@x(P(x))&Q(x))))->(@x(@x(P(x))&Q(x))->W&@x(@x(P(x))&Q(x)))))->(W->((@x(@x(P(x))&Q(x))->@x(@x(P(x))&Q(x)))->((@x(@x(P(x))&Q(x))->(@x(@x(P(x))&Q(x))->W&@x(@x(P(x))&Q(x))))->(@x(@x(P(x))&Q(x))->W&@x(@x(P(x))&Q(x)))))))->((W&@x(@x(P(x))&Q(x))->@x(@x(P(x))&Q(x)))->(((@x(@x(P(x))&Q(x))->@x(@x(P(x))&Q(x)))->((@x(@x(P(x))&Q(x))->(@x(@x(P(x))&Q(x))->W&@x(@x(P(x))&Q(x))))->(@x(@x(P(x))&Q(x))->W&@x(@x(P(x))&Q(x)))))->(W->((@x(@x(P(x))&Q(x))->@x(@x(P(x))&Q(x)))->((@x(@x(P(x))&Q(x))->(@x(@x(P(x))&Q(x))->W&@x(@x(P(x))&Q(x))))->(@x(@x(P(x))&Q(x))->W&@x(@x(P(x))&Q(x))))))))
(W&@x(@x(P(x))&Q(x))->@x(@x(P(x))&Q(x)))->(((@x(@x(P(x))&Q(x))->@x(@x(P(x))&Q(x)))->((@x(@x(P(x))&Q(x))->(@x(@x(P(x))&Q(x))->W&@x(@x(P(x))&Q(x))))->(@x(@x(P(x))&Q(x))->W&@x(@x(P(x))&Q(x)))))->(W->((@x(@x(P(x))&Q(x))->@x(@x(P(x))&Q(x)))->((@x(@x(P(x))&Q(x))->(@x(@x(P(x))&Q(x))->W&@x(@x(P(x))&Q(x))))->(@x(@x(P(x))&Q(x))->W&@x(@x(P(x))&Q(x)))))))
((W&@x(@x(P(x))&Q(x))->@x(@x(P(x))&Q(x)))->((@x(@x(P(x))&Q(x))->@x(@x(P(x))&Q(x)))->((@x(@x(P(x))&Q(x))->(@x(@x(P(x))&Q(x))->W&@x(@x(P(x))&Q(x))))->(@x(@x(P(x))&Q(x))->W&@x(@x(P(x))&Q(x))))))->(((W&@x(@x(P(x))&Q(x))->@x(@x(P(x))&Q(x)))->(((@x(@x(P(x))&Q(x))->@x(@x(P(x))&Q(x)))->((@x(@x(P(x))&Q(x))->(@x(@x(P(x))&Q(x))->W&@x(@x(P(x))&Q(x))))->(@x(@x(P(x))&Q(x))->W&@x(@x(P(x))&Q(x)))))->(W->((@x(@x(P(x))&Q(x))->@x(@x(P(x))&Q(x)))->((@x(@x(P(x))&Q(x))->(@x(@x(P(x))&Q(x))->W&@x(@x(P(x))&Q(x))))->(@x(@x(P(x))&Q(x))->W&@x(@x(P(x))&Q(x))))))))->((W&@x(@x(P(x))&Q(x))->@x(@x(P(x))&Q(x)))->(W->((@x(@x(P(x))&Q(x))->@x(@x(P(x))&Q(x)))->((@x(@x(P(x))&Q(x))->(@x(@x(P(x))&Q(x))->W&@x(@x(P(x))&Q(x))))->(@x(@x(P(x))&Q(x))->W&@x(@x(P(x))&Q(x))))))))
((W&@x(@x(P(x))&Q(x))->@x(@x(P(x))&Q(x)))->(((@x(@x(P(x))&Q(x))->@x(@x(P(x))&Q(x)))->((@x(@x(P(x))&Q(x))->(@x(@x(P(x))&Q(x))->W&@x(@x(P(x))&Q(x))))->(@x(@x(P(x))&Q(x))->W&@x(@x(P(x))&Q(x)))))->(W->((@x(@x(P(x))&Q(x))->@x(@x(P(x))&Q(x)))->((@x(@x(P(x))&Q(x))->(@x(@x(P(x))&Q(x))->W&@x(@x(P(x))&Q(x))))->(@x(@x(P(x))&Q(x))->W&@x(@x(P(x))&Q(x))))))))->((W&@x(@x(P(x))&Q(x))->@x(@x(P(x))&Q(x)))->(W->((@x(@x(P(x))&Q(x))->@x(@x(P(x))&Q(x)))->((@x(@x(P(x))&Q(x))->(@x(@x(P(x))&Q(x))->W&@x(@x(P(x))&Q(x))))->(@x(@x(P(x))&Q(x))->W&@x(@x(P(x))&Q(x)))))))
(W&@x(@x(P(x))&Q(x))->@x(@x(P(x))&Q(x)))->(W->((@x(@x(P(x))&Q(x))->@x(@x(P(x))&Q(x)))->((@x(@x(P(x))&Q(x))->(@x(@x(P(x))&Q(x))->W&@x(@x(P(x))&Q(x))))->(@x(@x(P(x))&Q(x))->W&@x(@x(P(x))&Q(x))))))
(W->(@x(@x(P(x))&Q(x))->@x(@x(P(x))&Q(x))))->((W->((@x(@x(P(x))&Q(x))->@x(@x(P(x))&Q(x)))->((@x(@x(P(x))&Q(x))->(@x(@x(P(x))&Q(x))->W&@x(@x(P(x))&Q(x))))->(@x(@x(P(x))&Q(x))->W&@x(@x(P(x))&Q(x))))))->(W->((@x(@x(P(x))&Q(x))->(@x(@x(P(x))&Q(x))->W&@x(@x(P(x))&Q(x))))->(@x(@x(P(x))&Q(x))->W&@x(@x(P(x))&Q(x))))))
((W->(@x(@x(P(x))&Q(x))->@x(@x(P(x))&Q(x))))->((W->((@x(@x(P(x))&Q(x))->@x(@x(P(x))&Q(x)))->((@x(@x(P(x))&Q(x))->(@x(@x(P(x))&Q(x))->W&@x(@x(P(x))&Q(x))))->(@x(@x(P(x))&Q(x))->W&@x(@x(P(x))&Q(x))))))->(W->((@x(@x(P(x))&Q(x))->(@x(@x(P(x))&Q(x))->W&@x(@x(P(x))&Q(x))))->(@x(@x(P(x))&Q(x))->W&@x(@x(P(x))&Q(x)))))))->((W&@x(@x(P(x))&Q(x))->@x(@x(P(x))&Q(x)))->((W->(@x(@x(P(x))&Q(x))->@x(@x(P(x))&Q(x))))->((W->((@x(@x(P(x))&Q(x))->@x(@x(P(x))&Q(x)))->((@x(@x(P(x))&Q(x))->(@x(@x(P(x))&Q(x))->W&@x(@x(P(x))&Q(x))))->(@x(@x(P(x))&Q(x))->W&@x(@x(P(x))&Q(x))))))->(W->((@x(@x(P(x))&Q(x))->(@x(@x(P(x))&Q(x))->W&@x(@x(P(x))&Q(x))))->(@x(@x(P(x))&Q(x))->W&@x(@x(P(x))&Q(x))))))))
(W&@x(@x(P(x))&Q(x))->@x(@x(P(x))&Q(x)))->((W->(@x(@x(P(x))&Q(x))->@x(@x(P(x))&Q(x))))->((W->((@x(@x(P(x))&Q(x))->@x(@x(P(x))&Q(x)))->((@x(@x(P(x))&Q(x))->(@x(@x(P(x))&Q(x))->W&@x(@x(P(x))&Q(x))))->(@x(@x(P(x))&Q(x))->W&@x(@x(P(x))&Q(x))))))->(W->((@x(@x(P(x))&Q(x))->(@x(@x(P(x))&Q(x))->W&@x(@x(P(x))&Q(x))))->(@x(@x(P(x))&Q(x))->W&@x(@x(P(x))&Q(x)))))))
((W&@x(@x(P(x))&Q(x))->@x(@x(P(x))&Q(x)))->(W->(@x(@x(P(x))&Q(x))->@x(@x(P(x))&Q(x)))))->(((W&@x(@x(P(x))&Q(x))->@x(@x(P(x))&Q(x)))->((W->(@x(@x(P(x))&Q(x))->@x(@x(P(x))&Q(x))))->((W->((@x(@x(P(x))&Q(x))->@x(@x(P(x))&Q(x)))->((@x(@x(P(x))&Q(x))->(@x(@x(P(x))&Q(x))->W&@x(@x(P(x))&Q(x))))->(@x(@x(P(x))&Q(x))->W&@x(@x(P(x))&Q(x))))))->(W->((@x(@x(P(x))&Q(x))->(@x(@x(P(x))&Q(x))->W&@x(@x(P(x))&Q(x))))->(@x(@x(P(x))&Q(x))->W&@x(@x(P(x))&Q(x))))))))->((W&@x(@x(P(x))&Q(x))->@x(@x(P(x))&Q(x)))->((W->((@x(@x(P(x))&Q(x))->@x(@x(P(x))&Q(x)))->((@x(@x(P(x))&Q(x))->(@x(@x(P(x))&Q(x))->W&@x(@x(P(x))&Q(x))))->(@x(@x(P(x))&Q(x))->W&@x(@x(P(x))&Q(x))))))->(W->((@x(@x(P(x))&Q(x))->(@x(@x(P(x))&Q(x))->W&@x(@x(P(x))&Q(x))))->(@x(@x(P(x))&Q(x))->W&@x(@x(P(x))&Q(x))))))))
((W&@x(@x(P(x))&Q(x))->@x(@x(P(x))&Q(x)))->((W->(@x(@x(P(x))&Q(x))->@x(@x(P(x))&Q(x))))->((W->((@x(@x(P(x))&Q(x))->@x(@x(P(x))&Q(x)))->((@x(@x(P(x))&Q(x))->(@x(@x(P(x))&Q(x))->W&@x(@x(P(x))&Q(x))))->(@x(@x(P(x))&Q(x))->W&@x(@x(P(x))&Q(x))))))->(W->((@x(@x(P(x))&Q(x))->(@x(@x(P(x))&Q(x))->W&@x(@x(P(x))&Q(x))))->(@x(@x(P(x))&Q(x))->W&@x(@x(P(x))&Q(x))))))))->((W&@x(@x(P(x))&Q(x))->@x(@x(P(x))&Q(x)))->((W->((@x(@x(P(x))&Q(x))->@x(@x(P(x))&Q(x)))->((@x(@x(P(x))&Q(x))->(@x(@x(P(x))&Q(x))->W&@x(@x(P(x))&Q(x))))->(@x(@x(P(x))&Q(x))->W&@x(@x(P(x))&Q(x))))))->(W->((@x(@x(P(x))&Q(x))->(@x(@x(P(x))&Q(x))->W&@x(@x(P(x))&Q(x))))->(@x(@x(P(x))&Q(x))->W&@x(@x(P(x))&Q(x)))))))
(W&@x(@x(P(x))&Q(x))->@x(@x(P(x))&Q(x)))->((W->((@x(@x(P(x))&Q(x))->@x(@x(P(x))&Q(x)))->((@x(@x(P(x))&Q(x))->(@x(@x(P(x))&Q(x))->W&@x(@x(P(x))&Q(x))))->(@x(@x(P(x))&Q(x))->W&@x(@x(P(x))&Q(x))))))->(W->((@x(@x(P(x))&Q(x))->(@x(@x(P(x))&Q(x))->W&@x(@x(P(x))&Q(x))))->(@x(@x(P(x))&Q(x))->W&@x(@x(P(x))&Q(x))))))
((W&@x(@x(P(x))&Q(x))->@x(@x(P(x))&Q(x)))->(W->((@x(@x(P(x))&Q(x))->@x(@x(P(x))&Q(x)))->((@x(@x(P(x))&Q(x))->(@x(@x(P(x))&Q(x))->W&@x(@x(P(x))&Q(x))))->(@x(@x(P(x))&Q(x))->W&@x(@x(P(x))&Q(x)))))))->(((W&@x(@x(P(x))&Q(x))->@x(@x(P(x))&Q(x)))->((W->((@x(@x(P(x))&Q(x))->@x(@x(P(x))&Q(x)))->((@x(@x(P(x))&Q(x))->(@x(@x(P(x))&Q(x))->W&@x(@x(P(x))&Q(x))))->(@x(@x(P(x))&Q(x))->W&@x(@x(P(x))&Q(x))))))->(W->((@x(@x(P(x))&Q(x))->(@x(@x(P(x))&Q(x))->W&@x(@x(P(x))&Q(x))))->(@x(@x(P(x))&Q(x))->W&@x(@x(P(x))&Q(x)))))))->((W&@x(@x(P(x))&Q(x))->@x(@x(P(x))&Q(x)))->(W->((@x(@x(P(x))&Q(x))->(@x(@x(P(x))&Q(x))->W&@x(@x(P(x))&Q(x))))->(@x(@x(P(x))&Q(x))->W&@x(@x(P(x))&Q(x)))))))
((W&@x(@x(P(x))&Q(x))->@x(@x(P(x))&Q(x)))->((W->((@x(@x(P(x))&Q(x))->@x(@x(P(x))&Q(x)))->((@x(@x(P(x))&Q(x))->(@x(@x(P(x))&Q(x))->W&@x(@x(P(x))&Q(x))))->(@x(@x(P(x))&Q(x))->W&@x(@x(P(x))&Q(x))))))->(W->((@x(@x(P(x))&Q(x))->(@x(@x(P(x))&Q(x))->W&@x(@x(P(x))&Q(x))))->(@x(@x(P(x))&Q(x))->W&@x(@x(P(x))&Q(x)))))))->((W&@x(@x(P(x))&Q(x))->@x(@x(P(x))&Q(x)))->(W->((@x(@x(P(x))&Q(x))->(@x(@x(P(x))&Q(x))->W&@x(@x(P(x))&Q(x))))->(@x(@x(P(x))&Q(x))->W&@x(@x(P(x))&Q(x))))))
(W&@x(@x(P(x))&Q(x))->@x(@x(P(x))&Q(x)))->(W->((@x(@x(P(x))&Q(x))->(@x(@x(P(x))&Q(x))->W&@x(@x(P(x))&Q(x))))->(@x(@x(P(x))&Q(x))->W&@x(@x(P(x))&Q(x)))))
(W->W)->((W->(W->(@x(@x(P(x))&Q(x))->W&@x(@x(P(x))&Q(x)))))->(W->(@x(@x(P(x))&Q(x))->W&@x(@x(P(x))&Q(x)))))
((W->W)->((W->(W->(@x(@x(P(x))&Q(x))->W&@x(@x(P(x))&Q(x)))))->(W->(@x(@x(P(x))&Q(x))->W&@x(@x(P(x))&Q(x))))))->((W&@x(@x(P(x))&Q(x))->@x(@x(P(x))&Q(x)))->((W->W)->((W->(W->(@x(@x(P(x))&Q(x))->W&@x(@x(P(x))&Q(x)))))->(W->(@x(@x(P(x))&Q(x))->W&@x(@x(P(x))&Q(x)))))))
(W&@x(@x(P(x))&Q(x))->@x(@x(P(x))&Q(x)))->((W->W)->((W->(W->(@x(@x(P(x))&Q(x))->W&@x(@x(P(x))&Q(x)))))->(W->(@x(@x(P(x))&Q(x))->W&@x(@x(P(x))&Q(x))))))
((W&@x(@x(P(x))&Q(x))->@x(@x(P(x))&Q(x)))->(W->W))->(((W&@x(@x(P(x))&Q(x))->@x(@x(P(x))&Q(x)))->((W->W)->((W->(W->(@x(@x(P(x))&Q(x))->W&@x(@x(P(x))&Q(x)))))->(W->(@x(@x(P(x))&Q(x))->W&@x(@x(P(x))&Q(x)))))))->((W&@x(@x(P(x))&Q(x))->@x(@x(P(x))&Q(x)))->((W->(W->(@x(@x(P(x))&Q(x))->W&@x(@x(P(x))&Q(x)))))->(W->(@x(@x(P(x))&Q(x))->W&@x(@x(P(x))&Q(x)))))))
((W&@x(@x(P(x))&Q(x))->@x(@x(P(x))&Q(x)))->((W->W)->((W->(W->(@x(@x(P(x))&Q(x))->W&@x(@x(P(x))&Q(x)))))->(W->(@x(@x(P(x))&Q(x))->W&@x(@x(P(x))&Q(x)))))))->((W&@x(@x(P(x))&Q(x))->@x(@x(P(x))&Q(x)))->((W->(W->(@x(@x(P(x))&Q(x))->W&@x(@x(P(x))&Q(x)))))->(W->(@x(@x(P(x))&Q(x))->W&@x(@x(P(x))&Q(x))))))
(W&@x(@x(P(x))&Q(x))->@x(@x(P(x))&Q(x)))->((W->(W->(@x(@x(P(x))&Q(x))->W&@x(@x(P(x))&Q(x)))))->(W->(@x(@x(P(x))&Q(x))->W&@x(@x(P(x))&Q(x)))))
W->(@x(@x(P(x))&Q(x))->W&@x(@x(P(x))&Q(x)))
(W->(@x(@x(P(x))&Q(x))->W&@x(@x(P(x))&Q(x))))->((W&@x(@x(P(x))&Q(x))->@x(@x(P(x))&Q(x)))->(W->(@x(@x(P(x))&Q(x))->W&@x(@x(P(x))&Q(x)))))
(W&@x(@x(P(x))&Q(x))->@x(@x(P(x))&Q(x)))->(W->(@x(@x(P(x))&Q(x))->W&@x(@x(P(x))&Q(x))))
(W&@x(@x(P(x))&Q(x))->@x(@x(P(x))&Q(x)))->((W&@x(@x(P(x))&Q(x))->@x(@x(P(x))&Q(x)))->(W&@x(@x(P(x))&Q(x))->@x(@x(P(x))&Q(x))))
((W&@x(@x(P(x))&Q(x))->@x(@x(P(x))&Q(x)))->((W&@x(@x(P(x))&Q(x))->@x(@x(P(x))&Q(x)))->(W&@x(@x(P(x))&Q(x))->@x(@x(P(x))&Q(x)))))->(((W&@x(@x(P(x))&Q(x))->@x(@x(P(x))&Q(x)))->(((W&@x(@x(P(x))&Q(x))->@x(@x(P(x))&Q(x)))->(W&@x(@x(P(x))&Q(x))->@x(@x(P(x))&Q(x))))->(W&@x(@x(P(x))&Q(x))->@x(@x(P(x))&Q(x)))))->((W&@x(@x(P(x))&Q(x))->@x(@x(P(x))&Q(x)))->(W&@x(@x(P(x))&Q(x))->@x(@x(P(x))&Q(x)))))
((W&@x(@x(P(x))&Q(x))->@x(@x(P(x))&Q(x)))->(((W&@x(@x(P(x))&Q(x))->@x(@x(P(x))&Q(x)))->(W&@x(@x(P(x))&Q(x))->@x(@x(P(x))&Q(x))))->(W&@x(@x(P(x))&Q(x))->@x(@x(P(x))&Q(x)))))->((W&@x(@x(P(x))&Q(x))->@x(@x(P(x))&Q(x)))->(W&@x(@x(P(x))&Q(x))->@x(@x(P(x))&Q(x))))
(W&@x(@x(P(x))&Q(x))->@x(@x(P(x))&Q(x)))->(((W&@x(@x(P(x))&Q(x))->@x(@x(P(x))&Q(x)))->(W&@x(@x(P(x))&Q(x))->@x(@x(P(x))&Q(x))))->(W&@x(@x(P(x))&Q(x))->@x(@x(P(x))&Q(x))))
(W&@x(@x(P(x))&Q(x))->@x(@x(P(x))&Q(x)))->(W&@x(@x(P(x))&Q(x))->@x(@x(P(x))&Q(x)))
(W&@x(@x(P(x))&Q(x))->@x(@x(P(x))&Q(x)))->(W->(W&@x(@x(P(x))&Q(x))->@x(@x(P(x))&Q(x))))
((W&@x(@x(P(x))&Q(x))->@x(@x(P(x))&Q(x)))->(W->(W&@x(@x(P(x))&Q(x))->@x(@x(P(x))&Q(x)))))->((W&@x(@x(P(x))&Q(x))->@x(@x(P(x))&Q(x)))->((W&@x(@x(P(x))&Q(x))->@x(@x(P(x))&Q(x)))->(W->(W&@x(@x(P(x))&Q(x))->@x(@x(P(x))&Q(x))))))
(W&@x(@x(P(x))&Q(x))->@x(@x(P(x))&Q(x)))->((W&@x(@x(P(x))&Q(x))->@x(@x(P(x))&Q(x)))->(W->(W&@x(@x(P(x))&Q(x))->@x(@x(P(x))&Q(x)))))
((W&@x(@x(P(x))&Q(x))->@x(@x(P(x))&Q(x)))->(W&@x(@x(P(x))&Q(x))->@x(@x(P(x))&Q(x))))->(((W&@x(@x(P(x))&Q(x))->@x(@x(P(x))&Q(x)))->((W&@x(@x(P(x))&Q(x))->@x(@x(P(x))&Q(x)))->(W->(W&@x(@x(P(x))&Q(x))->@x(@x(P(x))&Q(x))))))->((W&@x(@x(P(x))&Q(x))->@x(@x(P(x))&Q(x)))->(W->(W&@x(@x(P(x))&Q(x))->@x(@x(P(x))&Q(x))))))
((W&@x(@x(P(x))&Q(x))->@x(@x(P(x))&Q(x)))->((W&@x(@x(P(x))&Q(x))->@x(@x(P(x))&Q(x)))->(W->(W&@x(@x(P(x))&Q(x))->@x(@x(P(x))&Q(x))))))->((W&@x(@x(P(x))&Q(x))->@x(@x(P(x))&Q(x)))->(W->(W&@x(@x(P(x))&Q(x))->@x(@x(P(x))&Q(x)))))
(W&@x(@x(P(x))&Q(x))->@x(@x(P(x))&Q(x)))->(W->(W&@x(@x(P(x))&Q(x))->@x(@x(P(x))&Q(x))))
(W&@x(@x(P(x))&Q(x))->@x(@x(P(x))&Q(x)))->(@x(@x(P(x))&Q(x))->(W&@x(@x(P(x))&Q(x))->@x(@x(P(x))&Q(x))))
((W&@x(@x(P(x))&Q(x))->@x(@x(P(x))&Q(x)))->(@x(@x(P(x))&Q(x))->(W&@x(@x(P(x))&Q(x))->@x(@x(P(x))&Q(x)))))->((W&@x(@x(P(x))&Q(x))->@x(@x(P(x))&Q(x)))->((W&@x(@x(P(x))&Q(x))->@x(@x(P(x))&Q(x)))->(@x(@x(P(x))&Q(x))->(W&@x(@x(P(x))&Q(x))->@x(@x(P(x))&Q(x))))))
(W&@x(@x(P(x))&Q(x))->@x(@x(P(x))&Q(x)))->((W&@x(@x(P(x))&Q(x))->@x(@x(P(x))&Q(x)))->(@x(@x(P(x))&Q(x))->(W&@x(@x(P(x))&Q(x))->@x(@x(P(x))&Q(x)))))
((W&@x(@x(P(x))&Q(x))->@x(@x(P(x))&Q(x)))->(@x(@x(P(x))&Q(x))->(W&@x(@x(P(x))&Q(x))->@x(@x(P(x))&Q(x)))))->(W->((W&@x(@x(P(x))&Q(x))->@x(@x(P(x))&Q(x)))->(@x(@x(P(x))&Q(x))->(W&@x(@x(P(x))&Q(x))->@x(@x(P(x))&Q(x))))))
(((W&@x(@x(P(x))&Q(x))->@x(@x(P(x))&Q(x)))->(@x(@x(P(x))&Q(x))->(W&@x(@x(P(x))&Q(x))->@x(@x(P(x))&Q(x)))))->(W->((W&@x(@x(P(x))&Q(x))->@x(@x(P(x))&Q(x)))->(@x(@x(P(x))&Q(x))->(W&@x(@x(P(x))&Q(x))->@x(@x(P(x))&Q(x)))))))->((W&@x(@x(P(x))&Q(x))->@x(@x(P(x))&Q(x)))->(((W&@x(@x(P(x))&Q(x))->@x(@x(P(x))&Q(x)))->(@x(@x(P(x))&Q(x))->(W&@x(@x(P(x))&Q(x))->@x(@x(P(x))&Q(x)))))->(W->((W&@x(@x(P(x))&Q(x))->@x(@x(P(x))&Q(x)))->(@x(@x(P(x))&Q(x))->(W&@x(@x(P(x))&Q(x))->@x(@x(P(x))&Q(x))))))))
(W&@x(@x(P(x))&Q(x))->@x(@x(P(x))&Q(x)))->(((W&@x(@x(P(x))&Q(x))->@x(@x(P(x))&Q(x)))->(@x(@x(P(x))&Q(x))->(W&@x(@x(P(x))&Q(x))->@x(@x(P(x))&Q(x)))))->(W->((W&@x(@x(P(x))&Q(x))->@x(@x(P(x))&Q(x)))->(@x(@x(P(x))&Q(x))->(W&@x(@x(P(x))&Q(x))->@x(@x(P(x))&Q(x)))))))
((W&@x(@x(P(x))&Q(x))->@x(@x(P(x))&Q(x)))->((W&@x(@x(P(x))&Q(x))->@x(@x(P(x))&Q(x)))->(@x(@x(P(x))&Q(x))->(W&@x(@x(P(x))&Q(x))->@x(@x(P(x))&Q(x))))))->(((W&@x(@x(P(x))&Q(x))->@x(@x(P(x))&Q(x)))->(((W&@x(@x(P(x))&Q(x))->@x(@x(P(x))&Q(x)))->(@x(@x(P(x))&Q(x))->(W&@x(@x(P(x))&Q(x))->@x(@x(P(x))&Q(x)))))->(W->((W&@x(@x(P(x))&Q(x))->@x(@x(P(x))&Q(x)))->(@x(@x(P(x))&Q(x))->(W&@x(@x(P(x))&Q(x))->@x(@x(P(x))&Q(x))))))))->((W&@x(@x(P(x))&Q(x))->@x(@x(P(x))&Q(x)))->(W->((W&@x(@x(P(x))&Q(x))->@x(@x(P(x))&Q(x)))->(@x(@x(P(x))&Q(x))->(W&@x(@x(P(x))&Q(x))->@x(@x(P(x))&Q(x))))))))
((W&@x(@x(P(x))&Q(x))->@x(@x(P(x))&Q(x)))->(((W&@x(@x(P(x))&Q(x))->@x(@x(P(x))&Q(x)))->(@x(@x(P(x))&Q(x))->(W&@x(@x(P(x))&Q(x))->@x(@x(P(x))&Q(x)))))->(W->((W&@x(@x(P(x))&Q(x))->@x(@x(P(x))&Q(x)))->(@x(@x(P(x))&Q(x))->(W&@x(@x(P(x))&Q(x))->@x(@x(P(x))&Q(x))))))))->((W&@x(@x(P(x))&Q(x))->@x(@x(P(x))&Q(x)))->(W->((W&@x(@x(P(x))&Q(x))->@x(@x(P(x))&Q(x)))->(@x(@x(P(x))&Q(x))->(W&@x(@x(P(x))&Q(x))->@x(@x(P(x))&Q(x)))))))
(W&@x(@x(P(x))&Q(x))->@x(@x(P(x))&Q(x)))->(W->((W&@x(@x(P(x))&Q(x))->@x(@x(P(x))&Q(x)))->(@x(@x(P(x))&Q(x))->(W&@x(@x(P(x))&Q(x))->@x(@x(P(x))&Q(x))))))
(W->(W&@x(@x(P(x))&Q(x))->@x(@x(P(x))&Q(x))))->((W->((W&@x(@x(P(x))&Q(x))->@x(@x(P(x))&Q(x)))->(@x(@x(P(x))&Q(x))->(W&@x(@x(P(x))&Q(x))->@x(@x(P(x))&Q(x))))))->(W->(@x(@x(P(x))&Q(x))->(W&@x(@x(P(x))&Q(x))->@x(@x(P(x))&Q(x))))))
((W->(W&@x(@x(P(x))&Q(x))->@x(@x(P(x))&Q(x))))->((W->((W&@x(@x(P(x))&Q(x))->@x(@x(P(x))&Q(x)))->(@x(@x(P(x))&Q(x))->(W&@x(@x(P(x))&Q(x))->@x(@x(P(x))&Q(x))))))->(W->(@x(@x(P(x))&Q(x))->(W&@x(@x(P(x))&Q(x))->@x(@x(P(x))&Q(x)))))))->((W&@x(@x(P(x))&Q(x))->@x(@x(P(x))&Q(x)))->((W->(W&@x(@x(P(x))&Q(x))->@x(@x(P(x))&Q(x))))->((W->((W&@x(@x(P(x))&Q(x))->@x(@x(P(x))&Q(x)))->(@x(@x(P(x))&Q(x))->(W&@x(@x(P(x))&Q(x))->@x(@x(P(x))&Q(x))))))->(W->(@x(@x(P(x))&Q(x))->(W&@x(@x(P(x))&Q(x))->@x(@x(P(x))&Q(x))))))))
(W&@x(@x(P(x))&Q(x))->@x(@x(P(x))&Q(x)))->((W->(W&@x(@x(P(x))&Q(x))->@x(@x(P(x))&Q(x))))->((W->((W&@x(@x(P(x))&Q(x))->@x(@x(P(x))&Q(x)))->(@x(@x(P(x))&Q(x))->(W&@x(@x(P(x))&Q(x))->@x(@x(P(x))&Q(x))))))->(W->(@x(@x(P(x))&Q(x))->(W&@x(@x(P(x))&Q(x))->@x(@x(P(x))&Q(x)))))))
((W&@x(@x(P(x))&Q(x))->@x(@x(P(x))&Q(x)))->(W->(W&@x(@x(P(x))&Q(x))->@x(@x(P(x))&Q(x)))))->(((W&@x(@x(P(x))&Q(x))->@x(@x(P(x))&Q(x)))->((W->(W&@x(@x(P(x))&Q(x))->@x(@x(P(x))&Q(x))))->((W->((W&@x(@x(P(x))&Q(x))->@x(@x(P(x))&Q(x)))->(@x(@x(P(x))&Q(x))->(W&@x(@x(P(x))&Q(x))->@x(@x(P(x))&Q(x))))))->(W->(@x(@x(P(x))&Q(x))->(W&@x(@x(P(x))&Q(x))->@x(@x(P(x))&Q(x))))))))->((W&@x(@x(P(x))&Q(x))->@x(@x(P(x))&Q(x)))->((W->((W&@x(@x(P(x))&Q(x))->@x(@x(P(x))&Q(x)))->(@x(@x(P(x))&Q(x))->(W&@x(@x(P(x))&Q(x))->@x(@x(P(x))&Q(x))))))->(W->(@x(@x(P(x))&Q(x))->(W&@x(@x(P(x))&Q(x))->@x(@x(P(x))&Q(x))))))))
((W&@x(@x(P(x))&Q(x))->@x(@x(P(x))&Q(x)))->((W->(W&@x(@x(P(x))&Q(x))->@x(@x(P(x))&Q(x))))->((W->((W&@x(@x(P(x))&Q(x))->@x(@x(P(x))&Q(x)))->(@x(@x(P(x))&Q(x))->(W&@x(@x(P(x))&Q(x))->@x(@x(P(x))&Q(x))))))->(W->(@x(@x(P(x))&Q(x))->(W&@x(@x(P(x))&Q(x))->@x(@x(P(x))&Q(x))))))))->((W&@x(@x(P(x))&Q(x))->@x(@x(P(x))&Q(x)))->((W->((W&@x(@x(P(x))&Q(x))->@x(@x(P(x))&Q(x)))->(@x(@x(P(x))&Q(x))->(W&@x(@x(P(x))&Q(x))->@x(@x(P(x))&Q(x))))))->(W->(@x(@x(P(x))&Q(x))->(W&@x(@x(P(x))&Q(x))->@x(@x(P(x))&Q(x)))))))
(W&@x(@x(P(x))&Q(x))->@x(@x(P(x))&Q(x)))->((W->((W&@x(@x(P(x))&Q(x))->@x(@x(P(x))&Q(x)))->(@x(@x(P(x))&Q(x))->(W&@x(@x(P(x))&Q(x))->@x(@x(P(x))&Q(x))))))->(W->(@x(@x(P(x))&Q(x))->(W&@x(@x(P(x))&Q(x))->@x(@x(P(x))&Q(x))))))
((W&@x(@x(P(x))&Q(x))->@x(@x(P(x))&Q(x)))->(W->((W&@x(@x(P(x))&Q(x))->@x(@x(P(x))&Q(x)))->(@x(@x(P(x))&Q(x))->(W&@x(@x(P(x))&Q(x))->@x(@x(P(x))&Q(x)))))))->(((W&@x(@x(P(x))&Q(x))->@x(@x(P(x))&Q(x)))->((W->((W&@x(@x(P(x))&Q(x))->@x(@x(P(x))&Q(x)))->(@x(@x(P(x))&Q(x))->(W&@x(@x(P(x))&Q(x))->@x(@x(P(x))&Q(x))))))->(W->(@x(@x(P(x))&Q(x))->(W&@x(@x(P(x))&Q(x))->@x(@x(P(x))&Q(x)))))))->((W&@x(@x(P(x))&Q(x))->@x(@x(P(x))&Q(x)))->(W->(@x(@x(P(x))&Q(x))->(W&@x(@x(P(x))&Q(x))->@x(@x(P(x))&Q(x)))))))
((W&@x(@x(P(x))&Q(x))->@x(@x(P(x))&Q(x)))->((W->((W&@x(@x(P(x))&Q(x))->@x(@x(P(x))&Q(x)))->(@x(@x(P(x))&Q(x))->(W&@x(@x(P(x))&Q(x))->@x(@x(P(x))&Q(x))))))->(W->(@x(@x(P(x))&Q(x))->(W&@x(@x(P(x))&Q(x))->@x(@x(P(x))&Q(x)))))))->((W&@x(@x(P(x))&Q(x))->@x(@x(P(x))&Q(x)))->(W->(@x(@x(P(x))&Q(x))->(W&@x(@x(P(x))&Q(x))->@x(@x(P(x))&Q(x))))))
(W&@x(@x(P(x))&Q(x))->@x(@x(P(x))&Q(x)))->(W->(@x(@x(P(x))&Q(x))->(W&@x(@x(P(x))&Q(x))->@x(@x(P(x))&Q(x)))))
(@x(@x(P(x))&Q(x))->W&@x(@x(P(x))&Q(x)))->((@x(@x(P(x))&Q(x))->(W&@x(@x(P(x))&Q(x))->@x(@x(P(x))&Q(x))))->(@x(@x(P(x))&Q(x))->@x(@x(P(x))&Q(x))))
((@x(@x(P(x))&Q(x))->W&@x(@x(P(x))&Q(x)))->((@x(@x(P(x))&Q(x))->(W&@x(@x(P(x))&Q(x))->@x(@x(P(x))&Q(x))))->(@x(@x(P(x))&Q(x))->@x(@x(P(x))&Q(x)))))->((W&@x(@x(P(x))&Q(x))->@x(@x(P(x))&Q(x)))->((@x(@x(P(x))&Q(x))->W&@x(@x(P(x))&Q(x)))->((@x(@x(P(x))&Q(x))->(W&@x(@x(P(x))&Q(x))->@x(@x(P(x))&Q(x))))->(@x(@x(P(x))&Q(x))->@x(@x(P(x))&Q(x))))))
(W&@x(@x(P(x))&Q(x))->@x(@x(P(x))&Q(x)))->((@x(@x(P(x))&Q(x))->W&@x(@x(P(x))&Q(x)))->((@x(@x(P(x))&Q(x))->(W&@x(@x(P(x))&Q(x))->@x(@x(P(x))&Q(x))))->(@x(@x(P(x))&Q(x))->@x(@x(P(x))&Q(x)))))
((@x(@x(P(x))&Q(x))->W&@x(@x(P(x))&Q(x)))->((@x(@x(P(x))&Q(x))->(W&@x(@x(P(x))&Q(x))->@x(@x(P(x))&Q(x))))->(@x(@x(P(x))&Q(x))->@x(@x(P(x))&Q(x)))))->(W->((@x(@x(P(x))&Q(x))->W&@x(@x(P(x))&Q(x)))->((@x(@x(P(x))&Q(x))->(W&@x(@x(P(x))&Q(x))->@x(@x(P(x))&Q(x))))->(@x(@x(P(x))&Q(x))->@x(@x(P(x))&Q(x))))))
(((@x(@x(P(x))&Q(x))->W&@x(@x(P(x))&Q(x)))->((@x(@x(P(x))&Q(x))->(W&@x(@x(P(x))&Q(x))->@x(@x(P(x))&Q(x))))->(@x(@x(P(x))&Q(x))->@x(@x(P(x))&Q(x)))))->(W->((@x(@x(P(x))&Q(x))->W&@x(@x(P(x))&Q(x)))->((@x(@x(P(x))&Q(x))->(W&@x(@x(P(x))&Q(x))->@x(@x(P(x))&Q(x))))->(@x(@x(P(x))&Q(x))->@x(@x(P(x))&Q(x)))))))->((W&@x(@x(P(x))&Q(x))->@x(@x(P(x))&Q(x)))->(((@x(@x(P(x))&Q(x))->W&@x(@x(P(x))&Q(x)))->((@x(@x(P(x))&Q(x))->(W&@x(@x(P(x))&Q(x))->@x(@x(P(x))&Q(x))))->(@x(@x(P(x))&Q(x))->@x(@x(P(x))&Q(x)))))->(W->((@x(@x(P(x))&Q(x))->W&@x(@x(P(x))&Q(x)))->((@x(@x(P(x))&Q(x))->(W&@x(@x(P(x))&Q(x))->@x(@x(P(x))&Q(x))))->(@x(@x(P(x))&Q(x))->@x(@x(P(x))&Q(x))))))))
(W&@x(@x(P(x))&Q(x))->@x(@x(P(x))&Q(x)))->(((@x(@x(P(x))&Q(x))->W&@x(@x(P(x))&Q(x)))->((@x(@x(P(x))&Q(x))->(W&@x(@x(P(x))&Q(x))->@x(@x(P(x))&Q(x))))->(@x(@x(P(x))&Q(x))->@x(@x(P(x))&Q(x)))))->(W->((@x(@x(P(x))&Q(x))->W&@x(@x(P(x))&Q(x)))->((@x(@x(P(x))&Q(x))->(W&@x(@x(P(x))&Q(x))->@x(@x(P(x))&Q(x))))->(@x(@x(P(x))&Q(x))->@x(@x(P(x))&Q(x)))))))
((W&@x(@x(P(x))&Q(x))->@x(@x(P(x))&Q(x)))->((@x(@x(P(x))&Q(x))->W&@x(@x(P(x))&Q(x)))->((@x(@x(P(x))&Q(x))->(W&@x(@x(P(x))&Q(x))->@x(@x(P(x))&Q(x))))->(@x(@x(P(x))&Q(x))->@x(@x(P(x))&Q(x))))))->(((W&@x(@x(P(x))&Q(x))->@x(@x(P(x))&Q(x)))->(((@x(@x(P(x))&Q(x))->W&@x(@x(P(x))&Q(x)))->((@x(@x(P(x))&Q(x))->(W&@x(@x(P(x))&Q(x))->@x(@x(P(x))&Q(x))))->(@x(@x(P(x))&Q(x))->@x(@x(P(x))&Q(x)))))->(W->((@x(@x(P(x))&Q(x))->W&@x(@x(P(x))&Q(x)))->((@x(@x(P(x))&Q(x))->(W&@x(@x(P(x))&Q(x))->@x(@x(P(x))&Q(x))))->(@x(@x(P(x))&Q(x))->@x(@x(P(x))&Q(x))))))))->((W&@x(@x(P(x))&Q(x))->@x(@x(P(x))&Q(x)))->(W->((@x(@x(P(x))&Q(x))->W&@x(@x(P(x))&Q(x)))->((@x(@x(P(x))&Q(x))->(W&@x(@x(P(x))&Q(x))->@x(@x(P(x))&Q(x))))->(@x(@x(P(x))&Q(x))->@x(@x(P(x))&Q(x))))))))
((W&@x(@x(P(x))&Q(x))->@x(@x(P(x))&Q(x)))->(((@x(@x(P(x))&Q(x))->W&@x(@x(P(x))&Q(x)))->((@x(@x(P(x))&Q(x))->(W&@x(@x(P(x))&Q(x))->@x(@x(P(x))&Q(x))))->(@x(@x(P(x))&Q(x))->@x(@x(P(x))&Q(x)))))->(W->((@x(@x(P(x))&Q(x))->W&@x(@x(P(x))&Q(x)))->((@x(@x(P(x))&Q(x))->(W&@x(@x(P(x))&Q(x))->@x(@x(P(x))&Q(x))))->(@x(@x(P(x))&Q(x))->@x(@x(P(x))&Q(x))))))))->((W&@x(@x(P(x))&Q(x))->@x(@x(P(x))&Q(x)))->(W->((@x(@x(P(x))&Q(x))->W&@x(@x(P(x))&Q(x)))->((@x(@x(P(x))&Q(x))->(W&@x(@x(P(x))&Q(x))->@x(@x(P(x))&Q(x))))->(@x(@x(P(x))&Q(x))->@x(@x(P(x))&Q(x)))))))
(W&@x(@x(P(x))&Q(x))->@x(@x(P(x))&Q(x)))->(W->((@x(@x(P(x))&Q(x))->W&@x(@x(P(x))&Q(x)))->((@x(@x(P(x))&Q(x))->(W&@x(@x(P(x))&Q(x))->@x(@x(P(x))&Q(x))))->(@x(@x(P(x))&Q(x))->@x(@x(P(x))&Q(x))))))
(W->(@x(@x(P(x))&Q(x))->W&@x(@x(P(x))&Q(x))))->((W->((@x(@x(P(x))&Q(x))->W&@x(@x(P(x))&Q(x)))->((@x(@x(P(x))&Q(x))->(W&@x(@x(P(x))&Q(x))->@x(@x(P(x))&Q(x))))->(@x(@x(P(x))&Q(x))->@x(@x(P(x))&Q(x))))))->(W->((@x(@x(P(x))&Q(x))->(W&@x(@x(P(x))&Q(x))->@x(@x(P(x))&Q(x))))->(@x(@x(P(x))&Q(x))->@x(@x(P(x))&Q(x))))))
((W->(@x(@x(P(x))&Q(x))->W&@x(@x(P(x))&Q(x))))->((W->((@x(@x(P(x))&Q(x))->W&@x(@x(P(x))&Q(x)))->((@x(@x(P(x))&Q(x))->(W&@x(@x(P(x))&Q(x))->@x(@x(P(x))&Q(x))))->(@x(@x(P(x))&Q(x))->@x(@x(P(x))&Q(x))))))->(W->((@x(@x(P(x))&Q(x))->(W&@x(@x(P(x))&Q(x))->@x(@x(P(x))&Q(x))))->(@x(@x(P(x))&Q(x))->@x(@x(P(x))&Q(x)))))))->((W&@x(@x(P(x))&Q(x))->@x(@x(P(x))&Q(x)))->((W->(@x(@x(P(x))&Q(x))->W&@x(@x(P(x))&Q(x))))->((W->((@x(@x(P(x))&Q(x))->W&@x(@x(P(x))&Q(x)))->((@x(@x(P(x))&Q(x))->(W&@x(@x(P(x))&Q(x))->@x(@x(P(x))&Q(x))))->(@x(@x(P(x))&Q(x))->@x(@x(P(x))&Q(x))))))->(W->((@x(@x(P(x))&Q(x))->(W&@x(@x(P(x))&Q(x))->@x(@x(P(x))&Q(x))))->(@x(@x(P(x))&Q(x))->@x(@x(P(x))&Q(x))))))))
(W&@x(@x(P(x))&Q(x))->@x(@x(P(x))&Q(x)))->((W->(@x(@x(P(x))&Q(x))->W&@x(@x(P(x))&Q(x))))->((W->((@x(@x(P(x))&Q(x))->W&@x(@x(P(x))&Q(x)))->((@x(@x(P(x))&Q(x))->(W&@x(@x(P(x))&Q(x))->@x(@x(P(x))&Q(x))))->(@x(@x(P(x))&Q(x))->@x(@x(P(x))&Q(x))))))->(W->((@x(@x(P(x))&Q(x))->(W&@x(@x(P(x))&Q(x))->@x(@x(P(x))&Q(x))))->(@x(@x(P(x))&Q(x))->@x(@x(P(x))&Q(x)))))))
((W&@x(@x(P(x))&Q(x))->@x(@x(P(x))&Q(x)))->(W->(@x(@x(P(x))&Q(x))->W&@x(@x(P(x))&Q(x)))))->(((W&@x(@x(P(x))&Q(x))->@x(@x(P(x))&Q(x)))->((W->(@x(@x(P(x))&Q(x))->W&@x(@x(P(x))&Q(x))))->((W->((@x(@x(P(x))&Q(x))->W&@x(@x(P(x))&Q(x)))->((@x(@x(P(x))&Q(x))->(W&@x(@x(P(x))&Q(x))->@x(@x(P(x))&Q(x))))->(@x(@x(P(x))&Q(x))->@x(@x(P(x))&Q(x))))))->(W->((@x(@x(P(x))&Q(x))->(W&@x(@x(P(x))&Q(x))->@x(@x(P(x))&Q(x))))->(@x(@x(P(x))&Q(x))->@x(@x(P(x))&Q(x))))))))->((W&@x(@x(P(x))&Q(x))->@x(@x(P(x))&Q(x)))->((W->((@x(@x(P(x))&Q(x))->W&@x(@x(P(x))&Q(x)))->((@x(@x(P(x))&Q(x))->(W&@x(@x(P(x))&Q(x))->@x(@x(P(x))&Q(x))))->(@x(@x(P(x))&Q(x))->@x(@x(P(x))&Q(x))))))->(W->((@x(@x(P(x))&Q(x))->(W&@x(@x(P(x))&Q(x))->@x(@x(P(x))&Q(x))))->(@x(@x(P(x))&Q(x))->@x(@x(P(x))&Q(x))))))))
((W&@x(@x(P(x))&Q(x))->@x(@x(P(x))&Q(x)))->((W->(@x(@x(P(x))&Q(x))->W&@x(@x(P(x))&Q(x))))->((W->((@x(@x(P(x))&Q(x))->W&@x(@x(P(x))&Q(x)))->((@x(@x(P(x))&Q(x))->(W&@x(@x(P(x))&Q(x))->@x(@x(P(x))&Q(x))))->(@x(@x(P(x))&Q(x))->@x(@x(P(x))&Q(x))))))->(W->((@x(@x(P(x))&Q(x))->(W&@x(@x(P(x))&Q(x))->@x(@x(P(x))&Q(x))))->(@x(@x(P(x))&Q(x))->@x(@x(P(x))&Q(x))))))))->((W&@x(@x(P(x))&Q(x))->@x(@x(P(x))&Q(x)))->((W->((@x(@x(P(x))&Q(x))->W&@x(@x(P(x))&Q(x)))->((@x(@x(P(x))&Q(x))->(W&@x(@x(P(x))&Q(x))->@x(@x(P(x))&Q(x))))->(@x(@x(P(x))&Q(x))->@x(@x(P(x))&Q(x))))))->(W->((@x(@x(P(x))&Q(x))->(W&@x(@x(P(x))&Q(x))->@x(@x(P(x))&Q(x))))->(@x(@x(P(x))&Q(x))->@x(@x(P(x))&Q(x)))))))
(W&@x(@x(P(x))&Q(x))->@x(@x(P(x))&Q(x)))->((W->((@x(@x(P(x))&Q(x))->W&@x(@x(P(x))&Q(x)))->((@x(@x(P(x))&Q(x))->(W&@x(@x(P(x))&Q(x))->@x(@x(P(x))&Q(x))))->(@x(@x(P(x))&Q(x))->@x(@x(P(x))&Q(x))))))->(W->((@x(@x(P(x))&Q(x))->(W&@x(@x(P(x))&Q(x))->@x(@x(P(x))&Q(x))))->(@x(@x(P(x))&Q(x))->@x(@x(P(x))&Q(x))))))
((W&@x(@x(P(x))&Q(x))->@x(@x(P(x))&Q(x)))->(W->((@x(@x(P(x))&Q(x))->W&@x(@x(P(x))&Q(x)))->((@x(@x(P(x))&Q(x))->(W&@x(@x(P(x))&Q(x))->@x(@x(P(x))&Q(x))))->(@x(@x(P(x))&Q(x))->@x(@x(P(x))&Q(x)))))))->(((W&@x(@x(P(x))&Q(x))->@x(@x(P(x))&Q(x)))->((W->((@x(@x(P(x))&Q(x))->W&@x(@x(P(x))&Q(x)))->((@x(@x(P(x))&Q(x))->(W&@x(@x(P(x))&Q(x))->@x(@x(P(x))&Q(x))))->(@x(@x(P(x))&Q(x))->@x(@x(P(x))&Q(x))))))->(W->((@x(@x(P(x))&Q(x))->(W&@x(@x(P(x))&Q(x))->@x(@x(P(x))&Q(x))))->(@x(@x(P(x))&Q(x))->@x(@x(P(x))&Q(x)))))))->((W&@x(@x(P(x))&Q(x))->@x(@x(P(x))&Q(x)))->(W->((@x(@x(P(x))&Q(x))->(W&@x(@x(P(x))&Q(x))->@x(@x(P(x))&Q(x))))->(@x(@x(P(x))&Q(x))->@x(@x(P(x))&Q(x)))))))
((W&@x(@x(P(x))&Q(x))->@x(@x(P(x))&Q(x)))->((W->((@x(@x(P(x))&Q(x))->W&@x(@x(P(x))&Q(x)))->((@x(@x(P(x))&Q(x))->(W&@x(@x(P(x))&Q(x))->@x(@x(P(x))&Q(x))))->(@x(@x(P(x))&Q(x))->@x(@x(P(x))&Q(x))))))->(W->((@x(@x(P(x))&Q(x))->(W&@x(@x(P(x))&Q(x))->@x(@x(P(x))&Q(x))))->(@x(@x(P(x))&Q(x))->@x(@x(P(x))&Q(x)))))))->((W&@x(@x(P(x))&Q(x))->@x(@x(P(x))&Q(x)))->(W->((@x(@x(P(x))&Q(x))->(W&@x(@x(P(x))&Q(x))->@x(@x(P(x))&Q(x))))->(@x(@x(P(x))&Q(x))->@x(@x(P(x))&Q(x))))))
(W&@x(@x(P(x))&Q(x))->@x(@x(P(x))&Q(x)))->(W->((@x(@x(P(x))&Q(x))->(W&@x(@x(P(x))&Q(x))->@x(@x(P(x))&Q(x))))->(@x(@x(P(x))&Q(x))->@x(@x(P(x))&Q(x)))))
(W->(@x(@x(P(x))&Q(x))->(W&@x(@x(P(x))&Q(x))->@x(@x(P(x))&Q(x)))))->((W->((@x(@x(P(x))&Q(x))->(W&@x(@x(P(x))&Q(x))->@x(@x(P(x))&Q(x))))->(@x(@x(P(x))&Q(x))->@x(@x(P(x))&Q(x)))))->(W->(@x(@x(P(x))&Q(x))->@x(@x(P(x))&Q(x)))))
((W->(@x(@x(P(x))&Q(x))->(W&@x(@x(P(x))&Q(x))->@x(@x(P(x))&Q(x)))))->((W->((@x(@x(P(x))&Q(x))->(W&@x(@x(P(x))&Q(x))->@x(@x(P(x))&Q(x))))->(@x(@x(P(x))&Q(x))->@x(@x(P(x))&Q(x)))))->(W->(@x(@x(P(x))&Q(x))->@x(@x(P(x))&Q(x))))))->((W&@x(@x(P(x))&Q(x))->@x(@x(P(x))&Q(x)))->((W->(@x(@x(P(x))&Q(x))->(W&@x(@x(P(x))&Q(x))->@x(@x(P(x))&Q(x)))))->((W->((@x(@x(P(x))&Q(x))->(W&@x(@x(P(x))&Q(x))->@x(@x(P(x))&Q(x))))->(@x(@x(P(x))&Q(x))->@x(@x(P(x))&Q(x)))))->(W->(@x(@x(P(x))&Q(x))->@x(@x(P(x))&Q(x)))))))
(W&@x(@x(P(x))&Q(x))->@x(@x(P(x))&Q(x)))->((W->(@x(@x(P(x))&Q(x))->(W&@x(@x(P(x))&Q(x))->@x(@x(P(x))&Q(x)))))->((W->((@x(@x(P(x))&Q(x))->(W&@x(@x(P(x))&Q(x))->@x(@x(P(x))&Q(x))))->(@x(@x(P(x))&Q(x))->@x(@x(P(x))&Q(x)))))->(W->(@x(@x(P(x))&Q(x))->@x(@x(P(x))&Q(x))))))
((W&@x(@x(P(x))&Q(x))->@x(@x(P(x))&Q(x)))->(W->(@x(@x(P(x))&Q(x))->(W&@x(@x(P(x))&Q(x))->@x(@x(P(x))&Q(x))))))->(((W&@x(@x(P(x))&Q(x))->@x(@x(P(x))&Q(x)))->((W->(@x(@x(P(x))&Q(x))->(W&@x(@x(P(x))&Q(x))->@x(@x(P(x))&Q(x)))))->((W->((@x(@x(P(x))&Q(x))->(W&@x(@x(P(x))&Q(x))->@x(@x(P(x))&Q(x))))->(@x(@x(P(x))&Q(x))->@x(@x(P(x))&Q(x)))))->(W->(@x(@x(P(x))&Q(x))->@x(@x(P(x))&Q(x)))))))->((W&@x(@x(P(x))&Q(x))->@x(@x(P(x))&Q(x)))->((W->((@x(@x(P(x))&Q(x))->(W&@x(@x(P(x))&Q(x))->@x(@x(P(x))&Q(x))))->(@x(@x(P(x))&Q(x))->@x(@x(P(x))&Q(x)))))->(W->(@x(@x(P(x))&Q(x))->@x(@x(P(x))&Q(x)))))))
((W&@x(@x(P(x))&Q(x))->@x(@x(P(x))&Q(x)))->((W->(@x(@x(P(x))&Q(x))->(W&@x(@x(P(x))&Q(x))->@x(@x(P(x))&Q(x)))))->((W->((@x(@x(P(x))&Q(x))->(W&@x(@x(P(x))&Q(x))->@x(@x(P(x))&Q(x))))->(@x(@x(P(x))&Q(x))->@x(@x(P(x))&Q(x)))))->(W->(@x(@x(P(x))&Q(x))->@x(@x(P(x))&Q(x)))))))->((W&@x(@x(P(x))&Q(x))->@x(@x(P(x))&Q(x)))->((W->((@x(@x(P(x))&Q(x))->(W&@x(@x(P(x))&Q(x))->@x(@x(P(x))&Q(x))))->(@x(@x(P(x))&Q(x))->@x(@x(P(x))&Q(x)))))->(W->(@x(@x(P(x))&Q(x))->@x(@x(P(x))&Q(x))))))
(W&@x(@x(P(x))&Q(x))->@x(@x(P(x))&Q(x)))->((W->((@x(@x(P(x))&Q(x))->(W&@x(@x(P(x))&Q(x))->@x(@x(P(x))&Q(x))))->(@x(@x(P(x))&Q(x))->@x(@x(P(x))&Q(x)))))->(W->(@x(@x(P(x))&Q(x))->@x(@x(P(x))&Q(x)))))
((W&@x(@x(P(x))&Q(x))->@x(@x(P(x))&Q(x)))->(W->((@x(@x(P(x))&Q(x))->(W&@x(@x(P(x))&Q(x))->@x(@x(P(x))&Q(x))))->(@x(@x(P(x))&Q(x))->@x(@x(P(x))&Q(x))))))->(((W&@x(@x(P(x))&Q(x))->@x(@x(P(x))&Q(x)))->((W->((@x(@x(P(x))&Q(x))->(W&@x(@x(P(x))&Q(x))->@x(@x(P(x))&Q(x))))->(@x(@x(P(x))&Q(x))->@x(@x(P(x))&Q(x)))))->(W->(@x(@x(P(x))&Q(x))->@x(@x(P(x))&Q(x))))))->((W&@x(@x(P(x))&Q(x))->@x(@x(P(x))&Q(x)))->(W->(@x(@x(P(x))&Q(x))->@x(@x(P(x))&Q(x))))))
((W&@x(@x(P(x))&Q(x))->@x(@x(P(x))&Q(x)))->((W->((@x(@x(P(x))&Q(x))->(W&@x(@x(P(x))&Q(x))->@x(@x(P(x))&Q(x))))->(@x(@x(P(x))&Q(x))->@x(@x(P(x))&Q(x)))))->(W->(@x(@x(P(x))&Q(x))->@x(@x(P(x))&Q(x))))))->((W&@x(@x(P(x))&Q(x))->@x(@x(P(x))&Q(x)))->(W->(@x(@x(P(x))&Q(x))->@x(@x(P(x))&Q(x)))))
(W&@x(@x(P(x))&Q(x))->@x(@x(P(x))&Q(x)))->(W->(@x(@x(P(x))&Q(x))->@x(@x(P(x))&Q(x))))
W&@x(@x(P(x))&Q(x))->W
(W&@x(@x(P(x))&Q(x))->W)->((W->(@x(@x(P(x))&Q(x))->@x(P(x))&Q(x)))->(W&@x(@x(P(x))&Q(x))->W))
(W->(@x(@x(P(x))&Q(x))->@x(P(x))&Q(x)))->(W&@x(@x(P(x))&Q(x))->W)
(W&@x(@x(P(x))&Q(x))->W)->(W&@x(@x(P(x))&Q(x))->(W&@x(@x(P(x))&Q(x))->W))
((W&@x(@x(P(x))&Q(x))->W)->(W&@x(@x(P(x))&Q(x))->(W&@x(@x(P(x))&Q(x))->W)))->((W->(@x(@x(P(x))&Q(x))->@x(P(x))&Q(x)))->((W&@x(@x(P(x))&Q(x))->W)->(W&@x(@x(P(x))&Q(x))->(W&@x(@x(P(x))&Q(x))->W))))
(W->(@x(@x(P(x))&Q(x))->@x(P(x))&Q(x)))->((W&@x(@x(P(x))&Q(x))->W)->(W&@x(@x(P(x))&Q(x))->(W&@x(@x(P(x))&Q(x))->W)))
((W->(@x(@x(P(x))&Q(x))->@x(P(x))&Q(x)))->(W&@x(@x(P(x))&Q(x))->W))->(((W->(@x(@x(P(x))&Q(x))->@x(P(x))&Q(x)))->((W&@x(@x(P(x))&Q(x))->W)->(W&@x(@x(P(x))&Q(x))->(W&@x(@x(P(x))&Q(x))->W))))->((W->(@x(@x(P(x))&Q(x))->@x(P(x))&Q(x)))->(W&@x(@x(P(x))&Q(x))->(W&@x(@x(P(x))&Q(x))->W))))
((W->(@x(@x(P(x))&Q(x))->@x(P(x))&Q(x)))->((W&@x(@x(P(x))&Q(x))->W)->(W&@x(@x(P(x))&Q(x))->(W&@x(@x(P(x))&Q(x))->W))))->((W->(@x(@x(P(x))&Q(x))->@x(P(x))&Q(x)))->(W&@x(@x(P(x))&Q(x))->(W&@x(@x(P(x))&Q(x))->W)))
(W->(@x(@x(P(x))&Q(x))->@x(P(x))&Q(x)))->(W&@x(@x(P(x))&Q(x))->(W&@x(@x(P(x))&Q(x))->W))
W&@x(@x(P(x))&Q(x))->(W&@x(@x(P(x))&Q(x))->W&@x(@x(P(x))&Q(x)))
(W&@x(@x(P(x))&Q(x))->(W&@x(@x(P(x))&Q(x))->W&@x(@x(P(x))&Q(x))))->((W->(@x(@x(P(x))&Q(x))->@x(P(x))&Q(x)))->(W&@x(@x(P(x))&Q(x))->(W&@x(@x(P(x))&Q(x))->W&@x(@x(P(x))&Q(x)))))
(W->(@x(@x(P(x))&Q(x))->@x(P(x))&Q(x)))->(W&@x(@x(P(x))&Q(x))->(W&@x(@x(P(x))&Q(x))->W&@x(@x(P(x))&Q(x))))
(W&@x(@x(P(x))&Q(x))->(W&@x(@x(P(x))&Q(x))->W&@x(@x(P(x))&Q(x))))->((W&@x(@x(P(x))&Q(x))->((W&@x(@x(P(x))&Q(x))->W&@x(@x(P(x))&Q(x)))->W&@x(@x(P(x))&Q(x))))->(W&@x(@x(P(x))&Q(x))->W&@x(@x(P(x))&Q(x))))
((W&@x(@x(P(x))&Q(x))->(W&@x(@x(P(x))&Q(x))->W&@x(@x(P(x))&Q(x))))->((W&@x(@x(P(x))&Q(x))->((W&@x(@x(P(x))&Q(x))->W&@x(@x(P(x))&Q(x)))->W&@x(@x(P(x))&Q(x))))->(W&@x(@x(P(x))&Q(x))->W&@x(@x(P(x))&Q(x)))))->((W->(@x(@x(P(x))&Q(x))->@x(P(x))&Q(x)))->((W&@x(@x(P(x))&Q(x))->(W&@x(@x(P(x))&Q(x))->W&@x(@x(P(x))&Q(x))))->((W&@x(@x(P(x))&Q(x))->((W&@x(@x(P(x))&Q(x))->W&@x(@x(P(x))&Q(x)))->W&@x(@x(P(x))&Q(x))))->(W&@x(@x(P(x))&Q(x))->W&@x(@x(P(x))&Q(x))))))
(W->(@x(@x(P(x))&Q(x))->@x(P(x))&Q(x)))->((W&@x(@x(P(x))&Q(x))->(W&@x(@x(P(x))&Q(x))->W&@x(@x(P(x))&Q(x))))->((W&@x(@x(P(x))&Q(x))->((W&@x(@x(P(x))&Q(x))->W&@x(@x(P(x))&Q(x)))->W&@x(@x(P(x))&Q(x))))->(W&@x(@x(P(x))&Q(x))->W&@x(@x(P(x))&Q(x)))))
((W->(@x(@x(P(x))&Q(x))->@x(P(x))&Q(x)))->(W&@x(@x(P(x))&Q(x))->(W&@x(@x(P(x))&Q(x))->W&@x(@x(P(x))&Q(x)))))->(((W->(@x(@x(P(x))&Q(x))->@x(P(x))&Q(x)))->((W&@x(@x(P(x))&Q(x))->(W&@x(@x(P(x))&Q(x))->W&@x(@x(P(x))&Q(x))))->((W&@x(@x(P(x))&Q(x))->((W&@x(@x(P(x))&Q(x))->W&@x(@x(P(x))&Q(x)))->W&@x(@x(P(x))&Q(x))))->(W&@x(@x(P(x))&Q(x))->W&@x(@x(P(x))&Q(x))))))->((W->(@x(@x(P(x))&Q(x))->@x(P(x))&Q(x)))->((W&@x(@x(P(x))&Q(x))->((W&@x(@x(P(x))&Q(x))->W&@x(@x(P(x))&Q(x)))->W&@x(@x(P(x))&Q(x))))->(W&@x(@x(P(x))&Q(x))->W&@x(@x(P(x))&Q(x))))))
((W->(@x(@x(P(x))&Q(x))->@x(P(x))&Q(x)))->((W&@x(@x(P(x))&Q(x))->(W&@x(@x(P(x))&Q(x))->W&@x(@x(P(x))&Q(x))))->((W&@x(@x(P(x))&Q(x))->((W&@x(@x(P(x))&Q(x))->W&@x(@x(P(x))&Q(x)))->W&@x(@x(P(x))&Q(x))))->(W&@x(@x(P(x))&Q(x))->W&@x(@x(P(x))&Q(x))))))->((W->(@x(@x(P(x))&Q(x))->@x(P(x))&Q(x)))->((W&@x(@x(P(x))&Q(x))->((W&@x(@x(P(x))&Q(x))->W&@x(@x(P(x))&Q(x)))->W&@x(@x(P(x))&Q(x))))->(W&@x(@x(P(x))&Q(x))->W&@x(@x(P(x))&Q(x)))))
(W->(@x(@x(P(x))&Q(x))->@x(P(x))&Q(x)))->((W&@x(@x(P(x))&Q(x))->((W&@x(@x(P(x))&Q(x))->W&@x(@x(P(x))&Q(x)))->W&@x(@x(P(x))&Q(x))))->(W&@x(@x(P(x))&Q(x))->W&@x(@x(P(x))&Q(x))))
W&@x(@x(P(x))&Q(x))->((W&@x(@x(P(x))&Q(x))->W&@x(@x(P(x))&Q(x)))->W&@x(@x(P(x))&Q(x)))
(W&@x(@x(P(x))&Q(x))->((W&@x(@x(P(x))&Q(x))->W&@x(@x(P(x))&Q(x)))->W&@x(@x(P(x))&Q(x))))->((W->(@x(@x(P(x))&Q(x))->@x(P(x))&Q(x)))->(W&@x(@x(P(x))&Q(x))->((W&@x(@x(P(x))&Q(x))->W&@x(@x(P(x))&Q(x)))->W&@x(@x(P(x))&Q(x)))))
(W->(@x(@x(P(x))&Q(x))->@x(P(x))&Q(x)))->(W&@x(@x(P(x))&Q(x))->((W&@x(@x(P(x))&Q(x))->W&@x(@x(P(x))&Q(x)))->W&@x(@x(P(x))&Q(x))))
((W->(@x(@x(P(x))&Q(x))->@x(P(x))&Q(x)))->(W&@x(@x(P(x))&Q(x))->((W&@x(@x(P(x))&Q(x))->W&@x(@x(P(x))&Q(x)))->W&@x(@x(P(x))&Q(x)))))->(((W->(@x(@x(P(x))&Q(x))->@x(P(x))&Q(x)))->((W&@x(@x(P(x))&Q(x))->((W&@x(@x(P(x))&Q(x))->W&@x(@x(P(x))&Q(x)))->W&@x(@x(P(x))&Q(x))))->(W&@x(@x(P(x))&Q(x))->W&@x(@x(P(x))&Q(x)))))->((W->(@x(@x(P(x))&Q(x))->@x(P(x))&Q(x)))->(W&@x(@x(P(x))&Q(x))->W&@x(@x(P(x))&Q(x)))))
((W->(@x(@x(P(x))&Q(x))->@x(P(x))&Q(x)))->((W&@x(@x(P(x))&Q(x))->((W&@x(@x(P(x))&Q(x))->W&@x(@x(P(x))&Q(x)))->W&@x(@x(P(x))&Q(x))))->(W&@x(@x(P(x))&Q(x))->W&@x(@x(P(x))&Q(x)))))->((W->(@x(@x(P(x))&Q(x))->@x(P(x))&Q(x)))->(W&@x(@x(P(x))&Q(x))->W&@x(@x(P(x))&Q(x))))
(W->(@x(@x(P(x))&Q(x))->@x(P(x))&Q(x)))->(W&@x(@x(P(x))&Q(x))->W&@x(@x(P(x))&Q(x)))
(W&@x(@x(P(x))&Q(x))->W&@x(@x(P(x))&Q(x)))->((W&@x(@x(P(x))&Q(x))->(W&@x(@x(P(x))&Q(x))->W))->(W&@x(@x(P(x))&Q(x))->W))
((W&@x(@x(P(x))&Q(x))->W&@x(@x(P(x))&Q(x)))->((W&@x(@x(P(x))&Q(x))->(W&@x(@x(P(x))&Q(x))->W))->(W&@x(@x(P(x))&Q(x))->W)))->((W->(@x(@x(P(x))&Q(x))->@x(P(x))&Q(x)))->((W&@x(@x(P(x))&Q(x))->W&@x(@x(P(x))&Q(x)))->((W&@x(@x(P(x))&Q(x))->(W&@x(@x(P(x))&Q(x))->W))->(W&@x(@x(P(x))&Q(x))->W))))
(W->(@x(@x(P(x))&Q(x))->@x(P(x))&Q(x)))->((W&@x(@x(P(x))&Q(x))->W&@x(@x(P(x))&Q(x)))->((W&@x(@x(P(x))&Q(x))->(W&@x(@x(P(x))&Q(x))->W))->(W&@x(@x(P(x))&Q(x))->W)))
((W->(@x(@x(P(x))&Q(x))->@x(P(x))&Q(x)))->(W&@x(@x(P(x))&Q(x))->W&@x(@x(P(x))&Q(x))))->(((W->(@x(@x(P(x))&Q(x))->@x(P(x))&Q(x)))->((W&@x(@x(P(x))&Q(x))->W&@x(@x(P(x))&Q(x)))->((W&@x(@x(P(x))&Q(x))->(W&@x(@x(P(x))&Q(x))->W))->(W&@x(@x(P(x))&Q(x))->W))))->((W->(@x(@x(P(x))&Q(x))->@x(P(x))&Q(x)))->((W&@x(@x(P(x))&Q(x))->(W&@x(@x(P(x))&Q(x))->W))->(W&@x(@x(P(x))&Q(x))->W))))
((W->(@x(@x(P(x))&Q(x))->@x(P(x))&Q(x)))->((W&@x(@x(P(x))&Q(x))->W&@x(@x(P(x))&Q(x)))->((W&@x(@x(P(x))&Q(x))->(W&@x(@x(P(x))&Q(x))->W))->(W&@x(@x(P(x))&Q(x))->W))))->((W->(@x(@x(P(x))&Q(x))->@x(P(x))&Q(x)))->((W&@x(@x(P(x))&Q(x))->(W&@x(@x(P(x))&Q(x))->W))->(W&@x(@x(P(x))&Q(x))->W)))
(W->(@x(@x(P(x))&Q(x))->@x(P(x))&Q(x)))->((W&@x(@x(P(x))&Q(x))->(W&@x(@x(P(x))&Q(x))->W))->(W&@x(@x(P(x))&Q(x))->W))
W&@x(@x(P(x))&Q(x))->W
(W&@x(@x(P(x))&Q(x))->W)->((W->(@x(@x(P(x))&Q(x))->@x(P(x))&Q(x)))->(W&@x(@x(P(x))&Q(x))->W))
(W->(@x(@x(P(x))&Q(x))->@x(P(x))&Q(x)))->(W&@x(@x(P(x))&Q(x))->W)
W&@x(@x(P(x))&Q(x))->@x(@x(P(x))&Q(x))
(W&@x(@x(P(x))&Q(x))->@x(@x(P(x))&Q(x)))->((W->(@x(@x(P(x))&Q(x))->@x(P(x))&Q(x)))->(W&@x(@x(P(x))&Q(x))->@x(@x(P(x))&Q(x))))
(W->(@x(@x(P(x))&Q(x))->@x(P(x))&Q(x)))->(W&@x(@x(P(x))&Q(x))->@x(@x(P(x))&Q(x)))
(W&@x(@x(P(x))&Q(x))->@x(@x(P(x))&Q(x)))->(W&@x(@x(P(x))&Q(x))->(W&@x(@x(P(x))&Q(x))->@x(@x(P(x))&Q(x))))
((W&@x(@x(P(x))&Q(x))->@x(@x(P(x))&Q(x)))->(W&@x(@x(P(x))&Q(x))->(W&@x(@x(P(x))&Q(x))->@x(@x(P(x))&Q(x)))))->((W->(@x(@x(P(x))&Q(x))->@x(P(x))&Q(x)))->((W&@x(@x(P(x))&Q(x))->@x(@x(P(x))&Q(x)))->(W&@x(@x(P(x))&Q(x))->(W&@x(@x(P(x))&Q(x))->@x(@x(P(x))&Q(x))))))
(W->(@x(@x(P(x))&Q(x))->@x(P(x))&Q(x)))->((W&@x(@x(P(x))&Q(x))->@x(@x(P(x))&Q(x)))->(W&@x(@x(P(x))&Q(x))->(W&@x(@x(P(x))&Q(x))->@x(@x(P(x))&Q(x)))))
((W->(@x(@x(P(x))&Q(x))->@x(P(x))&Q(x)))->(W&@x(@x(P(x))&Q(x))->@x(@x(P(x))&Q(x))))->(((W->(@x(@x(P(x))&Q(x))->@x(P(x))&Q(x)))->((W&@x(@x(P(x))&Q(x))->@x(@x(P(x))&Q(x)))->(W&@x(@x(P(x))&Q(x))->(W&@x(@x(P(x))&Q(x))->@x(@x(P(x))&Q(x))))))->((W->(@x(@x(P(x))&Q(x))->@x(P(x))&Q(x)))->(W&@x(@x(P(x))&Q(x))->(W&@x(@x(P(x))&Q(x))->@x(@x(P(x))&Q(x))))))
((W->(@x(@x(P(x))&Q(x))->@x(P(x))&Q(x)))->((W&@x(@x(P(x))&Q(x))->@x(@x(P(x))&Q(x)))->(W&@x(@x(P(x))&Q(x))->(W&@x(@x(P(x))&Q(x))->@x(@x(P(x))&Q(x))))))->((W->(@x(@x(P(x))&Q(x))->@x(P(x))&Q(x)))->(W&@x(@x(P(x))&Q(x))->(W&@x(@x(P(x))&Q(x))->@x(@x(P(x))&Q(x)))))
(W->(@x(@x(P(x))&Q(x))->@x(P(x))&Q(x)))->(W&@x(@x(P(x))&Q(x))->(W&@x(@x(P(x))&Q(x))->@x(@x(P(x))&Q(x))))
(W&@x(@x(P(x))&Q(x))->W&@x(@x(P(x))&Q(x)))->((W&@x(@x(P(x))&Q(x))->(W&@x(@x(P(x))&Q(x))->@x(@x(P(x))&Q(x))))->(W&@x(@x(P(x))&Q(x))->@x(@x(P(x))&Q(x))))
((W&@x(@x(P(x))&Q(x))->W&@x(@x(P(x))&Q(x)))->((W&@x(@x(P(x))&Q(x))->(W&@x(@x(P(x))&Q(x))->@x(@x(P(x))&Q(x))))->(W&@x(@x(P(x))&Q(x))->@x(@x(P(x))&Q(x)))))->((W->(@x(@x(P(x))&Q(x))->@x(P(x))&Q(x)))->((W&@x(@x(P(x))&Q(x))->W&@x(@x(P(x))&Q(x)))->((W&@x(@x(P(x))&Q(x))->(W&@x(@x(P(x))&Q(x))->@x(@x(P(x))&Q(x))))->(W&@x(@x(P(x))&Q(x))->@x(@x(P(x))&Q(x))))))
(W->(@x(@x(P(x))&Q(x))->@x(P(x))&Q(x)))->((W&@x(@x(P(x))&Q(x))->W&@x(@x(P(x))&Q(x)))->((W&@x(@x(P(x))&Q(x))->(W&@x(@x(P(x))&Q(x))->@x(@x(P(x))&Q(x))))->(W&@x(@x(P(x))&Q(x))->@x(@x(P(x))&Q(x)))))
((W->(@x(@x(P(x))&Q(x))->@x(P(x))&Q(x)))->(W&@x(@x(P(x))&Q(x))->W&@x(@x(P(x))&Q(x))))->(((W->(@x(@x(P(x))&Q(x))->@x(P(x))&Q(x)))->((W&@x(@x(P(x))&Q(x))->W&@x(@x(P(x))&Q(x)))->((W&@x(@x(P(x))&Q(x))->(W&@x(@x(P(x))&Q(x))->@x(@x(P(x))&Q(x))))->(W&@x(@x(P(x))&Q(x))->@x(@x(P(x))&Q(x))))))->((W->(@x(@x(P(x))&Q(x))->@x(P(x))&Q(x)))->((W&@x(@x(P(x))&Q(x))->(W&@x(@x(P(x))&Q(x))->@x(@x(P(x))&Q(x))))->(W&@x(@x(P(x))&Q(x))->@x(@x(P(x))&Q(x))))))
((W->(@x(@x(P(x))&Q(x))->@x(P(x))&Q(x)))->((W&@x(@x(P(x))&Q(x))->W&@x(@x(P(x))&Q(x)))->((W&@x(@x(P(x))&Q(x))->(W&@x(@x(P(x))&Q(x))->@x(@x(P(x))&Q(x))))->(W&@x(@x(P(x))&Q(x))->@x(@x(P(x))&Q(x))))))->((W->(@x(@x(P(x))&Q(x))->@x(P(x))&Q(x)))->((W&@x(@x(P(x))&Q(x))->(W&@x(@x(P(x))&Q(x))->@x(@x(P(x))&Q(x))))->(W&@x(@x(P(x))&Q(x))->@x(@x(P(x))&Q(x)))))
(W->(@x(@x(P(x))&Q(x))->@x(P(x))&Q(x)))->((W&@x(@x(P(x))&Q(x))->(W&@x(@x(P(x))&Q(x))->@x(@x(P(x))&Q(x))))->(W&@x(@x(P(x))&Q(x))->@x(@x(P(x))&Q(x))))
W&@x(@x(P(x))&Q(x))->@x(@x(P(x))&Q(x))
(W&@x(@x(P(x))&Q(x))->@x(@x(P(x))&Q(x)))->((W->(@x(@x(P(x))&Q(x))->@x(P(x))&Q(x)))->(W&@x(@x(P(x))&Q(x))->@x(@x(P(x))&Q(x))))
(W->(@x(@x(P(x))&Q(x))->@x(P(x))&Q(x)))->(W&@x(@x(P(x))&Q(x))->@x(@x(P(x))&Q(x)))
(W->(@x(@x(P(x))&Q(x))->@x(P(x))&Q(x)))->((W->(@x(@x(P(x))&Q(x))->@x(P(x))&Q(x)))->(W->(@x(@x(P(x))&Q(x))->@x(P(x))&Q(x))))
((W->(@x(@x(P(x))&Q(x))->@x(P(x))&Q(x)))->((W->(@x(@x(P(x))&Q(x))->@x(P(x))&Q(x)))->(W->(@x(@x(P(x))&Q(x))->@x(P(x))&Q(x)))))->(((W->(@x(@x(P(x))&Q(x))->@x(P(x))&Q(x)))->(((W->(@x(@x(P(x))&Q(x))->@x(P(x))&Q(x)))->(W->(@x(@x(P(x))&Q(x))->@x(P(x))&Q(x))))->(W->(@x(@x(P(x))&Q(x))->@x(P(x))&Q(x)))))->((W->(@x(@x(P(x))&Q(x))->@x(P(x))&Q(x)))->(W->(@x(@x(P(x))&Q(x))->@x(P(x))&Q(x)))))
((W->(@x(@x(P(x))&Q(x))->@x(P(x))&Q(x)))->(((W->(@x(@x(P(x))&Q(x))->@x(P(x))&Q(x)))->(W->(@x(@x(P(x))&Q(x))->@x(P(x))&Q(x))))->(W->(@x(@x(P(x))&Q(x))->@x(P(x))&Q(x)))))->((W->(@x(@x(P(x))&Q(x))->@x(P(x))&Q(x)))->(W->(@x(@x(P(x))&Q(x))->@x(P(x))&Q(x))))
(W->(@x(@x(P(x))&Q(x))->@x(P(x))&Q(x)))->(((W->(@x(@x(P(x))&Q(x))->@x(P(x))&Q(x)))->(W->(@x(@x(P(x))&Q(x))->@x(P(x))&Q(x))))->(W->(@x(@x(P(x))&Q(x))->@x(P(x))&Q(x))))
(W->(@x(@x(P(x))&Q(x))->@x(P(x))&Q(x)))->(W->(@x(@x(P(x))&Q(x))->@x(P(x))&Q(x)))
(W->(@x(@x(P(x))&Q(x))->@x(P(x))&Q(x)))->(W&@x(@x(P(x))&Q(x))->(W->(@x(@x(P(x))&Q(x))->@x(P(x))&Q(x))))
((W->(@x(@x(P(x))&Q(x))->@x(P(x))&Q(x)))->(W&@x(@x(P(x))&Q(x))->(W->(@x(@x(P(x))&Q(x))->@x(P(x))&Q(x)))))->((W->(@x(@x(P(x))&Q(x))->@x(P(x))&Q(x)))->((W->(@x(@x(P(x))&Q(x))->@x(P(x))&Q(x)))->(W&@x(@x(P(x))&Q(x))->(W->(@x(@x(P(x))&Q(x))->@x(P(x))&Q(x))))))
(W->(@x(@x(P(x))&Q(x))->@x(P(x))&Q(x)))->((W->(@x(@x(P(x))&Q(x))->@x(P(x))&Q(x)))->(W&@x(@x(P(x))&Q(x))->(W->(@x(@x(P(x))&Q(x))->@x(P(x))&Q(x)))))
((W->(@x(@x(P(x))&Q(x))->@x(P(x))&Q(x)))->(W->(@x(@x(P(x))&Q(x))->@x(P(x))&Q(x))))->(((W->(@x(@x(P(x))&Q(x))->@x(P(x))&Q(x)))->((W->(@x(@x(P(x))&Q(x))->@x(P(x))&Q(x)))->(W&@x(@x(P(x))&Q(x))->(W->(@x(@x(P(x))&Q(x))->@x(P(x))&Q(x))))))->((W->(@x(@x(P(x))&Q(x))->@x(P(x))&Q(x)))->(W&@x(@x(P(x))&Q(x))->(W->(@x(@x(P(x))&Q(x))->@x(P(x))&Q(x))))))
((W->(@x(@x(P(x))&Q(x))->@x(P(x))&Q(x)))->((W->(@x(@x(P(x))&Q(x))->@x(P(x))&Q(x)))->(W&@x(@x(P(x))&Q(x))->(W->(@x(@x(P(x))&Q(x))->@x(P(x))&Q(x))))))->((W->(@x(@x(P(x))&Q(x))->@x(P(x))&Q(x)))->(W&@x(@x(P(x))&Q(x))->(W->(@x(@x(P(x))&Q(x))->@x(P(x))&Q(x)))))
(W->(@x(@x(P(x))&Q(x))->@x(P(x))&Q(x)))->(W&@x(@x(P(x))&Q(x))->(W->(@x(@x(P(x))&Q(x))->@x(P(x))&Q(x))))
(W&@x(@x(P(x))&Q(x))->W)->((W&@x(@x(P(x))&Q(x))->(W->(@x(@x(P(x))&Q(x))->@x(P(x))&Q(x))))->(W&@x(@x(P(x))&Q(x))->(@x(@x(P(x))&Q(x))->@x(P(x))&Q(x))))
((W&@x(@x(P(x))&Q(x))->W)->((W&@x(@x(P(x))&Q(x))->(W->(@x(@x(P(x))&Q(x))->@x(P(x))&Q(x))))->(W&@x(@x(P(x))&Q(x))->(@x(@x(P(x))&Q(x))->@x(P(x))&Q(x)))))->((W->(@x(@x(P(x))&Q(x))->@x(P(x))&Q(x)))->((W&@x(@x(P(x))&Q(x))->W)->((W&@x(@x(P(x))&Q(x))->(W->(@x(@x(P(x))&Q(x))->@x(P(x))&Q(x))))->(W&@x(@x(P(x))&Q(x))->(@x(@x(P(x))&Q(x))->@x(P(x))&Q(x))))))
(W->(@x(@x(P(x))&Q(x))->@x(P(x))&Q(x)))->((W&@x(@x(P(x))&Q(x))->W)->((W&@x(@x(P(x))&Q(x))->(W->(@x(@x(P(x))&Q(x))->@x(P(x))&Q(x))))->(W&@x(@x(P(x))&Q(x))->(@x(@x(P(x))&Q(x))->@x(P(x))&Q(x)))))
((W->(@x(@x(P(x))&Q(x))->@x(P(x))&Q(x)))->(W&@x(@x(P(x))&Q(x))->W))->(((W->(@x(@x(P(x))&Q(x))->@x(P(x))&Q(x)))->((W&@x(@x(P(x))&Q(x))->W)->((W&@x(@x(P(x))&Q(x))->(W->(@x(@x(P(x))&Q(x))->@x(P(x))&Q(x))))->(W&@x(@x(P(x))&Q(x))->(@x(@x(P(x))&Q(x))->@x(P(x))&Q(x))))))->((W->(@x(@x(P(x))&Q(x))->@x(P(x))&Q(x)))->((W&@x(@x(P(x))&Q(x))->(W->(@x(@x(P(x))&Q(x))->@x(P(x))&Q(x))))->(W&@x(@x(P(x))&Q(x))->(@x(@x(P(x))&Q(x))->@x(P(x))&Q(x))))))
((W->(@x(@x(P(x))&Q(x))->@x(P(x))&Q(x)))->((W&@x(@x(P(x))&Q(x))->W)->((W&@x(@x(P(x))&Q(x))->(W->(@x(@x(P(x))&Q(x))->@x(P(x))&Q(x))))->(W&@x(@x(P(x))&Q(x))->(@x(@x(P(x))&Q(x))->@x(P(x))&Q(x))))))->((W->(@x(@x(P(x))&Q(x))->@x(P(x))&Q(x)))->((W&@x(@x(P(x))&Q(x))->(W->(@x(@x(P(x))&Q(x))->@x(P(x))&Q(x))))->(W&@x(@x(P(x))&Q(x))->(@x(@x(P(x))&Q(x))->@x(P(x))&Q(x)))))
(W->(@x(@x(P(x))&Q(x))->@x(P(x))&Q(x)))->((W&@x(@x(P(x))&Q(x))->(W->(@x(@x(P(x))&Q(x))->@x(P(x))&Q(x))))->(W&@x(@x(P(x))&Q(x))->(@x(@x(P(x))&Q(x))->@x(P(x))&Q(x))))
((W->(@x(@x(P(x))&Q(x))->@x(P(x))&Q(x)))->(W&@x(@x(P(x))&Q(x))->(W->(@x(@x(P(x))&Q(x))->@x(P(x))&Q(x)))))->(((W->(@x(@x(P(x))&Q(x))->@x(P(x))&Q(x)))->((W&@x(@x(P(x))&Q(x))->(W->(@x(@x(P(x))&Q(x))->@x(P(x))&Q(x))))->(W&@x(@x(P(x))&Q(x))->(@x(@x(P(x))&Q(x))->@x(P(x))&Q(x)))))->((W->(@x(@x(P(x))&Q(x))->@x(P(x))&Q(x)))->(W&@x(@x(P(x))&Q(x))->(@x(@x(P(x))&Q(x))->@x(P(x))&Q(x)))))
((W->(@x(@x(P(x))&Q(x))->@x(P(x))&Q(x)))->((W&@x(@x(P(x))&Q(x))->(W->(@x(@x(P(x))&Q(x))->@x(P(x))&Q(x))))->(W&@x(@x(P(x))&Q(x))->(@x(@x(P(x))&Q(x))->@x(P(x))&Q(x)))))->((W->(@x(@x(P(x))&Q(x))->@x(P(x))&Q(x)))->(W&@x(@x(P(x))&Q(x))->(@x(@x(P(x))&Q(x))->@x(P(x))&Q(x))))
(W->(@x(@x(P(x))&Q(x))->@x(P(x))&Q(x)))->(W&@x(@x(P(x))&Q(x))->(@x(@x(P(x))&Q(x))->@x(P(x))&Q(x)))
(W&@x(@x(P(x))&Q(x))->@x(@x(P(x))&Q(x)))->((W&@x(@x(P(x))&Q(x))->(@x(@x(P(x))&Q(x))->@x(P(x))&Q(x)))->(W&@x(@x(P(x))&Q(x))->@x(P(x))&Q(x)))
((W&@x(@x(P(x))&Q(x))->@x(@x(P(x))&Q(x)))->((W&@x(@x(P(x))&Q(x))->(@x(@x(P(x))&Q(x))->@x(P(x))&Q(x)))->(W&@x(@x(P(x))&Q(x))->@x(P(x))&Q(x))))->((W->(@x(@x(P(x))&Q(x))->@x(P(x))&Q(x)))->((W&@x(@x(P(x))&Q(x))->@x(@x(P(x))&Q(x)))->((W&@x(@x(P(x))&Q(x))->(@x(@x(P(x))&Q(x))->@x(P(x))&Q(x)))->(W&@x(@x(P(x))&Q(x))->@x(P(x))&Q(x)))))
(W->(@x(@x(P(x))&Q(x))->@x(P(x))&Q(x)))->((W&@x(@x(P(x))&Q(x))->@x(@x(P(x))&Q(x)))->((W&@x(@x(P(x))&Q(x))->(@x(@x(P(x))&Q(x))->@x(P(x))&Q(x)))->(W&@x(@x(P(x))&Q(x))->@x(P(x))&Q(x))))
((W->(@x(@x(P(x))&Q(x))->@x(P(x))&Q(x)))->(W&@x(@x(P(x))&Q(x))->@x(@x(P(x))&Q(x))))->(((W->(@x(@x(P(x))&Q(x))->@x(P(x))&Q(x)))->((W&@x(@x(P(x))&Q(x))->@x(@x(P(x))&Q(x)))->((W&@x(@x(P(x))&Q(x))->(@x(@x(P(x))&Q(x))->@x(P(x))&Q(x)))->(W&@x(@x(P(x))&Q(x))->@x(P(x))&Q(x)))))->((W->(@x(@x(P(x))&Q(x))->@x(P(x))&Q(x)))->((W&@x(@x(P(x))&Q(x))->(@x(@x(P(x))&Q(x))->@x(P(x))&Q(x)))->(W&@x(@x(P(x))&Q(x))->@x(P(x))&Q(x)))))
((W->(@x(@x(P(x))&Q(x))->@x(P(x))&Q(x)))->((W&@x(@x(P(x))&Q(x))->@x(@x(P(x))&Q(x)))->((W&@x(@x(P(x))&Q(x))->(@x(@x(P(x))&Q(x))->@x(P(x))&Q(x)))->(W&@x(@x(P(x))&Q(x))->@x(P(x))&Q(x)))))->((W->(@x(@x(P(x))&Q(x))->@x(P(x))&Q(x)))->((W&@x(@x(P(x))&Q(x))->(@x(@x(P(x))&Q(x))->@x(P(x))&Q(x)))->(W&@x(@x(P(x))&Q(x))->@x(P(x))&Q(x))))
(W->(@x(@x(P(x))&Q(x))->@x(P(x))&Q(x)))->((W&@x(@x(P(x))&Q(x))->(@x(@x(P(x))&Q(x))->@x(P(x))&Q(x)))->(W&@x(@x(P(x))&Q(x))->@x(P(x))&Q(x)))
((W->(@x(@x(P(x))&Q(x))->@x(P(x))&Q(x)))->(W&@x(@x(P(x))&Q(x))->(@x(@x(P(x))&Q(x))->@x(P(x))&Q(x))))->(((W->(@x(@x(P(x))&Q(x))->@x(P(x))&Q(x)))->((W&@x(@x(P(x))&Q(x))->(@x(@x(P(x))&Q(x))->@x(P(x))&Q(x)))->(W&@x(@x(P(x))&Q(x))->@x(P(x))&Q(x))))->((W->(@x(@x(P(x))&Q(x))->@x(P(x))&Q(x)))->(W&@x(@x(P(x))&Q(x))->@x(P(x))&Q(x))))
((W->(@x(@x(P(x))&Q(x))->@x(P(x))&Q(x)))->((W&@x(@x(P(x))&Q(x))->(@x(@x(P(x))&Q(x))->@x(P(x))&Q(x)))->(W&@x(@x(P(x))&Q(x))->@x(P(x))&Q(x))))->((W->(@x(@x(P(x))&Q(x))->@x(P(x))&Q(x)))->(W&@x(@x(P(x))&Q(x))->@x(P(x))&Q(x)))
(W->(@x(@x(P(x))&Q(x))->@x(P(x))&Q(x)))->(W&@x(@x(P(x))&Q(x))->@x(P(x))&Q(x))
W->(@x(@x(P(x))&Q(x))->@x(P(x))&Q(x))
W&@x(@x(P(x))&Q(x))->@x(P(x))&Q(x)
W&@x(@x(P(x))&Q(x))->@x(@x(P(x))&Q(x))
W->(@x(@x(P(x))&Q(x))->@x(@x(P(x))&Q(x)))
W->(W->W)
(W->(W->W))->((W->((W->W)->W))->(W->W))
(W->((W->W)->W))->(W->W)
W->((W->W)->W)
W->W
