(1) P(b)->(P(b)->P(b)) Сх. акс. 1
(2) (P(b)->(P(b)->P(b)))->((P(b)->((P(b)->P(b))->P(b)))->(P(b)->P(b))) Сх. акс. 2
(3) (P(b)->((P(b)->P(b))->P(b)))->(P(b)->P(b)) M.P. 1, 2
(4) P(b)->((P(b)->P(b))->P(b)) Сх. акс. 1
(5) P(b)->P(b) M.P. 4, 3
(6) P(b)->((A->(A->A))->P(b)) Сх. акс. 1
(7) (P(b)->((A->(A->A))->P(b)))->(P(b)->(P(b)->((A->(A->A))->P(b)))) Сх. акс. 1
(8) P(b)->(P(b)->((A->(A->A))->P(b))) M.P. 6, 7
(9) (P(b)->P(b))->((P(b)->(P(b)->((A->(A->A))->P(b))))->(P(b)->((A->(A->A))->P(b)))) Сх. акс. 2
(10) (P(b)->(P(b)->((A->(A->A))->P(b))))->(P(b)->((A->(A->A))->P(b))) M.P. 5, 9
(11) P(b)->((A->(A->A))->P(b)) Сх. акс. 1
(12) ((A->(A->A))->P(b))->(P(a)->((A->(A->A))->P(b))) Сх. акс. 1
(13) (((A->(A->A))->P(b))->(P(a)->((A->(A->A))->P(b))))->(P(b)->(((A->(A->A))->P(b))->(P(a)->((A->(A->A))->P(b))))) Сх. акс. 1
(14) P(b)->(((A->(A->A))->P(b))->(P(a)->((A->(A->A))->P(b)))) M.P. 12, 13
(15) (P(b)->((A->(A->A))->P(b)))->((P(b)->(((A->(A->A))->P(b))->(P(a)->((A->(A->A))->P(b)))))->(P(b)->(P(a)->((A->(A->A))->P(b))))) Сх. акс. 2
(16) (P(b)->(((A->(A->A))->P(b))->(P(a)->((A->(A->A))->P(b)))))->(P(b)->(P(a)->((A->(A->A))->P(b)))) M.P. 6, 15
(17) P(b)->(P(a)->((A->(A->A))->P(b))) M.P. 14, 16
(18) (P(b)->(P(a)->((A->(A->A))->P(b))))->((P(b)->(P(a)->((A->(A->A))->P(b))))->(P(b)->(P(a)->((A->(A->A))->P(b))))) Сх. акс. 1
(19) ((P(b)->(P(a)->((A->(A->A))->P(b))))->((P(b)->(P(a)->((A->(A->A))->P(b))))->(P(b)->(P(a)->((A->(A->A))->P(b))))))->(((P(b)->(P(a)->((A->(A->A))->P(b))))->(((P(b)->(P(a)->((A->(A->A))->P(b))))->(P(b)->(P(a)->((A->(A->A))->P(b)))))->(P(b)->(P(a)->((A->(A->A))->P(b))))))->((P(b)->(P(a)->((A->(A->A))->P(b))))->(P(b)->(P(a)->((A->(A->A))->P(b)))))) Сх. акс. 2
(20) ((P(b)->(P(a)->((A->(A->A))->P(b))))->(((P(b)->(P(a)->((A->(A->A))->P(b))))->(P(b)->(P(a)->((A->(A->A))->P(b)))))->(P(b)->(P(a)->((A->(A->A))->P(b))))))->((P(b)->(P(a)->((A->(A->A))->P(b))))->(P(b)->(P(a)->((A->(A->A))->P(b))))) M.P. 18, 19
(21) (P(b)->(P(a)->((A->(A->A))->P(b))))->(((P(b)->(P(a)->((A->(A->A))->P(b))))->(P(b)->(P(a)->((A->(A->A))->P(b)))))->(P(b)->(P(a)->((A->(A->A))->P(b))))) Сх. акс. 1
(22) (P(b)->(P(a)->((A->(A->A))->P(b))))->(P(b)->(P(a)->((A->(A->A))->P(b)))) M.P. 21, 20
(23) (P(b)->(P(a)->((A->(A->A))->P(b))))->(P(a)->(P(b)->(P(a)->((A->(A->A))->P(b))))) Сх. акс. 1
(24) ((P(b)->(P(a)->((A->(A->A))->P(b))))->(P(a)->(P(b)->(P(a)->((A->(A->A))->P(b))))))->((P(b)->(P(a)->((A->(A->A))->P(b))))->((P(b)->(P(a)->((A->(A->A))->P(b))))->(P(a)->(P(b)->(P(a)->((A->(A->A))->P(b))))))) Сх. акс. 1
(25) (P(b)->(P(a)->((A->(A->A))->P(b))))->((P(b)->(P(a)->((A->(A->A))->P(b))))->(P(a)->(P(b)->(P(a)->((A->(A->A))->P(b)))))) M.P. 23, 24
(26) ((P(b)->(P(a)->((A->(A->A))->P(b))))->(P(b)->(P(a)->((A->(A->A))->P(b)))))->(((P(b)->(P(a)->((A->(A->A))->P(b))))->((P(b)->(P(a)->((A->(A->A))->P(b))))->(P(a)->(P(b)->(P(a)->((A->(A->A))->P(b)))))))->((P(b)->(P(a)->((A->(A->A))->P(b))))->(P(a)->(P(b)->(P(a)->((A->(A->A))->P(b))))))) Сх. акс. 2
(27) ((P(b)->(P(a)->((A->(A->A))->P(b))))->((P(b)->(P(a)->((A->(A->A))->P(b))))->(P(a)->(P(b)->(P(a)->((A->(A->A))->P(b)))))))->((P(b)->(P(a)->((A->(A->A))->P(b))))->(P(a)->(P(b)->(P(a)->((A->(A->A))->P(b)))))) M.P. 22, 26
(28) (P(b)->(P(a)->((A->(A->A))->P(b))))->(P(a)->(P(b)->(P(a)->((A->(A->A))->P(b))))) Сх. акс. 1
(29) (P(b)->(P(a)->((A->(A->A))->P(b))))->(P(b)->(P(b)->(P(a)->((A->(A->A))->P(b))))) Сх. акс. 1
(30) ((P(b)->(P(a)->((A->(A->A))->P(b))))->(P(b)->(P(b)->(P(a)->((A->(A->A))->P(b))))))->((P(b)->(P(a)->((A->(A->A))->P(b))))->((P(b)->(P(a)->((A->(A->A))->P(b))))->(P(b)->(P(b)->(P(a)->((A->(A->A))->P(b))))))) Сх. акс. 1
(31) (P(b)->(P(a)->((A->(A->A))->P(b))))->((P(b)->(P(a)->((A->(A->A))->P(b))))->(P(b)->(P(b)->(P(a)->((A->(A->A))->P(b)))))) M.P. 29, 30
(32) ((P(b)->(P(a)->((A->(A->A))->P(b))))->(P(b)->(P(b)->(P(a)->((A->(A->A))->P(b))))))->(P(a)->((P(b)->(P(a)->((A->(A->A))->P(b))))->(P(b)->(P(b)->(P(a)->((A->(A->A))->P(b))))))) Сх. акс. 1
(33) (((P(b)->(P(a)->((A->(A->A))->P(b))))->(P(b)->(P(b)->(P(a)->((A->(A->A))->P(b))))))->(P(a)->((P(b)->(P(a)->((A->(A->A))->P(b))))->(P(b)->(P(b)->(P(a)->((A->(A->A))->P(b))))))))->((P(b)->(P(a)->((A->(A->A))->P(b))))->(((P(b)->(P(a)->((A->(A->A))->P(b))))->(P(b)->(P(b)->(P(a)->((A->(A->A))->P(b))))))->(P(a)->((P(b)->(P(a)->((A->(A->A))->P(b))))->(P(b)->(P(b)->(P(a)->((A->(A->A))->P(b))))))))) Сх. акс. 1
(34) (P(b)->(P(a)->((A->(A->A))->P(b))))->(((P(b)->(P(a)->((A->(A->A))->P(b))))->(P(b)->(P(b)->(P(a)->((A->(A->A))->P(b))))))->(P(a)->((P(b)->(P(a)->((A->(A->A))->P(b))))->(P(b)->(P(b)->(P(a)->((A->(A->A))->P(b)))))))) M.P. 32, 33
(35) ((P(b)->(P(a)->((A->(A->A))->P(b))))->((P(b)->(P(a)->((A->(A->A))->P(b))))->(P(b)->(P(b)->(P(a)->((A->(A->A))->P(b)))))))->(((P(b)->(P(a)->((A->(A->A))->P(b))))->(((P(b)->(P(a)->((A->(A->A))->P(b))))->(P(b)->(P(b)->(P(a)->((A->(A->A))->P(b))))))->(P(a)->((P(b)->(P(a)->((A->(A->A))->P(b))))->(P(b)->(P(b)->(P(a)->((A->(A->A))->P(b)))))))))->((P(b)->(P(a)->((A->(A->A))->P(b))))->(P(a)->((P(b)->(P(a)->((A->(A->A))->P(b))))->(P(b)->(P(b)->(P(a)->((A->(A->A))->P(b))))))))) Сх. акс. 2
(36) ((P(b)->(P(a)->((A->(A->A))->P(b))))->(((P(b)->(P(a)->((A->(A->A))->P(b))))->(P(b)->(P(b)->(P(a)->((A->(A->A))->P(b))))))->(P(a)->((P(b)->(P(a)->((A->(A->A))->P(b))))->(P(b)->(P(b)->(P(a)->((A->(A->A))->P(b)))))))))->((P(b)->(P(a)->((A->(A->A))->P(b))))->(P(a)->((P(b)->(P(a)->((A->(A->A))->P(b))))->(P(b)->(P(b)->(P(a)->((A->(A->A))->P(b)))))))) M.P. 31, 35
(37) (P(b)->(P(a)->((A->(A->A))->P(b))))->(P(a)->((P(b)->(P(a)->((A->(A->A))->P(b))))->(P(b)->(P(b)->(P(a)->((A->(A->A))->P(b))))))) M.P. 34, 36
(38) (P(a)->(P(b)->(P(a)->((A->(A->A))->P(b)))))->((P(a)->((P(b)->(P(a)->((A->(A->A))->P(b))))->(P(b)->(P(b)->(P(a)->((A->(A->A))->P(b)))))))->(P(a)->(P(b)->(P(b)->(P(a)->((A->(A->A))->P(b))))))) Сх. акс. 2
(39) ((P(a)->(P(b)->(P(a)->((A->(A->A))->P(b)))))->((P(a)->((P(b)->(P(a)->((A->(A->A))->P(b))))->(P(b)->(P(b)->(P(a)->((A->(A->A))->P(b)))))))->(P(a)->(P(b)->(P(b)->(P(a)->((A->(A->A))->P(b))))))))->((P(b)->(P(a)->((A->(A->A))->P(b))))->((P(a)->(P(b)->(P(a)->((A->(A->A))->P(b)))))->((P(a)->((P(b)->(P(a)->((A->(A->A))->P(b))))->(P(b)->(P(b)->(P(a)->((A->(A->A))->P(b)))))))->(P(a)->(P(b)->(P(b)->(P(a)->((A->(A->A))->P(b))))))))) Сх. акс. 1
(40) (P(b)->(P(a)->((A->(A->A))->P(b))))->((P(a)->(P(b)->(P(a)->((A->(A->A))->P(b)))))->((P(a)->((P(b)->(P(a)->((A->(A->A))->P(b))))->(P(b)->(P(b)->(P(a)->((A->(A->A))->P(b)))))))->(P(a)->(P(b)->(P(b)->(P(a)->((A->(A->A))->P(b)))))))) M.P. 38, 39
(41) ((P(b)->(P(a)->((A->(A->A))->P(b))))->(P(a)->(P(b)->(P(a)->((A->(A->A))->P(b))))))->(((P(b)->(P(a)->((A->(A->A))->P(b))))->((P(a)->(P(b)->(P(a)->((A->(A->A))->P(b)))))->((P(a)->((P(b)->(P(a)->((A->(A->A))->P(b))))->(P(b)->(P(b)->(P(a)->((A->(A->A))->P(b)))))))->(P(a)->(P(b)->(P(b)->(P(a)->((A->(A->A))->P(b)))))))))->((P(b)->(P(a)->((A->(A->A))->P(b))))->((P(a)->((P(b)->(P(a)->((A->(A->A))->P(b))))->(P(b)->(P(b)->(P(a)->((A->(A->A))->P(b)))))))->(P(a)->(P(b)->(P(b)->(P(a)->((A->(A->A))->P(b))))))))) Сх. акс. 2
(42) ((P(b)->(P(a)->((A->(A->A))->P(b))))->((P(a)->(P(b)->(P(a)->((A->(A->A))->P(b)))))->((P(a)->((P(b)->(P(a)->((A->(A->A))->P(b))))->(P(b)->(P(b)->(P(a)->((A->(A->A))->P(b)))))))->(P(a)->(P(b)->(P(b)->(P(a)->((A->(A->A))->P(b)))))))))->((P(b)->(P(a)->((A->(A->A))->P(b))))->((P(a)->((P(b)->(P(a)->((A->(A->A))->P(b))))->(P(b)->(P(b)->(P(a)->((A->(A->A))->P(b)))))))->(P(a)->(P(b)->(P(b)->(P(a)->((A->(A->A))->P(b)))))))) M.P. 23, 41
(43) (P(b)->(P(a)->((A->(A->A))->P(b))))->((P(a)->((P(b)->(P(a)->((A->(A->A))->P(b))))->(P(b)->(P(b)->(P(a)->((A->(A->A))->P(b)))))))->(P(a)->(P(b)->(P(b)->(P(a)->((A->(A->A))->P(b))))))) M.P. 40, 42
(44) ((P(b)->(P(a)->((A->(A->A))->P(b))))->(P(a)->((P(b)->(P(a)->((A->(A->A))->P(b))))->(P(b)->(P(b)->(P(a)->((A->(A->A))->P(b))))))))->(((P(b)->(P(a)->((A->(A->A))->P(b))))->((P(a)->((P(b)->(P(a)->((A->(A->A))->P(b))))->(P(b)->(P(b)->(P(a)->((A->(A->A))->P(b)))))))->(P(a)->(P(b)->(P(b)->(P(a)->((A->(A->A))->P(b))))))))->((P(b)->(P(a)->((A->(A->A))->P(b))))->(P(a)->(P(b)->(P(b)->(P(a)->((A->(A->A))->P(b)))))))) Сх. акс. 2
(45) ((P(b)->(P(a)->((A->(A->A))->P(b))))->((P(a)->((P(b)->(P(a)->((A->(A->A))->P(b))))->(P(b)->(P(b)->(P(a)->((A->(A->A))->P(b)))))))->(P(a)->(P(b)->(P(b)->(P(a)->((A->(A->A))->P(b))))))))->((P(b)->(P(a)->((A->(A->A))->P(b))))->(P(a)->(P(b)->(P(b)->(P(a)->((A->(A->A))->P(b))))))) M.P. 37, 44
(46) (P(b)->(P(a)->((A->(A->A))->P(b))))->(P(a)->(P(b)->(P(b)->(P(a)->((A->(A->A))->P(b)))))) M.P. 43, 45
(47) P(b)->(P(b)->P(b)) Сх. акс. 1
(48) (P(b)->(P(b)->P(b)))->((P(b)->(P(a)->((A->(A->A))->P(b))))->(P(b)->(P(b)->P(b)))) Сх. акс. 1
(49) (P(b)->(P(a)->((A->(A->A))->P(b))))->(P(b)->(P(b)->P(b))) M.P. 1, 48
(50) (P(b)->(P(b)->P(b)))->(P(a)->(P(b)->(P(b)->P(b)))) Сх. акс. 1
(51) ((P(b)->(P(b)->P(b)))->(P(a)->(P(b)->(P(b)->P(b)))))->((P(b)->(P(a)->((A->(A->A))->P(b))))->((P(b)->(P(b)->P(b)))->(P(a)->(P(b)->(P(b)->P(b)))))) Сх. акс. 1
(52) (P(b)->(P(a)->((A->(A->A))->P(b))))->((P(b)->(P(b)->P(b)))->(P(a)->(P(b)->(P(b)->P(b))))) M.P. 50, 51
(53) ((P(b)->(P(a)->((A->(A->A))->P(b))))->(P(b)->(P(b)->P(b))))->(((P(b)->(P(a)->((A->(A->A))->P(b))))->((P(b)->(P(b)->P(b)))->(P(a)->(P(b)->(P(b)->P(b))))))->((P(b)->(P(a)->((A->(A->A))->P(b))))->(P(a)->(P(b)->(P(b)->P(b)))))) Сх. акс. 2
(54) ((P(b)->(P(a)->((A->(A->A))->P(b))))->((P(b)->(P(b)->P(b)))->(P(a)->(P(b)->(P(b)->P(b))))))->((P(b)->(P(a)->((A->(A->A))->P(b))))->(P(a)->(P(b)->(P(b)->P(b))))) M.P. 49, 53
(55) (P(b)->(P(a)->((A->(A->A))->P(b))))->(P(a)->(P(b)->(P(b)->P(b)))) M.P. 52, 54
(56) (P(b)->(P(b)->P(b)))->((P(b)->((P(b)->P(b))->P(b)))->(P(b)->P(b))) Сх. акс. 2
(57) ((P(b)->(P(b)->P(b)))->((P(b)->((P(b)->P(b))->P(b)))->(P(b)->P(b))))->((P(b)->(P(a)->((A->(A->A))->P(b))))->((P(b)->(P(b)->P(b)))->((P(b)->((P(b)->P(b))->P(b)))->(P(b)->P(b))))) Сх. акс. 1
(58) (P(b)->(P(a)->((A->(A->A))->P(b))))->((P(b)->(P(b)->P(b)))->((P(b)->((P(b)->P(b))->P(b)))->(P(b)->P(b)))) M.P. 2, 57
(59) ((P(b)->(P(b)->P(b)))->((P(b)->((P(b)->P(b))->P(b)))->(P(b)->P(b))))->(P(a)->((P(b)->(P(b)->P(b)))->((P(b)->((P(b)->P(b))->P(b)))->(P(b)->P(b))))) Сх. акс. 1
(60) (((P(b)->(P(b)->P(b)))->((P(b)->((P(b)->P(b))->P(b)))->(P(b)->P(b))))->(P(a)->((P(b)->(P(b)->P(b)))->((P(b)->((P(b)->P(b))->P(b)))->(P(b)->P(b))))))->((P(b)->(P(a)->((A->(A->A))->P(b))))->(((P(b)->(P(b)->P(b)))->((P(b)->((P(b)->P(b))->P(b)))->(P(b)->P(b))))->(P(a)->((P(b)->(P(b)->P(b)))->((P(b)->((P(b)->P(b))->P(b)))->(P(b)->P(b))))))) Сх. акс. 1
(61) (P(b)->(P(a)->((A->(A->A))->P(b))))->(((P(b)->(P(b)->P(b)))->((P(b)->((P(b)->P(b))->P(b)))->(P(b)->P(b))))->(P(a)->((P(b)->(P(b)->P(b)))->((P(b)->((P(b)->P(b))->P(b)))->(P(b)->P(b)))))) M.P. 59, 60
(62) ((P(b)->(P(a)->((A->(A->A))->P(b))))->((P(b)->(P(b)->P(b)))->((P(b)->((P(b)->P(b))->P(b)))->(P(b)->P(b)))))->(((P(b)->(P(a)->((A->(A->A))->P(b))))->(((P(b)->(P(b)->P(b)))->((P(b)->((P(b)->P(b))->P(b)))->(P(b)->P(b))))->(P(a)->((P(b)->(P(b)->P(b)))->((P(b)->((P(b)->P(b))->P(b)))->(P(b)->P(b)))))))->((P(b)->(P(a)->((A->(A->A))->P(b))))->(P(a)->((P(b)->(P(b)->P(b)))->((P(b)->((P(b)->P(b))->P(b)))->(P(b)->P(b))))))) Сх. акс. 2
(63) ((P(b)->(P(a)->((A->(A->A))->P(b))))->(((P(b)->(P(b)->P(b)))->((P(b)->((P(b)->P(b))->P(b)))->(P(b)->P(b))))->(P(a)->((P(b)->(P(b)->P(b)))->((P(b)->((P(b)->P(b))->P(b)))->(P(b)->P(b)))))))->((P(b)->(P(a)->((A->(A->A))->P(b))))->(P(a)->((P(b)->(P(b)->P(b)))->((P(b)->((P(b)->P(b))->P(b)))->(P(b)->P(b)))))) M.P. 58, 62
(64) (P(b)->(P(a)->((A->(A->A))->P(b))))->(P(a)->((P(b)->(P(b)->P(b)))->((P(b)->((P(b)->P(b))->P(b)))->(P(b)->P(b))))) M.P. 61, 63
(65) (P(a)->(P(b)->(P(b)->P(b))))->((P(a)->((P(b)->(P(b)->P(b)))->((P(b)->((P(b)->P(b))->P(b)))->(P(b)->P(b)))))->(P(a)->((P(b)->((P(b)->P(b))->P(b)))->(P(b)->P(b))))) Сх. акс. 2
(66) ((P(a)->(P(b)->(P(b)->P(b))))->((P(a)->((P(b)->(P(b)->P(b)))->((P(b)->((P(b)->P(b))->P(b)))->(P(b)->P(b)))))->(P(a)->((P(b)->((P(b)->P(b))->P(b)))->(P(b)->P(b))))))->((P(b)->(P(a)->((A->(A->A))->P(b))))->((P(a)->(P(b)->(P(b)->P(b))))->((P(a)->((P(b)->(P(b)->P(b)))->((P(b)->((P(b)->P(b))->P(b)))->(P(b)->P(b)))))->(P(a)->((P(b)->((P(b)->P(b))->P(b)))->(P(b)->P(b))))))) Сх. акс. 1
(67) (P(b)->(P(a)->((A->(A->A))->P(b))))->((P(a)->(P(b)->(P(b)->P(b))))->((P(a)->((P(b)->(P(b)->P(b)))->((P(b)->((P(b)->P(b))->P(b)))->(P(b)->P(b)))))->(P(a)->((P(b)->((P(b)->P(b))->P(b)))->(P(b)->P(b)))))) M.P. 65, 66
(68) ((P(b)->(P(a)->((A->(A->A))->P(b))))->(P(a)->(P(b)->(P(b)->P(b)))))->(((P(b)->(P(a)->((A->(A->A))->P(b))))->((P(a)->(P(b)->(P(b)->P(b))))->((P(a)->((P(b)->(P(b)->P(b)))->((P(b)->((P(b)->P(b))->P(b)))->(P(b)->P(b)))))->(P(a)->((P(b)->((P(b)->P(b))->P(b)))->(P(b)->P(b)))))))->((P(b)->(P(a)->((A->(A->A))->P(b))))->((P(a)->((P(b)->(P(b)->P(b)))->((P(b)->((P(b)->P(b))->P(b)))->(P(b)->P(b)))))->(P(a)->((P(b)->((P(b)->P(b))->P(b)))->(P(b)->P(b))))))) Сх. акс. 2
(69) ((P(b)->(P(a)->((A->(A->A))->P(b))))->((P(a)->(P(b)->(P(b)->P(b))))->((P(a)->((P(b)->(P(b)->P(b)))->((P(b)->((P(b)->P(b))->P(b)))->(P(b)->P(b)))))->(P(a)->((P(b)->((P(b)->P(b))->P(b)))->(P(b)->P(b)))))))->((P(b)->(P(a)->((A->(A->A))->P(b))))->((P(a)->((P(b)->(P(b)->P(b)))->((P(b)->((P(b)->P(b))->P(b)))->(P(b)->P(b)))))->(P(a)->((P(b)->((P(b)->P(b))->P(b)))->(P(b)->P(b)))))) M.P. 55, 68
(70) (P(b)->(P(a)->((A->(A->A))->P(b))))->((P(a)->((P(b)->(P(b)->P(b)))->((P(b)->((P(b)->P(b))->P(b)))->(P(b)->P(b)))))->(P(a)->((P(b)->((P(b)->P(b))->P(b)))->(P(b)->P(b))))) M.P. 67, 69
(71) ((P(b)->(P(a)->((A->(A->A))->P(b))))->(P(a)->((P(b)->(P(b)->P(b)))->((P(b)->((P(b)->P(b))->P(b)))->(P(b)->P(b))))))->(((P(b)->(P(a)->((A->(A->A))->P(b))))->((P(a)->((P(b)->(P(b)->P(b)))->((P(b)->((P(b)->P(b))->P(b)))->(P(b)->P(b)))))->(P(a)->((P(b)->((P(b)->P(b))->P(b)))->(P(b)->P(b))))))->((P(b)->(P(a)->((A->(A->A))->P(b))))->(P(a)->((P(b)->((P(b)->P(b))->P(b)))->(P(b)->P(b)))))) Сх. акс. 2
(72) ((P(b)->(P(a)->((A->(A->A))->P(b))))->((P(a)->((P(b)->(P(b)->P(b)))->((P(b)->((P(b)->P(b))->P(b)))->(P(b)->P(b)))))->(P(a)->((P(b)->((P(b)->P(b))->P(b)))->(P(b)->P(b))))))->((P(b)->(P(a)->((A->(A->A))->P(b))))->(P(a)->((P(b)->((P(b)->P(b))->P(b)))->(P(b)->P(b))))) M.P. 64, 71
(73) (P(b)->(P(a)->((A->(A->A))->P(b))))->(P(a)->((P(b)->((P(b)->P(b))->P(b)))->(P(b)->P(b)))) M.P. 70, 72
(74) P(b)->((P(b)->P(b))->P(b)) Сх. акс. 1
(75) (P(b)->((P(b)->P(b))->P(b)))->((P(b)->(P(a)->((A->(A->A))->P(b))))->(P(b)->((P(b)->P(b))->P(b)))) Сх. акс. 1
(76) (P(b)->(P(a)->((A->(A->A))->P(b))))->(P(b)->((P(b)->P(b))->P(b))) M.P. 4, 75
(77) (P(b)->((P(b)->P(b))->P(b)))->(P(a)->(P(b)->((P(b)->P(b))->P(b)))) Сх. акс. 1
(78) ((P(b)->((P(b)->P(b))->P(b)))->(P(a)->(P(b)->((P(b)->P(b))->P(b)))))->((P(b)->(P(a)->((A->(A->A))->P(b))))->((P(b)->((P(b)->P(b))->P(b)))->(P(a)->(P(b)->((P(b)->P(b))->P(b)))))) Сх. акс. 1
(79) (P(b)->(P(a)->((A->(A->A))->P(b))))->((P(b)->((P(b)->P(b))->P(b)))->(P(a)->(P(b)->((P(b)->P(b))->P(b))))) M.P. 77, 78
(80) ((P(b)->(P(a)->((A->(A->A))->P(b))))->(P(b)->((P(b)->P(b))->P(b))))->(((P(b)->(P(a)->((A->(A->A))->P(b))))->((P(b)->((P(b)->P(b))->P(b)))->(P(a)->(P(b)->((P(b)->P(b))->P(b))))))->((P(b)->(P(a)->((A->(A->A))->P(b))))->(P(a)->(P(b)->((P(b)->P(b))->P(b)))))) Сх. акс. 2
(81) ((P(b)->(P(a)->((A->(A->A))->P(b))))->((P(b)->((P(b)->P(b))->P(b)))->(P(a)->(P(b)->((P(b)->P(b))->P(b))))))->((P(b)->(P(a)->((A->(A->A))->P(b))))->(P(a)->(P(b)->((P(b)->P(b))->P(b))))) M.P. 76, 80
(82) (P(b)->(P(a)->((A->(A->A))->P(b))))->(P(a)->(P(b)->((P(b)->P(b))->P(b)))) M.P. 79, 81
(83) (P(a)->(P(b)->((P(b)->P(b))->P(b))))->((P(a)->((P(b)->((P(b)->P(b))->P(b)))->(P(b)->P(b))))->(P(a)->(P(b)->P(b)))) Сх. акс. 2
(84) ((P(a)->(P(b)->((P(b)->P(b))->P(b))))->((P(a)->((P(b)->((P(b)->P(b))->P(b)))->(P(b)->P(b))))->(P(a)->(P(b)->P(b)))))->((P(b)->(P(a)->((A->(A->A))->P(b))))->((P(a)->(P(b)->((P(b)->P(b))->P(b))))->((P(a)->((P(b)->((P(b)->P(b))->P(b)))->(P(b)->P(b))))->(P(a)->(P(b)->P(b)))))) Сх. акс. 1
(85) (P(b)->(P(a)->((A->(A->A))->P(b))))->((P(a)->(P(b)->((P(b)->P(b))->P(b))))->((P(a)->((P(b)->((P(b)->P(b))->P(b)))->(P(b)->P(b))))->(P(a)->(P(b)->P(b))))) M.P. 83, 84
(86) ((P(b)->(P(a)->((A->(A->A))->P(b))))->(P(a)->(P(b)->((P(b)->P(b))->P(b)))))->(((P(b)->(P(a)->((A->(A->A))->P(b))))->((P(a)->(P(b)->((P(b)->P(b))->P(b))))->((P(a)->((P(b)->((P(b)->P(b))->P(b)))->(P(b)->P(b))))->(P(a)->(P(b)->P(b))))))->((P(b)->(P(a)->((A->(A->A))->P(b))))->((P(a)->((P(b)->((P(b)->P(b))->P(b)))->(P(b)->P(b))))->(P(a)->(P(b)->P(b)))))) Сх. акс. 2
(87) ((P(b)->(P(a)->((A->(A->A))->P(b))))->((P(a)->(P(b)->((P(b)->P(b))->P(b))))->((P(a)->((P(b)->((P(b)->P(b))->P(b)))->(P(b)->P(b))))->(P(a)->(P(b)->P(b))))))->((P(b)->(P(a)->((A->(A->A))->P(b))))->((P(a)->((P(b)->((P(b)->P(b))->P(b)))->(P(b)->P(b))))->(P(a)->(P(b)->P(b))))) M.P. 82, 86
(88) (P(b)->(P(a)->((A->(A->A))->P(b))))->((P(a)->((P(b)->((P(b)->P(b))->P(b)))->(P(b)->P(b))))->(P(a)->(P(b)->P(b)))) M.P. 85, 87
(89) ((P(b)->(P(a)->((A->(A->A))->P(b))))->(P(a)->((P(b)->((P(b)->P(b))->P(b)))->(P(b)->P(b)))))->(((P(b)->(P(a)->((A->(A->A))->P(b))))->((P(a)->((P(b)->((P(b)->P(b))->P(b)))->(P(b)->P(b))))->(P(a)->(P(b)->P(b)))))->((P(b)->(P(a)->((A->(A->A))->P(b))))->(P(a)->(P(b)->P(b))))) Сх. акс. 2
(90) ((P(b)->(P(a)->((A->(A->A))->P(b))))->((P(a)->((P(b)->((P(b)->P(b))->P(b)))->(P(b)->P(b))))->(P(a)->(P(b)->P(b)))))->((P(b)->(P(a)->((A->(A->A))->P(b))))->(P(a)->(P(b)->P(b)))) M.P. 73, 89
(91) (P(b)->(P(a)->((A->(A->A))->P(b))))->(P(a)->(P(b)->P(b))) M.P. 88, 90
(92) (P(b)->P(b))->((P(b)->(P(b)->(P(a)->((A->(A->A))->P(b)))))->(P(b)->(P(a)->((A->(A->A))->P(b))))) Сх. акс. 2
(93) ((P(b)->P(b))->((P(b)->(P(b)->(P(a)->((A->(A->A))->P(b)))))->(P(b)->(P(a)->((A->(A->A))->P(b))))))->((P(b)->(P(a)->((A->(A->A))->P(b))))->((P(b)->P(b))->((P(b)->(P(b)->(P(a)->((A->(A->A))->P(b)))))->(P(b)->(P(a)->((A->(A->A))->P(b))))))) Сх. акс. 1
(94) (P(b)->(P(a)->((A->(A->A))->P(b))))->((P(b)->P(b))->((P(b)->(P(b)->(P(a)->((A->(A->A))->P(b)))))->(P(b)->(P(a)->((A->(A->A))->P(b)))))) M.P. 92, 93
(95) ((P(b)->P(b))->((P(b)->(P(b)->(P(a)->((A->(A->A))->P(b)))))->(P(b)->(P(a)->((A->(A->A))->P(b))))))->(P(a)->((P(b)->P(b))->((P(b)->(P(b)->(P(a)->((A->(A->A))->P(b)))))->(P(b)->(P(a)->((A->(A->A))->P(b))))))) Сх. акс. 1
(96) (((P(b)->P(b))->((P(b)->(P(b)->(P(a)->((A->(A->A))->P(b)))))->(P(b)->(P(a)->((A->(A->A))->P(b))))))->(P(a)->((P(b)->P(b))->((P(b)->(P(b)->(P(a)->((A->(A->A))->P(b)))))->(P(b)->(P(a)->((A->(A->A))->P(b))))))))->((P(b)->(P(a)->((A->(A->A))->P(b))))->(((P(b)->P(b))->((P(b)->(P(b)->(P(a)->((A->(A->A))->P(b)))))->(P(b)->(P(a)->((A->(A->A))->P(b))))))->(P(a)->((P(b)->P(b))->((P(b)->(P(b)->(P(a)->((A->(A->A))->P(b)))))->(P(b)->(P(a)->((A->(A->A))->P(b))))))))) Сх. акс. 1
(97) (P(b)->(P(a)->((A->(A->A))->P(b))))->(((P(b)->P(b))->((P(b)->(P(b)->(P(a)->((A->(A->A))->P(b)))))->(P(b)->(P(a)->((A->(A->A))->P(b))))))->(P(a)->((P(b)->P(b))->((P(b)->(P(b)->(P(a)->((A->(A->A))->P(b)))))->(P(b)->(P(a)->((A->(A->A))->P(b)))))))) M.P. 95, 96
(98) ((P(b)->(P(a)->((A->(A->A))->P(b))))->((P(b)->P(b))->((P(b)->(P(b)->(P(a)->((A->(A->A))->P(b)))))->(P(b)->(P(a)->((A->(A->A))->P(b)))))))->(((P(b)->(P(a)->((A->(A->A))->P(b))))->(((P(b)->P(b))->((P(b)->(P(b)->(P(a)->((A->(A->A))->P(b)))))->(P(b)->(P(a)->((A->(A->A))->P(b))))))->(P(a)->((P(b)->P(b))->((P(b)->(P(b)->(P(a)->((A->(A->A))->P(b)))))->(P(b)->(P(a)->((A->(A->A))->P(b)))))))))->((P(b)->(P(a)->((A->(A->A))->P(b))))->(P(a)->((P(b)->P(b))->((P(b)->(P(b)->(P(a)->((A->(A->A))->P(b)))))->(P(b)->(P(a)->((A->(A->A))->P(b))))))))) Сх. акс. 2
(99) ((P(b)->(P(a)->((A->(A->A))->P(b))))->(((P(b)->P(b))->((P(b)->(P(b)->(P(a)->((A->(A->A))->P(b)))))->(P(b)->(P(a)->((A->(A->A))->P(b))))))->(P(a)->((P(b)->P(b))->((P(b)->(P(b)->(P(a)->((A->(A->A))->P(b)))))->(P(b)->(P(a)->((A->(A->A))->P(b)))))))))->((P(b)->(P(a)->((A->(A->A))->P(b))))->(P(a)->((P(b)->P(b))->((P(b)->(P(b)->(P(a)->((A->(A->A))->P(b)))))->(P(b)->(P(a)->((A->(A->A))->P(b)))))))) M.P. 94, 98
(100) (P(b)->(P(a)->((A->(A->A))->P(b))))->(P(a)->((P(b)->P(b))->((P(b)->(P(b)->(P(a)->((A->(A->A))->P(b)))))->(P(b)->(P(a)->((A->(A->A))->P(b))))))) M.P. 97, 99
(101) (P(a)->(P(b)->P(b)))->((P(a)->((P(b)->P(b))->((P(b)->(P(b)->(P(a)->((A->(A->A))->P(b)))))->(P(b)->(P(a)->((A->(A->A))->P(b)))))))->(P(a)->((P(b)->(P(b)->(P(a)->((A->(A->A))->P(b)))))->(P(b)->(P(a)->((A->(A->A))->P(b))))))) Сх. акс. 2
(102) ((P(a)->(P(b)->P(b)))->((P(a)->((P(b)->P(b))->((P(b)->(P(b)->(P(a)->((A->(A->A))->P(b)))))->(P(b)->(P(a)->((A->(A->A))->P(b)))))))->(P(a)->((P(b)->(P(b)->(P(a)->((A->(A->A))->P(b)))))->(P(b)->(P(a)->((A->(A->A))->P(b))))))))->((P(b)->(P(a)->((A->(A->A))->P(b))))->((P(a)->(P(b)->P(b)))->((P(a)->((P(b)->P(b))->((P(b)->(P(b)->(P(a)->((A->(A->A))->P(b)))))->(P(b)->(P(a)->((A->(A->A))->P(b)))))))->(P(a)->((P(b)->(P(b)->(P(a)->((A->(A->A))->P(b)))))->(P(b)->(P(a)->((A->(A->A))->P(b))))))))) Сх. акс. 1
(103) (P(b)->(P(a)->((A->(A->A))->P(b))))->((P(a)->(P(b)->P(b)))->((P(a)->((P(b)->P(b))->((P(b)->(P(b)->(P(a)->((A->(A->A))->P(b)))))->(P(b)->(P(a)->((A->(A->A))->P(b)))))))->(P(a)->((P(b)->(P(b)->(P(a)->((A->(A->A))->P(b)))))->(P(b)->(P(a)->((A->(A->A))->P(b)))))))) M.P. 101, 102
(104) ((P(b)->(P(a)->((A->(A->A))->P(b))))->(P(a)->(P(b)->P(b))))->(((P(b)->(P(a)->((A->(A->A))->P(b))))->((P(a)->(P(b)->P(b)))->((P(a)->((P(b)->P(b))->((P(b)->(P(b)->(P(a)->((A->(A->A))->P(b)))))->(P(b)->(P(a)->((A->(A->A))->P(b)))))))->(P(a)->((P(b)->(P(b)->(P(a)->((A->(A->A))->P(b)))))->(P(b)->(P(a)->((A->(A->A))->P(b)))))))))->((P(b)->(P(a)->((A->(A->A))->P(b))))->((P(a)->((P(b)->P(b))->((P(b)->(P(b)->(P(a)->((A->(A->A))->P(b)))))->(P(b)->(P(a)->((A->(A->A))->P(b)))))))->(P(a)->((P(b)->(P(b)->(P(a)->((A->(A->A))->P(b)))))->(P(b)->(P(a)->((A->(A->A))->P(b))))))))) Сх. акс. 2
(105) ((P(b)->(P(a)->((A->(A->A))->P(b))))->((P(a)->(P(b)->P(b)))->((P(a)->((P(b)->P(b))->((P(b)->(P(b)->(P(a)->((A->(A->A))->P(b)))))->(P(b)->(P(a)->((A->(A->A))->P(b)))))))->(P(a)->((P(b)->(P(b)->(P(a)->((A->(A->A))->P(b)))))->(P(b)->(P(a)->((A->(A->A))->P(b)))))))))->((P(b)->(P(a)->((A->(A->A))->P(b))))->((P(a)->((P(b)->P(b))->((P(b)->(P(b)->(P(a)->((A->(A->A))->P(b)))))->(P(b)->(P(a)->((A->(A->A))->P(b)))))))->(P(a)->((P(b)->(P(b)->(P(a)->((A->(A->A))->P(b)))))->(P(b)->(P(a)->((A->(A->A))->P(b)))))))) M.P. 91, 104
(106) (P(b)->(P(a)->((A->(A->A))->P(b))))->((P(a)->((P(b)->P(b))->((P(b)->(P(b)->(P(a)->((A->(A->A))->P(b)))))->(P(b)->(P(a)->((A->(A->A))->P(b)))))))->(P(a)->((P(b)->(P(b)->(P(a)->((A->(A->A))->P(b)))))->(P(b)->(P(a)->((A->(A->A))->P(b))))))) M.P. 103, 105
(107) ((P(b)->(P(a)->((A->(A->A))->P(b))))->(P(a)->((P(b)->P(b))->((P(b)->(P(b)->(P(a)->((A->(A->A))->P(b)))))->(P(b)->(P(a)->((A->(A->A))->P(b))))))))->(((P(b)->(P(a)->((A->(A->A))->P(b))))->((P(a)->((P(b)->P(b))->((P(b)->(P(b)->(P(a)->((A->(A->A))->P(b)))))->(P(b)->(P(a)->((A->(A->A))->P(b)))))))->(P(a)->((P(b)->(P(b)->(P(a)->((A->(A->A))->P(b)))))->(P(b)->(P(a)->((A->(A->A))->P(b))))))))->((P(b)->(P(a)->((A->(A->A))->P(b))))->(P(a)->((P(b)->(P(b)->(P(a)->((A->(A->A))->P(b)))))->(P(b)->(P(a)->((A->(A->A))->P(b)))))))) Сх. акс. 2
(108) ((P(b)->(P(a)->((A->(A->A))->P(b))))->((P(a)->((P(b)->P(b))->((P(b)->(P(b)->(P(a)->((A->(A->A))->P(b)))))->(P(b)->(P(a)->((A->(A->A))->P(b)))))))->(P(a)->((P(b)->(P(b)->(P(a)->((A->(A->A))->P(b)))))->(P(b)->(P(a)->((A->(A->A))->P(b))))))))->((P(b)->(P(a)->((A->(A->A))->P(b))))->(P(a)->((P(b)->(P(b)->(P(a)->((A->(A->A))->P(b)))))->(P(b)->(P(a)->((A->(A->A))->P(b))))))) M.P. 100, 107
(109) (P(b)->(P(a)->((A->(A->A))->P(b))))->(P(a)->((P(b)->(P(b)->(P(a)->((A->(A->A))->P(b)))))->(P(b)->(P(a)->((A->(A->A))->P(b)))))) M.P. 106, 108
(110) (P(b)->(P(a)->((A->(A->A))->P(b))))->((P(b)->(P(a)->((A->(A->A))->P(b))))->(P(b)->(P(a)->((A->(A->A))->P(b))))) Сх. акс. 1
(111) ((P(b)->(P(a)->((A->(A->A))->P(b))))->((P(b)->(P(a)->((A->(A->A))->P(b))))->(P(b)->(P(a)->((A->(A->A))->P(b))))))->(((P(b)->(P(a)->((A->(A->A))->P(b))))->(((P(b)->(P(a)->((A->(A->A))->P(b))))->(P(b)->(P(a)->((A->(A->A))->P(b)))))->(P(b)->(P(a)->((A->(A->A))->P(b))))))->((P(b)->(P(a)->((A->(A->A))->P(b))))->(P(b)->(P(a)->((A->(A->A))->P(b)))))) Сх. акс. 2
(112) ((P(b)->(P(a)->((A->(A->A))->P(b))))->(((P(b)->(P(a)->((A->(A->A))->P(b))))->(P(b)->(P(a)->((A->(A->A))->P(b)))))->(P(b)->(P(a)->((A->(A->A))->P(b))))))->((P(b)->(P(a)->((A->(A->A))->P(b))))->(P(b)->(P(a)->((A->(A->A))->P(b))))) M.P. 18, 19
(113) (P(b)->(P(a)->((A->(A->A))->P(b))))->(((P(b)->(P(a)->((A->(A->A))->P(b))))->(P(b)->(P(a)->((A->(A->A))->P(b)))))->(P(b)->(P(a)->((A->(A->A))->P(b))))) Сх. акс. 1
(114) (P(b)->(P(a)->((A->(A->A))->P(b))))->(P(b)->(P(a)->((A->(A->A))->P(b)))) M.P. 21, 20
(115) (P(b)->(P(a)->((A->(A->A))->P(b))))->(P(a)->(P(b)->(P(a)->((A->(A->A))->P(b))))) Сх. акс. 1
(116) ((P(b)->(P(a)->((A->(A->A))->P(b))))->(P(a)->(P(b)->(P(a)->((A->(A->A))->P(b))))))->((P(b)->(P(a)->((A->(A->A))->P(b))))->((P(b)->(P(a)->((A->(A->A))->P(b))))->(P(a)->(P(b)->(P(a)->((A->(A->A))->P(b))))))) Сх. акс. 1
(117) (P(b)->(P(a)->((A->(A->A))->P(b))))->((P(b)->(P(a)->((A->(A->A))->P(b))))->(P(a)->(P(b)->(P(a)->((A->(A->A))->P(b)))))) M.P. 23, 24
(118) ((P(b)->(P(a)->((A->(A->A))->P(b))))->(P(b)->(P(a)->((A->(A->A))->P(b)))))->(((P(b)->(P(a)->((A->(A->A))->P(b))))->((P(b)->(P(a)->((A->(A->A))->P(b))))->(P(a)->(P(b)->(P(a)->((A->(A->A))->P(b)))))))->((P(b)->(P(a)->((A->(A->A))->P(b))))->(P(a)->(P(b)->(P(a)->((A->(A->A))->P(b))))))) Сх. акс. 2
(119) ((P(b)->(P(a)->((A->(A->A))->P(b))))->((P(b)->(P(a)->((A->(A->A))->P(b))))->(P(a)->(P(b)->(P(a)->((A->(A->A))->P(b)))))))->((P(b)->(P(a)->((A->(A->A))->P(b))))->(P(a)->(P(b)->(P(a)->((A->(A->A))->P(b)))))) M.P. 22, 118
(120) (P(b)->(P(a)->((A->(A->A))->P(b))))->(P(a)->(P(b)->(P(a)->((A->(A->A))->P(b))))) Сх. акс. 1
(121) P(a)->(P(a)->P(a)) Сх. акс. 1
(122) (P(a)->(P(a)->P(a)))->((P(b)->(P(a)->((A->(A->A))->P(b))))->(P(a)->(P(a)->P(a)))) Сх. акс. 1
(123) (P(b)->(P(a)->((A->(A->A))->P(b))))->(P(a)->(P(a)->P(a))) M.P. 121, 122
(124) (P(a)->(P(a)->P(a)))->((P(a)->((P(a)->P(a))->P(a)))->(P(a)->P(a))) Сх. акс. 2
(125) ((P(a)->(P(a)->P(a)))->((P(a)->((P(a)->P(a))->P(a)))->(P(a)->P(a))))->((P(b)->(P(a)->((A->(A->A))->P(b))))->((P(a)->(P(a)->P(a)))->((P(a)->((P(a)->P(a))->P(a)))->(P(a)->P(a))))) Сх. акс. 1
(126) (P(b)->(P(a)->((A->(A->A))->P(b))))->((P(a)->(P(a)->P(a)))->((P(a)->((P(a)->P(a))->P(a)))->(P(a)->P(a)))) M.P. 124, 125
(127) ((P(b)->(P(a)->((A->(A->A))->P(b))))->(P(a)->(P(a)->P(a))))->(((P(b)->(P(a)->((A->(A->A))->P(b))))->((P(a)->(P(a)->P(a)))->((P(a)->((P(a)->P(a))->P(a)))->(P(a)->P(a)))))->((P(b)->(P(a)->((A->(A->A))->P(b))))->((P(a)->((P(a)->P(a))->P(a)))->(P(a)->P(a))))) Сх. акс. 2
(128) ((P(b)->(P(a)->((A->(A->A))->P(b))))->((P(a)->(P(a)->P(a)))->((P(a)->((P(a)->P(a))->P(a)))->(P(a)->P(a)))))->((P(b)->(P(a)->((A->(A->A))->P(b))))->((P(a)->((P(a)->P(a))->P(a)))->(P(a)->P(a)))) M.P. 123, 127
(129) (P(b)->(P(a)->((A->(A->A))->P(b))))->((P(a)->((P(a)->P(a))->P(a)))->(P(a)->P(a))) M.P. 126, 128
(130) P(a)->((P(a)->P(a))->P(a)) Сх. акс. 1
(131) (P(a)->((P(a)->P(a))->P(a)))->((P(b)->(P(a)->((A->(A->A))->P(b))))->(P(a)->((P(a)->P(a))->P(a)))) Сх. акс. 1
(132) (P(b)->(P(a)->((A->(A->A))->P(b))))->(P(a)->((P(a)->P(a))->P(a))) M.P. 130, 131
(133) ((P(b)->(P(a)->((A->(A->A))->P(b))))->(P(a)->((P(a)->P(a))->P(a))))->(((P(b)->(P(a)->((A->(A->A))->P(b))))->((P(a)->((P(a)->P(a))->P(a)))->(P(a)->P(a))))->((P(b)->(P(a)->((A->(A->A))->P(b))))->(P(a)->P(a)))) Сх. акс. 2
(134) ((P(b)->(P(a)->((A->(A->A))->P(b))))->((P(a)->((P(a)->P(a))->P(a)))->(P(a)->P(a))))->((P(b)->(P(a)->((A->(A->A))->P(b))))->(P(a)->P(a))) M.P. 132, 133
(135) (P(b)->(P(a)->((A->(A->A))->P(b))))->(P(a)->P(a)) M.P. 129, 134
(136) P(a)->(P(b)->P(a)) Сх. акс. 1
(137) (P(a)->(P(b)->P(a)))->((P(b)->(P(a)->((A->(A->A))->P(b))))->(P(a)->(P(b)->P(a)))) Сх. акс. 1
(138) (P(b)->(P(a)->((A->(A->A))->P(b))))->(P(a)->(P(b)->P(a))) M.P. 136, 137
(139) (P(a)->(P(b)->P(a)))->(P(a)->(P(a)->(P(b)->P(a)))) Сх. акс. 1
(140) ((P(a)->(P(b)->P(a)))->(P(a)->(P(a)->(P(b)->P(a)))))->((P(b)->(P(a)->((A->(A->A))->P(b))))->((P(a)->(P(b)->P(a)))->(P(a)->(P(a)->(P(b)->P(a)))))) Сх. акс. 1
(141) (P(b)->(P(a)->((A->(A->A))->P(b))))->((P(a)->(P(b)->P(a)))->(P(a)->(P(a)->(P(b)->P(a))))) M.P. 139, 140
(142) ((P(b)->(P(a)->((A->(A->A))->P(b))))->(P(a)->(P(b)->P(a))))->(((P(b)->(P(a)->((A->(A->A))->P(b))))->((P(a)->(P(b)->P(a)))->(P(a)->(P(a)->(P(b)->P(a))))))->((P(b)->(P(a)->((A->(A->A))->P(b))))->(P(a)->(P(a)->(P(b)->P(a)))))) Сх. акс. 2
(143) ((P(b)->(P(a)->((A->(A->A))->P(b))))->((P(a)->(P(b)->P(a)))->(P(a)->(P(a)->(P(b)->P(a))))))->((P(b)->(P(a)->((A->(A->A))->P(b))))->(P(a)->(P(a)->(P(b)->P(a))))) M.P. 138, 142
(144) (P(b)->(P(a)->((A->(A->A))->P(b))))->(P(a)->(P(a)->(P(b)->P(a)))) M.P. 141, 143
(145) (P(a)->P(a))->((P(a)->(P(a)->(P(b)->P(a))))->(P(a)->(P(b)->P(a)))) Сх. акс. 2
(146) ((P(a)->P(a))->((P(a)->(P(a)->(P(b)->P(a))))->(P(a)->(P(b)->P(a)))))->((P(b)->(P(a)->((A->(A->A))->P(b))))->((P(a)->P(a))->((P(a)->(P(a)->(P(b)->P(a))))->(P(a)->(P(b)->P(a)))))) Сх. акс. 1
(147) (P(b)->(P(a)->((A->(A->A))->P(b))))->((P(a)->P(a))->((P(a)->(P(a)->(P(b)->P(a))))->(P(a)->(P(b)->P(a))))) M.P. 145, 146
(148) ((P(b)->(P(a)->((A->(A->A))->P(b))))->(P(a)->P(a)))->(((P(b)->(P(a)->((A->(A->A))->P(b))))->((P(a)->P(a))->((P(a)->(P(a)->(P(b)->P(a))))->(P(a)->(P(b)->P(a))))))->((P(b)->(P(a)->((A->(A->A))->P(b))))->((P(a)->(P(a)->(P(b)->P(a))))->(P(a)->(P(b)->P(a)))))) Сх. акс. 2
(149) ((P(b)->(P(a)->((A->(A->A))->P(b))))->((P(a)->P(a))->((P(a)->(P(a)->(P(b)->P(a))))->(P(a)->(P(b)->P(a))))))->((P(b)->(P(a)->((A->(A->A))->P(b))))->((P(a)->(P(a)->(P(b)->P(a))))->(P(a)->(P(b)->P(a))))) M.P. 135, 148
(150) (P(b)->(P(a)->((A->(A->A))->P(b))))->((P(a)->(P(a)->(P(b)->P(a))))->(P(a)->(P(b)->P(a)))) M.P. 147, 149
(151) P(a)->(P(b)->P(a)) Сх. акс. 1
(152) (P(a)->(P(b)->P(a)))->((P(b)->(P(a)->((A->(A->A))->P(b))))->(P(a)->(P(b)->P(a)))) Сх. акс. 1
(153) (P(b)->(P(a)->((A->(A->A))->P(b))))->(P(a)->(P(b)->P(a))) M.P. 136, 137
(154) (P(b)->P(a))->((P(b)->(P(a)->((A->(A->A))->P(b))))->(P(b)->((A->(A->A))->P(b)))) Сх. акс. 2
(155) ((P(b)->P(a))->((P(b)->(P(a)->((A->(A->A))->P(b))))->(P(b)->((A->(A->A))->P(b)))))->((P(b)->(P(a)->((A->(A->A))->P(b))))->((P(b)->P(a))->((P(b)->(P(a)->((A->(A->A))->P(b))))->(P(b)->((A->(A->A))->P(b)))))) Сх. акс. 1
(156) (P(b)->(P(a)->((A->(A->A))->P(b))))->((P(b)->P(a))->((P(b)->(P(a)->((A->(A->A))->P(b))))->(P(b)->((A->(A->A))->P(b))))) M.P. 154, 155
(157) ((P(b)->P(a))->((P(b)->(P(a)->((A->(A->A))->P(b))))->(P(b)->((A->(A->A))->P(b)))))->(P(a)->((P(b)->P(a))->((P(b)->(P(a)->((A->(A->A))->P(b))))->(P(b)->((A->(A->A))->P(b)))))) Сх. акс. 1
(158) (((P(b)->P(a))->((P(b)->(P(a)->((A->(A->A))->P(b))))->(P(b)->((A->(A->A))->P(b)))))->(P(a)->((P(b)->P(a))->((P(b)->(P(a)->((A->(A->A))->P(b))))->(P(b)->((A->(A->A))->P(b)))))))->((P(b)->(P(a)->((A->(A->A))->P(b))))->(((P(b)->P(a))->((P(b)->(P(a)->((A->(A->A))->P(b))))->(P(b)->((A->(A->A))->P(b)))))->(P(a)->((P(b)->P(a))->((P(b)->(P(a)->((A->(A->A))->P(b))))->(P(b)->((A->(A->A))->P(b)))))))) Сх. акс. 1
(159) (P(b)->(P(a)->((A->(A->A))->P(b))))->(((P(b)->P(a))->((P(b)->(P(a)->((A->(A->A))->P(b))))->(P(b)->((A->(A->A))->P(b)))))->(P(a)->((P(b)->P(a))->((P(b)->(P(a)->((A->(A->A))->P(b))))->(P(b)->((A->(A->A))->P(b))))))) M.P. 157, 158
(160) ((P(b)->(P(a)->((A->(A->A))->P(b))))->((P(b)->P(a))->((P(b)->(P(a)->((A->(A->A))->P(b))))->(P(b)->((A->(A->A))->P(b))))))->(((P(b)->(P(a)->((A->(A->A))->P(b))))->(((P(b)->P(a))->((P(b)->(P(a)->((A->(A->A))->P(b))))->(P(b)->((A->(A->A))->P(b)))))->(P(a)->((P(b)->P(a))->((P(b)->(P(a)->((A->(A->A))->P(b))))->(P(b)->((A->(A->A))->P(b))))))))->((P(b)->(P(a)->((A->(A->A))->P(b))))->(P(a)->((P(b)->P(a))->((P(b)->(P(a)->((A->(A->A))->P(b))))->(P(b)->((A->(A->A))->P(b)))))))) Сх. акс. 2
(161) ((P(b)->(P(a)->((A->(A->A))->P(b))))->(((P(b)->P(a))->((P(b)->(P(a)->((A->(A->A))->P(b))))->(P(b)->((A->(A->A))->P(b)))))->(P(a)->((P(b)->P(a))->((P(b)->(P(a)->((A->(A->A))->P(b))))->(P(b)->((A->(A->A))->P(b))))))))->((P(b)->(P(a)->((A->(A->A))->P(b))))->(P(a)->((P(b)->P(a))->((P(b)->(P(a)->((A->(A->A))->P(b))))->(P(b)->((A->(A->A))->P(b))))))) M.P. 156, 160
(162) (P(b)->(P(a)->((A->(A->A))->P(b))))->(P(a)->((P(b)->P(a))->((P(b)->(P(a)->((A->(A->A))->P(b))))->(P(b)->((A->(A->A))->P(b)))))) M.P. 159, 161
(163) (P(a)->(P(b)->P(a)))->((P(a)->((P(b)->P(a))->((P(b)->(P(a)->((A->(A->A))->P(b))))->(P(b)->((A->(A->A))->P(b))))))->(P(a)->((P(b)->(P(a)->((A->(A->A))->P(b))))->(P(b)->((A->(A->A))->P(b)))))) Сх. акс. 2
(164) ((P(a)->(P(b)->P(a)))->((P(a)->((P(b)->P(a))->((P(b)->(P(a)->((A->(A->A))->P(b))))->(P(b)->((A->(A->A))->P(b))))))->(P(a)->((P(b)->(P(a)->((A->(A->A))->P(b))))->(P(b)->((A->(A->A))->P(b)))))))->((P(b)->(P(a)->((A->(A->A))->P(b))))->((P(a)->(P(b)->P(a)))->((P(a)->((P(b)->P(a))->((P(b)->(P(a)->((A->(A->A))->P(b))))->(P(b)->((A->(A->A))->P(b))))))->(P(a)->((P(b)->(P(a)->((A->(A->A))->P(b))))->(P(b)->((A->(A->A))->P(b)))))))) Сх. акс. 1
(165) (P(b)->(P(a)->((A->(A->A))->P(b))))->((P(a)->(P(b)->P(a)))->((P(a)->((P(b)->P(a))->((P(b)->(P(a)->((A->(A->A))->P(b))))->(P(b)->((A->(A->A))->P(b))))))->(P(a)->((P(b)->(P(a)->((A->(A->A))->P(b))))->(P(b)->((A->(A->A))->P(b))))))) M.P. 163, 164
(166) ((P(b)->(P(a)->((A->(A->A))->P(b))))->(P(a)->(P(b)->P(a))))->(((P(b)->(P(a)->((A->(A->A))->P(b))))->((P(a)->(P(b)->P(a)))->((P(a)->((P(b)->P(a))->((P(b)->(P(a)->((A->(A->A))->P(b))))->(P(b)->((A->(A->A))->P(b))))))->(P(a)->((P(b)->(P(a)->((A->(A->A))->P(b))))->(P(b)->((A->(A->A))->P(b))))))))->((P(b)->(P(a)->((A->(A->A))->P(b))))->((P(a)->((P(b)->P(a))->((P(b)->(P(a)->((A->(A->A))->P(b))))->(P(b)->((A->(A->A))->P(b))))))->(P(a)->((P(b)->(P(a)->((A->(A->A))->P(b))))->(P(b)->((A->(A->A))->P(b)))))))) Сх. акс. 2
(167) ((P(b)->(P(a)->((A->(A->A))->P(b))))->((P(a)->(P(b)->P(a)))->((P(a)->((P(b)->P(a))->((P(b)->(P(a)->((A->(A->A))->P(b))))->(P(b)->((A->(A->A))->P(b))))))->(P(a)->((P(b)->(P(a)->((A->(A->A))->P(b))))->(P(b)->((A->(A->A))->P(b))))))))->((P(b)->(P(a)->((A->(A->A))->P(b))))->((P(a)->((P(b)->P(a))->((P(b)->(P(a)->((A->(A->A))->P(b))))->(P(b)->((A->(A->A))->P(b))))))->(P(a)->((P(b)->(P(a)->((A->(A->A))->P(b))))->(P(b)->((A->(A->A))->P(b))))))) M.P. 138, 166
(168) (P(b)->(P(a)->((A->(A->A))->P(b))))->((P(a)->((P(b)->P(a))->((P(b)->(P(a)->((A->(A->A))->P(b))))->(P(b)->((A->(A->A))->P(b))))))->(P(a)->((P(b)->(P(a)->((A->(A->A))->P(b))))->(P(b)->((A->(A->A))->P(b)))))) M.P. 165, 167
(169) ((P(b)->(P(a)->((A->(A->A))->P(b))))->(P(a)->((P(b)->P(a))->((P(b)->(P(a)->((A->(A->A))->P(b))))->(P(b)->((A->(A->A))->P(b)))))))->(((P(b)->(P(a)->((A->(A->A))->P(b))))->((P(a)->((P(b)->P(a))->((P(b)->(P(a)->((A->(A->A))->P(b))))->(P(b)->((A->(A->A))->P(b))))))->(P(a)->((P(b)->(P(a)->((A->(A->A))->P(b))))->(P(b)->((A->(A->A))->P(b)))))))->((P(b)->(P(a)->((A->(A->A))->P(b))))->(P(a)->((P(b)->(P(a)->((A->(A->A))->P(b))))->(P(b)->((A->(A->A))->P(b))))))) Сх. акс. 2
(170) ((P(b)->(P(a)->((A->(A->A))->P(b))))->((P(a)->((P(b)->P(a))->((P(b)->(P(a)->((A->(A->A))->P(b))))->(P(b)->((A->(A->A))->P(b))))))->(P(a)->((P(b)->(P(a)->((A->(A->A))->P(b))))->(P(b)->((A->(A->A))->P(b)))))))->((P(b)->(P(a)->((A->(A->A))->P(b))))->(P(a)->((P(b)->(P(a)->((A->(A->A))->P(b))))->(P(b)->((A->(A->A))->P(b)))))) M.P. 162, 169
(171) (P(b)->(P(a)->((A->(A->A))->P(b))))->(P(a)->((P(b)->(P(a)->((A->(A->A))->P(b))))->(P(b)->((A->(A->A))->P(b))))) M.P. 168, 170
(172) P(b)->((A->(A->A))->P(b)) Сх. акс. 1
(173) (P(b)->((A->(A->A))->P(b)))->((P(b)->(P(a)->((A->(A->A))->P(b))))->(P(b)->((A->(A->A))->P(b)))) Сх. акс. 1
(174) (P(b)->(P(a)->((A->(A->A))->P(b))))->(P(b)->((A->(A->A))->P(b))) M.P. 6, 173
(175) (P(b)->((A->(A->A))->P(b)))->(P(a)->(P(b)->((A->(A->A))->P(b)))) Сх. акс. 1
(176) ((P(b)->((A->(A->A))->P(b)))->(P(a)->(P(b)->((A->(A->A))->P(b)))))->((P(b)->(P(a)->((A->(A->A))->P(b))))->((P(b)->((A->(A->A))->P(b)))->(P(a)->(P(b)->((A->(A->A))->P(b)))))) Сх. акс. 1
(177) (P(b)->(P(a)->((A->(A->A))->P(b))))->((P(b)->((A->(A->A))->P(b)))->(P(a)->(P(b)->((A->(A->A))->P(b))))) M.P. 175, 176
(178) ((P(b)->(P(a)->((A->(A->A))->P(b))))->(P(b)->((A->(A->A))->P(b))))->(((P(b)->(P(a)->((A->(A->A))->P(b))))->((P(b)->((A->(A->A))->P(b)))->(P(a)->(P(b)->((A->(A->A))->P(b))))))->((P(b)->(P(a)->((A->(A->A))->P(b))))->(P(a)->(P(b)->((A->(A->A))->P(b)))))) Сх. акс. 2
(179) ((P(b)->(P(a)->((A->(A->A))->P(b))))->((P(b)->((A->(A->A))->P(b)))->(P(a)->(P(b)->((A->(A->A))->P(b))))))->((P(b)->(P(a)->((A->(A->A))->P(b))))->(P(a)->(P(b)->((A->(A->A))->P(b))))) M.P. 174, 178
(180) (P(b)->(P(a)->((A->(A->A))->P(b))))->(P(a)->(P(b)->((A->(A->A))->P(b)))) M.P. 177, 179
(181) P(b)->(P(a)->((A->(A->A))->P(b))) M.P. 17, 22
(182) P(a)->(P(b)->((A->(A->A))->P(b))) M.P. 17, 180
(183) ?a(P(a))->(P(b)->((A->(A->A))->P(b))) Правило для квантора существования в строке 0
(184) (?a(P(a))->(P(b)->((A->(A->A))->P(b))))->((?a(P(a))->(P(b)->((A->(A->A))->P(b))))->(?a(P(a))->(P(b)->((A->(A->A))->P(b))))) Сх. акс. 1
(185) ((?a(P(a))->(P(b)->((A->(A->A))->P(b))))->((?a(P(a))->(P(b)->((A->(A->A))->P(b))))->(?a(P(a))->(P(b)->((A->(A->A))->P(b))))))->(((?a(P(a))->(P(b)->((A->(A->A))->P(b))))->(((?a(P(a))->(P(b)->((A->(A->A))->P(b))))->(?a(P(a))->(P(b)->((A->(A->A))->P(b)))))->(?a(P(a))->(P(b)->((A->(A->A))->P(b))))))->((?a(P(a))->(P(b)->((A->(A->A))->P(b))))->(?a(P(a))->(P(b)->((A->(A->A))->P(b)))))) Сх. акс. 2
(186) ((?a(P(a))->(P(b)->((A->(A->A))->P(b))))->(((?a(P(a))->(P(b)->((A->(A->A))->P(b))))->(?a(P(a))->(P(b)->((A->(A->A))->P(b)))))->(?a(P(a))->(P(b)->((A->(A->A))->P(b))))))->((?a(P(a))->(P(b)->((A->(A->A))->P(b))))->(?a(P(a))->(P(b)->((A->(A->A))->P(b))))) M.P. 184, 185
(187) (?a(P(a))->(P(b)->((A->(A->A))->P(b))))->(((?a(P(a))->(P(b)->((A->(A->A))->P(b))))->(?a(P(a))->(P(b)->((A->(A->A))->P(b)))))->(?a(P(a))->(P(b)->((A->(A->A))->P(b))))) Сх. акс. 1
(188) (?a(P(a))->(P(b)->((A->(A->A))->P(b))))->(?a(P(a))->(P(b)->((A->(A->A))->P(b)))) M.P. 183, 184
(189) (?a(P(a))->(P(b)->((A->(A->A))->P(b))))->(P(b)->(?a(P(a))->(P(b)->((A->(A->A))->P(b))))) Сх. акс. 1
(190) ((?a(P(a))->(P(b)->((A->(A->A))->P(b))))->(P(b)->(?a(P(a))->(P(b)->((A->(A->A))->P(b))))))->((?a(P(a))->(P(b)->((A->(A->A))->P(b))))->((?a(P(a))->(P(b)->((A->(A->A))->P(b))))->(P(b)->(?a(P(a))->(P(b)->((A->(A->A))->P(b))))))) Сх. акс. 1
(191) (?a(P(a))->(P(b)->((A->(A->A))->P(b))))->((?a(P(a))->(P(b)->((A->(A->A))->P(b))))->(P(b)->(?a(P(a))->(P(b)->((A->(A->A))->P(b)))))) M.P. 189, 190
(192) ((?a(P(a))->(P(b)->((A->(A->A))->P(b))))->(?a(P(a))->(P(b)->((A->(A->A))->P(b)))))->(((?a(P(a))->(P(b)->((A->(A->A))->P(b))))->((?a(P(a))->(P(b)->((A->(A->A))->P(b))))->(P(b)->(?a(P(a))->(P(b)->((A->(A->A))->P(b)))))))->((?a(P(a))->(P(b)->((A->(A->A))->P(b))))->(P(b)->(?a(P(a))->(P(b)->((A->(A->A))->P(b))))))) Сх. акс. 2
(193) ((?a(P(a))->(P(b)->((A->(A->A))->P(b))))->((?a(P(a))->(P(b)->((A->(A->A))->P(b))))->(P(b)->(?a(P(a))->(P(b)->((A->(A->A))->P(b)))))))->((?a(P(a))->(P(b)->((A->(A->A))->P(b))))->(P(b)->(?a(P(a))->(P(b)->((A->(A->A))->P(b)))))) M.P. 188, 192
(194) (?a(P(a))->(P(b)->((A->(A->A))->P(b))))->(P(b)->(?a(P(a))->(P(b)->((A->(A->A))->P(b))))) Сх. акс. 1
(195) (?a(P(a))->(P(b)->((A->(A->A))->P(b))))->(?a(P(a))->(?a(P(a))->(P(b)->((A->(A->A))->P(b))))) Сх. акс. 1
(196) ((?a(P(a))->(P(b)->((A->(A->A))->P(b))))->(?a(P(a))->(?a(P(a))->(P(b)->((A->(A->A))->P(b))))))->((?a(P(a))->(P(b)->((A->(A->A))->P(b))))->((?a(P(a))->(P(b)->((A->(A->A))->P(b))))->(?a(P(a))->(?a(P(a))->(P(b)->((A->(A->A))->P(b))))))) Сх. акс. 1
(197) (?a(P(a))->(P(b)->((A->(A->A))->P(b))))->((?a(P(a))->(P(b)->((A->(A->A))->P(b))))->(?a(P(a))->(?a(P(a))->(P(b)->((A->(A->A))->P(b)))))) M.P. 195, 196
(198) ((?a(P(a))->(P(b)->((A->(A->A))->P(b))))->(?a(P(a))->(?a(P(a))->(P(b)->((A->(A->A))->P(b))))))->(P(b)->((?a(P(a))->(P(b)->((A->(A->A))->P(b))))->(?a(P(a))->(?a(P(a))->(P(b)->((A->(A->A))->P(b))))))) Сх. акс. 1
(199) (((?a(P(a))->(P(b)->((A->(A->A))->P(b))))->(?a(P(a))->(?a(P(a))->(P(b)->((A->(A->A))->P(b))))))->(P(b)->((?a(P(a))->(P(b)->((A->(A->A))->P(b))))->(?a(P(a))->(?a(P(a))->(P(b)->((A->(A->A))->P(b))))))))->((?a(P(a))->(P(b)->((A->(A->A))->P(b))))->(((?a(P(a))->(P(b)->((A->(A->A))->P(b))))->(?a(P(a))->(?a(P(a))->(P(b)->((A->(A->A))->P(b))))))->(P(b)->((?a(P(a))->(P(b)->((A->(A->A))->P(b))))->(?a(P(a))->(?a(P(a))->(P(b)->((A->(A->A))->P(b))))))))) Сх. акс. 1
(200) (?a(P(a))->(P(b)->((A->(A->A))->P(b))))->(((?a(P(a))->(P(b)->((A->(A->A))->P(b))))->(?a(P(a))->(?a(P(a))->(P(b)->((A->(A->A))->P(b))))))->(P(b)->((?a(P(a))->(P(b)->((A->(A->A))->P(b))))->(?a(P(a))->(?a(P(a))->(P(b)->((A->(A->A))->P(b)))))))) M.P. 198, 199
(201) ((?a(P(a))->(P(b)->((A->(A->A))->P(b))))->((?a(P(a))->(P(b)->((A->(A->A))->P(b))))->(?a(P(a))->(?a(P(a))->(P(b)->((A->(A->A))->P(b)))))))->(((?a(P(a))->(P(b)->((A->(A->A))->P(b))))->(((?a(P(a))->(P(b)->((A->(A->A))->P(b))))->(?a(P(a))->(?a(P(a))->(P(b)->((A->(A->A))->P(b))))))->(P(b)->((?a(P(a))->(P(b)->((A->(A->A))->P(b))))->(?a(P(a))->(?a(P(a))->(P(b)->((A->(A->A))->P(b)))))))))->((?a(P(a))->(P(b)->((A->(A->A))->P(b))))->(P(b)->((?a(P(a))->(P(b)->((A->(A->A))->P(b))))->(?a(P(a))->(?a(P(a))->(P(b)->((A->(A->A))->P(b))))))))) Сх. акс. 2
(202) ((?a(P(a))->(P(b)->((A->(A->A))->P(b))))->(((?a(P(a))->(P(b)->((A->(A->A))->P(b))))->(?a(P(a))->(?a(P(a))->(P(b)->((A->(A->A))->P(b))))))->(P(b)->((?a(P(a))->(P(b)->((A->(A->A))->P(b))))->(?a(P(a))->(?a(P(a))->(P(b)->((A->(A->A))->P(b)))))))))->((?a(P(a))->(P(b)->((A->(A->A))->P(b))))->(P(b)->((?a(P(a))->(P(b)->((A->(A->A))->P(b))))->(?a(P(a))->(?a(P(a))->(P(b)->((A->(A->A))->P(b)))))))) M.P. 197, 201
(203) (?a(P(a))->(P(b)->((A->(A->A))->P(b))))->(P(b)->((?a(P(a))->(P(b)->((A->(A->A))->P(b))))->(?a(P(a))->(?a(P(a))->(P(b)->((A->(A->A))->P(b))))))) M.P. 200, 202
(204) (P(b)->(?a(P(a))->(P(b)->((A->(A->A))->P(b)))))->((P(b)->((?a(P(a))->(P(b)->((A->(A->A))->P(b))))->(?a(P(a))->(?a(P(a))->(P(b)->((A->(A->A))->P(b)))))))->(P(b)->(?a(P(a))->(?a(P(a))->(P(b)->((A->(A->A))->P(b))))))) Сх. акс. 2
(205) ((P(b)->(?a(P(a))->(P(b)->((A->(A->A))->P(b)))))->((P(b)->((?a(P(a))->(P(b)->((A->(A->A))->P(b))))->(?a(P(a))->(?a(P(a))->(P(b)->((A->(A->A))->P(b)))))))->(P(b)->(?a(P(a))->(?a(P(a))->(P(b)->((A->(A->A))->P(b))))))))->((?a(P(a))->(P(b)->((A->(A->A))->P(b))))->((P(b)->(?a(P(a))->(P(b)->((A->(A->A))->P(b)))))->((P(b)->((?a(P(a))->(P(b)->((A->(A->A))->P(b))))->(?a(P(a))->(?a(P(a))->(P(b)->((A->(A->A))->P(b)))))))->(P(b)->(?a(P(a))->(?a(P(a))->(P(b)->((A->(A->A))->P(b))))))))) Сх. акс. 1
(206) (?a(P(a))->(P(b)->((A->(A->A))->P(b))))->((P(b)->(?a(P(a))->(P(b)->((A->(A->A))->P(b)))))->((P(b)->((?a(P(a))->(P(b)->((A->(A->A))->P(b))))->(?a(P(a))->(?a(P(a))->(P(b)->((A->(A->A))->P(b)))))))->(P(b)->(?a(P(a))->(?a(P(a))->(P(b)->((A->(A->A))->P(b)))))))) M.P. 204, 205
(207) ((?a(P(a))->(P(b)->((A->(A->A))->P(b))))->(P(b)->(?a(P(a))->(P(b)->((A->(A->A))->P(b))))))->(((?a(P(a))->(P(b)->((A->(A->A))->P(b))))->((P(b)->(?a(P(a))->(P(b)->((A->(A->A))->P(b)))))->((P(b)->((?a(P(a))->(P(b)->((A->(A->A))->P(b))))->(?a(P(a))->(?a(P(a))->(P(b)->((A->(A->A))->P(b)))))))->(P(b)->(?a(P(a))->(?a(P(a))->(P(b)->((A->(A->A))->P(b)))))))))->((?a(P(a))->(P(b)->((A->(A->A))->P(b))))->((P(b)->((?a(P(a))->(P(b)->((A->(A->A))->P(b))))->(?a(P(a))->(?a(P(a))->(P(b)->((A->(A->A))->P(b)))))))->(P(b)->(?a(P(a))->(?a(P(a))->(P(b)->((A->(A->A))->P(b))))))))) Сх. акс. 2
(208) ((?a(P(a))->(P(b)->((A->(A->A))->P(b))))->((P(b)->(?a(P(a))->(P(b)->((A->(A->A))->P(b)))))->((P(b)->((?a(P(a))->(P(b)->((A->(A->A))->P(b))))->(?a(P(a))->(?a(P(a))->(P(b)->((A->(A->A))->P(b)))))))->(P(b)->(?a(P(a))->(?a(P(a))->(P(b)->((A->(A->A))->P(b)))))))))->((?a(P(a))->(P(b)->((A->(A->A))->P(b))))->((P(b)->((?a(P(a))->(P(b)->((A->(A->A))->P(b))))->(?a(P(a))->(?a(P(a))->(P(b)->((A->(A->A))->P(b)))))))->(P(b)->(?a(P(a))->(?a(P(a))->(P(b)->((A->(A->A))->P(b)))))))) M.P. 189, 207
(209) (?a(P(a))->(P(b)->((A->(A->A))->P(b))))->((P(b)->((?a(P(a))->(P(b)->((A->(A->A))->P(b))))->(?a(P(a))->(?a(P(a))->(P(b)->((A->(A->A))->P(b)))))))->(P(b)->(?a(P(a))->(?a(P(a))->(P(b)->((A->(A->A))->P(b))))))) M.P. 206, 208
(210) ((?a(P(a))->(P(b)->((A->(A->A))->P(b))))->(P(b)->((?a(P(a))->(P(b)->((A->(A->A))->P(b))))->(?a(P(a))->(?a(P(a))->(P(b)->((A->(A->A))->P(b))))))))->(((?a(P(a))->(P(b)->((A->(A->A))->P(b))))->((P(b)->((?a(P(a))->(P(b)->((A->(A->A))->P(b))))->(?a(P(a))->(?a(P(a))->(P(b)->((A->(A->A))->P(b)))))))->(P(b)->(?a(P(a))->(?a(P(a))->(P(b)->((A->(A->A))->P(b))))))))->((?a(P(a))->(P(b)->((A->(A->A))->P(b))))->(P(b)->(?a(P(a))->(?a(P(a))->(P(b)->((A->(A->A))->P(b)))))))) Сх. акс. 2
(211) ((?a(P(a))->(P(b)->((A->(A->A))->P(b))))->((P(b)->((?a(P(a))->(P(b)->((A->(A->A))->P(b))))->(?a(P(a))->(?a(P(a))->(P(b)->((A->(A->A))->P(b)))))))->(P(b)->(?a(P(a))->(?a(P(a))->(P(b)->((A->(A->A))->P(b))))))))->((?a(P(a))->(P(b)->((A->(A->A))->P(b))))->(P(b)->(?a(P(a))->(?a(P(a))->(P(b)->((A->(A->A))->P(b))))))) M.P. 203, 210
(212) (?a(P(a))->(P(b)->((A->(A->A))->P(b))))->(P(b)->(?a(P(a))->(?a(P(a))->(P(b)->((A->(A->A))->P(b)))))) M.P. 209, 211
(213) ?a(P(a))->(?a(P(a))->?a(P(a))) Сх. акс. 1
(214) (?a(P(a))->(?a(P(a))->?a(P(a))))->((?a(P(a))->(P(b)->((A->(A->A))->P(b))))->(?a(P(a))->(?a(P(a))->?a(P(a))))) Сх. акс. 1
(215) (?a(P(a))->(P(b)->((A->(A->A))->P(b))))->(?a(P(a))->(?a(P(a))->?a(P(a)))) M.P. 213, 214
(216) (?a(P(a))->(?a(P(a))->?a(P(a))))->(P(b)->(?a(P(a))->(?a(P(a))->?a(P(a))))) Сх. акс. 1
(217) ((?a(P(a))->(?a(P(a))->?a(P(a))))->(P(b)->(?a(P(a))->(?a(P(a))->?a(P(a))))))->((?a(P(a))->(P(b)->((A->(A->A))->P(b))))->((?a(P(a))->(?a(P(a))->?a(P(a))))->(P(b)->(?a(P(a))->(?a(P(a))->?a(P(a))))))) Сх. акс. 1
(218) (?a(P(a))->(P(b)->((A->(A->A))->P(b))))->((?a(P(a))->(?a(P(a))->?a(P(a))))->(P(b)->(?a(P(a))->(?a(P(a))->?a(P(a)))))) M.P. 216, 217
(219) ((?a(P(a))->(P(b)->((A->(A->A))->P(b))))->(?a(P(a))->(?a(P(a))->?a(P(a)))))->(((?a(P(a))->(P(b)->((A->(A->A))->P(b))))->((?a(P(a))->(?a(P(a))->?a(P(a))))->(P(b)->(?a(P(a))->(?a(P(a))->?a(P(a)))))))->((?a(P(a))->(P(b)->((A->(A->A))->P(b))))->(P(b)->(?a(P(a))->(?a(P(a))->?a(P(a))))))) Сх. акс. 2
(220) ((?a(P(a))->(P(b)->((A->(A->A))->P(b))))->((?a(P(a))->(?a(P(a))->?a(P(a))))->(P(b)->(?a(P(a))->(?a(P(a))->?a(P(a)))))))->((?a(P(a))->(P(b)->((A->(A->A))->P(b))))->(P(b)->(?a(P(a))->(?a(P(a))->?a(P(a)))))) M.P. 215, 219
(221) (?a(P(a))->(P(b)->((A->(A->A))->P(b))))->(P(b)->(?a(P(a))->(?a(P(a))->?a(P(a))))) M.P. 218, 220
(222) (?a(P(a))->(?a(P(a))->?a(P(a))))->((?a(P(a))->((?a(P(a))->?a(P(a)))->?a(P(a))))->(?a(P(a))->?a(P(a)))) Сх. акс. 2
(223) ((?a(P(a))->(?a(P(a))->?a(P(a))))->((?a(P(a))->((?a(P(a))->?a(P(a)))->?a(P(a))))->(?a(P(a))->?a(P(a)))))->((?a(P(a))->(P(b)->((A->(A->A))->P(b))))->((?a(P(a))->(?a(P(a))->?a(P(a))))->((?a(P(a))->((?a(P(a))->?a(P(a)))->?a(P(a))))->(?a(P(a))->?a(P(a)))))) Сх. акс. 1
(224) (?a(P(a))->(P(b)->((A->(A->A))->P(b))))->((?a(P(a))->(?a(P(a))->?a(P(a))))->((?a(P(a))->((?a(P(a))->?a(P(a)))->?a(P(a))))->(?a(P(a))->?a(P(a))))) M.P. 222, 223
(225) ((?a(P(a))->(?a(P(a))->?a(P(a))))->((?a(P(a))->((?a(P(a))->?a(P(a)))->?a(P(a))))->(?a(P(a))->?a(P(a)))))->(P(b)->((?a(P(a))->(?a(P(a))->?a(P(a))))->((?a(P(a))->((?a(P(a))->?a(P(a)))->?a(P(a))))->(?a(P(a))->?a(P(a)))))) Сх. акс. 1
(226) (((?a(P(a))->(?a(P(a))->?a(P(a))))->((?a(P(a))->((?a(P(a))->?a(P(a)))->?a(P(a))))->(?a(P(a))->?a(P(a)))))->(P(b)->((?a(P(a))->(?a(P(a))->?a(P(a))))->((?a(P(a))->((?a(P(a))->?a(P(a)))->?a(P(a))))->(?a(P(a))->?a(P(a)))))))->((?a(P(a))->(P(b)->((A->(A->A))->P(b))))->(((?a(P(a))->(?a(P(a))->?a(P(a))))->((?a(P(a))->((?a(P(a))->?a(P(a)))->?a(P(a))))->(?a(P(a))->?a(P(a)))))->(P(b)->((?a(P(a))->(?a(P(a))->?a(P(a))))->((?a(P(a))->((?a(P(a))->?a(P(a)))->?a(P(a))))->(?a(P(a))->?a(P(a)))))))) Сх. акс. 1
(227) (?a(P(a))->(P(b)->((A->(A->A))->P(b))))->(((?a(P(a))->(?a(P(a))->?a(P(a))))->((?a(P(a))->((?a(P(a))->?a(P(a)))->?a(P(a))))->(?a(P(a))->?a(P(a)))))->(P(b)->((?a(P(a))->(?a(P(a))->?a(P(a))))->((?a(P(a))->((?a(P(a))->?a(P(a)))->?a(P(a))))->(?a(P(a))->?a(P(a))))))) M.P. 225, 226
(228) ((?a(P(a))->(P(b)->((A->(A->A))->P(b))))->((?a(P(a))->(?a(P(a))->?a(P(a))))->((?a(P(a))->((?a(P(a))->?a(P(a)))->?a(P(a))))->(?a(P(a))->?a(P(a))))))->(((?a(P(a))->(P(b)->((A->(A->A))->P(b))))->(((?a(P(a))->(?a(P(a))->?a(P(a))))->((?a(P(a))->((?a(P(a))->?a(P(a)))->?a(P(a))))->(?a(P(a))->?a(P(a)))))->(P(b)->((?a(P(a))->(?a(P(a))->?a(P(a))))->((?a(P(a))->((?a(P(a))->?a(P(a)))->?a(P(a))))->(?a(P(a))->?a(P(a))))))))->((?a(P(a))->(P(b)->((A->(A->A))->P(b))))->(P(b)->((?a(P(a))->(?a(P(a))->?a(P(a))))->((?a(P(a))->((?a(P(a))->?a(P(a)))->?a(P(a))))->(?a(P(a))->?a(P(a)))))))) Сх. акс. 2
(229) ((?a(P(a))->(P(b)->((A->(A->A))->P(b))))->(((?a(P(a))->(?a(P(a))->?a(P(a))))->((?a(P(a))->((?a(P(a))->?a(P(a)))->?a(P(a))))->(?a(P(a))->?a(P(a)))))->(P(b)->((?a(P(a))->(?a(P(a))->?a(P(a))))->((?a(P(a))->((?a(P(a))->?a(P(a)))->?a(P(a))))->(?a(P(a))->?a(P(a))))))))->((?a(P(a))->(P(b)->((A->(A->A))->P(b))))->(P(b)->((?a(P(a))->(?a(P(a))->?a(P(a))))->((?a(P(a))->((?a(P(a))->?a(P(a)))->?a(P(a))))->(?a(P(a))->?a(P(a))))))) M.P. 224, 228
(230) (?a(P(a))->(P(b)->((A->(A->A))->P(b))))->(P(b)->((?a(P(a))->(?a(P(a))->?a(P(a))))->((?a(P(a))->((?a(P(a))->?a(P(a)))->?a(P(a))))->(?a(P(a))->?a(P(a)))))) M.P. 227, 229
(231) (P(b)->(?a(P(a))->(?a(P(a))->?a(P(a)))))->((P(b)->((?a(P(a))->(?a(P(a))->?a(P(a))))->((?a(P(a))->((?a(P(a))->?a(P(a)))->?a(P(a))))->(?a(P(a))->?a(P(a))))))->(P(b)->((?a(P(a))->((?a(P(a))->?a(P(a)))->?a(P(a))))->(?a(P(a))->?a(P(a)))))) Сх. акс. 2
(232) ((P(b)->(?a(P(a))->(?a(P(a))->?a(P(a)))))->((P(b)->((?a(P(a))->(?a(P(a))->?a(P(a))))->((?a(P(a))->((?a(P(a))->?a(P(a)))->?a(P(a))))->(?a(P(a))->?a(P(a))))))->(P(b)->((?a(P(a))->((?a(P(a))->?a(P(a)))->?a(P(a))))->(?a(P(a))->?a(P(a)))))))->((?a(P(a))->(P(b)->((A->(A->A))->P(b))))->((P(b)->(?a(P(a))->(?a(P(a))->?a(P(a)))))->((P(b)->((?a(P(a))->(?a(P(a))->?a(P(a))))->((?a(P(a))->((?a(P(a))->?a(P(a)))->?a(P(a))))->(?a(P(a))->?a(P(a))))))->(P(b)->((?a(P(a))->((?a(P(a))->?a(P(a)))->?a(P(a))))->(?a(P(a))->?a(P(a)))))))) Сх. акс. 1
(233) (?a(P(a))->(P(b)->((A->(A->A))->P(b))))->((P(b)->(?a(P(a))->(?a(P(a))->?a(P(a)))))->((P(b)->((?a(P(a))->(?a(P(a))->?a(P(a))))->((?a(P(a))->((?a(P(a))->?a(P(a)))->?a(P(a))))->(?a(P(a))->?a(P(a))))))->(P(b)->((?a(P(a))->((?a(P(a))->?a(P(a)))->?a(P(a))))->(?a(P(a))->?a(P(a))))))) M.P. 231, 232
(234) ((?a(P(a))->(P(b)->((A->(A->A))->P(b))))->(P(b)->(?a(P(a))->(?a(P(a))->?a(P(a))))))->(((?a(P(a))->(P(b)->((A->(A->A))->P(b))))->((P(b)->(?a(P(a))->(?a(P(a))->?a(P(a)))))->((P(b)->((?a(P(a))->(?a(P(a))->?a(P(a))))->((?a(P(a))->((?a(P(a))->?a(P(a)))->?a(P(a))))->(?a(P(a))->?a(P(a))))))->(P(b)->((?a(P(a))->((?a(P(a))->?a(P(a)))->?a(P(a))))->(?a(P(a))->?a(P(a))))))))->((?a(P(a))->(P(b)->((A->(A->A))->P(b))))->((P(b)->((?a(P(a))->(?a(P(a))->?a(P(a))))->((?a(P(a))->((?a(P(a))->?a(P(a)))->?a(P(a))))->(?a(P(a))->?a(P(a))))))->(P(b)->((?a(P(a))->((?a(P(a))->?a(P(a)))->?a(P(a))))->(?a(P(a))->?a(P(a)))))))) Сх. акс. 2
(235) ((?a(P(a))->(P(b)->((A->(A->A))->P(b))))->((P(b)->(?a(P(a))->(?a(P(a))->?a(P(a)))))->((P(b)->((?a(P(a))->(?a(P(a))->?a(P(a))))->((?a(P(a))->((?a(P(a))->?a(P(a)))->?a(P(a))))->(?a(P(a))->?a(P(a))))))->(P(b)->((?a(P(a))->((?a(P(a))->?a(P(a)))->?a(P(a))))->(?a(P(a))->?a(P(a))))))))->((?a(P(a))->(P(b)->((A->(A->A))->P(b))))->((P(b)->((?a(P(a))->(?a(P(a))->?a(P(a))))->((?a(P(a))->((?a(P(a))->?a(P(a)))->?a(P(a))))->(?a(P(a))->?a(P(a))))))->(P(b)->((?a(P(a))->((?a(P(a))->?a(P(a)))->?a(P(a))))->(?a(P(a))->?a(P(a))))))) M.P. 221, 234
(236) (?a(P(a))->(P(b)->((A->(A->A))->P(b))))->((P(b)->((?a(P(a))->(?a(P(a))->?a(P(a))))->((?a(P(a))->((?a(P(a))->?a(P(a)))->?a(P(a))))->(?a(P(a))->?a(P(a))))))->(P(b)->((?a(P(a))->((?a(P(a))->?a(P(a)))->?a(P(a))))->(?a(P(a))->?a(P(a)))))) M.P. 233, 235
(237) ((?a(P(a))->(P(b)->((A->(A->A))->P(b))))->(P(b)->((?a(P(a))->(?a(P(a))->?a(P(a))))->((?a(P(a))->((?a(P(a))->?a(P(a)))->?a(P(a))))->(?a(P(a))->?a(P(a)))))))->(((?a(P(a))->(P(b)->((A->(A->A))->P(b))))->((P(b)->((?a(P(a))->(?a(P(a))->?a(P(a))))->((?a(P(a))->((?a(P(a))->?a(P(a)))->?a(P(a))))->(?a(P(a))->?a(P(a))))))->(P(b)->((?a(P(a))->((?a(P(a))->?a(P(a)))->?a(P(a))))->(?a(P(a))->?a(P(a)))))))->((?a(P(a))->(P(b)->((A->(A->A))->P(b))))->(P(b)->((?a(P(a))->((?a(P(a))->?a(P(a)))->?a(P(a))))->(?a(P(a))->?a(P(a))))))) Сх. акс. 2
(238) ((?a(P(a))->(P(b)->((A->(A->A))->P(b))))->((P(b)->((?a(P(a))->(?a(P(a))->?a(P(a))))->((?a(P(a))->((?a(P(a))->?a(P(a)))->?a(P(a))))->(?a(P(a))->?a(P(a))))))->(P(b)->((?a(P(a))->((?a(P(a))->?a(P(a)))->?a(P(a))))->(?a(P(a))->?a(P(a)))))))->((?a(P(a))->(P(b)->((A->(A->A))->P(b))))->(P(b)->((?a(P(a))->((?a(P(a))->?a(P(a)))->?a(P(a))))->(?a(P(a))->?a(P(a)))))) M.P. 230, 237
(239) (?a(P(a))->(P(b)->((A->(A->A))->P(b))))->(P(b)->((?a(P(a))->((?a(P(a))->?a(P(a)))->?a(P(a))))->(?a(P(a))->?a(P(a))))) M.P. 236, 238
(240) ?a(P(a))->((?a(P(a))->?a(P(a)))->?a(P(a))) Сх. акс. 1
(241) (?a(P(a))->((?a(P(a))->?a(P(a)))->?a(P(a))))->((?a(P(a))->(P(b)->((A->(A->A))->P(b))))->(?a(P(a))->((?a(P(a))->?a(P(a)))->?a(P(a))))) Сх. акс. 1
(242) (?a(P(a))->(P(b)->((A->(A->A))->P(b))))->(?a(P(a))->((?a(P(a))->?a(P(a)))->?a(P(a)))) M.P. 240, 241
(243) (?a(P(a))->((?a(P(a))->?a(P(a)))->?a(P(a))))->(P(b)->(?a(P(a))->((?a(P(a))->?a(P(a)))->?a(P(a))))) Сх. акс. 1
(244) ((?a(P(a))->((?a(P(a))->?a(P(a)))->?a(P(a))))->(P(b)->(?a(P(a))->((?a(P(a))->?a(P(a)))->?a(P(a))))))->((?a(P(a))->(P(b)->((A->(A->A))->P(b))))->((?a(P(a))->((?a(P(a))->?a(P(a)))->?a(P(a))))->(P(b)->(?a(P(a))->((?a(P(a))->?a(P(a)))->?a(P(a))))))) Сх. акс. 1
(245) (?a(P(a))->(P(b)->((A->(A->A))->P(b))))->((?a(P(a))->((?a(P(a))->?a(P(a)))->?a(P(a))))->(P(b)->(?a(P(a))->((?a(P(a))->?a(P(a)))->?a(P(a)))))) M.P. 243, 244
(246) ((?a(P(a))->(P(b)->((A->(A->A))->P(b))))->(?a(P(a))->((?a(P(a))->?a(P(a)))->?a(P(a)))))->(((?a(P(a))->(P(b)->((A->(A->A))->P(b))))->((?a(P(a))->((?a(P(a))->?a(P(a)))->?a(P(a))))->(P(b)->(?a(P(a))->((?a(P(a))->?a(P(a)))->?a(P(a)))))))->((?a(P(a))->(P(b)->((A->(A->A))->P(b))))->(P(b)->(?a(P(a))->((?a(P(a))->?a(P(a)))->?a(P(a))))))) Сх. акс. 2
(247) ((?a(P(a))->(P(b)->((A->(A->A))->P(b))))->((?a(P(a))->((?a(P(a))->?a(P(a)))->?a(P(a))))->(P(b)->(?a(P(a))->((?a(P(a))->?a(P(a)))->?a(P(a)))))))->((?a(P(a))->(P(b)->((A->(A->A))->P(b))))->(P(b)->(?a(P(a))->((?a(P(a))->?a(P(a)))->?a(P(a)))))) M.P. 242, 246
(248) (?a(P(a))->(P(b)->((A->(A->A))->P(b))))->(P(b)->(?a(P(a))->((?a(P(a))->?a(P(a)))->?a(P(a))))) M.P. 245, 247
(249) (P(b)->(?a(P(a))->((?a(P(a))->?a(P(a)))->?a(P(a)))))->((P(b)->((?a(P(a))->((?a(P(a))->?a(P(a)))->?a(P(a))))->(?a(P(a))->?a(P(a)))))->(P(b)->(?a(P(a))->?a(P(a))))) Сх. акс. 2
(250) ((P(b)->(?a(P(a))->((?a(P(a))->?a(P(a)))->?a(P(a)))))->((P(b)->((?a(P(a))->((?a(P(a))->?a(P(a)))->?a(P(a))))->(?a(P(a))->?a(P(a)))))->(P(b)->(?a(P(a))->?a(P(a))))))->((?a(P(a))->(P(b)->((A->(A->A))->P(b))))->((P(b)->(?a(P(a))->((?a(P(a))->?a(P(a)))->?a(P(a)))))->((P(b)->((?a(P(a))->((?a(P(a))->?a(P(a)))->?a(P(a))))->(?a(P(a))->?a(P(a)))))->(P(b)->(?a(P(a))->?a(P(a))))))) Сх. акс. 1
(251) (?a(P(a))->(P(b)->((A->(A->A))->P(b))))->((P(b)->(?a(P(a))->((?a(P(a))->?a(P(a)))->?a(P(a)))))->((P(b)->((?a(P(a))->((?a(P(a))->?a(P(a)))->?a(P(a))))->(?a(P(a))->?a(P(a)))))->(P(b)->(?a(P(a))->?a(P(a)))))) M.P. 249, 250
(252) ((?a(P(a))->(P(b)->((A->(A->A))->P(b))))->(P(b)->(?a(P(a))->((?a(P(a))->?a(P(a)))->?a(P(a))))))->(((?a(P(a))->(P(b)->((A->(A->A))->P(b))))->((P(b)->(?a(P(a))->((?a(P(a))->?a(P(a)))->?a(P(a)))))->((P(b)->((?a(P(a))->((?a(P(a))->?a(P(a)))->?a(P(a))))->(?a(P(a))->?a(P(a)))))->(P(b)->(?a(P(a))->?a(P(a)))))))->((?a(P(a))->(P(b)->((A->(A->A))->P(b))))->((P(b)->((?a(P(a))->((?a(P(a))->?a(P(a)))->?a(P(a))))->(?a(P(a))->?a(P(a)))))->(P(b)->(?a(P(a))->?a(P(a))))))) Сх. акс. 2
(253) ((?a(P(a))->(P(b)->((A->(A->A))->P(b))))->((P(b)->(?a(P(a))->((?a(P(a))->?a(P(a)))->?a(P(a)))))->((P(b)->((?a(P(a))->((?a(P(a))->?a(P(a)))->?a(P(a))))->(?a(P(a))->?a(P(a)))))->(P(b)->(?a(P(a))->?a(P(a)))))))->((?a(P(a))->(P(b)->((A->(A->A))->P(b))))->((P(b)->((?a(P(a))->((?a(P(a))->?a(P(a)))->?a(P(a))))->(?a(P(a))->?a(P(a)))))->(P(b)->(?a(P(a))->?a(P(a)))))) M.P. 248, 252
(254) (?a(P(a))->(P(b)->((A->(A->A))->P(b))))->((P(b)->((?a(P(a))->((?a(P(a))->?a(P(a)))->?a(P(a))))->(?a(P(a))->?a(P(a)))))->(P(b)->(?a(P(a))->?a(P(a))))) M.P. 251, 253
(255) ((?a(P(a))->(P(b)->((A->(A->A))->P(b))))->(P(b)->((?a(P(a))->((?a(P(a))->?a(P(a)))->?a(P(a))))->(?a(P(a))->?a(P(a))))))->(((?a(P(a))->(P(b)->((A->(A->A))->P(b))))->((P(b)->((?a(P(a))->((?a(P(a))->?a(P(a)))->?a(P(a))))->(?a(P(a))->?a(P(a)))))->(P(b)->(?a(P(a))->?a(P(a))))))->((?a(P(a))->(P(b)->((A->(A->A))->P(b))))->(P(b)->(?a(P(a))->?a(P(a)))))) Сх. акс. 2
(256) ((?a(P(a))->(P(b)->((A->(A->A))->P(b))))->((P(b)->((?a(P(a))->((?a(P(a))->?a(P(a)))->?a(P(a))))->(?a(P(a))->?a(P(a)))))->(P(b)->(?a(P(a))->?a(P(a))))))->((?a(P(a))->(P(b)->((A->(A->A))->P(b))))->(P(b)->(?a(P(a))->?a(P(a))))) M.P. 239, 255
(257) (?a(P(a))->(P(b)->((A->(A->A))->P(b))))->(P(b)->(?a(P(a))->?a(P(a)))) M.P. 254, 256
(258) P(b)->((A->(A->A))->P(b)) Сх. акс. 1
(259) (P(b)->((A->(A->A))->P(b)))->((?a(P(a))->(P(b)->((A->(A->A))->P(b))))->(P(b)->((A->(A->A))->P(b)))) Сх. акс. 1
(260) (?a(P(a))->(P(b)->((A->(A->A))->P(b))))->(P(b)->((A->(A->A))->P(b))) M.P. 6, 259
(261) (P(b)->((A->(A->A))->P(b)))->(P(b)->(P(b)->((A->(A->A))->P(b)))) Сх. акс. 1
(262) ((P(b)->((A->(A->A))->P(b)))->(P(b)->(P(b)->((A->(A->A))->P(b)))))->((?a(P(a))->(P(b)->((A->(A->A))->P(b))))->((P(b)->((A->(A->A))->P(b)))->(P(b)->(P(b)->((A->(A->A))->P(b)))))) Сх. акс. 1
(263) (?a(P(a))->(P(b)->((A->(A->A))->P(b))))->((P(b)->((A->(A->A))->P(b)))->(P(b)->(P(b)->((A->(A->A))->P(b))))) M.P. 7, 262
(264) ((?a(P(a))->(P(b)->((A->(A->A))->P(b))))->(P(b)->((A->(A->A))->P(b))))->(((?a(P(a))->(P(b)->((A->(A->A))->P(b))))->((P(b)->((A->(A->A))->P(b)))->(P(b)->(P(b)->((A->(A->A))->P(b))))))->((?a(P(a))->(P(b)->((A->(A->A))->P(b))))->(P(b)->(P(b)->((A->(A->A))->P(b)))))) Сх. акс. 2
(265) ((?a(P(a))->(P(b)->((A->(A->A))->P(b))))->((P(b)->((A->(A->A))->P(b)))->(P(b)->(P(b)->((A->(A->A))->P(b))))))->((?a(P(a))->(P(b)->((A->(A->A))->P(b))))->(P(b)->(P(b)->((A->(A->A))->P(b))))) M.P. 260, 264
(266) (?a(P(a))->(P(b)->((A->(A->A))->P(b))))->(P(b)->(P(b)->((A->(A->A))->P(b)))) M.P. 263, 265
(267) (P(b)->((A->(A->A))->P(b)))->(?a(P(a))->(P(b)->((A->(A->A))->P(b)))) Сх. акс. 1
(268) ((P(b)->((A->(A->A))->P(b)))->(?a(P(a))->(P(b)->((A->(A->A))->P(b)))))->((?a(P(a))->(P(b)->((A->(A->A))->P(b))))->((P(b)->((A->(A->A))->P(b)))->(?a(P(a))->(P(b)->((A->(A->A))->P(b)))))) Сх. акс. 1
(269) (?a(P(a))->(P(b)->((A->(A->A))->P(b))))->((P(b)->((A->(A->A))->P(b)))->(?a(P(a))->(P(b)->((A->(A->A))->P(b))))) Сх. акс. 1
(270) ((P(b)->((A->(A->A))->P(b)))->(?a(P(a))->(P(b)->((A->(A->A))->P(b)))))->(P(b)->((P(b)->((A->(A->A))->P(b)))->(?a(P(a))->(P(b)->((A->(A->A))->P(b)))))) Сх. акс. 1
(271) (((P(b)->((A->(A->A))->P(b)))->(?a(P(a))->(P(b)->((A->(A->A))->P(b)))))->(P(b)->((P(b)->((A->(A->A))->P(b)))->(?a(P(a))->(P(b)->((A->(A->A))->P(b)))))))->((?a(P(a))->(P(b)->((A->(A->A))->P(b))))->(((P(b)->((A->(A->A))->P(b)))->(?a(P(a))->(P(b)->((A->(A->A))->P(b)))))->(P(b)->((P(b)->((A->(A->A))->P(b)))->(?a(P(a))->(P(b)->((A->(A->A))->P(b)))))))) Сх. акс. 1
(272) (?a(P(a))->(P(b)->((A->(A->A))->P(b))))->(((P(b)->((A->(A->A))->P(b)))->(?a(P(a))->(P(b)->((A->(A->A))->P(b)))))->(P(b)->((P(b)->((A->(A->A))->P(b)))->(?a(P(a))->(P(b)->((A->(A->A))->P(b))))))) M.P. 270, 271
(273) ((?a(P(a))->(P(b)->((A->(A->A))->P(b))))->((P(b)->((A->(A->A))->P(b)))->(?a(P(a))->(P(b)->((A->(A->A))->P(b))))))->(((?a(P(a))->(P(b)->((A->(A->A))->P(b))))->(((P(b)->((A->(A->A))->P(b)))->(?a(P(a))->(P(b)->((A->(A->A))->P(b)))))->(P(b)->((P(b)->((A->(A->A))->P(b)))->(?a(P(a))->(P(b)->((A->(A->A))->P(b))))))))->((?a(P(a))->(P(b)->((A->(A->A))->P(b))))->(P(b)->((P(b)->((A->(A->A))->P(b)))->(?a(P(a))->(P(b)->((A->(A->A))->P(b)))))))) Сх. акс. 2
(274) ((?a(P(a))->(P(b)->((A->(A->A))->P(b))))->(((P(b)->((A->(A->A))->P(b)))->(?a(P(a))->(P(b)->((A->(A->A))->P(b)))))->(P(b)->((P(b)->((A->(A->A))->P(b)))->(?a(P(a))->(P(b)->((A->(A->A))->P(b))))))))->((?a(P(a))->(P(b)->((A->(A->A))->P(b))))->(P(b)->((P(b)->((A->(A->A))->P(b)))->(?a(P(a))->(P(b)->((A->(A->A))->P(b))))))) M.P. 269, 273
(275) (?a(P(a))->(P(b)->((A->(A->A))->P(b))))->(P(b)->((P(b)->((A->(A->A))->P(b)))->(?a(P(a))->(P(b)->((A->(A->A))->P(b)))))) M.P. 272, 274
(276) (?a(P(a))->(P(b)->((A->(A->A))->P(b))))->((?a(P(a))->(P(b)->((A->(A->A))->P(b))))->(?a(P(a))->(P(b)->((A->(A->A))->P(b))))) Сх. акс. 1
(277) ((?a(P(a))->(P(b)->((A->(A->A))->P(b))))->((?a(P(a))->(P(b)->((A->(A->A))->P(b))))->(?a(P(a))->(P(b)->((A->(A->A))->P(b))))))->(((?a(P(a))->(P(b)->((A->(A->A))->P(b))))->(((?a(P(a))->(P(b)->((A->(A->A))->P(b))))->(?a(P(a))->(P(b)->((A->(A->A))->P(b)))))->(?a(P(a))->(P(b)->((A->(A->A))->P(b))))))->((?a(P(a))->(P(b)->((A->(A->A))->P(b))))->(?a(P(a))->(P(b)->((A->(A->A))->P(b)))))) Сх. акс. 2
(278) ((?a(P(a))->(P(b)->((A->(A->A))->P(b))))->(((?a(P(a))->(P(b)->((A->(A->A))->P(b))))->(?a(P(a))->(P(b)->((A->(A->A))->P(b)))))->(?a(P(a))->(P(b)->((A->(A->A))->P(b))))))->((?a(P(a))->(P(b)->((A->(A->A))->P(b))))->(?a(P(a))->(P(b)->((A->(A->A))->P(b))))) M.P. 184, 185
(279) (?a(P(a))->(P(b)->((A->(A->A))->P(b))))->(((?a(P(a))->(P(b)->((A->(A->A))->P(b))))->(?a(P(a))->(P(b)->((A->(A->A))->P(b)))))->(?a(P(a))->(P(b)->((A->(A->A))->P(b))))) Сх. акс. 1
(280) (?a(P(a))->(P(b)->((A->(A->A))->P(b))))->(?a(P(a))->(P(b)->((A->(A->A))->P(b)))) M.P. 187, 278
(281) (?a(P(a))->(P(b)->((A->(A->A))->P(b))))->(P(b)->(?a(P(a))->(P(b)->((A->(A->A))->P(b))))) Сх. акс. 1
(282) ((?a(P(a))->(P(b)->((A->(A->A))->P(b))))->(P(b)->(?a(P(a))->(P(b)->((A->(A->A))->P(b))))))->((?a(P(a))->(P(b)->((A->(A->A))->P(b))))->((?a(P(a))->(P(b)->((A->(A->A))->P(b))))->(P(b)->(?a(P(a))->(P(b)->((A->(A->A))->P(b))))))) Сх. акс. 1
(283) (?a(P(a))->(P(b)->((A->(A->A))->P(b))))->((?a(P(a))->(P(b)->((A->(A->A))->P(b))))->(P(b)->(?a(P(a))->(P(b)->((A->(A->A))->P(b)))))) M.P. 189, 282
(284) ((?a(P(a))->(P(b)->((A->(A->A))->P(b))))->(?a(P(a))->(P(b)->((A->(A->A))->P(b)))))->(((?a(P(a))->(P(b)->((A->(A->A))->P(b))))->((?a(P(a))->(P(b)->((A->(A->A))->P(b))))->(P(b)->(?a(P(a))->(P(b)->((A->(A->A))->P(b)))))))->((?a(P(a))->(P(b)->((A->(A->A))->P(b))))->(P(b)->(?a(P(a))->(P(b)->((A->(A->A))->P(b))))))) Сх. акс. 2
(285) ((?a(P(a))->(P(b)->((A->(A->A))->P(b))))->((?a(P(a))->(P(b)->((A->(A->A))->P(b))))->(P(b)->(?a(P(a))->(P(b)->((A->(A->A))->P(b)))))))->((?a(P(a))->(P(b)->((A->(A->A))->P(b))))->(P(b)->(?a(P(a))->(P(b)->((A->(A->A))->P(b)))))) M.P. 188, 284
(286) (?a(P(a))->(P(b)->((A->(A->A))->P(b))))->(P(b)->(?a(P(a))->(P(b)->((A->(A->A))->P(b))))) Сх. акс. 1
(287) P(b)->(P(b)->P(b)) Сх. акс. 1
(288) (P(b)->(P(b)->P(b)))->((?a(P(a))->(P(b)->((A->(A->A))->P(b))))->(P(b)->(P(b)->P(b)))) Сх. акс. 1
(289) (?a(P(a))->(P(b)->((A->(A->A))->P(b))))->(P(b)->(P(b)->P(b))) M.P. 1, 288
(290) (P(b)->(P(b)->P(b)))->((P(b)->((P(b)->P(b))->P(b)))->(P(b)->P(b))) Сх. акс. 2
(291) ((P(b)->(P(b)->P(b)))->((P(b)->((P(b)->P(b))->P(b)))->(P(b)->P(b))))->((?a(P(a))->(P(b)->((A->(A->A))->P(b))))->((P(b)->(P(b)->P(b)))->((P(b)->((P(b)->P(b))->P(b)))->(P(b)->P(b))))) Сх. акс. 1
(292) (?a(P(a))->(P(b)->((A->(A->A))->P(b))))->((P(b)->(P(b)->P(b)))->((P(b)->((P(b)->P(b))->P(b)))->(P(b)->P(b)))) M.P. 2, 291
(293) ((?a(P(a))->(P(b)->((A->(A->A))->P(b))))->(P(b)->(P(b)->P(b))))->(((?a(P(a))->(P(b)->((A->(A->A))->P(b))))->((P(b)->(P(b)->P(b)))->((P(b)->((P(b)->P(b))->P(b)))->(P(b)->P(b)))))->((?a(P(a))->(P(b)->((A->(A->A))->P(b))))->((P(b)->((P(b)->P(b))->P(b)))->(P(b)->P(b))))) Сх. акс. 2
(294) ((?a(P(a))->(P(b)->((A->(A->A))->P(b))))->((P(b)->(P(b)->P(b)))->((P(b)->((P(b)->P(b))->P(b)))->(P(b)->P(b)))))->((?a(P(a))->(P(b)->((A->(A->A))->P(b))))->((P(b)->((P(b)->P(b))->P(b)))->(P(b)->P(b)))) M.P. 289, 293
(295) (?a(P(a))->(P(b)->((A->(A->A))->P(b))))->((P(b)->((P(b)->P(b))->P(b)))->(P(b)->P(b))) M.P. 292, 294
(296) P(b)->((P(b)->P(b))->P(b)) Сх. акс. 1
(297) (P(b)->((P(b)->P(b))->P(b)))->((?a(P(a))->(P(b)->((A->(A->A))->P(b))))->(P(b)->((P(b)->P(b))->P(b)))) Сх. акс. 1
(298) (?a(P(a))->(P(b)->((A->(A->A))->P(b))))->(P(b)->((P(b)->P(b))->P(b))) M.P. 4, 297
(299) ((?a(P(a))->(P(b)->((A->(A->A))->P(b))))->(P(b)->((P(b)->P(b))->P(b))))->(((?a(P(a))->(P(b)->((A->(A->A))->P(b))))->((P(b)->((P(b)->P(b))->P(b)))->(P(b)->P(b))))->((?a(P(a))->(P(b)->((A->(A->A))->P(b))))->(P(b)->P(b)))) Сх. акс. 2
(300) ((?a(P(a))->(P(b)->((A->(A->A))->P(b))))->((P(b)->((P(b)->P(b))->P(b)))->(P(b)->P(b))))->((?a(P(a))->(P(b)->((A->(A->A))->P(b))))->(P(b)->P(b))) M.P. 298, 299
(301) (?a(P(a))->(P(b)->((A->(A->A))->P(b))))->(P(b)->P(b)) M.P. 295, 300
(302) P(b)->(?a(P(a))->P(b)) Сх. акс. 1
(303) (P(b)->(?a(P(a))->P(b)))->((?a(P(a))->(P(b)->((A->(A->A))->P(b))))->(P(b)->(?a(P(a))->P(b)))) Сх. акс. 1
(304) (?a(P(a))->(P(b)->((A->(A->A))->P(b))))->(P(b)->(?a(P(a))->P(b))) M.P. 302, 303
(305) (P(b)->(?a(P(a))->P(b)))->(P(b)->(P(b)->(?a(P(a))->P(b)))) Сх. акс. 1
(306) ((P(b)->(?a(P(a))->P(b)))->(P(b)->(P(b)->(?a(P(a))->P(b)))))->((?a(P(a))->(P(b)->((A->(A->A))->P(b))))->((P(b)->(?a(P(a))->P(b)))->(P(b)->(P(b)->(?a(P(a))->P(b)))))) Сх. акс. 1
(307) (?a(P(a))->(P(b)->((A->(A->A))->P(b))))->((P(b)->(?a(P(a))->P(b)))->(P(b)->(P(b)->(?a(P(a))->P(b))))) M.P. 305, 306
(308) ((?a(P(a))->(P(b)->((A->(A->A))->P(b))))->(P(b)->(?a(P(a))->P(b))))->(((?a(P(a))->(P(b)->((A->(A->A))->P(b))))->((P(b)->(?a(P(a))->P(b)))->(P(b)->(P(b)->(?a(P(a))->P(b))))))->((?a(P(a))->(P(b)->((A->(A->A))->P(b))))->(P(b)->(P(b)->(?a(P(a))->P(b)))))) Сх. акс. 2
(309) ((?a(P(a))->(P(b)->((A->(A->A))->P(b))))->((P(b)->(?a(P(a))->P(b)))->(P(b)->(P(b)->(?a(P(a))->P(b))))))->((?a(P(a))->(P(b)->((A->(A->A))->P(b))))->(P(b)->(P(b)->(?a(P(a))->P(b))))) M.P. 304, 308
(310) (?a(P(a))->(P(b)->((A->(A->A))->P(b))))->(P(b)->(P(b)->(?a(P(a))->P(b)))) M.P. 307, 309
(311) (P(b)->P(b))->((P(b)->(P(b)->(?a(P(a))->P(b))))->(P(b)->(?a(P(a))->P(b)))) Сх. акс. 2
(312) ((P(b)->P(b))->((P(b)->(P(b)->(?a(P(a))->P(b))))->(P(b)->(?a(P(a))->P(b)))))->((?a(P(a))->(P(b)->((A->(A->A))->P(b))))->((P(b)->P(b))->((P(b)->(P(b)->(?a(P(a))->P(b))))->(P(b)->(?a(P(a))->P(b)))))) Сх. акс. 1
(313) (?a(P(a))->(P(b)->((A->(A->A))->P(b))))->((P(b)->P(b))->((P(b)->(P(b)->(?a(P(a))->P(b))))->(P(b)->(?a(P(a))->P(b))))) M.P. 311, 312
(314) ((?a(P(a))->(P(b)->((A->(A->A))->P(b))))->(P(b)->P(b)))->(((?a(P(a))->(P(b)->((A->(A->A))->P(b))))->((P(b)->P(b))->((P(b)->(P(b)->(?a(P(a))->P(b))))->(P(b)->(?a(P(a))->P(b))))))->((?a(P(a))->(P(b)->((A->(A->A))->P(b))))->((P(b)->(P(b)->(?a(P(a))->P(b))))->(P(b)->(?a(P(a))->P(b)))))) Сх. акс. 2
(315) ((?a(P(a))->(P(b)->((A->(A->A))->P(b))))->((P(b)->P(b))->((P(b)->(P(b)->(?a(P(a))->P(b))))->(P(b)->(?a(P(a))->P(b))))))->((?a(P(a))->(P(b)->((A->(A->A))->P(b))))->((P(b)->(P(b)->(?a(P(a))->P(b))))->(P(b)->(?a(P(a))->P(b))))) M.P. 301, 314
(316) (?a(P(a))->(P(b)->((A->(A->A))->P(b))))->((P(b)->(P(b)->(?a(P(a))->P(b))))->(P(b)->(?a(P(a))->P(b)))) M.P. 313, 315
(317) P(b)->(?a(P(a))->P(b)) Сх. акс. 1
(318) (P(b)->(?a(P(a))->P(b)))->((?a(P(a))->(P(b)->((A->(A->A))->P(b))))->(P(b)->(?a(P(a))->P(b)))) Сх. акс. 1
(319) (?a(P(a))->(P(b)->((A->(A->A))->P(b))))->(P(b)->(?a(P(a))->P(b))) M.P. 302, 303
(320) (?a(P(a))->P(b))->((?a(P(a))->(P(b)->((A->(A->A))->P(b))))->(?a(P(a))->((A->(A->A))->P(b)))) Сх. акс. 2
(321) ((?a(P(a))->P(b))->((?a(P(a))->(P(b)->((A->(A->A))->P(b))))->(?a(P(a))->((A->(A->A))->P(b)))))->((?a(P(a))->(P(b)->((A->(A->A))->P(b))))->((?a(P(a))->P(b))->((?a(P(a))->(P(b)->((A->(A->A))->P(b))))->(?a(P(a))->((A->(A->A))->P(b)))))) Сх. акс. 1
(322) (?a(P(a))->(P(b)->((A->(A->A))->P(b))))->((?a(P(a))->P(b))->((?a(P(a))->(P(b)->((A->(A->A))->P(b))))->(?a(P(a))->((A->(A->A))->P(b))))) M.P. 320, 321
(323) ((?a(P(a))->P(b))->((?a(P(a))->(P(b)->((A->(A->A))->P(b))))->(?a(P(a))->((A->(A->A))->P(b)))))->(P(b)->((?a(P(a))->P(b))->((?a(P(a))->(P(b)->((A->(A->A))->P(b))))->(?a(P(a))->((A->(A->A))->P(b)))))) Сх. акс. 1
(324) (((?a(P(a))->P(b))->((?a(P(a))->(P(b)->((A->(A->A))->P(b))))->(?a(P(a))->((A->(A->A))->P(b)))))->(P(b)->((?a(P(a))->P(b))->((?a(P(a))->(P(b)->((A->(A->A))->P(b))))->(?a(P(a))->((A->(A->A))->P(b)))))))->((?a(P(a))->(P(b)->((A->(A->A))->P(b))))->(((?a(P(a))->P(b))->((?a(P(a))->(P(b)->((A->(A->A))->P(b))))->(?a(P(a))->((A->(A->A))->P(b)))))->(P(b)->((?a(P(a))->P(b))->((?a(P(a))->(P(b)->((A->(A->A))->P(b))))->(?a(P(a))->((A->(A->A))->P(b)))))))) Сх. акс. 1
(325) (?a(P(a))->(P(b)->((A->(A->A))->P(b))))->(((?a(P(a))->P(b))->((?a(P(a))->(P(b)->((A->(A->A))->P(b))))->(?a(P(a))->((A->(A->A))->P(b)))))->(P(b)->((?a(P(a))->P(b))->((?a(P(a))->(P(b)->((A->(A->A))->P(b))))->(?a(P(a))->((A->(A->A))->P(b))))))) M.P. 323, 324
(326) ((?a(P(a))->(P(b)->((A->(A->A))->P(b))))->((?a(P(a))->P(b))->((?a(P(a))->(P(b)->((A->(A->A))->P(b))))->(?a(P(a))->((A->(A->A))->P(b))))))->(((?a(P(a))->(P(b)->((A->(A->A))->P(b))))->(((?a(P(a))->P(b))->((?a(P(a))->(P(b)->((A->(A->A))->P(b))))->(?a(P(a))->((A->(A->A))->P(b)))))->(P(b)->((?a(P(a))->P(b))->((?a(P(a))->(P(b)->((A->(A->A))->P(b))))->(?a(P(a))->((A->(A->A))->P(b))))))))->((?a(P(a))->(P(b)->((A->(A->A))->P(b))))->(P(b)->((?a(P(a))->P(b))->((?a(P(a))->(P(b)->((A->(A->A))->P(b))))->(?a(P(a))->((A->(A->A))->P(b)))))))) Сх. акс. 2
(327) ((?a(P(a))->(P(b)->((A->(A->A))->P(b))))->(((?a(P(a))->P(b))->((?a(P(a))->(P(b)->((A->(A->A))->P(b))))->(?a(P(a))->((A->(A->A))->P(b)))))->(P(b)->((?a(P(a))->P(b))->((?a(P(a))->(P(b)->((A->(A->A))->P(b))))->(?a(P(a))->((A->(A->A))->P(b))))))))->((?a(P(a))->(P(b)->((A->(A->A))->P(b))))->(P(b)->((?a(P(a))->P(b))->((?a(P(a))->(P(b)->((A->(A->A))->P(b))))->(?a(P(a))->((A->(A->A))->P(b))))))) M.P. 322, 326
(328) (?a(P(a))->(P(b)->((A->(A->A))->P(b))))->(P(b)->((?a(P(a))->P(b))->((?a(P(a))->(P(b)->((A->(A->A))->P(b))))->(?a(P(a))->((A->(A->A))->P(b)))))) M.P. 325, 327
(329) (P(b)->(?a(P(a))->P(b)))->((P(b)->((?a(P(a))->P(b))->((?a(P(a))->(P(b)->((A->(A->A))->P(b))))->(?a(P(a))->((A->(A->A))->P(b))))))->(P(b)->((?a(P(a))->(P(b)->((A->(A->A))->P(b))))->(?a(P(a))->((A->(A->A))->P(b)))))) Сх. акс. 2
(330) ((P(b)->(?a(P(a))->P(b)))->((P(b)->((?a(P(a))->P(b))->((?a(P(a))->(P(b)->((A->(A->A))->P(b))))->(?a(P(a))->((A->(A->A))->P(b))))))->(P(b)->((?a(P(a))->(P(b)->((A->(A->A))->P(b))))->(?a(P(a))->((A->(A->A))->P(b)))))))->((?a(P(a))->(P(b)->((A->(A->A))->P(b))))->((P(b)->(?a(P(a))->P(b)))->((P(b)->((?a(P(a))->P(b))->((?a(P(a))->(P(b)->((A->(A->A))->P(b))))->(?a(P(a))->((A->(A->A))->P(b))))))->(P(b)->((?a(P(a))->(P(b)->((A->(A->A))->P(b))))->(?a(P(a))->((A->(A->A))->P(b)))))))) Сх. акс. 1
(331) (?a(P(a))->(P(b)->((A->(A->A))->P(b))))->((P(b)->(?a(P(a))->P(b)))->((P(b)->((?a(P(a))->P(b))->((?a(P(a))->(P(b)->((A->(A->A))->P(b))))->(?a(P(a))->((A->(A->A))->P(b))))))->(P(b)->((?a(P(a))->(P(b)->((A->(A->A))->P(b))))->(?a(P(a))->((A->(A->A))->P(b))))))) M.P. 329, 330
(332) ((?a(P(a))->(P(b)->((A->(A->A))->P(b))))->(P(b)->(?a(P(a))->P(b))))->(((?a(P(a))->(P(b)->((A->(A->A))->P(b))))->((P(b)->(?a(P(a))->P(b)))->((P(b)->((?a(P(a))->P(b))->((?a(P(a))->(P(b)->((A->(A->A))->P(b))))->(?a(P(a))->((A->(A->A))->P(b))))))->(P(b)->((?a(P(a))->(P(b)->((A->(A->A))->P(b))))->(?a(P(a))->((A->(A->A))->P(b))))))))->((?a(P(a))->(P(b)->((A->(A->A))->P(b))))->((P(b)->((?a(P(a))->P(b))->((?a(P(a))->(P(b)->((A->(A->A))->P(b))))->(?a(P(a))->((A->(A->A))->P(b))))))->(P(b)->((?a(P(a))->(P(b)->((A->(A->A))->P(b))))->(?a(P(a))->((A->(A->A))->P(b)))))))) Сх. акс. 2
(333) ((?a(P(a))->(P(b)->((A->(A->A))->P(b))))->((P(b)->(?a(P(a))->P(b)))->((P(b)->((?a(P(a))->P(b))->((?a(P(a))->(P(b)->((A->(A->A))->P(b))))->(?a(P(a))->((A->(A->A))->P(b))))))->(P(b)->((?a(P(a))->(P(b)->((A->(A->A))->P(b))))->(?a(P(a))->((A->(A->A))->P(b))))))))->((?a(P(a))->(P(b)->((A->(A->A))->P(b))))->((P(b)->((?a(P(a))->P(b))->((?a(P(a))->(P(b)->((A->(A->A))->P(b))))->(?a(P(a))->((A->(A->A))->P(b))))))->(P(b)->((?a(P(a))->(P(b)->((A->(A->A))->P(b))))->(?a(P(a))->((A->(A->A))->P(b))))))) M.P. 304, 332
(334) (?a(P(a))->(P(b)->((A->(A->A))->P(b))))->((P(b)->((?a(P(a))->P(b))->((?a(P(a))->(P(b)->((A->(A->A))->P(b))))->(?a(P(a))->((A->(A->A))->P(b))))))->(P(b)->((?a(P(a))->(P(b)->((A->(A->A))->P(b))))->(?a(P(a))->((A->(A->A))->P(b)))))) M.P. 331, 333
(335) ((?a(P(a))->(P(b)->((A->(A->A))->P(b))))->(P(b)->((?a(P(a))->P(b))->((?a(P(a))->(P(b)->((A->(A->A))->P(b))))->(?a(P(a))->((A->(A->A))->P(b)))))))->(((?a(P(a))->(P(b)->((A->(A->A))->P(b))))->((P(b)->((?a(P(a))->P(b))->((?a(P(a))->(P(b)->((A->(A->A))->P(b))))->(?a(P(a))->((A->(A->A))->P(b))))))->(P(b)->((?a(P(a))->(P(b)->((A->(A->A))->P(b))))->(?a(P(a))->((A->(A->A))->P(b)))))))->((?a(P(a))->(P(b)->((A->(A->A))->P(b))))->(P(b)->((?a(P(a))->(P(b)->((A->(A->A))->P(b))))->(?a(P(a))->((A->(A->A))->P(b))))))) Сх. акс. 2
(336) ((?a(P(a))->(P(b)->((A->(A->A))->P(b))))->((P(b)->((?a(P(a))->P(b))->((?a(P(a))->(P(b)->((A->(A->A))->P(b))))->(?a(P(a))->((A->(A->A))->P(b))))))->(P(b)->((?a(P(a))->(P(b)->((A->(A->A))->P(b))))->(?a(P(a))->((A->(A->A))->P(b)))))))->((?a(P(a))->(P(b)->((A->(A->A))->P(b))))->(P(b)->((?a(P(a))->(P(b)->((A->(A->A))->P(b))))->(?a(P(a))->((A->(A->A))->P(b)))))) M.P. 328, 335
(337) (?a(P(a))->(P(b)->((A->(A->A))->P(b))))->(P(b)->((?a(P(a))->(P(b)->((A->(A->A))->P(b))))->(?a(P(a))->((A->(A->A))->P(b))))) M.P. 334, 336
(338) (P(b)->(?a(P(a))->(P(b)->((A->(A->A))->P(b)))))->((P(b)->((?a(P(a))->(P(b)->((A->(A->A))->P(b))))->(?a(P(a))->((A->(A->A))->P(b)))))->(P(b)->(?a(P(a))->((A->(A->A))->P(b))))) Сх. акс. 2
(339) ((P(b)->(?a(P(a))->(P(b)->((A->(A->A))->P(b)))))->((P(b)->((?a(P(a))->(P(b)->((A->(A->A))->P(b))))->(?a(P(a))->((A->(A->A))->P(b)))))->(P(b)->(?a(P(a))->((A->(A->A))->P(b))))))->((?a(P(a))->(P(b)->((A->(A->A))->P(b))))->((P(b)->(?a(P(a))->(P(b)->((A->(A->A))->P(b)))))->((P(b)->((?a(P(a))->(P(b)->((A->(A->A))->P(b))))->(?a(P(a))->((A->(A->A))->P(b)))))->(P(b)->(?a(P(a))->((A->(A->A))->P(b))))))) Сх. акс. 1
(340) (?a(P(a))->(P(b)->((A->(A->A))->P(b))))->((P(b)->(?a(P(a))->(P(b)->((A->(A->A))->P(b)))))->((P(b)->((?a(P(a))->(P(b)->((A->(A->A))->P(b))))->(?a(P(a))->((A->(A->A))->P(b)))))->(P(b)->(?a(P(a))->((A->(A->A))->P(b)))))) M.P. 338, 339
(341) ((?a(P(a))->(P(b)->((A->(A->A))->P(b))))->(P(b)->(?a(P(a))->(P(b)->((A->(A->A))->P(b))))))->(((?a(P(a))->(P(b)->((A->(A->A))->P(b))))->((P(b)->(?a(P(a))->(P(b)->((A->(A->A))->P(b)))))->((P(b)->((?a(P(a))->(P(b)->((A->(A->A))->P(b))))->(?a(P(a))->((A->(A->A))->P(b)))))->(P(b)->(?a(P(a))->((A->(A->A))->P(b)))))))->((?a(P(a))->(P(b)->((A->(A->A))->P(b))))->((P(b)->((?a(P(a))->(P(b)->((A->(A->A))->P(b))))->(?a(P(a))->((A->(A->A))->P(b)))))->(P(b)->(?a(P(a))->((A->(A->A))->P(b))))))) Сх. акс. 2
(342) ((?a(P(a))->(P(b)->((A->(A->A))->P(b))))->((P(b)->(?a(P(a))->(P(b)->((A->(A->A))->P(b)))))->((P(b)->((?a(P(a))->(P(b)->((A->(A->A))->P(b))))->(?a(P(a))->((A->(A->A))->P(b)))))->(P(b)->(?a(P(a))->((A->(A->A))->P(b)))))))->((?a(P(a))->(P(b)->((A->(A->A))->P(b))))->((P(b)->((?a(P(a))->(P(b)->((A->(A->A))->P(b))))->(?a(P(a))->((A->(A->A))->P(b)))))->(P(b)->(?a(P(a))->((A->(A->A))->P(b)))))) M.P. 189, 341
(343) (?a(P(a))->(P(b)->((A->(A->A))->P(b))))->((P(b)->((?a(P(a))->(P(b)->((A->(A->A))->P(b))))->(?a(P(a))->((A->(A->A))->P(b)))))->(P(b)->(?a(P(a))->((A->(A->A))->P(b))))) M.P. 340, 342
(344) ((?a(P(a))->(P(b)->((A->(A->A))->P(b))))->(P(b)->((?a(P(a))->(P(b)->((A->(A->A))->P(b))))->(?a(P(a))->((A->(A->A))->P(b))))))->(((?a(P(a))->(P(b)->((A->(A->A))->P(b))))->((P(b)->((?a(P(a))->(P(b)->((A->(A->A))->P(b))))->(?a(P(a))->((A->(A->A))->P(b)))))->(P(b)->(?a(P(a))->((A->(A->A))->P(b))))))->((?a(P(a))->(P(b)->((A->(A->A))->P(b))))->(P(b)->(?a(P(a))->((A->(A->A))->P(b)))))) Сх. акс. 2
(345) ((?a(P(a))->(P(b)->((A->(A->A))->P(b))))->((P(b)->((?a(P(a))->(P(b)->((A->(A->A))->P(b))))->(?a(P(a))->((A->(A->A))->P(b)))))->(P(b)->(?a(P(a))->((A->(A->A))->P(b))))))->((?a(P(a))->(P(b)->((A->(A->A))->P(b))))->(P(b)->(?a(P(a))->((A->(A->A))->P(b))))) M.P. 337, 344
(346) (?a(P(a))->(P(b)->((A->(A->A))->P(b))))->(P(b)->(?a(P(a))->((A->(A->A))->P(b)))) M.P. 343, 345
(347) P(b)->(?a(P(a))->((A->(A->A))->P(b))) M.P. 183, 346
