(1) (!(!A)->!A)->((!(!A)->!(!A))->!(!(!A))) Сх. акс. 9
(2) ((!(!A)->!A)->((!(!A)->!(!A))->!(!(!A))))->(!A->((!(!A)->!A)->((!(!A)->!(!A))->!(!(!A))))) Сх. акс. 1
(3) !A->((!(!A)->!A)->((!(!A)->!(!A))->!(!(!A)))) M.P. 1, 2
(4) !A->(!(!A)->!A) Сх. акс. 1
(5) (!A->(!(!A)->!A))->(!A->(!A->(!(!A)->!A))) Сх. акс. 1
(6) !A->(!A->(!(!A)->!A)) M.P. 4, 5
(7) !A->(!A->!A) Сх. акс. 1
(8) (!A->(!A->!A))->((!A->((!A->!A)->!A))->(!A->!A)) Сх. акс. 2
(9) (!A->((!A->!A)->!A))->(!A->!A) M.P. 7, 8
(10) !A->((!A->!A)->!A) Сх. акс. 1
(11) !A->!A M.P. 10, 9
(12) (!A->!A)->((!A->(!A->(!(!A)->!A)))->(!A->(!(!A)->!A))) Сх. акс. 2
(13) (!A->(!A->(!(!A)->!A)))->(!A->(!(!A)->!A)) M.P. 11, 12
(14) !A->(!(!A)->!A) Сх. акс. 1
(15) (!A->(!(!A)->!A))->((!A->((!(!A)->!A)->((!(!A)->!(!A))->!(!(!A)))))->(!A->((!(!A)->!(!A))->!(!(!A))))) Сх. акс. 2
(16) (!A->((!(!A)->!A)->((!(!A)->!(!A))->!(!(!A)))))->(!A->((!(!A)->!(!A))->!(!(!A)))) M.P. 14, 15
(17) !A->((!(!A)->!(!A))->!(!(!A))) M.P. 3, 16
(18) !(!A)->((!(!A)->!(!A))->!(!A)) Сх. акс. 1
(19) (!(!A)->((!(!A)->!(!A))->!(!A)))->(!A->(!(!A)->((!(!A)->!(!A))->!(!A)))) Сх. акс. 1
(20) !A->(!(!A)->((!(!A)->!(!A))->!(!A))) M.P. 18, 19
(21) !(!A)->(!(!A)->!(!A)) Сх. акс. 1
(22) (!(!A)->(!(!A)->!(!A)))->(!A->(!(!A)->(!(!A)->!(!A)))) Сх. акс. 1
(23) !A->(!(!A)->(!(!A)->!(!A))) M.P. 21, 22
(24) (!(!A)->(!(!A)->!(!A)))->((!(!A)->((!(!A)->!(!A))->!(!A)))->(!(!A)->!(!A))) Сх. акс. 2
(25) ((!(!A)->(!(!A)->!(!A)))->((!(!A)->((!(!A)->!(!A))->!(!A)))->(!(!A)->!(!A))))->(!A->((!(!A)->(!(!A)->!(!A)))->((!(!A)->((!(!A)->!(!A))->!(!A)))->(!(!A)->!(!A))))) Сх. акс. 1
(26) !A->((!(!A)->(!(!A)->!(!A)))->((!(!A)->((!(!A)->!(!A))->!(!A)))->(!(!A)->!(!A)))) M.P. 24, 25
(27) (!A->(!(!A)->(!(!A)->!(!A))))->((!A->((!(!A)->(!(!A)->!(!A)))->((!(!A)->((!(!A)->!(!A))->!(!A)))->(!(!A)->!(!A)))))->(!A->((!(!A)->((!(!A)->!(!A))->!(!A)))->(!(!A)->!(!A))))) Сх. акс. 2
(28) (!A->((!(!A)->(!(!A)->!(!A)))->((!(!A)->((!(!A)->!(!A))->!(!A)))->(!(!A)->!(!A)))))->(!A->((!(!A)->((!(!A)->!(!A))->!(!A)))->(!(!A)->!(!A)))) M.P. 23, 27
(29) !A->((!(!A)->((!(!A)->!(!A))->!(!A)))->(!(!A)->!(!A))) M.P. 26, 28
(30) (!A->(!(!A)->((!(!A)->!(!A))->!(!A))))->((!A->((!(!A)->((!(!A)->!(!A))->!(!A)))->(!(!A)->!(!A))))->(!A->(!(!A)->!(!A)))) Сх. акс. 2
(31) (!A->((!(!A)->((!(!A)->!(!A))->!(!A)))->(!(!A)->!(!A))))->(!A->(!(!A)->!(!A))) M.P. 20, 30
(32) !A->(!(!A)->!(!A)) M.P. 29, 31
(33) (!A->(!(!A)->!(!A)))->((!A->((!(!A)->!(!A))->!(!(!A))))->(!A->!(!(!A)))) Сх. акс. 2
(34) (!A->((!(!A)->!(!A))->!(!(!A))))->(!A->!(!(!A))) M.P. 32, 33
(35) !A->!(!(!A)) M.P. 17, 34
(36) (!A->!(!(!A)))->(!(!(!(!A)))->(!A->!(!(!A)))) Сх. акс. 1
(37) ((!A->!(!(!A)))->(!(!(!(!A)))->(!A->!(!(!A)))))->((!A->!(!(!A)))->((!A->!(!(!A)))->(!(!(!(!A)))->(!A->!(!(!A)))))) Сх. акс. 1
(38) (!A->!(!(!A)))->((!A->!(!(!A)))->(!(!(!(!A)))->(!A->!(!(!A))))) M.P. 36, 37
(39) !(!(!(!A)))->(!A->!(!(!(!A)))) Сх. акс. 1
(40) (!(!(!(!A)))->(!A->!(!(!(!A)))))->((!A->!(!(!A)))->(!(!(!(!A)))->(!A->!(!(!(!A)))))) Сх. акс. 1
(41) (!A->!(!(!A)))->(!(!(!(!A)))->(!A->!(!(!(!A))))) M.P. 39, 40
(42) (!(!(!(!A)))->(!A->!(!(!(!A)))))->(!(!(!(!A)))->(!(!(!(!A)))->(!A->!(!(!(!A)))))) Сх. акс. 1
(43) ((!(!(!(!A)))->(!A->!(!(!(!A)))))->(!(!(!(!A)))->(!(!(!(!A)))->(!A->!(!(!(!A)))))))->((!A->!(!(!A)))->((!(!(!(!A)))->(!A->!(!(!(!A)))))->(!(!(!(!A)))->(!(!(!(!A)))->(!A->!(!(!(!A)))))))) Сх. акс. 1
(44) (!A->!(!(!A)))->((!(!(!(!A)))->(!A->!(!(!(!A)))))->(!(!(!(!A)))->(!(!(!(!A)))->(!A->!(!(!(!A))))))) M.P. 42, 43
(45) ((!A->!(!(!A)))->(!(!(!(!A)))->(!A->!(!(!(!A))))))->(((!A->!(!(!A)))->((!(!(!(!A)))->(!A->!(!(!(!A)))))->(!(!(!(!A)))->(!(!(!(!A)))->(!A->!(!(!(!A))))))))->((!A->!(!(!A)))->(!(!(!(!A)))->(!(!(!(!A)))->(!A->!(!(!(!A)))))))) Сх. акс. 2
(46) ((!A->!(!(!A)))->((!(!(!(!A)))->(!A->!(!(!(!A)))))->(!(!(!(!A)))->(!(!(!(!A)))->(!A->!(!(!(!A))))))))->((!A->!(!(!A)))->(!(!(!(!A)))->(!(!(!(!A)))->(!A->!(!(!(!A))))))) M.P. 41, 45
(47) (!A->!(!(!A)))->(!(!(!(!A)))->(!(!(!(!A)))->(!A->!(!(!(!A)))))) M.P. 44, 46
(48) !(!(!(!A)))->(!(!(!(!A)))->!(!(!(!A)))) Сх. акс. 1
(49) (!(!(!(!A)))->(!(!(!(!A)))->!(!(!(!A)))))->((!A->!(!(!A)))->(!(!(!(!A)))->(!(!(!(!A)))->!(!(!(!A)))))) Сх. акс. 1
(50) (!A->!(!(!A)))->(!(!(!(!A)))->(!(!(!(!A)))->!(!(!(!A))))) M.P. 48, 49
(51) !(!(!(!A)))->((!(!(!(!A)))->!(!(!(!A))))->!(!(!(!A)))) Сх. акс. 1
(52) (!(!(!(!A)))->((!(!(!(!A)))->!(!(!(!A))))->!(!(!(!A)))))->((!A->!(!(!A)))->(!(!(!(!A)))->((!(!(!(!A)))->!(!(!(!A))))->!(!(!(!A)))))) Сх. акс. 1
(53) (!A->!(!(!A)))->(!(!(!(!A)))->((!(!(!(!A)))->!(!(!(!A))))->!(!(!(!A))))) M.P. 51, 52
(54) (!(!(!(!A)))->(!(!(!(!A)))->!(!(!(!A)))))->((!(!(!(!A)))->((!(!(!(!A)))->!(!(!(!A))))->!(!(!(!A)))))->(!(!(!(!A)))->!(!(!(!A))))) Сх. акс. 2
(55) ((!(!(!(!A)))->(!(!(!(!A)))->!(!(!(!A)))))->((!(!(!(!A)))->((!(!(!(!A)))->!(!(!(!A))))->!(!(!(!A)))))->(!(!(!(!A)))->!(!(!(!A))))))->((!A->!(!(!A)))->((!(!(!(!A)))->(!(!(!(!A)))->!(!(!(!A)))))->((!(!(!(!A)))->((!(!(!(!A)))->!(!(!(!A))))->!(!(!(!A)))))->(!(!(!(!A)))->!(!(!(!A))))))) Сх. акс. 1
(56) (!A->!(!(!A)))->((!(!(!(!A)))->(!(!(!(!A)))->!(!(!(!A)))))->((!(!(!(!A)))->((!(!(!(!A)))->!(!(!(!A))))->!(!(!(!A)))))->(!(!(!(!A)))->!(!(!(!A)))))) M.P. 54, 55
(57) ((!A->!(!(!A)))->(!(!(!(!A)))->(!(!(!(!A)))->!(!(!(!A))))))->(((!A->!(!(!A)))->((!(!(!(!A)))->(!(!(!(!A)))->!(!(!(!A)))))->((!(!(!(!A)))->((!(!(!(!A)))->!(!(!(!A))))->!(!(!(!A)))))->(!(!(!(!A)))->!(!(!(!A)))))))->((!A->!(!(!A)))->((!(!(!(!A)))->((!(!(!(!A)))->!(!(!(!A))))->!(!(!(!A)))))->(!(!(!(!A)))->!(!(!(!A))))))) Сх. акс. 2
(58) ((!A->!(!(!A)))->((!(!(!(!A)))->(!(!(!(!A)))->!(!(!(!A)))))->((!(!(!(!A)))->((!(!(!(!A)))->!(!(!(!A))))->!(!(!(!A)))))->(!(!(!(!A)))->!(!(!(!A)))))))->((!A->!(!(!A)))->((!(!(!(!A)))->((!(!(!(!A)))->!(!(!(!A))))->!(!(!(!A)))))->(!(!(!(!A)))->!(!(!(!A)))))) M.P. 50, 57
(59) (!A->!(!(!A)))->((!(!(!(!A)))->((!(!(!(!A)))->!(!(!(!A))))->!(!(!(!A)))))->(!(!(!(!A)))->!(!(!(!A))))) M.P. 56, 58
(60) ((!A->!(!(!A)))->(!(!(!(!A)))->((!(!(!(!A)))->!(!(!(!A))))->!(!(!(!A))))))->(((!A->!(!(!A)))->((!(!(!(!A)))->((!(!(!(!A)))->!(!(!(!A))))->!(!(!(!A)))))->(!(!(!(!A)))->!(!(!(!A))))))->((!A->!(!(!A)))->(!(!(!(!A)))->!(!(!(!A)))))) Сх. акс. 2
(61) ((!A->!(!(!A)))->((!(!(!(!A)))->((!(!(!(!A)))->!(!(!(!A))))->!(!(!(!A)))))->(!(!(!(!A)))->!(!(!(!A))))))->((!A->!(!(!A)))->(!(!(!(!A)))->!(!(!(!A))))) M.P. 53, 60
(62) (!A->!(!(!A)))->(!(!(!(!A)))->!(!(!(!A)))) M.P. 59, 61
(63) (!(!(!(!A)))->!(!(!(!A))))->((!(!(!(!A)))->(!(!(!(!A)))->(!A->!(!(!(!A))))))->(!(!(!(!A)))->(!A->!(!(!(!A)))))) Сх. акс. 2
(64) ((!(!(!(!A)))->!(!(!(!A))))->((!(!(!(!A)))->(!(!(!(!A)))->(!A->!(!(!(!A))))))->(!(!(!(!A)))->(!A->!(!(!(!A)))))))->((!A->!(!(!A)))->((!(!(!(!A)))->!(!(!(!A))))->((!(!(!(!A)))->(!(!(!(!A)))->(!A->!(!(!(!A))))))->(!(!(!(!A)))->(!A->!(!(!(!A)))))))) Сх. акс. 1
(65) (!A->!(!(!A)))->((!(!(!(!A)))->!(!(!(!A))))->((!(!(!(!A)))->(!(!(!(!A)))->(!A->!(!(!(!A))))))->(!(!(!(!A)))->(!A->!(!(!(!A))))))) M.P. 63, 64
(66) ((!A->!(!(!A)))->(!(!(!(!A)))->!(!(!(!A)))))->(((!A->!(!(!A)))->((!(!(!(!A)))->!(!(!(!A))))->((!(!(!(!A)))->(!(!(!(!A)))->(!A->!(!(!(!A))))))->(!(!(!(!A)))->(!A->!(!(!(!A))))))))->((!A->!(!(!A)))->((!(!(!(!A)))->(!(!(!(!A)))->(!A->!(!(!(!A))))))->(!(!(!(!A)))->(!A->!(!(!(!A)))))))) Сх. акс. 2
(67) ((!A->!(!(!A)))->((!(!(!(!A)))->!(!(!(!A))))->((!(!(!(!A)))->(!(!(!(!A)))->(!A->!(!(!(!A))))))->(!(!(!(!A)))->(!A->!(!(!(!A))))))))->((!A->!(!(!A)))->((!(!(!(!A)))->(!(!(!(!A)))->(!A->!(!(!(!A))))))->(!(!(!(!A)))->(!A->!(!(!(!A))))))) M.P. 62, 66
(68) (!A->!(!(!A)))->((!(!(!(!A)))->(!(!(!(!A)))->(!A->!(!(!(!A))))))->(!(!(!(!A)))->(!A->!(!(!(!A)))))) M.P. 65, 67
(69) !(!(!(!A)))->(!A->!(!(!(!A)))) Сх. акс. 1
(70) (!(!(!(!A)))->(!A->!(!(!(!A)))))->((!A->!(!(!A)))->(!(!(!(!A)))->(!A->!(!(!(!A)))))) Сх. акс. 1
(71) (!A->!(!(!A)))->(!(!(!(!A)))->(!A->!(!(!(!A))))) M.P. 69, 70
(72) (!A->!(!(!A)))->((!A->!(!(!(!A))))->!(!A)) Сх. акс. 9
(73) ((!A->!(!(!A)))->((!A->!(!(!(!A))))->!(!A)))->((!A->!(!(!A)))->((!A->!(!(!A)))->((!A->!(!(!(!A))))->!(!A)))) Сх. акс. 1
(74) (!A->!(!(!A)))->((!A->!(!(!A)))->((!A->!(!(!(!A))))->!(!A))) M.P. 72, 73
(75) ((!A->!(!(!A)))->((!A->!(!(!(!A))))->!(!A)))->(!(!(!(!A)))->((!A->!(!(!A)))->((!A->!(!(!(!A))))->!(!A)))) Сх. акс. 1
(76) (((!A->!(!(!A)))->((!A->!(!(!(!A))))->!(!A)))->(!(!(!(!A)))->((!A->!(!(!A)))->((!A->!(!(!(!A))))->!(!A)))))->((!A->!(!(!A)))->(((!A->!(!(!A)))->((!A->!(!(!(!A))))->!(!A)))->(!(!(!(!A)))->((!A->!(!(!A)))->((!A->!(!(!(!A))))->!(!A)))))) Сх. акс. 1
(77) (!A->!(!(!A)))->(((!A->!(!(!A)))->((!A->!(!(!(!A))))->!(!A)))->(!(!(!(!A)))->((!A->!(!(!A)))->((!A->!(!(!(!A))))->!(!A))))) M.P. 75, 76
(78) ((!A->!(!(!A)))->((!A->!(!(!A)))->((!A->!(!(!(!A))))->!(!A))))->(((!A->!(!(!A)))->(((!A->!(!(!A)))->((!A->!(!(!(!A))))->!(!A)))->(!(!(!(!A)))->((!A->!(!(!A)))->((!A->!(!(!(!A))))->!(!A))))))->((!A->!(!(!A)))->(!(!(!(!A)))->((!A->!(!(!A)))->((!A->!(!(!(!A))))->!(!A)))))) Сх. акс. 2
(79) ((!A->!(!(!A)))->(((!A->!(!(!A)))->((!A->!(!(!(!A))))->!(!A)))->(!(!(!(!A)))->((!A->!(!(!A)))->((!A->!(!(!(!A))))->!(!A))))))->((!A->!(!(!A)))->(!(!(!(!A)))->((!A->!(!(!A)))->((!A->!(!(!(!A))))->!(!A))))) M.P. 74, 78
(80) (!A->!(!(!A)))->(!(!(!(!A)))->((!A->!(!(!A)))->((!A->!(!(!(!A))))->!(!A)))) M.P. 77, 79
(81) (!(!(!(!A)))->(!A->!(!(!A))))->((!(!(!(!A)))->((!A->!(!(!A)))->((!A->!(!(!(!A))))->!(!A))))->(!(!(!(!A)))->((!A->!(!(!(!A))))->!(!A)))) Сх. акс. 2
(82) ((!(!(!(!A)))->(!A->!(!(!A))))->((!(!(!(!A)))->((!A->!(!(!A)))->((!A->!(!(!(!A))))->!(!A))))->(!(!(!(!A)))->((!A->!(!(!(!A))))->!(!A)))))->((!A->!(!(!A)))->((!(!(!(!A)))->(!A->!(!(!A))))->((!(!(!(!A)))->((!A->!(!(!A)))->((!A->!(!(!(!A))))->!(!A))))->(!(!(!(!A)))->((!A->!(!(!(!A))))->!(!A)))))) Сх. акс. 1
(83) (!A->!(!(!A)))->((!(!(!(!A)))->(!A->!(!(!A))))->((!(!(!(!A)))->((!A->!(!(!A)))->((!A->!(!(!(!A))))->!(!A))))->(!(!(!(!A)))->((!A->!(!(!(!A))))->!(!A))))) M.P. 81, 82
(84) ((!A->!(!(!A)))->(!(!(!(!A)))->(!A->!(!(!A)))))->(((!A->!(!(!A)))->((!(!(!(!A)))->(!A->!(!(!A))))->((!(!(!(!A)))->((!A->!(!(!A)))->((!A->!(!(!(!A))))->!(!A))))->(!(!(!(!A)))->((!A->!(!(!(!A))))->!(!A))))))->((!A->!(!(!A)))->((!(!(!(!A)))->((!A->!(!(!A)))->((!A->!(!(!(!A))))->!(!A))))->(!(!(!(!A)))->((!A->!(!(!(!A))))->!(!A)))))) Сх. акс. 2
(85) ((!A->!(!(!A)))->((!(!(!(!A)))->(!A->!(!(!A))))->((!(!(!(!A)))->((!A->!(!(!A)))->((!A->!(!(!(!A))))->!(!A))))->(!(!(!(!A)))->((!A->!(!(!(!A))))->!(!A))))))->((!A->!(!(!A)))->((!(!(!(!A)))->((!A->!(!(!A)))->((!A->!(!(!(!A))))->!(!A))))->(!(!(!(!A)))->((!A->!(!(!(!A))))->!(!A))))) M.P. 36, 84
(86) (!A->!(!(!A)))->((!(!(!(!A)))->((!A->!(!(!A)))->((!A->!(!(!(!A))))->!(!A))))->(!(!(!(!A)))->((!A->!(!(!(!A))))->!(!A)))) M.P. 83, 85
(87) ((!A->!(!(!A)))->(!(!(!(!A)))->((!A->!(!(!A)))->((!A->!(!(!(!A))))->!(!A)))))->(((!A->!(!(!A)))->((!(!(!(!A)))->((!A->!(!(!A)))->((!A->!(!(!(!A))))->!(!A))))->(!(!(!(!A)))->((!A->!(!(!(!A))))->!(!A)))))->((!A->!(!(!A)))->(!(!(!(!A)))->((!A->!(!(!(!A))))->!(!A))))) Сх. акс. 2
(88) ((!A->!(!(!A)))->((!(!(!(!A)))->((!A->!(!(!A)))->((!A->!(!(!(!A))))->!(!A))))->(!(!(!(!A)))->((!A->!(!(!(!A))))->!(!A)))))->((!A->!(!(!A)))->(!(!(!(!A)))->((!A->!(!(!(!A))))->!(!A)))) M.P. 80, 87
(89) (!A->!(!(!A)))->(!(!(!(!A)))->((!A->!(!(!(!A))))->!(!A))) M.P. 86, 88
(90) (!(!(!(!A)))->(!A->!(!(!(!A)))))->((!(!(!(!A)))->((!A->!(!(!(!A))))->!(!A)))->(!(!(!(!A)))->!(!A))) Сх. акс. 2
(91) ((!(!(!(!A)))->(!A->!(!(!(!A)))))->((!(!(!(!A)))->((!A->!(!(!(!A))))->!(!A)))->(!(!(!(!A)))->!(!A))))->((!A->!(!(!A)))->((!(!(!(!A)))->(!A->!(!(!(!A)))))->((!(!(!(!A)))->((!A->!(!(!(!A))))->!(!A)))->(!(!(!(!A)))->!(!A))))) Сх. акс. 1
(92) (!A->!(!(!A)))->((!(!(!(!A)))->(!A->!(!(!(!A)))))->((!(!(!(!A)))->((!A->!(!(!(!A))))->!(!A)))->(!(!(!(!A)))->!(!A)))) M.P. 90, 91
(93) ((!A->!(!(!A)))->(!(!(!(!A)))->(!A->!(!(!(!A))))))->(((!A->!(!(!A)))->((!(!(!(!A)))->(!A->!(!(!(!A)))))->((!(!(!(!A)))->((!A->!(!(!(!A))))->!(!A)))->(!(!(!(!A)))->!(!A)))))->((!A->!(!(!A)))->((!(!(!(!A)))->((!A->!(!(!(!A))))->!(!A)))->(!(!(!(!A)))->!(!A))))) Сх. акс. 2
(94) ((!A->!(!(!A)))->((!(!(!(!A)))->(!A->!(!(!(!A)))))->((!(!(!(!A)))->((!A->!(!(!(!A))))->!(!A)))->(!(!(!(!A)))->!(!A)))))->((!A->!(!(!A)))->((!(!(!(!A)))->((!A->!(!(!(!A))))->!(!A)))->(!(!(!(!A)))->!(!A)))) M.P. 71, 93
(95) (!A->!(!(!A)))->((!(!(!(!A)))->((!A->!(!(!(!A))))->!(!A)))->(!(!(!(!A)))->!(!A))) M.P. 92, 94
(96) ((!A->!(!(!A)))->(!(!(!(!A)))->((!A->!(!(!(!A))))->!(!A))))->(((!A->!(!(!A)))->((!(!(!(!A)))->((!A->!(!(!(!A))))->!(!A)))->(!(!(!(!A)))->!(!A))))->((!A->!(!(!A)))->(!(!(!(!A)))->!(!A)))) Сх. акс. 2
(97) ((!A->!(!(!A)))->((!(!(!(!A)))->((!A->!(!(!(!A))))->!(!A)))->(!(!(!(!A)))->!(!A))))->((!A->!(!(!A)))->(!(!(!(!A)))->!(!A))) M.P. 89, 96
(98) (!A->!(!(!A)))->(!(!(!(!A)))->!(!A)) M.P. 95, 97
(99) !(!(!(!A)))->!(!A) Сх. акс. 10
